#
# There is insufficient memory for the Java Runtime Environment to continue.
# Native memory allocation (malloc) failed to allocate 2447856 bytes for Chunk::new
# Possible reasons:
#   The system is out of physical RAM or swap space
#   The process is running with CompressedOops enabled, and the Java Heap may be blocking the growth of the native heap
# Possible solutions:
#   Reduce memory load on the system
#   Increase physical memory or swap space
#   Check if swap backing store is full
#   Decrease Java heap size (-Xmx/-Xms)
#   Decrease number of Java threads
#   Decrease Java thread stack sizes (-Xss)
#   Set larger code cache with -XX:ReservedCodeCacheSize=
#   JVM is running with Unscaled Compressed Oops mode in which the Java heap is
#     placed in the first 4GB address space. The Java Heap base address is the
#     maximum limit for the native heap growth. Please use -XX:HeapBaseMinAddress
#     to set the Java Heap base and to place the Java Heap above 4GB virtual address.
# This output file may be truncated or incomplete.
#
#  Out of Memory Error (./open/src/hotspot/share/memory/arena.cpp:197), pid=1508, tid=3876
#
# JRE version: Java(TM) SE Runtime Environment 18.9 (11.0.16+11) (build 11.0.16+11-LTS-199)
# Java VM: Java HotSpot(TM) 64-Bit Server VM 18.9 (11.0.16+11-LTS-199, mixed mode, tiered, compressed oops, g1 gc, windows-amd64)
# No core dump will be written. Minidumps are not enabled by default on client versions of Windows
#

---------------  S U M M A R Y ------------

Command Line: -XX:MaxMetaspaceSize=512m --add-opens=java.base/java.util=ALL-UNNAMED --add-opens=java.base/java.lang=ALL-UNNAMED --add-opens=java.base/java.lang.invoke=ALL-UNNAMED --add-opens=java.base/java.util=ALL-UNNAMED --add-opens=java.prefs/java.util.prefs=ALL-UNNAMED --add-opens=java.prefs/java.util.prefs=ALL-UNNAMED --add-opens=java.base/java.nio.charset=ALL-UNNAMED --add-opens=java.base/java.net=ALL-UNNAMED --add-opens=java.base/java.util.concurrent.atomic=ALL-UNNAMED -Xmx2048m -Dfile.encoding=windows-1252 -Duser.country=US -Duser.language=en -Duser.variant org.gradle.launcher.daemon.bootstrap.GradleDaemon 7.5.1

Host: Intel(R) Xeon(R) Platinum 8168 CPU @ 2.70GHz, 4 cores, 7G,  Windows 10 , 64 bit Build 19041 (10.0.19041.1889)
Time: Thu Oct  6 01:54:50 2022 Coordinated Universal Time elapsed time: 46.744610 seconds (0d 0h 0m 46s)

---------------  T H R E A D  ---------------

Current thread (0x00000174b667e000):  JavaThread "C2 CompilerThread1" daemon [_thread_in_native, id=3876, stack(0x0000002ce6800000,0x0000002ce6900000)]


Current CompileTask:
C2:  46744 16400       4       org.gradle.api.internal.artifacts.transform.AttributeMatchingVariantSelector::doSelect (469 bytes)

Stack: [0x0000002ce6800000,0x0000002ce6900000]
Native frames: (J=compiled Java code, j=interpreted, Vv=VM code, C=native code)
V  [jvm.dll+0x62a3ea]
V  [jvm.dll+0x76418f]
V  [jvm.dll+0x765839]
V  [jvm.dll+0x765ec3]
V  [jvm.dll+0x23da98]
V  [jvm.dll+0xb2a1c]
V  [jvm.dll+0xb2fdc]
V  [jvm.dll+0x341442]
V  [jvm.dll+0x30ec83]
V  [jvm.dll+0x30dfca]
V  [jvm.dll+0x1f84a5]
V  [jvm.dll+0x1f768d]
V  [jvm.dll+0x177c81]
V  [jvm.dll+0x207006]
V  [jvm.dll+0x20519b]
V  [jvm.dll+0x729fa0]
V  [jvm.dll+0x722b74]
V  [jvm.dll+0x629286]
C  [ucrtbase.dll+0x21bb2]
C  [KERNEL32.DLL+0x17034]
C  [ntdll.dll+0x526a1]


---------------  P R O C E S S  ---------------

Threads class SMR info:
_java_thread_list=0x00000174b5fce6b0, length=94, elements={
0x0000017495098800, 0x00000174b2f95800, 0x00000174b2fa2000, 0x00000174b2fff000,
0x00000174b2fb1800, 0x00000174b2fb4000, 0x00000174b3910800, 0x00000174b3914800,
0x00000174b3919800, 0x00000174b3a70000, 0x00000174b4725800, 0x00000174b59b1800,
0x00000174b44b9000, 0x00000174b6435000, 0x00000174b4c6a000, 0x00000174b531b800,
0x00000174b531c000, 0x00000174b5318000, 0x00000174b531d000, 0x00000174b5319000,
0x00000174b531e000, 0x00000174b7515800, 0x00000174b7516800, 0x00000174b7510800,
0x00000174b751b000, 0x00000174b751c000, 0x00000174b7519800, 0x00000174b4ba8800,
0x00000174b4ba6000, 0x00000174b97cc000, 0x00000174b97cd800, 0x00000174b97cf000,
0x00000174b97ca000, 0x00000174b97ce000, 0x00000174b97cc800, 0x00000174b97cb000,
0x00000174b97d5800, 0x00000174b97d6800, 0x00000174b97d1800, 0x00000174b97d4000,
0x00000174b97d0800, 0x00000174b97d7000, 0x00000174b97d8000, 0x00000174b97d2800,
0x00000174b97d3000, 0x00000174b97d9000, 0x00000174b97d5000, 0x00000174b4b9e000,
0x00000174b4b9d000, 0x00000174b4b9f000, 0x00000174b4b9f800, 0x00000174b4ba0800,
0x00000174b4ba1800, 0x00000174b4ba2000, 0x00000174b4b9c800, 0x00000174b4ba3000,
0x00000174b4ba5800, 0x00000174b4ba4800, 0x00000174b4ba3800, 0x00000174b4ba7000,
0x00000174b4bab000, 0x00000174b4baa000, 0x00000174b4ba8000, 0x00000174b7518000,
0x00000174b7519000, 0x00000174b7513000, 0x00000174b7514000, 0x00000174b751d800,
0x00000174b751d000, 0x00000174b751f800, 0x00000174b751e800, 0x00000174b5317800,
0x00000174b5319800, 0x00000174b531a800, 0x00000174b4e41800, 0x00000174b4e46000,
0x00000174b4e47800, 0x00000174b4e43800, 0x00000174b4e44000, 0x00000174b4e42800,
0x00000174b4e48800, 0x00000174b4e49000, 0x00000174b4e46800, 0x00000174b4e4a000,
0x00000174b4e4a800, 0x00000174b4e45000, 0x00000174b4e50800, 0x00000174b4e4c800,
0x00000174b4e4b800, 0x00000174b4e4d000, 0x00000174b4e4e000, 0x00000174b4e4f000,
0x00000174b4e4f800, 0x00000174b667e000
}

Java Threads: ( => current thread )
  0x0000017495098800 JavaThread "main" [_thread_blocked, id=10804, stack(0x0000002ce3900000,0x0000002ce3a00000)]
  0x00000174b2f95800 JavaThread "Reference Handler" daemon [_thread_blocked, id=7016, stack(0x0000002ce4000000,0x0000002ce4100000)]
  0x00000174b2fa2000 JavaThread "Finalizer" daemon [_thread_blocked, id=10644, stack(0x0000002ce4100000,0x0000002ce4200000)]
  0x00000174b2fff000 JavaThread "Signal Dispatcher" daemon [_thread_blocked, id=12084, stack(0x0000002ce4200000,0x0000002ce4300000)]
  0x00000174b2fb1800 JavaThread "Attach Listener" daemon [_thread_blocked, id=388, stack(0x0000002ce4300000,0x0000002ce4400000)]
  0x00000174b2fb4000 JavaThread "Service Thread" daemon [_thread_blocked, id=14268, stack(0x0000002ce4400000,0x0000002ce4500000)]
  0x00000174b3910800 JavaThread "C2 CompilerThread0" daemon [_thread_in_native, id=5552, stack(0x0000002ce4500000,0x0000002ce4600000)]
  0x00000174b3914800 JavaThread "C1 CompilerThread0" daemon [_thread_blocked, id=12716, stack(0x0000002ce4600000,0x0000002ce4700000)]
  0x00000174b3919800 JavaThread "Sweeper thread" daemon [_thread_blocked, id=12336, stack(0x0000002ce4700000,0x0000002ce4800000)]
  0x00000174b3a70000 JavaThread "Common-Cleaner" daemon [_thread_blocked, id=5920, stack(0x0000002ce4800000,0x0000002ce4900000)]
  0x00000174b4725800 JavaThread "Daemon health stats" [_thread_blocked, id=6752, stack(0x0000002ce4d00000,0x0000002ce4e00000)]
  0x00000174b59b1800 JavaThread "Incoming local TCP Connector on port 60482" [_thread_in_native, id=9656, stack(0x0000002ce4e00000,0x0000002ce4f00000)]
  0x00000174b44b9000 JavaThread "Daemon periodic checks" [_thread_blocked, id=13236, stack(0x0000002ce4f00000,0x0000002ce5000000)]
  0x00000174b6435000 JavaThread "Daemon" [_thread_blocked, id=13460, stack(0x0000002ce5000000,0x0000002ce5100000)]
  0x00000174b4c6a000 JavaThread "Daemon worker" [_thread_blocked, id=8008, stack(0x0000002ce5300000,0x0000002ce5400000)]
  0x00000174b531b800 JavaThread "Cache worker for journal cache (C:\Users\admin-1\.gradle\caches\journal-1)" [_thread_blocked, id=14016, stack(0x0000002ce5700000,0x0000002ce5800000)]
  0x00000174b531c000 JavaThread "File lock request listener" [_thread_in_native, id=1448, stack(0x0000002ce5800000,0x0000002ce5900000)]
  0x00000174b5318000 JavaThread "Cache worker for file hash cache (C:\Users\admin-1\.gradle\caches\7.5.1\fileHashes)" [_thread_blocked, id=6712, stack(0x0000002ce5a00000,0x0000002ce5b00000)]
  0x00000174b531d000 JavaThread "File watcher server" daemon [_thread_in_native, id=10332, stack(0x0000002ce5b00000,0x0000002ce5c00000)]
  0x00000174b5319000 JavaThread "File watcher consumer" daemon [_thread_blocked, id=6580, stack(0x0000002ce5c00000,0x0000002ce5d00000)]
  0x00000174b531e000 JavaThread "Cache worker for file content cache (C:\Users\admin-1\.gradle\caches\7.5.1\fileContent)" [_thread_blocked, id=3868, stack(0x0000002ce5f00000,0x0000002ce6000000)]
  0x00000174b7515800 JavaThread "Cache worker for execution history cache (C:\Users\admin-1\.gradle\caches\7.5.1\executionHistory)" [_thread_blocked, id=5620, stack(0x0000002ce6200000,0x0000002ce6300000)]
  0x00000174b7516800 JavaThread "jar transforms" [_thread_blocked, id=2788, stack(0x0000002ce6300000,0x0000002ce6400000)]
  0x00000174b7510800 JavaThread "jar transforms Thread 2" [_thread_blocked, id=7532, stack(0x0000002ce6400000,0x0000002ce6500000)]
  0x00000174b751b000 JavaThread "jar transforms Thread 3" [_thread_blocked, id=2444, stack(0x0000002ce6500000,0x0000002ce6600000)]
  0x00000174b751c000 JavaThread "jar transforms Thread 4" [_thread_blocked, id=1392, stack(0x0000002ce6600000,0x0000002ce6700000)]
  0x00000174b7519800 JavaThread "Cache worker for kotlin-dsl (C:\Users\admin-1\.gradle\caches\7.5.1\kotlin-dsl)" [_thread_blocked, id=8704, stack(0x0000002ce6700000,0x0000002ce6800000)]
  0x00000174b4ba8800 JavaThread "Memory manager" [_thread_blocked, id=7064, stack(0x0000002ce8c00000,0x0000002ce8d00000)]
  0x00000174b4ba6000 JavaThread "included builds" [_thread_blocked, id=9872, stack(0x0000002ce8e00000,0x0000002ce8f00000)]
  0x00000174b97cc000 JavaThread "Handler for socket connection from /127.0.0.1:60482 to /127.0.0.1:51291" [_thread_in_native, id=4184, stack(0x0000002ce4a00000,0x0000002ce4b00000)]
  0x00000174b97cd800 JavaThread "Cancel handler" [_thread_blocked, id=7340, stack(0x0000002ce5100000,0x0000002ce5200000)]
  0x00000174b97cf000 JavaThread "Asynchronous log dispatcher for DefaultDaemonConnection: socket connection from /127.0.0.1:60482 to /127.0.0.1:51291" [_thread_blocked, id=11836, stack(0x0000002ce5200000,0x0000002ce5300000)]
  0x00000174b97ca000 JavaThread "Stdin handler" [_thread_blocked, id=6256, stack(0x0000002ce5400000,0x0000002ce5500000)]
  0x00000174b97ce000 JavaThread "Daemon client event forwarder" [_thread_blocked, id=5232, stack(0x0000002ce5500000,0x0000002ce5600000)]
  0x00000174b97cc800 JavaThread "Cache worker for checksums cache (C:\Users\admin-1\Documents\Awesome\android\.gradle\7.5.1\checksums)" [_thread_blocked, id=4628, stack(0x0000002ce5d00000,0x0000002ce5e00000)]
  0x00000174b97cb000 JavaThread "Cache worker for cache directory md-rule (C:\Users\admin-1\.gradle\caches\7.5.1\md-rule)" [_thread_blocked, id=5124, stack(0x0000002ce5e00000,0x0000002ce5f00000)]
  0x00000174b97d5800 JavaThread "Cache worker for file hash cache (C:\Users\admin-1\Documents\Awesome\android\.gradle\7.5.1\fileHashes)" [_thread_blocked, id=2948, stack(0x0000002ce6000000,0x0000002ce6100000)]
  0x00000174b97d6800 JavaThread "Cache worker for cache directory md-supplier (C:\Users\admin-1\.gradle\caches\7.5.1\md-supplier)" [_thread_blocked, id=13436, stack(0x0000002ce6100000,0x0000002ce6200000)]
  0x00000174b97d1800 JavaThread "Cache worker for dependencies-accessors (C:\Users\admin-1\Documents\Awesome\android\.gradle\7.5.1\dependencies-accessors)" [_thread_blocked, id=8660, stack(0x0000002ce5600000,0x0000002ce5700000)]
  0x00000174b97d4000 JavaThread "Cache worker for Build Output Cleanup Cache (C:\Users\admin-1\Documents\Awesome\node_modules\react-native-gradle-plugin\.gradle\buildOutputCleanup)" [_thread_blocked, id=10724, stack(0x0000002ce6900000,0x0000002ce6a00000)]
  0x00000174b97d0800 JavaThread "Unconstrained build operations" [_thread_blocked, id=7912, stack(0x0000002ce6a00000,0x0000002ce6b00000)]
  0x00000174b97d7000 JavaThread "Unconstrained build operations Thread 2" [_thread_blocked, id=7788, stack(0x0000002ce6b00000,0x0000002ce6c00000)]
  0x00000174b97d8000 JavaThread "Unconstrained build operations Thread 3" [_thread_blocked, id=7656, stack(0x0000002ce6c00000,0x0000002ce6d00000)]
  0x00000174b97d2800 JavaThread "Unconstrained build operations Thread 4" [_thread_blocked, id=8972, stack(0x0000002ce6d00000,0x0000002ce6e00000)]
  0x00000174b97d3000 JavaThread "Unconstrained build operations Thread 5" [_thread_blocked, id=11884, stack(0x0000002ce6e00000,0x0000002ce6f00000)]
  0x00000174b97d9000 JavaThread "Unconstrained build operations Thread 6" [_thread_blocked, id=13036, stack(0x0000002ce6f00000,0x0000002ce7000000)]
  0x00000174b97d5000 JavaThread "Unconstrained build operations Thread 7" [_thread_blocked, id=10036, stack(0x0000002ce7000000,0x0000002ce7100000)]
  0x00000174b4b9e000 JavaThread "Unconstrained build operations Thread 8" [_thread_blocked, id=10252, stack(0x0000002ce7100000,0x0000002ce7200000)]
  0x00000174b4b9d000 JavaThread "Unconstrained build operations Thread 9" [_thread_blocked, id=1276, stack(0x0000002ce7200000,0x0000002ce7300000)]
  0x00000174b4b9f000 JavaThread "Unconstrained build operations Thread 10" [_thread_blocked, id=11148, stack(0x0000002ce7300000,0x0000002ce7400000)]
  0x00000174b4b9f800 JavaThread "Unconstrained build operations Thread 11" [_thread_blocked, id=10232, stack(0x0000002ce7400000,0x0000002ce7500000)]
  0x00000174b4ba0800 JavaThread "Unconstrained build operations Thread 12" [_thread_blocked, id=13364, stack(0x0000002ce7500000,0x0000002ce7600000)]
  0x00000174b4ba1800 JavaThread "Unconstrained build operations Thread 13" [_thread_blocked, id=5896, stack(0x0000002ce7600000,0x0000002ce7700000)]
  0x00000174b4ba2000 JavaThread "Unconstrained build operations Thread 14" [_thread_blocked, id=9668, stack(0x0000002ce7700000,0x0000002ce7800000)]
  0x00000174b4b9c800 JavaThread "Unconstrained build operations Thread 15" [_thread_blocked, id=9304, stack(0x0000002ce7800000,0x0000002ce7900000)]
  0x00000174b4ba3000 JavaThread "Unconstrained build operations Thread 16" [_thread_blocked, id=4460, stack(0x0000002ce7900000,0x0000002ce7a00000)]
  0x00000174b4ba5800 JavaThread "Unconstrained build operations Thread 17" [_thread_blocked, id=11824, stack(0x0000002ce7a00000,0x0000002ce7b00000)]
  0x00000174b4ba4800 JavaThread "Unconstrained build operations Thread 18" [_thread_blocked, id=952, stack(0x0000002ce7b00000,0x0000002ce7c00000)]
  0x00000174b4ba3800 JavaThread "Unconstrained build operations Thread 19" [_thread_blocked, id=3236, stack(0x0000002ce7c00000,0x0000002ce7d00000)]
  0x00000174b4ba7000 JavaThread "Unconstrained build operations Thread 20" [_thread_blocked, id=12408, stack(0x0000002ce7d00000,0x0000002ce7e00000)]
  0x00000174b4bab000 JavaThread "Unconstrained build operations Thread 21" [_thread_blocked, id=7724, stack(0x0000002ce7e00000,0x0000002ce7f00000)]
  0x00000174b4baa000 JavaThread "Unconstrained build operations Thread 22" [_thread_blocked, id=11724, stack(0x0000002ce7f00000,0x0000002ce8000000)]
  0x00000174b4ba8000 JavaThread "Unconstrained build operations Thread 23" [_thread_blocked, id=10520, stack(0x0000002ce8000000,0x0000002ce8100000)]
  0x00000174b7518000 JavaThread "Unconstrained build operations Thread 24" [_thread_blocked, id=9564, stack(0x0000002ce8100000,0x0000002ce8200000)]
  0x00000174b7519000 JavaThread "Unconstrained build operations Thread 25" [_thread_blocked, id=7800, stack(0x0000002ce8200000,0x0000002ce8300000)]
  0x00000174b7513000 JavaThread "Unconstrained build operations Thread 26" [_thread_blocked, id=4836, stack(0x0000002ce8300000,0x0000002ce8400000)]
  0x00000174b7514000 JavaThread "Unconstrained build operations Thread 27" [_thread_blocked, id=11420, stack(0x0000002ce8400000,0x0000002ce8500000)]
  0x00000174b751d800 JavaThread "Unconstrained build operations Thread 28" [_thread_blocked, id=13184, stack(0x0000002ce8500000,0x0000002ce8600000)]
  0x00000174b751d000 JavaThread "Unconstrained build operations Thread 29" [_thread_blocked, id=12184, stack(0x0000002ce8600000,0x0000002ce8700000)]
  0x00000174b751f800 JavaThread "Unconstrained build operations Thread 30" [_thread_blocked, id=2528, stack(0x0000002ce8700000,0x0000002ce8800000)]
  0x00000174b751e800 JavaThread "Unconstrained build operations Thread 31" [_thread_blocked, id=8932, stack(0x0000002ce8800000,0x0000002ce8900000)]
  0x00000174b5317800 JavaThread "Unconstrained build operations Thread 32" [_thread_blocked, id=11160, stack(0x0000002ce8900000,0x0000002ce8a00000)]
  0x00000174b5319800 JavaThread "Unconstrained build operations Thread 33" [_thread_blocked, id=10692, stack(0x0000002ce8a00000,0x0000002ce8b00000)]
  0x00000174b531a800 JavaThread "build event listener" [_thread_blocked, id=7628, stack(0x0000002ce8b00000,0x0000002ce8c00000)]
  0x00000174b4e41800 JavaThread "Cache worker for Build Output Cleanup Cache (C:\Users\admin-1\Documents\Awesome\android\.gradle\buildOutputCleanup)" [_thread_blocked, id=12936, stack(0x0000002ce8d00000,0x0000002ce8e00000)]
  0x00000174b4e46000 JavaThread "included builds" [_thread_blocked, id=8492, stack(0x0000002ce8f00000,0x0000002ce9000000)]
  0x00000174b4e47800 JavaThread "Execution worker" [_thread_blocked, id=9784, stack(0x0000002ce9000000,0x0000002ce9100000)]
  0x00000174b4e43800 JavaThread "Execution worker Thread 2" [_thread_in_vm, id=10832, stack(0x0000002ce9100000,0x0000002ce9200000)]
  0x00000174b4e44000 JavaThread "Execution worker Thread 3" [_thread_blocked, id=7596, stack(0x0000002ce9200000,0x0000002ce9300000)]
  0x00000174b4e42800 JavaThread "Cache worker for execution history cache (C:\Users\admin-1\Documents\Awesome\node_modules\react-native-gradle-plugin\.gradle\7.5.1\executionHistory)" [_thread_blocked, id=12364, stack(0x0000002ce9300000,0x0000002ce9400000)]
  0x00000174b4e48800 JavaThread "Unconstrained build operations Thread 34" [_thread_blocked, id=9096, stack(0x0000002ce9400000,0x0000002ce9500000)]
  0x00000174b4e49000 JavaThread "Unconstrained build operations Thread 35" [_thread_blocked, id=13744, stack(0x0000002ce9500000,0x0000002ce9600000)]
  0x00000174b4e46800 JavaThread "Unconstrained build operations Thread 36" [_thread_blocked, id=13896, stack(0x0000002ce9600000,0x0000002ce9700000)]
  0x00000174b4e4a000 JavaThread "Unconstrained build operations Thread 37" [_thread_blocked, id=6056, stack(0x0000002ce9700000,0x0000002ce9800000)]
  0x00000174b4e4a800 JavaThread "Unconstrained build operations Thread 38" [_thread_blocked, id=7848, stack(0x0000002ce9800000,0x0000002ce9900000)]
  0x00000174b4e45000 JavaThread "Unconstrained build operations Thread 39" [_thread_blocked, id=12056, stack(0x0000002ce9900000,0x0000002ce9a00000)]
  0x00000174b4e50800 JavaThread "Unconstrained build operations Thread 40" [_thread_blocked, id=13240, stack(0x0000002ce9a00000,0x0000002ce9b00000)]
  0x00000174b4e4c800 JavaThread "build event listener" [_thread_blocked, id=11680, stack(0x0000002ce9d00000,0x0000002ce9e00000)]
  0x00000174b4e4b800 JavaThread "Cache worker for execution history cache (C:\Users\admin-1\Documents\Awesome\android\.gradle\7.5.1\executionHistory)" [_thread_blocked, id=9640, stack(0x0000002ce9e00000,0x0000002ce9f00000)]
  0x00000174b4e4d000 JavaThread "WorkerExecutor Queue" [_thread_blocked, id=1428, stack(0x0000002ce9f00000,0x0000002cea000000)]
  0x00000174b4e4e000 JavaThread "WorkerExecutor Queue Thread 2" [_thread_blocked, id=13560, stack(0x0000002cea000000,0x0000002cea100000)]
  0x00000174b4e4f000 JavaThread "WorkerExecutor Queue Thread 3" [_thread_blocked, id=1308, stack(0x0000002cea100000,0x0000002cea200000)]
  0x00000174b4e4f800 JavaThread "WorkerExecutor Queue Thread 4" [_thread_blocked, id=12812, stack(0x0000002cea200000,0x0000002cea300000)]
=>0x00000174b667e000 JavaThread "C2 CompilerThread1" daemon [_thread_in_native, id=3876, stack(0x0000002ce6800000,0x0000002ce6900000)]

Other Threads:
  0x00000174b2f91800 VMThread "VM Thread" [stack: 0x0000002ce3f00000,0x0000002ce4000000] [id=9220]
  0x00000174b3a86000 WatcherThread [stack: 0x0000002ce4900000,0x0000002ce4a00000] [id=3948]
  0x00000174950af000 GCTaskThread "GC Thread#0" [stack: 0x0000002ce3a00000,0x0000002ce3b00000] [id=6428]
  0x00000174b41cc000 GCTaskThread "GC Thread#1" [stack: 0x0000002ce4b00000,0x0000002ce4c00000] [id=3548]
  0x00000174b3f16800 GCTaskThread "GC Thread#2" [stack: 0x0000002ce4c00000,0x0000002ce4d00000] [id=10076]
  0x00000174b5d03800 GCTaskThread "GC Thread#3" [stack: 0x0000002ce5900000,0x0000002ce5a00000] [id=3880]
  0x00000174950e1800 ConcurrentGCThread "G1 Main Marker" [stack: 0x0000002ce3b00000,0x0000002ce3c00000] [id=10620]
  0x00000174950e3800 ConcurrentGCThread "G1 Conc#0" [stack: 0x0000002ce3c00000,0x0000002ce3d00000] [id=10776]
  0x0000017495170800 ConcurrentGCThread "G1 Refine#0" [stack: 0x0000002ce3d00000,0x0000002ce3e00000] [id=4632]
  0x0000017495171800 ConcurrentGCThread "G1 Young RemSet Sampling" [stack: 0x0000002ce3e00000,0x0000002ce3f00000] [id=14308]

Threads with active compile tasks:
C2 CompilerThread0    46771 16664   !   4       org.gradle.internal.resources.AbstractTrackedResourceLock::tryLock (75 bytes)
C2 CompilerThread1    46771 16400       4       org.gradle.api.internal.artifacts.transform.AttributeMatchingVariantSelector::doSelect (469 bytes)

VM state:not at safepoint (normal execution)

VM Mutex/Monitor currently owned by a thread: None

Heap address: 0x0000000080000000, size: 2048 MB, Compressed Oops mode: 32-bit
Narrow klass base: 0x0000000000000000, Narrow klass shift: 3
Compressed class space size: 528482304 Address: 0x0000000100000000

Heap:
 garbage-first heap   total 227328K, used 190014K [0x0000000080000000, 0x0000000100000000)
  region size 1024K, 36 young (36864K), 5 survivors (5120K)
 Metaspace       used 116395K, capacity 120828K, committed 121164K, reserved 620544K
  class space    used 15255K, capacity 16907K, committed 17024K, reserved 516096K
Heap Regions: E=young(eden), S=young(survivor), O=old, HS=humongous(starts), HC=humongous(continues), CS=collection set, F=free, A=archive, TAMS=top-at-mark-start (previous, next)
|   0|0x0000000080000000, 0x0000000080100000, 0x0000000080100000|100%|HS|  |TAMS 0x0000000080100000, 0x0000000080000000| Complete 
|   1|0x0000000080100000, 0x0000000080200000, 0x0000000080200000|100%|HC|  |TAMS 0x0000000080200000, 0x0000000080100000| Complete 
|   2|0x0000000080200000, 0x0000000080300000, 0x0000000080300000|100%|HC|  |TAMS 0x0000000080300000, 0x0000000080200000| Complete 
|   3|0x0000000080300000, 0x0000000080400000, 0x0000000080400000|100%| O|  |TAMS 0x0000000080400000, 0x0000000080300000| Untracked 
|   4|0x0000000080400000, 0x0000000080500000, 0x0000000080500000|100%| O|  |TAMS 0x0000000080500000, 0x0000000080400000| Untracked 
|   5|0x0000000080500000, 0x0000000080600000, 0x0000000080600000|100%| O|  |TAMS 0x0000000080600000, 0x0000000080500000| Untracked 
|   6|0x0000000080600000, 0x0000000080700000, 0x0000000080700000|100%| O|  |TAMS 0x0000000080700000, 0x0000000080600000| Untracked 
|   7|0x0000000080700000, 0x0000000080800000, 0x0000000080800000|100%| O|  |TAMS 0x0000000080800000, 0x0000000080700000| Untracked 
|   8|0x0000000080800000, 0x0000000080900000, 0x0000000080900000|100%| O|  |TAMS 0x0000000080900000, 0x0000000080800000| Untracked 
|   9|0x0000000080900000, 0x0000000080a00000, 0x0000000080a00000|100%| O|  |TAMS 0x0000000080a00000, 0x0000000080900000| Untracked 
|  10|0x0000000080a00000, 0x0000000080b00000, 0x0000000080b00000|100%| O|  |TAMS 0x0000000080b00000, 0x0000000080a00000| Untracked 
|  11|0x0000000080b00000, 0x0000000080c00000, 0x0000000080c00000|100%| O|  |TAMS 0x0000000080c00000, 0x0000000080b00000| Untracked 
|  12|0x0000000080c00000, 0x0000000080d00000, 0x0000000080d00000|100%| O|  |TAMS 0x0000000080d00000, 0x0000000080c00000| Untracked 
|  13|0x0000000080d00000, 0x0000000080e00000, 0x0000000080e00000|100%| O|  |TAMS 0x0000000080e00000, 0x0000000080d00000| Untracked 
|  14|0x0000000080e00000, 0x0000000080f00000, 0x0000000080f00000|100%| O|  |TAMS 0x0000000080f00000, 0x0000000080e00000| Untracked 
|  15|0x0000000080f00000, 0x0000000081000000, 0x0000000081000000|100%| O|  |TAMS 0x0000000081000000, 0x0000000080f00000| Untracked 
|  16|0x0000000081000000, 0x0000000081100000, 0x0000000081100000|100%| O|  |TAMS 0x0000000081100000, 0x0000000081000000| Untracked 
|  17|0x0000000081100000, 0x0000000081200000, 0x0000000081200000|100%|HS|  |TAMS 0x0000000081200000, 0x0000000081100000| Complete 
|  18|0x0000000081200000, 0x0000000081300000, 0x0000000081300000|100%| O|  |TAMS 0x0000000081300000, 0x0000000081200000| Untracked 
|  19|0x0000000081300000, 0x0000000081400000, 0x0000000081400000|100%| O|  |TAMS 0x0000000081400000, 0x0000000081300000| Untracked 
|  20|0x0000000081400000, 0x0000000081500000, 0x0000000081500000|100%| O|  |TAMS 0x0000000081500000, 0x0000000081400000| Untracked 
|  21|0x0000000081500000, 0x0000000081600000, 0x0000000081600000|100%| O|  |TAMS 0x0000000081600000, 0x0000000081500000| Untracked 
|  22|0x0000000081600000, 0x0000000081700000, 0x0000000081700000|100%| O|  |TAMS 0x0000000081700000, 0x0000000081600000| Untracked 
|  23|0x0000000081700000, 0x0000000081800000, 0x0000000081800000|100%| O|  |TAMS 0x0000000081800000, 0x0000000081700000| Untracked 
|  24|0x0000000081800000, 0x0000000081900000, 0x0000000081900000|100%|HS|  |TAMS 0x0000000081900000, 0x0000000081800000| Complete 
|  25|0x0000000081900000, 0x0000000081a00000, 0x0000000081a00000|100%|HC|  |TAMS 0x0000000081a00000, 0x0000000081900000| Complete 
|  26|0x0000000081a00000, 0x0000000081b00000, 0x0000000081b00000|100%|HC|  |TAMS 0x0000000081b00000, 0x0000000081a00000| Complete 
|  27|0x0000000081b00000, 0x0000000081c00000, 0x0000000081c00000|100%| O|  |TAMS 0x0000000081c00000, 0x0000000081b00000| Untracked 
|  28|0x0000000081c00000, 0x0000000081d00000, 0x0000000081d00000|100%| O|  |TAMS 0x0000000081d00000, 0x0000000081c00000| Untracked 
|  29|0x0000000081d00000, 0x0000000081e00000, 0x0000000081e00000|100%| O|  |TAMS 0x0000000081e00000, 0x0000000081d00000| Untracked 
|  30|0x0000000081e00000, 0x0000000081f00000, 0x0000000081f00000|100%| O|  |TAMS 0x0000000081f00000, 0x0000000081e00000| Untracked 
|  31|0x0000000081f00000, 0x0000000081f00000, 0x0000000082000000|  0%| F|  |TAMS 0x0000000081f00000, 0x0000000081f00000| Untracked 
|  32|0x0000000082000000, 0x0000000082100000, 0x0000000082100000|100%| O|  |TAMS 0x0000000082100000, 0x0000000082000000| Untracked 
|  33|0x0000000082100000, 0x0000000082200000, 0x0000000082200000|100%| O|  |TAMS 0x0000000082200000, 0x0000000082100000| Untracked 
|  34|0x0000000082200000, 0x0000000082300000, 0x0000000082300000|100%| O|  |TAMS 0x0000000082300000, 0x0000000082200000| Untracked 
|  35|0x0000000082300000, 0x0000000082400000, 0x0000000082400000|100%| O|  |TAMS 0x0000000082400000, 0x0000000082300000| Untracked 
|  36|0x0000000082400000, 0x0000000082500000, 0x0000000082500000|100%|HS|  |TAMS 0x0000000082500000, 0x0000000082400000| Complete 
|  37|0x0000000082500000, 0x0000000082600000, 0x0000000082600000|100%|HS|  |TAMS 0x0000000082600000, 0x0000000082500000| Complete 
|  38|0x0000000082600000, 0x0000000082700000, 0x0000000082700000|100%|HS|  |TAMS 0x0000000082700000, 0x0000000082600000| Complete 
|  39|0x0000000082700000, 0x0000000082800000, 0x0000000082800000|100%|HC|  |TAMS 0x0000000082800000, 0x0000000082700000| Complete 
|  40|0x0000000082800000, 0x0000000082900000, 0x0000000082900000|100%| O|  |TAMS 0x0000000082900000, 0x0000000082800000| Untracked 
|  41|0x0000000082900000, 0x0000000082a00000, 0x0000000082a00000|100%| O|  |TAMS 0x0000000082a00000, 0x0000000082900000| Untracked 
|  42|0x0000000082a00000, 0x0000000082b00000, 0x0000000082b00000|100%| O|  |TAMS 0x0000000082b00000, 0x0000000082a00000| Untracked 
|  43|0x0000000082b00000, 0x0000000082c00000, 0x0000000082c00000|100%| O|  |TAMS 0x0000000082c00000, 0x0000000082b00000| Untracked 
|  44|0x0000000082c00000, 0x0000000082d00000, 0x0000000082d00000|100%| O|  |TAMS 0x0000000082d00000, 0x0000000082c00000| Untracked 
|  45|0x0000000082d00000, 0x0000000082e00000, 0x0000000082e00000|100%| O|  |TAMS 0x0000000082e00000, 0x0000000082d00000| Untracked 
|  46|0x0000000082e00000, 0x0000000082f00000, 0x0000000082f00000|100%| O|  |TAMS 0x0000000082f00000, 0x0000000082e00000| Untracked 
|  47|0x0000000082f00000, 0x0000000082f00000, 0x0000000083000000|  0%| F|  |TAMS 0x0000000082f00000, 0x0000000082f00000| Untracked 
|  48|0x0000000083000000, 0x0000000083100000, 0x0000000083100000|100%| O|  |TAMS 0x0000000083100000, 0x0000000083000000| Untracked 
|  49|0x0000000083100000, 0x0000000083200000, 0x0000000083200000|100%| O|  |TAMS 0x0000000083200000, 0x0000000083100000| Untracked 
|  50|0x0000000083200000, 0x0000000083300000, 0x0000000083300000|100%| O|  |TAMS 0x0000000083300000, 0x0000000083200000| Untracked 
|  51|0x0000000083300000, 0x0000000083400000, 0x0000000083400000|100%| O|  |TAMS 0x0000000083400000, 0x0000000083300000| Untracked 
|  52|0x0000000083400000, 0x0000000083500000, 0x0000000083500000|100%| O|  |TAMS 0x0000000083500000, 0x0000000083400000| Untracked 
|  53|0x0000000083500000, 0x0000000083600000, 0x0000000083600000|100%| O|  |TAMS 0x0000000083600000, 0x0000000083500000| Untracked 
|  54|0x0000000083600000, 0x0000000083700000, 0x0000000083700000|100%| O|  |TAMS 0x0000000083700000, 0x0000000083600000| Untracked 
|  55|0x0000000083700000, 0x0000000083800000, 0x0000000083800000|100%| O|  |TAMS 0x0000000083800000, 0x0000000083700000| Untracked 
|  56|0x0000000083800000, 0x0000000083900000, 0x0000000083900000|100%| O|  |TAMS 0x0000000083900000, 0x0000000083800000| Untracked 
|  57|0x0000000083900000, 0x0000000083a00000, 0x0000000083a00000|100%| O|  |TAMS 0x0000000083a00000, 0x0000000083900000| Untracked 
|  58|0x0000000083a00000, 0x0000000083b00000, 0x0000000083b00000|100%| O|  |TAMS 0x0000000083b00000, 0x0000000083a00000| Untracked 
|  59|0x0000000083b00000, 0x0000000083c00000, 0x0000000083c00000|100%| O|  |TAMS 0x0000000083c00000, 0x0000000083b00000| Untracked 
|  60|0x0000000083c00000, 0x0000000083d00000, 0x0000000083d00000|100%| O|  |TAMS 0x0000000083d00000, 0x0000000083c00000| Untracked 
|  61|0x0000000083d00000, 0x0000000083e00000, 0x0000000083e00000|100%| O|  |TAMS 0x0000000083e00000, 0x0000000083d00000| Untracked 
|  62|0x0000000083e00000, 0x0000000083f00000, 0x0000000083f00000|100%| O|  |TAMS 0x0000000083f00000, 0x0000000083e00000| Untracked 
|  63|0x0000000083f00000, 0x0000000084000000, 0x0000000084000000|100%| O|  |TAMS 0x0000000084000000, 0x0000000083f00000| Untracked 
|  64|0x0000000084000000, 0x0000000084100000, 0x0000000084100000|100%| O|  |TAMS 0x0000000084100000, 0x0000000084000000| Untracked 
|  65|0x0000000084100000, 0x0000000084200000, 0x0000000084200000|100%| O|  |TAMS 0x0000000084200000, 0x0000000084100000| Untracked 
|  66|0x0000000084200000, 0x0000000084300000, 0x0000000084300000|100%| O|  |TAMS 0x0000000084300000, 0x0000000084200000| Untracked 
|  67|0x0000000084300000, 0x0000000084400000, 0x0000000084400000|100%|HS|  |TAMS 0x0000000084400000, 0x0000000084300000| Complete 
|  68|0x0000000084400000, 0x0000000084500000, 0x0000000084500000|100%| O|  |TAMS 0x0000000084500000, 0x0000000084400000| Untracked 
|  69|0x0000000084500000, 0x0000000084600000, 0x0000000084600000|100%| O|  |TAMS 0x0000000084600000, 0x0000000084500000| Untracked 
|  70|0x0000000084600000, 0x0000000084700000, 0x0000000084700000|100%| O|  |TAMS 0x0000000084700000, 0x0000000084600000| Untracked 
|  71|0x0000000084700000, 0x0000000084800000, 0x0000000084800000|100%| O|  |TAMS 0x0000000084800000, 0x0000000084700000| Untracked 
|  72|0x0000000084800000, 0x0000000084900000, 0x0000000084900000|100%| O|  |TAMS 0x0000000084900000, 0x0000000084800000| Untracked 
|  73|0x0000000084900000, 0x0000000084a00000, 0x0000000084a00000|100%|HS|  |TAMS 0x0000000084a00000, 0x0000000084900000| Complete 
|  74|0x0000000084a00000, 0x0000000084b00000, 0x0000000084b00000|100%|HC|  |TAMS 0x0000000084b00000, 0x0000000084a00000| Complete 
|  75|0x0000000084b00000, 0x0000000084c00000, 0x0000000084c00000|100%|HC|  |TAMS 0x0000000084c00000, 0x0000000084b00000| Complete 
|  76|0x0000000084c00000, 0x0000000084d00000, 0x0000000084d00000|100%| O|  |TAMS 0x0000000084d00000, 0x0000000084c00000| Untracked 
|  77|0x0000000084d00000, 0x0000000084e00000, 0x0000000084e00000|100%| O|  |TAMS 0x0000000084e00000, 0x0000000084d00000| Untracked 
|  78|0x0000000084e00000, 0x0000000084f00000, 0x0000000084f00000|100%| O|  |TAMS 0x0000000084f00000, 0x0000000084e00000| Untracked 
|  79|0x0000000084f00000, 0x0000000085000000, 0x0000000085000000|100%| O|  |TAMS 0x0000000085000000, 0x0000000084f00000| Untracked 
|  80|0x0000000085000000, 0x0000000085100000, 0x0000000085100000|100%| O|  |TAMS 0x0000000085100000, 0x0000000085000000| Untracked 
|  81|0x0000000085100000, 0x0000000085200000, 0x0000000085200000|100%| O|  |TAMS 0x0000000085200000, 0x0000000085100000| Untracked 
|  82|0x0000000085200000, 0x0000000085300000, 0x0000000085300000|100%| O|  |TAMS 0x0000000085300000, 0x0000000085200000| Untracked 
|  83|0x0000000085300000, 0x0000000085400000, 0x0000000085400000|100%| O|  |TAMS 0x0000000085400000, 0x0000000085300000| Untracked 
|  84|0x0000000085400000, 0x0000000085500000, 0x0000000085500000|100%| O|  |TAMS 0x0000000085500000, 0x0000000085400000| Untracked 
|  85|0x0000000085500000, 0x0000000085600000, 0x0000000085600000|100%| O|  |TAMS 0x0000000085600000, 0x0000000085500000| Untracked 
|  86|0x0000000085600000, 0x0000000085700000, 0x0000000085700000|100%| O|  |TAMS 0x0000000085700000, 0x0000000085600000| Untracked 
|  87|0x0000000085700000, 0x0000000085800000, 0x0000000085800000|100%|HS|  |TAMS 0x0000000085800000, 0x0000000085700000| Complete 
|  88|0x0000000085800000, 0x0000000085900000, 0x0000000085900000|100%|HS|  |TAMS 0x0000000085900000, 0x0000000085800000| Complete 
|  89|0x0000000085900000, 0x0000000085a00000, 0x0000000085a00000|100%|HS|  |TAMS 0x0000000085a00000, 0x0000000085900000| Complete 
|  90|0x0000000085a00000, 0x0000000085b00000, 0x0000000085b00000|100%|HC|  |TAMS 0x0000000085b00000, 0x0000000085a00000| Complete 
|  91|0x0000000085b00000, 0x0000000085c00000, 0x0000000085c00000|100%|HC|  |TAMS 0x0000000085c00000, 0x0000000085b00000| Complete 
|  92|0x0000000085c00000, 0x0000000085d00000, 0x0000000085d00000|100%| O|  |TAMS 0x0000000085d00000, 0x0000000085c00000| Untracked 
|  93|0x0000000085d00000, 0x0000000085e00000, 0x0000000085e00000|100%| O|  |TAMS 0x0000000085e00000, 0x0000000085d00000| Untracked 
|  94|0x0000000085e00000, 0x0000000085f00000, 0x0000000085f00000|100%| O|  |TAMS 0x0000000085f00000, 0x0000000085e00000| Untracked 
|  95|0x0000000085f00000, 0x0000000086000000, 0x0000000086000000|100%| O|  |TAMS 0x0000000086000000, 0x0000000085f00000| Untracked 
|  96|0x0000000086000000, 0x0000000086100000, 0x0000000086100000|100%| O|  |TAMS 0x0000000086100000, 0x0000000086000000| Untracked 
|  97|0x0000000086100000, 0x0000000086200000, 0x0000000086200000|100%| O|  |TAMS 0x0000000086200000, 0x0000000086100000| Untracked 
|  98|0x0000000086200000, 0x0000000086300000, 0x0000000086300000|100%| O|  |TAMS 0x0000000086300000, 0x0000000086200000| Untracked 
|  99|0x0000000086300000, 0x0000000086400000, 0x0000000086400000|100%| O|  |TAMS 0x0000000086400000, 0x0000000086300000| Untracked 
| 100|0x0000000086400000, 0x0000000086500000, 0x0000000086500000|100%| O|  |TAMS 0x0000000086500000, 0x0000000086400000| Untracked 
| 101|0x0000000086500000, 0x0000000086600000, 0x0000000086600000|100%| O|  |TAMS 0x0000000086600000, 0x0000000086500000| Untracked 
| 102|0x0000000086600000, 0x0000000086700000, 0x0000000086700000|100%| O|  |TAMS 0x0000000086700000, 0x0000000086600000| Untracked 
| 103|0x0000000086700000, 0x0000000086800000, 0x0000000086800000|100%| O|  |TAMS 0x0000000086800000, 0x0000000086700000| Untracked 
| 104|0x0000000086800000, 0x0000000086900000, 0x0000000086900000|100%| O|  |TAMS 0x0000000086900000, 0x0000000086800000| Untracked 
| 105|0x0000000086900000, 0x0000000086a00000, 0x0000000086a00000|100%| O|  |TAMS 0x0000000086a00000, 0x0000000086900000| Untracked 
| 106|0x0000000086a00000, 0x0000000086b00000, 0x0000000086b00000|100%| O|  |TAMS 0x0000000086a00000, 0x0000000086a00000| Untracked 
| 107|0x0000000086b00000, 0x0000000086c00000, 0x0000000086c00000|100%| O|  |TAMS 0x0000000086c00000, 0x0000000086b00000| Untracked 
| 108|0x0000000086c00000, 0x0000000086d00000, 0x0000000086d00000|100%| O|  |TAMS 0x0000000086d00000, 0x0000000086c00000| Untracked 
| 109|0x0000000086d00000, 0x0000000086e00000, 0x0000000086e00000|100%| O|  |TAMS 0x0000000086e00000, 0x0000000086d00000| Untracked 
| 110|0x0000000086e00000, 0x0000000086e00000, 0x0000000086f00000|  0%| F|  |TAMS 0x0000000086e00000, 0x0000000086e00000| Untracked 
| 111|0x0000000086f00000, 0x0000000086f00000, 0x0000000087000000|  0%| F|  |TAMS 0x0000000086f00000, 0x0000000086f00000| Untracked 
| 112|0x0000000087000000, 0x0000000087100000, 0x0000000087100000|100%| O|  |TAMS 0x0000000087100000, 0x0000000087000000| Untracked 
| 113|0x0000000087100000, 0x0000000087200000, 0x0000000087200000|100%| O|  |TAMS 0x0000000087200000, 0x0000000087100000| Untracked 
| 114|0x0000000087200000, 0x0000000087300000, 0x0000000087300000|100%| O|  |TAMS 0x0000000087300000, 0x0000000087200000| Untracked 
| 115|0x0000000087300000, 0x0000000087400000, 0x0000000087400000|100%| O|  |TAMS 0x0000000087400000, 0x0000000087300000| Untracked 
| 116|0x0000000087400000, 0x0000000087500000, 0x0000000087500000|100%| O|  |TAMS 0x0000000087500000, 0x0000000087400000| Untracked 
| 117|0x0000000087500000, 0x0000000087600000, 0x0000000087600000|100%| O|  |TAMS 0x0000000087600000, 0x0000000087500000| Untracked 
| 118|0x0000000087600000, 0x0000000087700000, 0x0000000087700000|100%| O|  |TAMS 0x0000000087700000, 0x0000000087600000| Untracked 
| 119|0x0000000087700000, 0x0000000087800000, 0x0000000087800000|100%| O|  |TAMS 0x0000000087800000, 0x0000000087700000| Untracked 
| 120|0x0000000087800000, 0x0000000087800000, 0x0000000087900000|  0%| F|  |TAMS 0x0000000087800000, 0x0000000087800000| Untracked 
| 121|0x0000000087900000, 0x0000000087a00000, 0x0000000087a00000|100%| O|  |TAMS 0x0000000087a00000, 0x0000000087900000| Untracked 
| 122|0x0000000087a00000, 0x0000000087b00000, 0x0000000087b00000|100%| O|  |TAMS 0x0000000087b00000, 0x0000000087a00000| Untracked 
| 123|0x0000000087b00000, 0x0000000087c00000, 0x0000000087c00000|100%| O|  |TAMS 0x0000000087c00000, 0x0000000087b00000| Untracked 
| 124|0x0000000087c00000, 0x0000000087d00000, 0x0000000087d00000|100%| O|  |TAMS 0x0000000087d00000, 0x0000000087c00000| Untracked 
| 125|0x0000000087d00000, 0x0000000087e00000, 0x0000000087e00000|100%| O|  |TAMS 0x0000000087e00000, 0x0000000087d00000| Untracked 
| 126|0x0000000087e00000, 0x0000000087f00000, 0x0000000087f00000|100%| O|  |TAMS 0x0000000087f00000, 0x0000000087e00000| Untracked 
| 127|0x0000000087f00000, 0x0000000088000000, 0x0000000088000000|100%| O|  |TAMS 0x0000000088000000, 0x0000000087f00000| Untracked 
| 128|0x0000000088000000, 0x0000000088100000, 0x0000000088100000|100%| O|  |TAMS 0x0000000088100000, 0x0000000088000000| Untracked 
| 129|0x0000000088100000, 0x0000000088200000, 0x0000000088200000|100%| O|  |TAMS 0x00000000881a3400, 0x0000000088100000| Untracked 
| 130|0x0000000088200000, 0x0000000088300000, 0x0000000088300000|100%| O|  |TAMS 0x0000000088300000, 0x0000000088200000| Untracked 
| 131|0x0000000088300000, 0x0000000088400000, 0x0000000088400000|100%| O|  |TAMS 0x0000000088400000, 0x0000000088300000| Untracked 
| 132|0x0000000088400000, 0x0000000088500000, 0x0000000088500000|100%| O|  |TAMS 0x0000000088500000, 0x0000000088400000| Untracked 
| 133|0x0000000088500000, 0x0000000088600000, 0x0000000088600000|100%| O|  |TAMS 0x0000000088600000, 0x0000000088500000| Untracked 
| 134|0x0000000088600000, 0x0000000088700000, 0x0000000088700000|100%| O|  |TAMS 0x0000000088700000, 0x0000000088600000| Untracked 
| 135|0x0000000088700000, 0x0000000088800000, 0x0000000088800000|100%| O|  |TAMS 0x0000000088800000, 0x0000000088700000| Untracked 
| 136|0x0000000088800000, 0x0000000088900000, 0x0000000088900000|100%| O|  |TAMS 0x0000000088900000, 0x0000000088800000| Untracked 
| 137|0x0000000088900000, 0x0000000088a00000, 0x0000000088a00000|100%| O|  |TAMS 0x0000000088a00000, 0x0000000088900000| Untracked 
| 138|0x0000000088a00000, 0x0000000088b00000, 0x0000000088b00000|100%| O|  |TAMS 0x0000000088b00000, 0x0000000088a00000| Untracked 
| 139|0x0000000088b00000, 0x0000000088c00000, 0x0000000088c00000|100%| O|  |TAMS 0x0000000088c00000, 0x0000000088b00000| Untracked 
| 140|0x0000000088c00000, 0x0000000088d00000, 0x0000000088d00000|100%| O|  |TAMS 0x0000000088d00000, 0x0000000088c00000| Untracked 
| 141|0x0000000088d00000, 0x0000000088e00000, 0x0000000088e00000|100%| O|  |TAMS 0x0000000088e00000, 0x0000000088d00000| Untracked 
| 142|0x0000000088e00000, 0x0000000088f00000, 0x0000000088f00000|100%| O|  |TAMS 0x0000000088f00000, 0x0000000088e00000| Untracked 
| 143|0x0000000088f00000, 0x0000000089000000, 0x0000000089000000|100%| O|  |TAMS 0x0000000089000000, 0x0000000088f00000| Untracked 
| 144|0x0000000089000000, 0x0000000089100000, 0x0000000089100000|100%| O|  |TAMS 0x0000000089100000, 0x0000000089000000| Untracked 
| 145|0x0000000089100000, 0x0000000089200000, 0x0000000089200000|100%| O|  |TAMS 0x0000000089200000, 0x0000000089100000| Untracked 
| 146|0x0000000089200000, 0x0000000089300000, 0x0000000089300000|100%| O|  |TAMS 0x0000000089300000, 0x0000000089200000| Untracked 
| 147|0x0000000089300000, 0x0000000089400000, 0x0000000089400000|100%| O|  |TAMS 0x0000000089300000, 0x0000000089300000| Untracked 
| 148|0x0000000089400000, 0x0000000089500000, 0x0000000089500000|100%| O|  |TAMS 0x0000000089400000, 0x0000000089400000| Untracked 
| 149|0x0000000089500000, 0x0000000089600000, 0x0000000089600000|100%| O|  |TAMS 0x0000000089500000, 0x0000000089500000| Untracked 
| 150|0x0000000089600000, 0x0000000089700000, 0x0000000089700000|100%| O|  |TAMS 0x0000000089600000, 0x0000000089600000| Untracked 
| 151|0x0000000089700000, 0x0000000089800000, 0x0000000089800000|100%| O|  |TAMS 0x0000000089700000, 0x0000000089700000| Untracked 
| 152|0x0000000089800000, 0x0000000089900000, 0x0000000089900000|100%| O|  |TAMS 0x0000000089800000, 0x0000000089800000| Untracked 
| 153|0x0000000089900000, 0x0000000089a00000, 0x0000000089a00000|100%| O|  |TAMS 0x0000000089900000, 0x0000000089900000| Untracked 
| 154|0x0000000089a00000, 0x0000000089b00000, 0x0000000089b00000|100%| O|  |TAMS 0x0000000089a00000, 0x0000000089a00000| Untracked 
| 155|0x0000000089b00000, 0x0000000089c00000, 0x0000000089c00000|100%| O|  |TAMS 0x0000000089b00000, 0x0000000089b00000| Untracked 
| 156|0x0000000089c00000, 0x0000000089d00000, 0x0000000089d00000|100%| O|  |TAMS 0x0000000089c00000, 0x0000000089c00000| Untracked 
| 157|0x0000000089d00000, 0x0000000089d34a00, 0x0000000089e00000| 20%| O|  |TAMS 0x0000000089d00000, 0x0000000089d00000| Untracked 
| 158|0x0000000089e00000, 0x0000000089e00000, 0x0000000089f00000|  0%| F|  |TAMS 0x0000000089e00000, 0x0000000089e00000| Untracked 
| 159|0x0000000089f00000, 0x0000000089f00000, 0x000000008a000000|  0%| F|  |TAMS 0x0000000089f00000, 0x0000000089f00000| Untracked 
| 160|0x000000008a000000, 0x000000008a000000, 0x000000008a100000|  0%| F|  |TAMS 0x000000008a000000, 0x000000008a000000| Untracked 
| 161|0x000000008a100000, 0x000000008a100000, 0x000000008a200000|  0%| F|  |TAMS 0x000000008a100000, 0x000000008a100000| Untracked 
| 162|0x000000008a200000, 0x000000008a200000, 0x000000008a300000|  0%| F|  |TAMS 0x000000008a200000, 0x000000008a200000| Untracked 
| 163|0x000000008a300000, 0x000000008a300000, 0x000000008a400000|  0%| F|  |TAMS 0x000000008a300000, 0x000000008a300000| Untracked 
| 164|0x000000008a400000, 0x000000008a400000, 0x000000008a500000|  0%| F|  |TAMS 0x000000008a400000, 0x000000008a400000| Untracked 
| 165|0x000000008a500000, 0x000000008a500000, 0x000000008a600000|  0%| F|  |TAMS 0x000000008a500000, 0x000000008a500000| Untracked 
| 166|0x000000008a600000, 0x000000008a600000, 0x000000008a700000|  0%| F|  |TAMS 0x000000008a600000, 0x000000008a600000| Untracked 
| 167|0x000000008a700000, 0x000000008a700000, 0x000000008a800000|  0%| F|  |TAMS 0x000000008a700000, 0x000000008a700000| Untracked 
| 168|0x000000008a800000, 0x000000008a800000, 0x000000008a900000|  0%| F|  |TAMS 0x000000008a800000, 0x000000008a800000| Untracked 
| 169|0x000000008a900000, 0x000000008a900000, 0x000000008aa00000|  0%| F|  |TAMS 0x000000008a900000, 0x000000008a900000| Untracked 
| 170|0x000000008aa00000, 0x000000008aa00000, 0x000000008ab00000|  0%| F|  |TAMS 0x000000008aa00000, 0x000000008aa00000| Untracked 
| 171|0x000000008ab00000, 0x000000008ab00000, 0x000000008ac00000|  0%| F|  |TAMS 0x000000008ab00000, 0x000000008ab00000| Untracked 
| 172|0x000000008ac00000, 0x000000008ac00000, 0x000000008ad00000|  0%| F|  |TAMS 0x000000008ac00000, 0x000000008ac00000| Untracked 
| 173|0x000000008ad00000, 0x000000008ad00000, 0x000000008ae00000|  0%| F|  |TAMS 0x000000008ad00000, 0x000000008ad00000| Untracked 
| 174|0x000000008ae00000, 0x000000008ae00000, 0x000000008af00000|  0%| F|  |TAMS 0x000000008ae00000, 0x000000008ae00000| Untracked 
| 175|0x000000008af00000, 0x000000008af00000, 0x000000008b000000|  0%| F|  |TAMS 0x000000008af00000, 0x000000008af00000| Untracked 
| 176|0x000000008b000000, 0x000000008b000000, 0x000000008b100000|  0%| F|  |TAMS 0x000000008b000000, 0x000000008b000000| Untracked 
| 177|0x000000008b100000, 0x000000008b100000, 0x000000008b200000|  0%| F|  |TAMS 0x000000008b100000, 0x000000008b100000| Untracked 
| 178|0x000000008b200000, 0x000000008b200000, 0x000000008b300000|  0%| F|  |TAMS 0x000000008b200000, 0x000000008b200000| Untracked 
| 179|0x000000008b300000, 0x000000008b300000, 0x000000008b400000|  0%| F|  |TAMS 0x000000008b300000, 0x000000008b300000| Untracked 
| 180|0x000000008b400000, 0x000000008b400000, 0x000000008b500000|  0%| F|  |TAMS 0x000000008b400000, 0x000000008b400000| Untracked 
| 181|0x000000008b500000, 0x000000008b500000, 0x000000008b600000|  0%| F|  |TAMS 0x000000008b500000, 0x000000008b500000| Untracked 
| 182|0x000000008b600000, 0x000000008b65b020, 0x000000008b700000| 35%| S|CS|TAMS 0x000000008b600000, 0x000000008b600000| Complete 
| 183|0x000000008b700000, 0x000000008b800000, 0x000000008b800000|100%| S|CS|TAMS 0x000000008b700000, 0x000000008b700000| Complete 
| 184|0x000000008b800000, 0x000000008b900000, 0x000000008b900000|100%| S|CS|TAMS 0x000000008b800000, 0x000000008b800000| Complete 
| 185|0x000000008b900000, 0x000000008ba00000, 0x000000008ba00000|100%| S|CS|TAMS 0x000000008b900000, 0x000000008b900000| Complete 
| 186|0x000000008ba00000, 0x000000008bb00000, 0x000000008bb00000|100%| S|CS|TAMS 0x000000008ba00000, 0x000000008ba00000| Complete 
| 187|0x000000008bb00000, 0x000000008bb00000, 0x000000008bc00000|  0%| F|  |TAMS 0x000000008bb00000, 0x000000008bb00000| Untracked 
| 188|0x000000008bc00000, 0x000000008bc00000, 0x000000008bd00000|  0%| F|  |TAMS 0x000000008bc00000, 0x000000008bc00000| Untracked 
| 189|0x000000008bd00000, 0x000000008bd00000, 0x000000008be00000|  0%| F|  |TAMS 0x000000008bd00000, 0x000000008bd00000| Untracked 
| 190|0x000000008be00000, 0x000000008be00000, 0x000000008bf00000|  0%| F|  |TAMS 0x000000008be00000, 0x000000008be00000| Untracked 
| 191|0x000000008bf00000, 0x000000008bf4b720, 0x000000008c000000| 29%| E|  |TAMS 0x000000008bf00000, 0x000000008bf00000| Complete 
| 192|0x000000008c000000, 0x000000008c100000, 0x000000008c100000|100%| E|CS|TAMS 0x000000008c000000, 0x000000008c000000| Complete 
| 193|0x000000008c100000, 0x000000008c1ffff8, 0x000000008c200000| 99%| E|CS|TAMS 0x000000008c100000, 0x000000008c100000| Complete 
| 194|0x000000008c200000, 0x000000008c300000, 0x000000008c300000|100%| E|CS|TAMS 0x000000008c200000, 0x000000008c200000| Complete 
| 195|0x000000008c300000, 0x000000008c400000, 0x000000008c400000|100%| E|CS|TAMS 0x000000008c300000, 0x000000008c300000| Complete 
| 196|0x000000008c400000, 0x000000008c500000, 0x000000008c500000|100%| E|CS|TAMS 0x000000008c400000, 0x000000008c400000| Complete 
| 197|0x000000008c500000, 0x000000008c600000, 0x000000008c600000|100%| E|  |TAMS 0x000000008c500000, 0x000000008c500000| Complete 
| 198|0x000000008c600000, 0x000000008c700000, 0x000000008c700000|100%| E|CS|TAMS 0x000000008c600000, 0x000000008c600000| Complete 
| 199|0x000000008c700000, 0x000000008c800000, 0x000000008c800000|100%| E|CS|TAMS 0x000000008c700000, 0x000000008c700000| Complete 
| 200|0x000000008c800000, 0x000000008c900000, 0x000000008c900000|100%| E|CS|TAMS 0x000000008c800000, 0x000000008c800000| Complete 
| 201|0x000000008c900000, 0x000000008ca00000, 0x000000008ca00000|100%| E|CS|TAMS 0x000000008c900000, 0x000000008c900000| Complete 
| 202|0x000000008ca00000, 0x000000008cb00000, 0x000000008cb00000|100%| E|CS|TAMS 0x000000008ca00000, 0x000000008ca00000| Complete 
| 203|0x000000008cb00000, 0x000000008cc00000, 0x000000008cc00000|100%| E|CS|TAMS 0x000000008cb00000, 0x000000008cb00000| Complete 
| 204|0x000000008cc00000, 0x000000008cd00000, 0x000000008cd00000|100%| E|CS|TAMS 0x000000008cc00000, 0x000000008cc00000| Complete 
| 205|0x000000008cd00000, 0x000000008ce00000, 0x000000008ce00000|100%| E|CS|TAMS 0x000000008cd00000, 0x000000008cd00000| Complete 
| 206|0x000000008ce00000, 0x000000008cf00000, 0x000000008cf00000|100%| E|CS|TAMS 0x000000008ce00000, 0x000000008ce00000| Complete 
| 207|0x000000008cf00000, 0x000000008d000000, 0x000000008d000000|100%| E|CS|TAMS 0x000000008cf00000, 0x000000008cf00000| Complete 
| 208|0x000000008d000000, 0x000000008d100000, 0x000000008d100000|100%| E|CS|TAMS 0x000000008d000000, 0x000000008d000000| Complete 
| 209|0x000000008d100000, 0x000000008d200000, 0x000000008d200000|100%| E|CS|TAMS 0x000000008d100000, 0x000000008d100000| Complete 
| 210|0x000000008d200000, 0x000000008d300000, 0x000000008d300000|100%| E|CS|TAMS 0x000000008d200000, 0x000000008d200000| Complete 
| 211|0x000000008d300000, 0x000000008d400000, 0x000000008d400000|100%| E|CS|TAMS 0x000000008d300000, 0x000000008d300000| Complete 
| 212|0x000000008d400000, 0x000000008d500000, 0x000000008d500000|100%| E|CS|TAMS 0x000000008d400000, 0x000000008d400000| Complete 
| 213|0x000000008d500000, 0x000000008d600000, 0x000000008d600000|100%| E|CS|TAMS 0x000000008d500000, 0x000000008d500000| Complete 
| 214|0x000000008d600000, 0x000000008d700000, 0x000000008d700000|100%| E|CS|TAMS 0x000000008d600000, 0x000000008d600000| Complete 
| 215|0x000000008d700000, 0x000000008d800000, 0x000000008d800000|100%| E|CS|TAMS 0x000000008d700000, 0x000000008d700000| Complete 
| 216|0x000000008d800000, 0x000000008d900000, 0x000000008d900000|100%| E|CS|TAMS 0x000000008d800000, 0x000000008d800000| Complete 
| 217|0x000000008d900000, 0x000000008da00000, 0x000000008da00000|100%| E|CS|TAMS 0x000000008d900000, 0x000000008d900000| Complete 
| 218|0x000000008da00000, 0x000000008db00000, 0x000000008db00000|100%| E|CS|TAMS 0x000000008da00000, 0x000000008da00000| Complete 
| 219|0x000000008db00000, 0x000000008dc00000, 0x000000008dc00000|100%| E|CS|TAMS 0x000000008db00000, 0x000000008db00000| Complete 
| 220|0x000000008dc00000, 0x000000008dd00000, 0x000000008dd00000|100%| E|CS|TAMS 0x000000008dc00000, 0x000000008dc00000| Complete 
| 221|0x000000008dd00000, 0x000000008de00000, 0x000000008de00000|100%| E|CS|TAMS 0x000000008dd00000, 0x000000008dd00000| Complete 

Card table byte_map: [0x00000174ac170000,0x00000174ac570000] _byte_map_base: 0x00000174abd70000

Marking Bits (Prev, Next): (CMBitMap*) 0x00000174950d8a50, (CMBitMap*) 0x00000174950d8a18
 Prev Bits: [0x00000174ae970000, 0x00000174b0970000)
 Next Bits: [0x00000174ac970000, 0x00000174ae970000)

Polling page: 0x0000017493770000

Metaspace:

Usage:
  Non-class:    101.49 MB capacity,    98.78 MB ( 97%) used,     2.34 MB (  2%) free+waste,   377.75 KB ( <1%) overhead. 
      Class:     16.51 MB capacity,    14.90 MB ( 90%) used,     1.44 MB (  9%) free+waste,   176.94 KB (  1%) overhead. 
       Both:    118.00 MB capacity,   113.67 MB ( 96%) used,     3.78 MB (  3%) free+waste,   554.69 KB ( <1%) overhead. 

Virtual space:
  Non-class space:      102.00 MB reserved,     101.70 MB (>99%) committed 
      Class space:      504.00 MB reserved,      16.63 MB (  3%) committed 
             Both:      606.00 MB reserved,     118.32 MB ( 20%) committed 

Chunk freelists:
   Non-Class:  3.25 KB
       Class:  0 bytes
        Both:  3.25 KB

CodeHeap 'non-profiled nmethods': size=120064Kb used=9848Kb max_used=10174Kb free=110216Kb
 bounds [0x00000174a4210000, 0x00000174a4c00000, 0x00000174ab750000]
CodeHeap 'profiled nmethods': size=120000Kb used=33906Kb max_used=34125Kb free=86093Kb
 bounds [0x000001749cce0000, 0x000001749ee80000, 0x00000174a4210000]
CodeHeap 'non-nmethods': size=5696Kb used=2318Kb max_used=2387Kb free=3377Kb
 bounds [0x000001749c750000, 0x000001749c9c0000, 0x000001749cce0000]
 total_blobs=16701 nmethods=15770 adapters=840
 compilation: enabled
              stopped_count=0, restarted_count=0
 full_count=0

Compilation events (10 events):
Event: 46.695 Thread 0x00000174b3914800 16657       3       java.lang.Exception::<init> (5 bytes)
Event: 46.695 Thread 0x00000174b3914800 nmethod 16657 0x000001749d260c10 code [0x000001749d260de0, 0x000001749d261188]
Event: 46.697 Thread 0x00000174b3914800 16658       1       org.gradle.api.internal.AbstractTask::getLogger (5 bytes)
Event: 46.697 Thread 0x00000174b3914800 nmethod 16658 0x00000174a437d410 code [0x00000174a437d5a0, 0x00000174a437d658]
Event: 46.698 Thread 0x00000174b3914800 16659       1       com.google.common.collect.LinkedListMultimap::access$000 (5 bytes)
Event: 46.698 Thread 0x00000174b3914800 nmethod 16659 0x00000174a437d110 code [0x00000174a437d2a0, 0x00000174a437d338]
Event: 46.734 Thread 0x00000174b3914800 16660       3       org.apache.xerces.util.ParserConfigurationSettings::addRecognizedFeatures (52 bytes)
Event: 46.735 Thread 0x00000174b3914800 nmethod 16660 0x000001749d270f10 code [0x000001749d271140, 0x000001749d271c68]
Event: 46.736 Thread 0x00000174b3914800 16661       3       org.apache.xerces.dom.ChildNode::parentNode (16 bytes)
Event: 46.736 Thread 0x00000174b3914800 nmethod 16661 0x000001749d25b110 code [0x000001749d25b2c0, 0x000001749d25b4d8]

GC Heap History (10 events):
Event: 42.353 GC heap before
{Heap before GC invocations=36 (full 0):
 garbage-first heap   total 227328K, used 155735K [0x0000000080000000, 0x0000000100000000)
  region size 1024K, 11 young (11264K), 4 survivors (4096K)
 Metaspace       used 110716K, capacity 115009K, committed 115276K, reserved 616448K
  class space    used 14628K, capacity 16225K, committed 16256K, reserved 516096K
}
Event: 42.362 GC heap after
{Heap after GC invocations=37 (full 0):
 garbage-first heap   total 227328K, used 149807K [0x0000000080000000, 0x0000000100000000)
  region size 1024K, 1 young (1024K), 1 survivors (1024K)
 Metaspace       used 110716K, capacity 115009K, committed 115276K, reserved 616448K
  class space    used 14628K, capacity 16225K, committed 16256K, reserved 516096K
}
Event: 43.184 GC heap before
{Heap before GC invocations=37 (full 0):
 garbage-first heap   total 227328K, used 192815K [0x0000000080000000, 0x0000000100000000)
  region size 1024K, 42 young (43008K), 1 survivors (1024K)
 Metaspace       used 115411K, capacity 119844K, committed 120012K, reserved 620544K
  class space    used 15188K, capacity 16853K, committed 16896K, reserved 516096K
}
Event: 43.193 GC heap after
{Heap after GC invocations=38 (full 0):
 garbage-first heap   total 227328K, used 152077K [0x0000000080000000, 0x0000000100000000)
  region size 1024K, 3 young (3072K), 3 survivors (3072K)
 Metaspace       used 115411K, capacity 119844K, committed 120012K, reserved 620544K
  class space    used 15188K, capacity 16853K, committed 16896K, reserved 516096K
}
Event: 45.174 GC heap before
{Heap before GC invocations=39 (full 0):
 garbage-first heap   total 227328K, used 193037K [0x0000000080000000, 0x0000000100000000)
  region size 1024K, 43 young (44032K), 3 survivors (3072K)
 Metaspace       used 115454K, capacity 119907K, committed 120012K, reserved 620544K
  class space    used 15191K, capacity 16852K, committed 16896K, reserved 516096K
}
Event: 45.192 GC heap after
{Heap after GC invocations=40 (full 0):
 garbage-first heap   total 227328K, used 157871K [0x0000000080000000, 0x0000000100000000)
  region size 1024K, 6 young (6144K), 6 survivors (6144K)
 Metaspace       used 115454K, capacity 119907K, committed 120012K, reserved 620544K
  class space    used 15191K, capacity 16852K, committed 16896K, reserved 516096K
}
Event: 45.400 GC heap before
{Heap before GC invocations=40 (full 0):
 garbage-first heap   total 227328K, used 162991K [0x0000000080000000, 0x0000000100000000)
  region size 1024K, 11 young (11264K), 6 survivors (6144K)
 Metaspace       used 115454K, capacity 119907K, committed 120012K, reserved 620544K
  class space    used 15191K, capacity 16852K, committed 16896K, reserved 516096K
}
Event: 45.418 GC heap after
{Heap after GC invocations=41 (full 0):
 garbage-first heap   total 227328K, used 157133K [0x0000000080000000, 0x0000000100000000)
  region size 1024K, 2 young (2048K), 2 survivors (2048K)
 Metaspace       used 115454K, capacity 119907K, committed 120012K, reserved 620544K
  class space    used 15191K, capacity 16852K, committed 16896K, reserved 516096K
}
Event: 45.928 GC heap before
{Heap before GC invocations=41 (full 0):
 garbage-first heap   total 227328K, used 189901K [0x0000000080000000, 0x0000000100000000)
  region size 1024K, 35 young (35840K), 2 survivors (2048K)
 Metaspace       used 115681K, capacity 120139K, committed 120268K, reserved 620544K
  class space    used 15195K, capacity 16854K, committed 16896K, reserved 516096K
}
Event: 45.941 GC heap after
{Heap after GC invocations=42 (full 0):
 garbage-first heap   total 227328K, used 160318K [0x0000000080000000, 0x0000000100000000)
  region size 1024K, 5 young (5120K), 5 survivors (5120K)
 Metaspace       used 115681K, capacity 120139K, committed 120268K, reserved 620544K
  class space    used 15195K, capacity 16854K, committed 16896K, reserved 516096K
}

Deoptimization events (10 events):
Event: 46.130 Thread 0x00000174b4e43800 Uncommon trap: reason=array_check action=maybe_recompile pc=0x00000174a42cd818 method=java.util.TimSort.reverseRange([Ljava/lang/Object;II)V @ 20 c2
Event: 46.187 Thread 0x00000174b4e47800 Uncommon trap: reason=unstable_if action=reinterpret pc=0x00000174a482346c method=java.io.WinNTFileSystem.resolve(Ljava/lang/String;Ljava/lang/String;)Ljava/lang/String; @ 83 c2
Event: 46.187 Thread 0x00000174b4e47800 Uncommon trap: reason=class_check action=maybe_recompile pc=0x00000174a4bd294c method=org.gradle.internal.snapshot.impl.AbstractValueProcessor.processValue(Ljava/lang/Object;Lorg/gradle/internal/snapshot/impl/AbstractValueProcessor$ValueVisitor;)Ljava/lan
Event: 46.282 Thread 0x00000174b4e47800 Uncommon trap: reason=array_check action=maybe_recompile pc=0x00000174a42cd818 method=java.util.TimSort.reverseRange([Ljava/lang/Object;II)V @ 20 c2
Event: 46.290 Thread 0x00000174b4e4d000 Uncommon trap: reason=class_check action=maybe_recompile pc=0x00000174a4bc63cc method=com.google.common.collect.AbstractIndexedListIterator.next()Ljava/lang/Object; @ 27 c2
Event: 46.290 Thread 0x00000174b4e4d000 Uncommon trap: reason=class_check action=maybe_recompile pc=0x00000174a4bc63cc method=com.google.common.collect.AbstractIndexedListIterator.next()Ljava/lang/Object; @ 27 c2
Event: 46.291 Thread 0x00000174b4e4d000 Uncommon trap: reason=class_check action=maybe_recompile pc=0x00000174a4bc63cc method=com.google.common.collect.AbstractIndexedListIterator.next()Ljava/lang/Object; @ 27 c2
Event: 46.291 Thread 0x00000174b4e4d000 Uncommon trap: reason=class_check action=maybe_recompile pc=0x00000174a4bc63cc method=com.google.common.collect.AbstractIndexedListIterator.next()Ljava/lang/Object; @ 27 c2
Event: 46.643 Thread 0x00000174b4e4b800 Uncommon trap: reason=unstable_if action=reinterpret pc=0x00000174a481a784 method=com.esotericsoftware.kryo.io.Output.writeString(Ljava/lang/CharSequence;)V @ 50 c2
Event: 46.643 Thread 0x00000174b4e4b800 Uncommon trap: reason=unstable_if action=reinterpret pc=0x00000174a451e374 method=com.esotericsoftware.kryo.io.Output.writeString(Ljava/lang/CharSequence;)V @ 50 c2

Classes redefined (0 events):
No events

Internal exceptions (10 events):
Event: 46.501 Thread 0x00000174b4e4f000 Exception <a 'sun/nio/fs/WindowsException'{0x000000008c709260}> (0x000000008c709260) thrown at [./open/src/hotspot/share/prims/jni.cpp, line 611]
Event: 46.502 Thread 0x00000174b4e4f000 Exception <a 'sun/nio/fs/WindowsException'{0x000000008c7093d0}> (0x000000008c7093d0) thrown at [./open/src/hotspot/share/prims/jni.cpp, line 611]
Event: 46.504 Thread 0x00000174b4e4d000 Exception <a 'sun/nio/fs/WindowsException'{0x000000008c721748}> (0x000000008c721748) thrown at [./open/src/hotspot/share/prims/jni.cpp, line 611]
Event: 46.504 Thread 0x00000174b4e4f000 Exception <a 'sun/nio/fs/WindowsException'{0x000000008c709558}> (0x000000008c709558) thrown at [./open/src/hotspot/share/prims/jni.cpp, line 611]
Event: 46.504 Thread 0x00000174b4e4d000 Exception <a 'sun/nio/fs/WindowsException'{0x000000008c721c08}> (0x000000008c721c08) thrown at [./open/src/hotspot/share/prims/jni.cpp, line 611]
Event: 46.504 Thread 0x00000174b4e4f000 Exception <a 'sun/nio/fs/WindowsException'{0x000000008c7099c8}> (0x000000008c7099c8) thrown at [./open/src/hotspot/share/prims/jni.cpp, line 611]
Event: 46.509 Thread 0x00000174b4e43800 Exception <a 'sun/nio/fs/WindowsException'{0x000000008c7682c8}> (0x000000008c7682c8) thrown at [./open/src/hotspot/share/prims/jni.cpp, line 611]
Event: 46.509 Thread 0x00000174b4e43800 Exception <a 'sun/nio/fs/WindowsException'{0x000000008c7693f0}> (0x000000008c7693f0) thrown at [./open/src/hotspot/share/prims/jni.cpp, line 611]
Event: 46.695 Thread 0x00000174b4e43800 Exception <a 'sun/nio/fs/WindowsException'{0x000000008c1dc628}> (0x000000008c1dc628) thrown at [./open/src/hotspot/share/prims/jni.cpp, line 611]
Event: 46.695 Thread 0x00000174b4e43800 Exception <a 'sun/nio/fs/WindowsException'{0x000000008c1dd758}> (0x000000008c1dd758) thrown at [./open/src/hotspot/share/prims/jni.cpp, line 611]

Events (10 events):
Event: 46.574 Executing VM operation: RevokeBias
Event: 46.605 Executing VM operation: RevokeBias done
Event: 46.609 Thread 0x00000174b4e4f000 DEOPT PACKING pc=0x000001749ed8be87 sp=0x0000002cea1fd660
Event: 46.609 Thread 0x00000174b4e4f000 DEOPT UNPACKING pc=0x000001749c776dde sp=0x0000002cea1fcbd8 mode 0
Event: 46.643 Thread 0x00000174b4e4b800 Uncommon trap: trap_request=0xffffff4d fr.pc=0x00000174a481a784 relative=0x0000000000000244
Event: 46.643 Thread 0x00000174b4e4b800 DEOPT PACKING pc=0x00000174a481a784 sp=0x0000002ce9efdf20
Event: 46.643 Thread 0x00000174b4e4b800 DEOPT UNPACKING pc=0x000001749c77662f sp=0x0000002ce9efde58 mode 2
Event: 46.643 Thread 0x00000174b4e4b800 Uncommon trap: trap_request=0xffffff4d fr.pc=0x00000174a451e374 relative=0x0000000000000234
Event: 46.643 Thread 0x00000174b4e4b800 DEOPT PACKING pc=0x00000174a451e374 sp=0x0000002ce9efded0
Event: 46.643 Thread 0x00000174b4e4b800 DEOPT UNPACKING pc=0x000001749c77662f sp=0x0000002ce9efde60 mode 2


Dynamic libraries:
0x00007ff703090000 - 0x00007ff70309f000 	C:\Program Files\Java\jdk-11.0.16\bin\java.exe
0x00007fff611b0000 - 0x00007fff613a8000 	C:\Windows\SYSTEM32\ntdll.dll
0x00007fff60ba0000 - 0x00007fff60c5d000 	C:\Windows\System32\KERNEL32.DLL
0x00007fff5ef40000 - 0x00007fff5f20e000 	C:\Windows\System32\KERNELBASE.dll
0x00007fff5ecc0000 - 0x00007fff5edc0000 	C:\Windows\System32\ucrtbase.dll
0x00007fff47c10000 - 0x00007fff47c28000 	C:\Program Files\Java\jdk-11.0.16\bin\jli.dll
0x00007fff47c80000 - 0x00007fff47c95000 	C:\Program Files\Java\jdk-11.0.16\bin\VCRUNTIME140.dll
0x00007fff609a0000 - 0x00007fff60a4e000 	C:\Windows\System32\ADVAPI32.dll
0x00007fff5f990000 - 0x00007fff5fa2e000 	C:\Windows\System32\msvcrt.dll
0x00007fff60270000 - 0x00007fff6030c000 	C:\Windows\System32\sechost.dll
0x00007fff5f360000 - 0x00007fff5f485000 	C:\Windows\System32\RPCRT4.dll
0x00007fff5f490000 - 0x00007fff5f630000 	C:\Windows\System32\USER32.dll
0x00007fff5ec10000 - 0x00007fff5ec32000 	C:\Windows\System32\win32u.dll
0x00007fff5f2d0000 - 0x00007fff5f2fa000 	C:\Windows\System32\GDI32.dll
0x00007fff5edc0000 - 0x00007fff5eecb000 	C:\Windows\System32\gdi32full.dll
0x00007fff401d0000 - 0x00007fff4046a000 	C:\Windows\WinSxS\amd64_microsoft.windows.common-controls_6595b64144ccf1df_6.0.19041.1110_none_60b5254171f9507e\COMCTL32.dll
0x00007fff5eac0000 - 0x00007fff5eb5d000 	C:\Windows\System32\msvcp_win.dll
0x00007fff55fc0000 - 0x00007fff55fca000 	C:\Windows\SYSTEM32\VERSION.dll
0x00007fff610d0000 - 0x00007fff61100000 	C:\Windows\System32\IMM32.DLL
0x00007fff37bb0000 - 0x00007fff37c4b000 	C:\Program Files\Java\jdk-11.0.16\bin\msvcp140.dll
0x00007fff24220000 - 0x00007fff24d38000 	C:\Program Files\Java\jdk-11.0.16\bin\server\jvm.dll
0x00007fff60a50000 - 0x00007fff60a58000 	C:\Windows\System32\PSAPI.DLL
0x00007fff45ee0000 - 0x00007fff45f07000 	C:\Windows\SYSTEM32\WINMM.dll
0x00007fff57b40000 - 0x00007fff57b49000 	C:\Windows\SYSTEM32\WSOCK32.dll
0x00007fff61100000 - 0x00007fff6116b000 	C:\Windows\System32\WS2_32.dll
0x00007fff5c7a0000 - 0x00007fff5c7b2000 	C:\Windows\SYSTEM32\kernel.appcore.dll
0x00007fff48360000 - 0x00007fff48370000 	C:\Program Files\Java\jdk-11.0.16\bin\verify.dll
0x00007fff56680000 - 0x00007fff56864000 	C:\Windows\SYSTEM32\DBGHELP.DLL
0x00007fff56650000 - 0x00007fff5667c000 	C:\Windows\SYSTEM32\dbgcore.DLL
0x00007fff5ea30000 - 0x00007fff5eab2000 	C:\Windows\System32\bcryptPrimitives.dll
0x00007fff47920000 - 0x00007fff47948000 	C:\Program Files\Java\jdk-11.0.16\bin\java.dll
0x00007fff47c00000 - 0x00007fff47c0a000 	C:\Program Files\Java\jdk-11.0.16\bin\jimage.dll
0x00007fff47ba0000 - 0x00007fff47bb6000 	C:\Program Files\Java\jdk-11.0.16\bin\zip.dll
0x00007fff5fb20000 - 0x00007fff60263000 	C:\Windows\System32\SHELL32.dll
0x00007fff5c9a0000 - 0x00007fff5d135000 	C:\Windows\SYSTEM32\windows.storage.dll
0x00007fff60520000 - 0x00007fff60874000 	C:\Windows\System32\combase.dll
0x00007fff5e180000 - 0x00007fff5e1b0000 	C:\Windows\SYSTEM32\Wldp.dll
0x00007fff60af0000 - 0x00007fff60b9d000 	C:\Windows\System32\SHCORE.dll
0x00007fff5f270000 - 0x00007fff5f2c5000 	C:\Windows\System32\shlwapi.dll
0x00007fff5e810000 - 0x00007fff5e82f000 	C:\Windows\SYSTEM32\profapi.dll
0x00007fff47830000 - 0x00007fff47849000 	C:\Program Files\Java\jdk-11.0.16\bin\net.dll
0x00007fff576b0000 - 0x00007fff577ba000 	C:\Windows\SYSTEM32\WINHTTP.dll
0x00007fff5df60000 - 0x00007fff5dfca000 	C:\Windows\system32\mswsock.dll
0x00007fff47810000 - 0x00007fff47822000 	C:\Program Files\Java\jdk-11.0.16\bin\nio.dll
0x00007fff47450000 - 0x00007fff47477000 	C:\Users\admin-1\.gradle\native\e1d6ef7f7dcc3fd88c89a11ec53ec762bb8ba0a96d01ffa2cd45eb1d1d8dd5c5\windows-amd64\native-platform.dll
0x00007fff371f0000 - 0x00007fff37334000 	C:\Users\admin-1\.gradle\native\0d407fdbe67a94daf76414ababcb853783967236a71b16ec16e742cd7a986fd3\windows-amd64\native-platform-file-events.dll
0x00007fff47a70000 - 0x00007fff47a79000 	C:\Program Files\Java\jdk-11.0.16\bin\management.dll
0x00007fff47910000 - 0x00007fff4791b000 	C:\Program Files\Java\jdk-11.0.16\bin\management_ext.dll
0x00007fff5e1c0000 - 0x00007fff5e1d8000 	C:\Windows\SYSTEM32\CRYPTSP.dll
0x00007fff5d900000 - 0x00007fff5d934000 	C:\Windows\system32\rsaenh.dll
0x00007fff5ec40000 - 0x00007fff5ec67000 	C:\Windows\System32\bcrypt.dll
0x00007fff5e790000 - 0x00007fff5e7be000 	C:\Windows\SYSTEM32\USERENV.dll
0x00007fff5e0f0000 - 0x00007fff5e0fc000 	C:\Windows\SYSTEM32\CRYPTBASE.dll
0x00007fff5dc70000 - 0x00007fff5dcab000 	C:\Windows\SYSTEM32\IPHLPAPI.DLL
0x00007fff5f630000 - 0x00007fff5f638000 	C:\Windows\System32\NSI.dll
0x00007fff57910000 - 0x00007fff57927000 	C:\Windows\SYSTEM32\dhcpcsvc6.DLL
0x00007fff57690000 - 0x00007fff576ad000 	C:\Windows\SYSTEM32\dhcpcsvc.DLL
0x00007fff5dcb0000 - 0x00007fff5dd7a000 	C:\Windows\SYSTEM32\DNSAPI.dll

dbghelp: loaded successfully - version: 4.0.5 - missing functions: none
symbol engine: initialized successfully - sym options: 0x614 - pdb path: .;C:\Program Files\Java\jdk-11.0.16\bin;C:\Windows\SYSTEM32;C:\Windows\WinSxS\amd64_microsoft.windows.common-controls_6595b64144ccf1df_6.0.19041.1110_none_60b5254171f9507e;C:\Program Files\Java\jdk-11.0.16\bin\server;C:\Users\admin-1\.gradle\native\e1d6ef7f7dcc3fd88c89a11ec53ec762bb8ba0a96d01ffa2cd45eb1d1d8dd5c5\windows-amd64;C:\Users\admin-1\.gradle\native\0d407fdbe67a94daf76414ababcb853783967236a71b16ec16e742cd7a986fd3\windows-amd64

VM Arguments:
jvm_args: -XX:MaxMetaspaceSize=512m --add-opens=java.base/java.util=ALL-UNNAMED --add-opens=java.base/java.lang=ALL-UNNAMED --add-opens=java.base/java.lang.invoke=ALL-UNNAMED --add-opens=java.base/java.util=ALL-UNNAMED --add-opens=java.prefs/java.util.prefs=ALL-UNNAMED --add-opens=java.prefs/java.util.prefs=ALL-UNNAMED --add-opens=java.base/java.nio.charset=ALL-UNNAMED --add-opens=java.base/java.net=ALL-UNNAMED --add-opens=java.base/java.util.concurrent.atomic=ALL-UNNAMED -Xmx2048m -Dfile.encoding=windows-1252 -Duser.country=US -Duser.language=en -Duser.variant 
java_command: org.gradle.launcher.daemon.bootstrap.GradleDaemon 7.5.1
java_class_path (initial): C:\Users\admin-1\.gradle\wrapper\dists\gradle-7.5.1-all\1ehga6e77gqps5uk2kc5kf1vc\gradle-7.5.1\lib\gradle-launcher-7.5.1.jar
Launcher Type: SUN_STANDARD

[Global flags]
     intx CICompilerCount                          = 3                                         {product} {ergonomic}
   size_t CompressedClassSpaceSize                 = 528482304                                 {product} {ergonomic}
     uint ConcGCThreads                            = 1                                         {product} {ergonomic}
     uint G1ConcRefinementThreads                  = 4                                         {product} {ergonomic}
   size_t G1HeapRegionSize                         = 1048576                                   {product} {ergonomic}
    uintx GCDrainStackTargetSize                   = 64                                        {product} {ergonomic}
   size_t InitialHeapSize                          = 134217728                                 {product} {ergonomic}
   size_t MarkStackSize                            = 4194304                                   {product} {ergonomic}
   size_t MaxHeapSize                              = 2147483648                                {product} {command line}
   size_t MaxMetaspaceSize                         = 536870912                                 {product} {command line}
   size_t MaxNewSize                               = 1287651328                                {product} {ergonomic}
   size_t MinHeapDeltaBytes                        = 1048576                                   {product} {ergonomic}
    uintx NonNMethodCodeHeapSize                   = 5830732                                {pd product} {ergonomic}
    uintx NonProfiledCodeHeapSize                  = 122913754                              {pd product} {ergonomic}
    uintx ProfiledCodeHeapSize                     = 122913754                              {pd product} {ergonomic}
    uintx ReservedCodeCacheSize                    = 251658240                              {pd product} {ergonomic}
     bool SegmentedCodeCache                       = true                                      {product} {ergonomic}
     bool UseCompressedClassPointers               = true                                 {lp64_product} {ergonomic}
     bool UseCompressedOops                        = true                                 {lp64_product} {ergonomic}
     bool UseG1GC                                  = true                                      {product} {ergonomic}
     bool UseLargePagesIndividualAllocation        = false                                  {pd product} {ergonomic}

Logging:
Log output configuration:
 #0: stdout all=warning uptime,level,tags
 #1: stderr all=off uptime,level,tags

Environment Variables:
CLASSPATH=C:\Users\admin-1\Documents\Awesome\android\\gradle\wrapper\gradle-wrapper.jar
PATH=C:\Program Files\Common Files\Oracle\Java\javapath;C:\Windows\system32;C:\Windows;C:\Windows\System32\Wbem;C:\Windows\System32\WindowsPowerShell\v1.0\;C:\Windows\System32\OpenSSH\;C:\Program Files\nodejs\;C:\Users\admin-1\AppData\Local\Android\Sdk\platform-tools;C:\Users\admin-1\AppData\Local\Microsoft\WindowsApps;C:\Users\admin-1\AppData\Roaming\npm;C:\Users\admin-1\AppData\Local\Programs\Microsoft VS Code\bin
USERNAME=admin-1
OS=Windows_NT
PROCESSOR_IDENTIFIER=Intel64 Family 6 Model 85 Stepping 4, GenuineIntel



---------------  S Y S T E M  ---------------

OS: Windows 10 , 64 bit Build 19041 (10.0.19041.1889)
Hyper-V role detected

CPU:total 4 (initial active 4) (2 cores per cpu, 2 threads per core) family 6 model 85 stepping 4 microcode 0xffffffff, cmov, cx8, fxsr, mmx, sse, sse2, sse3, ssse3, sse4.1, sse4.2, popcnt, avx, avx2, aes, clmul, erms, rtm, 3dnowpref, lzcnt, ht, tsc, bmi1, bmi2, adx, fma

Memory: 4k page, system-wide physical 8190M (789M free)
TotalPageFile size 12286M (AvailPageFile size 4M)
current process WorkingSet (physical memory assigned to process): 542M, peak: 545M
current process commit charge ("private bytes"): 582M, peak: 584M

vm_info: Java HotSpot(TM) 64-Bit Server VM (11.0.16+11-LTS-199) for windows-amd64 JRE (11.0.16+11-LTS-199), built on Jun 28 2022 08:23:17 by "mach5one" with MS VC++ 15.9 (VS2017)

END.
