#
# There is insufficient memory for the Java Runtime Environment to continue.
# Native memory allocation (malloc) failed to allocate 1241936 bytes for Chunk::new
# Possible reasons:
#   The system is out of physical RAM or swap space
#   The process is running with CompressedOops enabled, and the Java Heap may be blocking the growth of the native heap
# Possible solutions:
#   Reduce memory load on the system
#   Increase physical memory or swap space
#   Check if swap backing store is full
#   Decrease Java heap size (-Xmx/-Xms)
#   Decrease number of Java threads
#   Decrease Java thread stack sizes (-Xss)
#   Set larger code cache with -XX:ReservedCodeCacheSize=
#   JVM is running with Unscaled Compressed Oops mode in which the Java heap is
#     placed in the first 4GB address space. The Java Heap base address is the
#     maximum limit for the native heap growth. Please use -XX:HeapBaseMinAddress
#     to set the Java Heap base and to place the Java Heap above 4GB virtual address.
# This output file may be truncated or incomplete.
#
#  Out of Memory Error (./open/src/hotspot/share/memory/arena.cpp:197), pid=5540, tid=5148
#
# JRE version: Java(TM) SE Runtime Environment 18.9 (11.0.16+11) (build 11.0.16+11-LTS-199)
# Java VM: Java HotSpot(TM) 64-Bit Server VM 18.9 (11.0.16+11-LTS-199, mixed mode, tiered, compressed oops, g1 gc, windows-amd64)
# No core dump will be written. Minidumps are not enabled by default on client versions of Windows
#

---------------  S U M M A R Y ------------

Command Line: --add-opens=java.base/java.util=ALL-UNNAMED --add-opens=java.base/java.lang=ALL-UNNAMED --add-opens=java.base/java.lang.invoke=ALL-UNNAMED --add-opens=java.base/java.util=ALL-UNNAMED --add-opens=java.prefs/java.util.prefs=ALL-UNNAMED --add-opens=java.prefs/java.util.prefs=ALL-UNNAMED --add-opens=java.base/java.nio.charset=ALL-UNNAMED --add-opens=java.base/java.net=ALL-UNNAMED --add-opens=java.base/java.util.concurrent.atomic=ALL-UNNAMED -Xmx2048m -Dfile.encoding=windows-1252 -Duser.country=US -Duser.language=en -Duser.variant org.gradle.launcher.daemon.bootstrap.GradleDaemon 7.5.1

Host: Intel(R) Xeon(R) Platinum 8168 CPU @ 2.70GHz, 4 cores, 7G,  Windows 10 , 64 bit Build 19041 (10.0.19041.1889)
Time: Thu Oct  6 01:43:45 2022 Coordinated Universal Time elapsed time: 16.288617 seconds (0d 0h 0m 16s)

---------------  T H R E A D  ---------------

Current thread (0x000001953fead800):  JavaThread "C2 CompilerThread0" daemon [_thread_in_native, id=5148, stack(0x00000087b8400000,0x00000087b8500000)]


Current CompileTask:
C2:  16288 7900       4       sun.reflect.generics.parser.SignatureParser::parsePackageNameAndSimpleClassTypeSignature (119 bytes)

Stack: [0x00000087b8400000,0x00000087b8500000]
Native frames: (J=compiled Java code, j=interpreted, Vv=VM code, C=native code)
V  [jvm.dll+0x62a3ea]
V  [jvm.dll+0x76418f]
V  [jvm.dll+0x765839]
V  [jvm.dll+0x765ec3]
V  [jvm.dll+0x23da98]
V  [jvm.dll+0xb2a1c]
V  [jvm.dll+0xb2fdc]
V  [jvm.dll+0x341487]
V  [jvm.dll+0x18ca39]
V  [jvm.dll+0x1f85b2]
V  [jvm.dll+0x1f768d]
V  [jvm.dll+0x177c81]
V  [jvm.dll+0x207006]
V  [jvm.dll+0x20519b]
V  [jvm.dll+0x729fa0]
V  [jvm.dll+0x722b74]
V  [jvm.dll+0x629286]
C  [ucrtbase.dll+0x21bb2]
C  [KERNEL32.DLL+0x17034]
C  [ntdll.dll+0x526a1]


---------------  P R O C E S S  ---------------

Threads class SMR info:
_java_thread_list=0x000001954784bc40, length=87, elements={
0x00000195226fb800, 0x000001953fe86000, 0x000001953fe91800, 0x000001953fea6000,
0x000001953fea7000, 0x000001953feac000, 0x000001953fead800, 0x000001953feb2800,
0x000001953feba000, 0x0000019540960000, 0x0000019541500000, 0x0000019541eea800,
0x00000195417e7000, 0x00000195419b9800, 0x000001954169b800, 0x0000019542d37000,
0x0000019543575000, 0x000001954195e000, 0x0000019542e10000, 0x0000019542c26800,
0x0000019542c25000, 0x0000019542c27800, 0x0000019542c22800, 0x0000019542c29000,
0x0000019542c23800, 0x0000019542c24000, 0x0000019542c26000, 0x0000019542c28000,
0x00000195443c2000, 0x00000195443bf800, 0x00000195443c0800, 0x00000195443c7000,
0x00000195443c3800, 0x00000195443cb000, 0x00000195443c6000, 0x0000019540a92800,
0x00000195443cc000, 0x00000195443ca800, 0x00000195443cc800, 0x00000195443c8000,
0x00000195443c8800, 0x00000195443c9800, 0x0000019541412000, 0x0000019541414800,
0x0000019541416000, 0x0000019541413000, 0x0000019541415000, 0x0000019541410800,
0x0000019541413800, 0x0000019541411000, 0x000001954141a000, 0x0000019541418800,
0x0000019541417000, 0x0000019541417800, 0x000001954141b800, 0x0000019541419800,
0x000001954141f000, 0x000001954141d800, 0x000001954141b000, 0x000001954141e000,
0x000001954141c800, 0x00000195415e9000, 0x00000195415e8800, 0x00000195415e7800,
0x00000195415ea000, 0x00000195415eb000, 0x00000195415eb800, 0x00000195415e6000,
0x00000195415ec800, 0x00000195415e7000, 0x00000195415f0000, 0x00000195415ee000,
0x00000195415ef000, 0x00000195415f2000, 0x00000195415f1800, 0x00000195415f3000,
0x00000195415ed800, 0x00000195415f4000, 0x00000195415f4800, 0x000001954750b800,
0x0000019547506800, 0x0000019547507800, 0x0000019547508800, 0x0000019547509000,
0x0000019547506000, 0x000001954750f000, 0x000001954750d000
}

Java Threads: ( => current thread )
  0x00000195226fb800 JavaThread "main" [_thread_blocked, id=5664, stack(0x00000087b7800000,0x00000087b7900000)]
  0x000001953fe86000 JavaThread "Reference Handler" daemon [_thread_blocked, id=13872, stack(0x00000087b7f00000,0x00000087b8000000)]
  0x000001953fe91800 JavaThread "Finalizer" daemon [_thread_blocked, id=6244, stack(0x00000087b8000000,0x00000087b8100000)]
  0x000001953fea6000 JavaThread "Signal Dispatcher" daemon [_thread_blocked, id=2556, stack(0x00000087b8100000,0x00000087b8200000)]
  0x000001953fea7000 JavaThread "Attach Listener" daemon [_thread_blocked, id=13652, stack(0x00000087b8200000,0x00000087b8300000)]
  0x000001953feac000 JavaThread "Service Thread" daemon [_thread_blocked, id=2980, stack(0x00000087b8300000,0x00000087b8400000)]
=>0x000001953fead800 JavaThread "C2 CompilerThread0" daemon [_thread_in_native, id=5148, stack(0x00000087b8400000,0x00000087b8500000)]
  0x000001953feb2800 JavaThread "C1 CompilerThread0" daemon [_thread_blocked, id=5000, stack(0x00000087b8500000,0x00000087b8600000)]
  0x000001953feba000 JavaThread "Sweeper thread" daemon [_thread_blocked, id=3944, stack(0x00000087b8600000,0x00000087b8700000)]
  0x0000019540960000 JavaThread "Common-Cleaner" daemon [_thread_blocked, id=12760, stack(0x00000087b8700000,0x00000087b8800000)]
  0x0000019541500000 JavaThread "Daemon health stats" [_thread_blocked, id=5488, stack(0x00000087b8c00000,0x00000087b8d00000)]
  0x0000019541eea800 JavaThread "Incoming local TCP Connector on port 51815" [_thread_in_native, id=11012, stack(0x00000087b8d00000,0x00000087b8e00000)]
  0x00000195417e7000 JavaThread "Daemon periodic checks" [_thread_blocked, id=11948, stack(0x00000087b8e00000,0x00000087b8f00000)]
  0x00000195419b9800 JavaThread "Daemon" [_thread_blocked, id=12056, stack(0x00000087b8f00000,0x00000087b9000000)]
  0x000001954169b800 JavaThread "Handler for socket connection from /127.0.0.1:51815 to /127.0.0.1:51816" [_thread_in_native, id=6076, stack(0x00000087b9000000,0x00000087b9100000)]
  0x0000019542d37000 JavaThread "Cancel handler" [_thread_blocked, id=13368, stack(0x00000087b9100000,0x00000087b9200000)]
  0x0000019543575000 JavaThread "Daemon worker" [_thread_in_vm, id=6176, stack(0x00000087b9200000,0x00000087b9300000)]
  0x000001954195e000 JavaThread "Asynchronous log dispatcher for DefaultDaemonConnection: socket connection from /127.0.0.1:51815 to /127.0.0.1:51816" [_thread_blocked, id=8352, stack(0x00000087b9300000,0x00000087b9400000)]
  0x0000019542e10000 JavaThread "Stdin handler" [_thread_blocked, id=6296, stack(0x00000087b9400000,0x00000087b9500000)]
  0x0000019542c26800 JavaThread "Daemon client event forwarder" [_thread_blocked, id=11048, stack(0x00000087b9500000,0x00000087b9600000)]
  0x0000019542c25000 JavaThread "Cache worker for journal cache (C:\Users\admin-1\.gradle\caches\journal-1)" [_thread_blocked, id=9612, stack(0x00000087b9700000,0x00000087b9800000)]
  0x0000019542c27800 JavaThread "File lock request listener" [_thread_in_native, id=5748, stack(0x00000087b9800000,0x00000087b9900000)]
  0x0000019542c22800 JavaThread "Cache worker for file hash cache (C:\Users\admin-1\.gradle\caches\7.5.1\fileHashes)" [_thread_blocked, id=7284, stack(0x00000087b9900000,0x00000087b9a00000)]
  0x0000019542c29000 JavaThread "File watcher server" daemon [_thread_in_native, id=8760, stack(0x00000087b9a00000,0x00000087b9b00000)]
  0x0000019542c23800 JavaThread "File watcher consumer" daemon [_thread_blocked, id=980, stack(0x00000087b9b00000,0x00000087b9c00000)]
  0x0000019542c24000 JavaThread "Cache worker for checksums cache (C:\Users\admin-1\Documents\Awesome\android\.gradle\7.5.1\checksums)" [_thread_blocked, id=12396, stack(0x00000087b9c00000,0x00000087b9d00000)]
  0x0000019542c26000 JavaThread "Cache worker for cache directory md-rule (C:\Users\admin-1\.gradle\caches\7.5.1\md-rule)" [_thread_blocked, id=11512, stack(0x00000087b9d00000,0x00000087b9e00000)]
  0x0000019542c28000 JavaThread "Cache worker for file content cache (C:\Users\admin-1\.gradle\caches\7.5.1\fileContent)" [_thread_blocked, id=11924, stack(0x00000087b9e00000,0x00000087b9f00000)]
  0x00000195443c2000 JavaThread "Cache worker for file hash cache (C:\Users\admin-1\Documents\Awesome\android\.gradle\7.5.1\fileHashes)" [_thread_blocked, id=12120, stack(0x00000087b9f00000,0x00000087ba000000)]
  0x00000195443bf800 JavaThread "Cache worker for cache directory md-supplier (C:\Users\admin-1\.gradle\caches\7.5.1\md-supplier)" [_thread_blocked, id=12132, stack(0x00000087ba000000,0x00000087ba100000)]
  0x00000195443c0800 JavaThread "Cache worker for execution history cache (C:\Users\admin-1\.gradle\caches\7.5.1\executionHistory)" [_thread_blocked, id=8864, stack(0x00000087ba100000,0x00000087ba200000)]
  0x00000195443c7000 JavaThread "jar transforms" [_thread_blocked, id=12684, stack(0x00000087ba200000,0x00000087ba300000)]
  0x00000195443c3800 JavaThread "jar transforms Thread 2" [_thread_blocked, id=6920, stack(0x00000087ba300000,0x00000087ba400000)]
  0x00000195443cb000 JavaThread "jar transforms Thread 3" [_thread_blocked, id=13288, stack(0x00000087ba400000,0x00000087ba500000)]
  0x00000195443c6000 JavaThread "jar transforms Thread 4" [_thread_blocked, id=2948, stack(0x00000087ba500000,0x00000087ba600000)]
  0x0000019540a92800 JavaThread "C2 CompilerThread1" daemon [_thread_in_native, id=11904, stack(0x00000087b8900000,0x00000087b8a00000)]
  0x00000195443cc000 JavaThread "Cache worker for kotlin-dsl (C:\Users\admin-1\.gradle\caches\7.5.1\kotlin-dsl)" [_thread_blocked, id=8892, stack(0x00000087ba600000,0x00000087ba700000)]
  0x00000195443ca800 JavaThread "Cache worker for dependencies-accessors (C:\Users\admin-1\Documents\Awesome\android\.gradle\7.5.1\dependencies-accessors)" [_thread_blocked, id=13904, stack(0x00000087ba700000,0x00000087ba800000)]
  0x00000195443cc800 JavaThread "Cache worker for Build Output Cleanup Cache (C:\Users\admin-1\Documents\Awesome\node_modules\react-native-gradle-plugin\.gradle\buildOutputCleanup)" [_thread_blocked, id=9320, stack(0x00000087ba800000,0x00000087ba900000)]
  0x00000195443c8000 JavaThread "Unconstrained build operations" [_thread_blocked, id=13408, stack(0x00000087ba900000,0x00000087baa00000)]
  0x00000195443c8800 JavaThread "Unconstrained build operations Thread 2" [_thread_blocked, id=1708, stack(0x00000087baa00000,0x00000087bab00000)]
  0x00000195443c9800 JavaThread "Unconstrained build operations Thread 3" [_thread_blocked, id=8492, stack(0x00000087bab00000,0x00000087bac00000)]
  0x0000019541412000 JavaThread "Unconstrained build operations Thread 4" [_thread_blocked, id=7164, stack(0x00000087bac00000,0x00000087bad00000)]
  0x0000019541414800 JavaThread "Unconstrained build operations Thread 5" [_thread_blocked, id=2592, stack(0x00000087bad00000,0x00000087bae00000)]
  0x0000019541416000 JavaThread "Unconstrained build operations Thread 6" [_thread_blocked, id=5024, stack(0x00000087bae00000,0x00000087baf00000)]
  0x0000019541413000 JavaThread "Unconstrained build operations Thread 7" [_thread_blocked, id=14048, stack(0x00000087baf00000,0x00000087bb000000)]
  0x0000019541415000 JavaThread "Unconstrained build operations Thread 8" [_thread_blocked, id=13972, stack(0x00000087bb000000,0x00000087bb100000)]
  0x0000019541410800 JavaThread "Unconstrained build operations Thread 9" [_thread_blocked, id=10112, stack(0x00000087bb100000,0x00000087bb200000)]
  0x0000019541413800 JavaThread "Unconstrained build operations Thread 10" [_thread_blocked, id=13952, stack(0x00000087bb200000,0x00000087bb300000)]
  0x0000019541411000 JavaThread "Unconstrained build operations Thread 11" [_thread_blocked, id=12764, stack(0x00000087bb300000,0x00000087bb400000)]
  0x000001954141a000 JavaThread "Unconstrained build operations Thread 12" [_thread_blocked, id=10556, stack(0x00000087bb400000,0x00000087bb500000)]
  0x0000019541418800 JavaThread "Unconstrained build operations Thread 13" [_thread_blocked, id=392, stack(0x00000087bb500000,0x00000087bb600000)]
  0x0000019541417000 JavaThread "Unconstrained build operations Thread 14" [_thread_blocked, id=7940, stack(0x00000087bb600000,0x00000087bb700000)]
  0x0000019541417800 JavaThread "Unconstrained build operations Thread 15" [_thread_blocked, id=12772, stack(0x00000087bb700000,0x00000087bb800000)]
  0x000001954141b800 JavaThread "Unconstrained build operations Thread 16" [_thread_blocked, id=4956, stack(0x00000087bb800000,0x00000087bb900000)]
  0x0000019541419800 JavaThread "Unconstrained build operations Thread 17" [_thread_blocked, id=6836, stack(0x00000087bb900000,0x00000087bba00000)]
  0x000001954141f000 JavaThread "Unconstrained build operations Thread 18" [_thread_blocked, id=12952, stack(0x00000087bba00000,0x00000087bbb00000)]
  0x000001954141d800 JavaThread "Unconstrained build operations Thread 19" [_thread_blocked, id=2300, stack(0x00000087bbb00000,0x00000087bbc00000)]
  0x000001954141b000 JavaThread "Unconstrained build operations Thread 20" [_thread_blocked, id=7028, stack(0x00000087bbc00000,0x00000087bbd00000)]
  0x000001954141e000 JavaThread "Unconstrained build operations Thread 21" [_thread_blocked, id=6916, stack(0x00000087bbd00000,0x00000087bbe00000)]
  0x000001954141c800 JavaThread "Unconstrained build operations Thread 22" [_thread_blocked, id=7188, stack(0x00000087bbe00000,0x00000087bbf00000)]
  0x00000195415e9000 JavaThread "Unconstrained build operations Thread 23" [_thread_blocked, id=12220, stack(0x00000087bbf00000,0x00000087bc000000)]
  0x00000195415e8800 JavaThread "Unconstrained build operations Thread 24" [_thread_blocked, id=6404, stack(0x00000087bc000000,0x00000087bc100000)]
  0x00000195415e7800 JavaThread "Unconstrained build operations Thread 25" [_thread_blocked, id=8276, stack(0x00000087bc100000,0x00000087bc200000)]
  0x00000195415ea000 JavaThread "Unconstrained build operations Thread 26" [_thread_blocked, id=8640, stack(0x00000087bc200000,0x00000087bc300000)]
  0x00000195415eb000 JavaThread "Unconstrained build operations Thread 27" [_thread_blocked, id=7012, stack(0x00000087bc300000,0x00000087bc400000)]
  0x00000195415eb800 JavaThread "Unconstrained build operations Thread 28" [_thread_blocked, id=6360, stack(0x00000087bc400000,0x00000087bc500000)]
  0x00000195415e6000 JavaThread "Unconstrained build operations Thread 29" [_thread_blocked, id=12340, stack(0x00000087bc500000,0x00000087bc600000)]
  0x00000195415ec800 JavaThread "Unconstrained build operations Thread 30" [_thread_blocked, id=12312, stack(0x00000087bc600000,0x00000087bc700000)]
  0x00000195415e7000 JavaThread "Unconstrained build operations Thread 31" [_thread_blocked, id=8204, stack(0x00000087bc700000,0x00000087bc800000)]
  0x00000195415f0000 JavaThread "Unconstrained build operations Thread 32" [_thread_blocked, id=7564, stack(0x00000087bc800000,0x00000087bc900000)]
  0x00000195415ee000 JavaThread "Unconstrained build operations Thread 33" [_thread_blocked, id=13432, stack(0x00000087bc900000,0x00000087bca00000)]
  0x00000195415ef000 JavaThread "build event listener" [_thread_blocked, id=7780, stack(0x00000087bca00000,0x00000087bcb00000)]
  0x00000195415f2000 JavaThread "Memory manager" [_thread_blocked, id=3112, stack(0x00000087bcb00000,0x00000087bcc00000)]
  0x00000195415f1800 JavaThread "Cache worker for Build Output Cleanup Cache (C:\Users\admin-1\Documents\Awesome\android\.gradle\buildOutputCleanup)" [_thread_blocked, id=11300, stack(0x00000087bcc00000,0x00000087bcd00000)]
  0x00000195415f3000 JavaThread "included builds" [_thread_blocked, id=6336, stack(0x00000087bcd00000,0x00000087bce00000)]
  0x00000195415ed800 JavaThread "Execution worker" [_thread_blocked, id=5796, stack(0x00000087bce00000,0x00000087bcf00000)]
  0x00000195415f4000 JavaThread "Execution worker Thread 2" [_thread_blocked, id=12124, stack(0x00000087bcf00000,0x00000087bd000000)]
  0x00000195415f4800 JavaThread "Execution worker Thread 3" [_thread_blocked, id=14308, stack(0x00000087bd000000,0x00000087bd100000)]
  0x000001954750b800 JavaThread "Cache worker for execution history cache (C:\Users\admin-1\Documents\Awesome\node_modules\react-native-gradle-plugin\.gradle\7.5.1\executionHistory)" [_thread_blocked, id=2208, stack(0x00000087bd100000,0x00000087bd200000)]
  0x0000019547506800 JavaThread "Unconstrained build operations Thread 34" [_thread_blocked, id=10628, stack(0x00000087bd200000,0x00000087bd300000)]
  0x0000019547507800 JavaThread "Unconstrained build operations Thread 35" [_thread_blocked, id=13860, stack(0x00000087bd300000,0x00000087bd400000)]
  0x0000019547508800 JavaThread "Unconstrained build operations Thread 36" [_thread_blocked, id=9104, stack(0x00000087bd400000,0x00000087bd500000)]
  0x0000019547509000 JavaThread "Unconstrained build operations Thread 37" [_thread_blocked, id=2668, stack(0x00000087bd500000,0x00000087bd600000)]
  0x0000019547506000 JavaThread "Unconstrained build operations Thread 38" [_thread_blocked, id=13764, stack(0x00000087bd600000,0x00000087bd700000)]
  0x000001954750f000 JavaThread "Unconstrained build operations Thread 39" [_thread_blocked, id=12300, stack(0x00000087bd700000,0x00000087bd800000)]
  0x000001954750d000 JavaThread "Unconstrained build operations Thread 40" [_thread_blocked, id=12476, stack(0x00000087bd800000,0x00000087bd900000)]

Other Threads:
  0x000001953fe83000 VMThread "VM Thread" [stack: 0x00000087b7e00000,0x00000087b7f00000] [id=12152]
  0x000001954098e000 WatcherThread [stack: 0x00000087b8800000,0x00000087b8900000] [id=12244]
  0x0000019522712000 GCTaskThread "GC Thread#0" [stack: 0x00000087b7900000,0x00000087b7a00000] [id=13880]
  0x0000019540e40000 GCTaskThread "GC Thread#1" [stack: 0x00000087b8a00000,0x00000087b8b00000] [id=10484]
  0x0000019540d6d800 GCTaskThread "GC Thread#2" [stack: 0x00000087b8b00000,0x00000087b8c00000] [id=13180]
  0x000001954153f000 GCTaskThread "GC Thread#3" [stack: 0x00000087b9600000,0x00000087b9700000] [id=12632]
  0x0000019522743800 ConcurrentGCThread "G1 Main Marker" [stack: 0x00000087b7a00000,0x00000087b7b00000] [id=7340]
  0x0000019522745800 ConcurrentGCThread "G1 Conc#0" [stack: 0x00000087b7b00000,0x00000087b7c00000] [id=3868]
  0x00000195227d2800 ConcurrentGCThread "G1 Refine#0" [stack: 0x00000087b7c00000,0x00000087b7d00000] [id=3108]
  0x00000195227d3800 ConcurrentGCThread "G1 Young RemSet Sampling" [stack: 0x00000087b7d00000,0x00000087b7e00000] [id=10804]

Threads with active compile tasks:
C2 CompilerThread0    16315 7900       4       sun.reflect.generics.parser.SignatureParser::parsePackageNameAndSimpleClassTypeSignature (119 bytes)
C2 CompilerThread1    16315 7881       4       sun.reflect.generics.parser.SignatureParser::parseFieldTypeSignature (73 bytes)

VM state:not at safepoint (normal execution)

VM Mutex/Monitor currently owned by a thread: None

Heap address: 0x0000000080000000, size: 2048 MB, Compressed Oops mode: 32-bit
Narrow klass base: 0x0000000000000000, Narrow klass shift: 3
Compressed class space size: 1073741824 Address: 0x0000000100000000

Heap:
 garbage-first heap   total 189440K, used 82972K [0x0000000080000000, 0x0000000100000000)
  region size 1024K, 35 young (35840K), 13 survivors (13312K)
 Metaspace       used 71268K, capacity 73584K, committed 73676K, reserved 1112064K
  class space    used 9496K, capacity 10478K, committed 10496K, reserved 1048576K
Heap Regions: E=young(eden), S=young(survivor), O=old, HS=humongous(starts), HC=humongous(continues), CS=collection set, F=free, A=archive, TAMS=top-at-mark-start (previous, next)
|   0|0x0000000080000000, 0x0000000080100000, 0x0000000080100000|100%|HS|  |TAMS 0x0000000080100000, 0x0000000080000000| Complete 
|   1|0x0000000080100000, 0x0000000080200000, 0x0000000080200000|100%|HC|  |TAMS 0x0000000080200000, 0x0000000080100000| Complete 
|   2|0x0000000080200000, 0x0000000080300000, 0x0000000080300000|100%|HC|  |TAMS 0x0000000080300000, 0x0000000080200000| Complete 
|   3|0x0000000080300000, 0x0000000080400000, 0x0000000080400000|100%| O|  |TAMS 0x0000000080400000, 0x0000000080300000| Untracked 
|   4|0x0000000080400000, 0x0000000080500000, 0x0000000080500000|100%| O|  |TAMS 0x0000000080500000, 0x0000000080400000| Untracked 
|   5|0x0000000080500000, 0x0000000080600000, 0x0000000080600000|100%| O|  |TAMS 0x0000000080600000, 0x0000000080500000| Untracked 
|   6|0x0000000080600000, 0x0000000080700000, 0x0000000080700000|100%| O|  |TAMS 0x0000000080700000, 0x0000000080600000| Untracked 
|   7|0x0000000080700000, 0x0000000080800000, 0x0000000080800000|100%| O|  |TAMS 0x0000000080800000, 0x0000000080700000| Untracked 
|   8|0x0000000080800000, 0x0000000080900000, 0x0000000080900000|100%| O|  |TAMS 0x0000000080900000, 0x0000000080800000| Untracked 
|   9|0x0000000080900000, 0x0000000080a00000, 0x0000000080a00000|100%| O|  |TAMS 0x0000000080a00000, 0x0000000080900000| Untracked 
|  10|0x0000000080a00000, 0x0000000080b00000, 0x0000000080b00000|100%| O|  |TAMS 0x0000000080b00000, 0x0000000080a00000| Untracked 
|  11|0x0000000080b00000, 0x0000000080c00000, 0x0000000080c00000|100%| O|  |TAMS 0x0000000080c00000, 0x0000000080b00000| Untracked 
|  12|0x0000000080c00000, 0x0000000080d00000, 0x0000000080d00000|100%| O|  |TAMS 0x0000000080d00000, 0x0000000080c00000| Untracked 
|  13|0x0000000080d00000, 0x0000000080e00000, 0x0000000080e00000|100%| O|  |TAMS 0x0000000080e00000, 0x0000000080d00000| Untracked 
|  14|0x0000000080e00000, 0x0000000080f00000, 0x0000000080f00000|100%| O|  |TAMS 0x0000000080f00000, 0x0000000080e00000| Untracked 
|  15|0x0000000080f00000, 0x0000000081000000, 0x0000000081000000|100%| O|  |TAMS 0x0000000081000000, 0x0000000080f00000| Untracked 
|  16|0x0000000081000000, 0x0000000081100000, 0x0000000081100000|100%|HS|  |TAMS 0x0000000081100000, 0x0000000081000000| Complete 
|  17|0x0000000081100000, 0x0000000081200000, 0x0000000081200000|100%| O|  |TAMS 0x0000000081200000, 0x0000000081100000| Untracked 
|  18|0x0000000081200000, 0x0000000081300000, 0x0000000081300000|100%| O|  |TAMS 0x0000000081300000, 0x0000000081200000| Untracked 
|  19|0x0000000081300000, 0x0000000081400000, 0x0000000081400000|100%| O|  |TAMS 0x0000000081400000, 0x0000000081300000| Untracked 
|  20|0x0000000081400000, 0x0000000081500000, 0x0000000081500000|100%| O|  |TAMS 0x0000000081500000, 0x0000000081400000| Untracked 
|  21|0x0000000081500000, 0x0000000081600000, 0x0000000081600000|100%| O|  |TAMS 0x0000000081600000, 0x0000000081500000| Untracked 
|  22|0x0000000081600000, 0x0000000081700000, 0x0000000081700000|100%| O|  |TAMS 0x0000000081700000, 0x0000000081600000| Untracked 
|  23|0x0000000081700000, 0x0000000081800000, 0x0000000081800000|100%| O|  |TAMS 0x0000000081800000, 0x0000000081700000| Untracked 
|  24|0x0000000081800000, 0x0000000081900000, 0x0000000081900000|100%| O|  |TAMS 0x0000000081900000, 0x0000000081800000| Untracked 
|  25|0x0000000081900000, 0x0000000081a00000, 0x0000000081a00000|100%| O|  |TAMS 0x0000000081a00000, 0x0000000081900000| Untracked 
|  26|0x0000000081a00000, 0x0000000081b00000, 0x0000000081b00000|100%| O|  |TAMS 0x0000000081b00000, 0x0000000081a00000| Untracked 
|  27|0x0000000081b00000, 0x0000000081c00000, 0x0000000081c00000|100%| O|  |TAMS 0x0000000081c00000, 0x0000000081b00000| Untracked 
|  28|0x0000000081c00000, 0x0000000081d00000, 0x0000000081d00000|100%|HS|  |TAMS 0x0000000081d00000, 0x0000000081c00000| Complete 
|  29|0x0000000081d00000, 0x0000000081e00000, 0x0000000081e00000|100%|HC|  |TAMS 0x0000000081e00000, 0x0000000081d00000| Complete 
|  30|0x0000000081e00000, 0x0000000081f00000, 0x0000000081f00000|100%|HC|  |TAMS 0x0000000081f00000, 0x0000000081e00000| Complete 
|  31|0x0000000081f00000, 0x0000000082000000, 0x0000000082000000|100%| O|  |TAMS 0x0000000082000000, 0x0000000081f00000| Untracked 
|  32|0x0000000082000000, 0x0000000082100000, 0x0000000082100000|100%| O|  |TAMS 0x0000000082100000, 0x0000000082000000| Untracked 
|  33|0x0000000082100000, 0x0000000082200000, 0x0000000082200000|100%| O|  |TAMS 0x0000000082200000, 0x0000000082100000| Untracked 
|  34|0x0000000082200000, 0x0000000082300000, 0x0000000082300000|100%| O|  |TAMS 0x0000000082300000, 0x0000000082200000| Untracked 
|  35|0x0000000082300000, 0x0000000082400000, 0x0000000082400000|100%| O|  |TAMS 0x0000000082400000, 0x0000000082300000| Untracked 
|  36|0x0000000082400000, 0x0000000082500000, 0x0000000082500000|100%| O|  |TAMS 0x00000000824f3000, 0x0000000082400000| Untracked 
|  37|0x0000000082500000, 0x0000000082600000, 0x0000000082600000|100%|HS|  |TAMS 0x0000000082500000, 0x0000000082500000| Complete 
|  38|0x0000000082600000, 0x0000000082700000, 0x0000000082700000|100%|HS|  |TAMS 0x0000000082600000, 0x0000000082600000| Complete 
|  39|0x0000000082700000, 0x0000000082800000, 0x0000000082800000|100%|HS|  |TAMS 0x0000000082700000, 0x0000000082700000| Complete 
|  40|0x0000000082800000, 0x0000000082900000, 0x0000000082900000|100%|HC|  |TAMS 0x0000000082800000, 0x0000000082800000| Complete 
|  41|0x0000000082900000, 0x0000000082a00000, 0x0000000082a00000|100%| O|  |TAMS 0x0000000082900000, 0x0000000082900000| Untracked 
|  42|0x0000000082a00000, 0x0000000082b00000, 0x0000000082b00000|100%| O|  |TAMS 0x0000000082a00000, 0x0000000082a00000| Untracked 
|  43|0x0000000082b00000, 0x0000000082c00000, 0x0000000082c00000|100%| O|  |TAMS 0x0000000082b00000, 0x0000000082b00000| Untracked 
|  44|0x0000000082c00000, 0x0000000082d00000, 0x0000000082d00000|100%| O|  |TAMS 0x0000000082c00000, 0x0000000082c00000| Untracked 
|  45|0x0000000082d00000, 0x0000000082e00000, 0x0000000082e00000|100%| O|  |TAMS 0x0000000082d00000, 0x0000000082d00000| Untracked 
|  46|0x0000000082e00000, 0x0000000082f00000, 0x0000000082f00000|100%| O|  |TAMS 0x0000000082e00000, 0x0000000082e00000| Untracked 
|  47|0x0000000082f00000, 0x0000000082f07200, 0x0000000083000000|  2%| O|  |TAMS 0x0000000082f00000, 0x0000000082f00000| Untracked 
|  48|0x0000000083000000, 0x0000000083000000, 0x0000000083100000|  0%| F|  |TAMS 0x0000000083000000, 0x0000000083000000| Untracked 
|  49|0x0000000083100000, 0x0000000083100000, 0x0000000083200000|  0%| F|  |TAMS 0x0000000083100000, 0x0000000083100000| Untracked 
|  50|0x0000000083200000, 0x0000000083200000, 0x0000000083300000|  0%| F|  |TAMS 0x0000000083200000, 0x0000000083200000| Untracked 
|  51|0x0000000083300000, 0x0000000083300000, 0x0000000083400000|  0%| F|  |TAMS 0x0000000083300000, 0x0000000083300000| Untracked 
|  52|0x0000000083400000, 0x0000000083400000, 0x0000000083500000|  0%| F|  |TAMS 0x0000000083400000, 0x0000000083400000| Untracked 
|  53|0x0000000083500000, 0x0000000083500000, 0x0000000083600000|  0%| F|  |TAMS 0x0000000083500000, 0x0000000083500000| Untracked 
|  54|0x0000000083600000, 0x0000000083600000, 0x0000000083700000|  0%| F|  |TAMS 0x0000000083600000, 0x0000000083600000| Untracked 
|  55|0x0000000083700000, 0x0000000083700000, 0x0000000083800000|  0%| F|  |TAMS 0x0000000083700000, 0x0000000083700000| Untracked 
|  56|0x0000000083800000, 0x0000000083800000, 0x0000000083900000|  0%| F|  |TAMS 0x0000000083800000, 0x0000000083800000| Untracked 
|  57|0x0000000083900000, 0x0000000083900000, 0x0000000083a00000|  0%| F|  |TAMS 0x0000000083900000, 0x0000000083900000| Untracked 
|  58|0x0000000083a00000, 0x0000000083a00000, 0x0000000083b00000|  0%| F|  |TAMS 0x0000000083a00000, 0x0000000083a00000| Untracked 
|  59|0x0000000083b00000, 0x0000000083b00000, 0x0000000083c00000|  0%| F|  |TAMS 0x0000000083b00000, 0x0000000083b00000| Untracked 
|  60|0x0000000083c00000, 0x0000000083c00000, 0x0000000083d00000|  0%| F|  |TAMS 0x0000000083c00000, 0x0000000083c00000| Untracked 
|  61|0x0000000083d00000, 0x0000000083d00000, 0x0000000083e00000|  0%| F|  |TAMS 0x0000000083d00000, 0x0000000083d00000| Untracked 
|  62|0x0000000083e00000, 0x0000000083e00000, 0x0000000083f00000|  0%| F|  |TAMS 0x0000000083e00000, 0x0000000083e00000| Untracked 
|  63|0x0000000083f00000, 0x0000000083f00000, 0x0000000084000000|  0%| F|  |TAMS 0x0000000083f00000, 0x0000000083f00000| Untracked 
|  64|0x0000000084000000, 0x0000000084000000, 0x0000000084100000|  0%| F|  |TAMS 0x0000000084000000, 0x0000000084000000| Untracked 
|  65|0x0000000084100000, 0x0000000084100000, 0x0000000084200000|  0%| F|  |TAMS 0x0000000084100000, 0x0000000084100000| Untracked 
|  66|0x0000000084200000, 0x0000000084200000, 0x0000000084300000|  0%| F|  |TAMS 0x0000000084200000, 0x0000000084200000| Untracked 
|  67|0x0000000084300000, 0x0000000084300000, 0x0000000084400000|  0%| F|  |TAMS 0x0000000084300000, 0x0000000084300000| Untracked 
|  68|0x0000000084400000, 0x0000000084400000, 0x0000000084500000|  0%| F|  |TAMS 0x0000000084400000, 0x0000000084400000| Untracked 
|  69|0x0000000084500000, 0x0000000084500000, 0x0000000084600000|  0%| F|  |TAMS 0x0000000084500000, 0x0000000084500000| Untracked 
|  70|0x0000000084600000, 0x0000000084700000, 0x0000000084700000|100%| S|CS|TAMS 0x0000000084600000, 0x0000000084600000| Complete 
|  71|0x0000000084700000, 0x0000000084800000, 0x0000000084800000|100%| S|CS|TAMS 0x0000000084700000, 0x0000000084700000| Complete 
|  72|0x0000000084800000, 0x0000000084900000, 0x0000000084900000|100%| S|CS|TAMS 0x0000000084800000, 0x0000000084800000| Complete 
|  73|0x0000000084900000, 0x0000000084a00000, 0x0000000084a00000|100%| S|CS|TAMS 0x0000000084900000, 0x0000000084900000| Complete 
|  74|0x0000000084a00000, 0x0000000084b00000, 0x0000000084b00000|100%| S|CS|TAMS 0x0000000084a00000, 0x0000000084a00000| Complete 
|  75|0x0000000084b00000, 0x0000000084c00000, 0x0000000084c00000|100%| S|CS|TAMS 0x0000000084b00000, 0x0000000084b00000| Complete 
|  76|0x0000000084c00000, 0x0000000084d00000, 0x0000000084d00000|100%| S|CS|TAMS 0x0000000084c00000, 0x0000000084c00000| Complete 
|  77|0x0000000084d00000, 0x0000000084e00000, 0x0000000084e00000|100%| S|CS|TAMS 0x0000000084d00000, 0x0000000084d00000| Complete 
|  78|0x0000000084e00000, 0x0000000084f00000, 0x0000000084f00000|100%| S|CS|TAMS 0x0000000084e00000, 0x0000000084e00000| Complete 
|  79|0x0000000084f00000, 0x0000000085000000, 0x0000000085000000|100%| S|CS|TAMS 0x0000000084f00000, 0x0000000084f00000| Complete 
|  80|0x0000000085000000, 0x0000000085000000, 0x0000000085100000|  0%| F|  |TAMS 0x0000000085000000, 0x0000000085000000| Untracked 
|  81|0x0000000085100000, 0x0000000085100000, 0x0000000085200000|  0%| F|  |TAMS 0x0000000085100000, 0x0000000085100000| Untracked 
|  82|0x0000000085200000, 0x0000000085200000, 0x0000000085300000|  0%| F|  |TAMS 0x0000000085200000, 0x0000000085200000| Untracked 
|  83|0x0000000085300000, 0x0000000085300000, 0x0000000085400000|  0%| F|  |TAMS 0x0000000085300000, 0x0000000085300000| Untracked 
|  84|0x0000000085400000, 0x0000000085400000, 0x0000000085500000|  0%| F|  |TAMS 0x0000000085400000, 0x0000000085400000| Untracked 
|  85|0x0000000085500000, 0x0000000085500000, 0x0000000085600000|  0%| F|  |TAMS 0x0000000085500000, 0x0000000085500000| Untracked 
|  86|0x0000000085600000, 0x0000000085600000, 0x0000000085700000|  0%| F|  |TAMS 0x0000000085600000, 0x0000000085600000| Untracked 
|  87|0x0000000085700000, 0x0000000085700000, 0x0000000085800000|  0%| F|  |TAMS 0x0000000085700000, 0x0000000085700000| Untracked 
|  88|0x0000000085800000, 0x0000000085900000, 0x0000000085900000|100%| S|CS|TAMS 0x0000000085800000, 0x0000000085800000| Complete 
|  89|0x0000000085900000, 0x0000000085a00000, 0x0000000085a00000|100%| S|CS|TAMS 0x0000000085900000, 0x0000000085900000| Complete 
|  90|0x0000000085a00000, 0x0000000085b00000, 0x0000000085b00000|100%| S|CS|TAMS 0x0000000085a00000, 0x0000000085a00000| Complete 
|  91|0x0000000085b00000, 0x0000000085b00000, 0x0000000085c00000|  0%| F|  |TAMS 0x0000000085b00000, 0x0000000085b00000| Untracked 
|  92|0x0000000085c00000, 0x0000000085c00000, 0x0000000085d00000|  0%| F|  |TAMS 0x0000000085c00000, 0x0000000085c00000| Untracked 
|  93|0x0000000085d00000, 0x0000000085d00000, 0x0000000085e00000|  0%| F|  |TAMS 0x0000000085d00000, 0x0000000085d00000| Untracked 
|  94|0x0000000085e00000, 0x0000000085e00000, 0x0000000085f00000|  0%| F|  |TAMS 0x0000000085e00000, 0x0000000085e00000| Untracked 
|  95|0x0000000085f00000, 0x0000000085f00000, 0x0000000086000000|  0%| F|  |TAMS 0x0000000085f00000, 0x0000000085f00000| Untracked 
|  96|0x0000000086000000, 0x0000000086000000, 0x0000000086100000|  0%| F|  |TAMS 0x0000000086000000, 0x0000000086000000| Untracked 
|  97|0x0000000086100000, 0x0000000086100000, 0x0000000086200000|  0%| F|  |TAMS 0x0000000086100000, 0x0000000086100000| Untracked 
|  98|0x0000000086200000, 0x0000000086200000, 0x0000000086300000|  0%| F|  |TAMS 0x0000000086200000, 0x0000000086200000| Untracked 
|  99|0x0000000086300000, 0x0000000086300000, 0x0000000086400000|  0%| F|  |TAMS 0x0000000086300000, 0x0000000086300000| Untracked 
| 100|0x0000000086400000, 0x0000000086400000, 0x0000000086500000|  0%| F|  |TAMS 0x0000000086400000, 0x0000000086400000| Untracked 
| 101|0x0000000086500000, 0x0000000086500000, 0x0000000086600000|  0%| F|  |TAMS 0x0000000086500000, 0x0000000086500000| Untracked 
| 102|0x0000000086600000, 0x0000000086600000, 0x0000000086700000|  0%| F|  |TAMS 0x0000000086600000, 0x0000000086600000| Untracked 
| 103|0x0000000086700000, 0x0000000086700000, 0x0000000086800000|  0%| F|  |TAMS 0x0000000086700000, 0x0000000086700000| Untracked 
| 104|0x0000000086800000, 0x0000000086800000, 0x0000000086900000|  0%| F|  |TAMS 0x0000000086800000, 0x0000000086800000| Untracked 
| 105|0x0000000086900000, 0x0000000086900000, 0x0000000086a00000|  0%| F|  |TAMS 0x0000000086900000, 0x0000000086900000| Untracked 
| 106|0x0000000086a00000, 0x0000000086a00000, 0x0000000086b00000|  0%| F|  |TAMS 0x0000000086a00000, 0x0000000086a00000| Untracked 
| 107|0x0000000086b00000, 0x0000000086b00000, 0x0000000086c00000|  0%| F|  |TAMS 0x0000000086b00000, 0x0000000086b00000| Untracked 
| 108|0x0000000086c00000, 0x0000000086c00000, 0x0000000086d00000|  0%| F|  |TAMS 0x0000000086c00000, 0x0000000086c00000| Untracked 
| 109|0x0000000086d00000, 0x0000000086d00000, 0x0000000086e00000|  0%| F|  |TAMS 0x0000000086d00000, 0x0000000086d00000| Untracked 
| 110|0x0000000086e00000, 0x0000000086e00000, 0x0000000086f00000|  0%| F|  |TAMS 0x0000000086e00000, 0x0000000086e00000| Untracked 
| 111|0x0000000086f00000, 0x0000000086f00000, 0x0000000087000000|  0%| F|  |TAMS 0x0000000086f00000, 0x0000000086f00000| Untracked 
| 112|0x0000000087000000, 0x0000000087000000, 0x0000000087100000|  0%| F|  |TAMS 0x0000000087000000, 0x0000000087000000| Untracked 
| 113|0x0000000087100000, 0x0000000087100000, 0x0000000087200000|  0%| F|  |TAMS 0x0000000087100000, 0x0000000087100000| Untracked 
| 114|0x0000000087200000, 0x0000000087200000, 0x0000000087300000|  0%| F|  |TAMS 0x0000000087200000, 0x0000000087200000| Untracked 
| 115|0x0000000087300000, 0x0000000087300000, 0x0000000087400000|  0%| F|  |TAMS 0x0000000087300000, 0x0000000087300000| Untracked 
| 116|0x0000000087400000, 0x0000000087400000, 0x0000000087500000|  0%| F|  |TAMS 0x0000000087400000, 0x0000000087400000| Untracked 
| 117|0x0000000087500000, 0x0000000087500000, 0x0000000087600000|  0%| F|  |TAMS 0x0000000087500000, 0x0000000087500000| Untracked 
| 118|0x0000000087600000, 0x0000000087600000, 0x0000000087700000|  0%| F|  |TAMS 0x0000000087600000, 0x0000000087600000| Untracked 
| 119|0x0000000087700000, 0x0000000087700000, 0x0000000087800000|  0%| F|  |TAMS 0x0000000087700000, 0x0000000087700000| Untracked 
| 120|0x0000000087800000, 0x0000000087800000, 0x0000000087900000|  0%| F|  |TAMS 0x0000000087800000, 0x0000000087800000| Untracked 
| 121|0x0000000087900000, 0x0000000087900000, 0x0000000087a00000|  0%| F|  |TAMS 0x0000000087900000, 0x0000000087900000| Untracked 
| 122|0x0000000087a00000, 0x0000000087a00000, 0x0000000087b00000|  0%| F|  |TAMS 0x0000000087a00000, 0x0000000087a00000| Untracked 
| 123|0x0000000087b00000, 0x0000000087b00000, 0x0000000087c00000|  0%| F|  |TAMS 0x0000000087b00000, 0x0000000087b00000| Untracked 
| 124|0x0000000087c00000, 0x0000000087c00000, 0x0000000087d00000|  0%| F|  |TAMS 0x0000000087c00000, 0x0000000087c00000| Untracked 
| 125|0x0000000087d00000, 0x0000000087d00000, 0x0000000087e00000|  0%| F|  |TAMS 0x0000000087d00000, 0x0000000087d00000| Untracked 
| 126|0x0000000087e00000, 0x0000000087e00000, 0x0000000087f00000|  0%| F|  |TAMS 0x0000000087e00000, 0x0000000087e00000| Untracked 
| 127|0x0000000087f00000, 0x0000000087f00000, 0x0000000088000000|  0%| F|  |TAMS 0x0000000087f00000, 0x0000000087f00000| Untracked 
| 128|0x0000000088000000, 0x0000000088000000, 0x0000000088100000|  0%| F|  |TAMS 0x0000000088000000, 0x0000000088000000| Untracked 
| 129|0x0000000088100000, 0x0000000088100000, 0x0000000088200000|  0%| F|  |TAMS 0x0000000088100000, 0x0000000088100000| Untracked 
| 130|0x0000000088200000, 0x0000000088200000, 0x0000000088300000|  0%| F|  |TAMS 0x0000000088200000, 0x0000000088200000| Untracked 
| 131|0x0000000088300000, 0x0000000088300000, 0x0000000088400000|  0%| F|  |TAMS 0x0000000088300000, 0x0000000088300000| Untracked 
| 132|0x0000000088400000, 0x0000000088400000, 0x0000000088500000|  0%| F|  |TAMS 0x0000000088400000, 0x0000000088400000| Untracked 
| 133|0x0000000088500000, 0x0000000088500000, 0x0000000088600000|  0%| F|  |TAMS 0x0000000088500000, 0x0000000088500000| Untracked 
| 134|0x0000000088600000, 0x0000000088600000, 0x0000000088700000|  0%| F|  |TAMS 0x0000000088600000, 0x0000000088600000| Untracked 
| 135|0x0000000088700000, 0x0000000088700000, 0x0000000088800000|  0%| F|  |TAMS 0x0000000088700000, 0x0000000088700000| Untracked 
| 136|0x0000000088800000, 0x0000000088800000, 0x0000000088900000|  0%| F|  |TAMS 0x0000000088800000, 0x0000000088800000| Untracked 
| 137|0x0000000088900000, 0x0000000088900000, 0x0000000088a00000|  0%| F|  |TAMS 0x0000000088900000, 0x0000000088900000| Untracked 
| 138|0x0000000088a00000, 0x0000000088a00000, 0x0000000088b00000|  0%| F|  |TAMS 0x0000000088a00000, 0x0000000088a00000| Untracked 
| 139|0x0000000088b00000, 0x0000000088b00000, 0x0000000088c00000|  0%| F|  |TAMS 0x0000000088b00000, 0x0000000088b00000| Untracked 
| 140|0x0000000088c00000, 0x0000000088c00000, 0x0000000088d00000|  0%| F|  |TAMS 0x0000000088c00000, 0x0000000088c00000| Untracked 
| 141|0x0000000088d00000, 0x0000000088d00000, 0x0000000088e00000|  0%| F|  |TAMS 0x0000000088d00000, 0x0000000088d00000| Untracked 
| 142|0x0000000088e00000, 0x0000000088e00000, 0x0000000088f00000|  0%| F|  |TAMS 0x0000000088e00000, 0x0000000088e00000| Untracked 
| 143|0x0000000088f00000, 0x0000000088f00000, 0x0000000089000000|  0%| F|  |TAMS 0x0000000088f00000, 0x0000000088f00000| Untracked 
| 144|0x0000000089000000, 0x0000000089000000, 0x0000000089100000|  0%| F|  |TAMS 0x0000000089000000, 0x0000000089000000| Untracked 
| 145|0x0000000089100000, 0x0000000089100000, 0x0000000089200000|  0%| F|  |TAMS 0x0000000089100000, 0x0000000089100000| Untracked 
| 146|0x0000000089200000, 0x0000000089200000, 0x0000000089300000|  0%| F|  |TAMS 0x0000000089200000, 0x0000000089200000| Untracked 
| 147|0x0000000089300000, 0x0000000089300000, 0x0000000089400000|  0%| F|  |TAMS 0x0000000089300000, 0x0000000089300000| Untracked 
| 148|0x0000000089400000, 0x0000000089400000, 0x0000000089500000|  0%| F|  |TAMS 0x0000000089400000, 0x0000000089400000| Untracked 
| 149|0x0000000089500000, 0x0000000089500000, 0x0000000089600000|  0%| F|  |TAMS 0x0000000089500000, 0x0000000089500000| Untracked 
| 150|0x0000000089600000, 0x0000000089600000, 0x0000000089700000|  0%| F|  |TAMS 0x0000000089600000, 0x0000000089600000| Untracked 
| 151|0x0000000089700000, 0x0000000089700000, 0x0000000089800000|  0%| F|  |TAMS 0x0000000089700000, 0x0000000089700000| Untracked 
| 152|0x0000000089800000, 0x0000000089800000, 0x0000000089900000|  0%| F|  |TAMS 0x0000000089800000, 0x0000000089800000| Untracked 
| 153|0x0000000089900000, 0x0000000089900000, 0x0000000089a00000|  0%| F|  |TAMS 0x0000000089900000, 0x0000000089900000| Untracked 
| 154|0x0000000089a00000, 0x0000000089a00000, 0x0000000089b00000|  0%| F|  |TAMS 0x0000000089a00000, 0x0000000089a00000| Untracked 
| 155|0x0000000089b00000, 0x0000000089b00000, 0x0000000089c00000|  0%| F|  |TAMS 0x0000000089b00000, 0x0000000089b00000| Untracked 
| 156|0x0000000089c00000, 0x0000000089c00000, 0x0000000089d00000|  0%| F|  |TAMS 0x0000000089c00000, 0x0000000089c00000| Untracked 
| 157|0x0000000089d00000, 0x0000000089d00000, 0x0000000089e00000|  0%| F|  |TAMS 0x0000000089d00000, 0x0000000089d00000| Untracked 
| 158|0x0000000089e00000, 0x0000000089e00000, 0x0000000089f00000|  0%| F|  |TAMS 0x0000000089e00000, 0x0000000089e00000| Untracked 
| 159|0x0000000089f00000, 0x0000000089f00000, 0x000000008a000000|  0%| F|  |TAMS 0x0000000089f00000, 0x0000000089f00000| Untracked 
| 160|0x000000008a000000, 0x000000008a000000, 0x000000008a100000|  0%| F|  |TAMS 0x000000008a000000, 0x000000008a000000| Untracked 
| 161|0x000000008a100000, 0x000000008a100000, 0x000000008a200000|  0%| F|  |TAMS 0x000000008a100000, 0x000000008a100000| Untracked 
| 162|0x000000008a200000, 0x000000008a280800, 0x000000008a300000| 50%| E|  |TAMS 0x000000008a200000, 0x000000008a200000| Complete 
| 163|0x000000008a300000, 0x000000008a400000, 0x000000008a400000|100%| E|CS|TAMS 0x000000008a300000, 0x000000008a300000| Complete 
| 164|0x000000008a400000, 0x000000008a500000, 0x000000008a500000|100%| E|CS|TAMS 0x000000008a400000, 0x000000008a400000| Complete 
| 165|0x000000008a500000, 0x000000008a600000, 0x000000008a600000|100%| E|CS|TAMS 0x000000008a500000, 0x000000008a500000| Complete 
| 166|0x000000008a600000, 0x000000008a700000, 0x000000008a700000|100%| E|CS|TAMS 0x000000008a600000, 0x000000008a600000| Complete 
| 167|0x000000008a700000, 0x000000008a800000, 0x000000008a800000|100%| E|CS|TAMS 0x000000008a700000, 0x000000008a700000| Complete 
| 168|0x000000008a800000, 0x000000008a900000, 0x000000008a900000|100%| E|CS|TAMS 0x000000008a800000, 0x000000008a800000| Complete 
| 169|0x000000008a900000, 0x000000008aa00000, 0x000000008aa00000|100%| E|CS|TAMS 0x000000008a900000, 0x000000008a900000| Complete 
| 170|0x000000008aa00000, 0x000000008ab00000, 0x000000008ab00000|100%| E|CS|TAMS 0x000000008aa00000, 0x000000008aa00000| Complete 
| 171|0x000000008ab00000, 0x000000008ac00000, 0x000000008ac00000|100%| E|CS|TAMS 0x000000008ab00000, 0x000000008ab00000| Complete 
| 172|0x000000008ac00000, 0x000000008ad00000, 0x000000008ad00000|100%| E|CS|TAMS 0x000000008ac00000, 0x000000008ac00000| Complete 
| 173|0x000000008ad00000, 0x000000008ae00000, 0x000000008ae00000|100%| E|CS|TAMS 0x000000008ad00000, 0x000000008ad00000| Complete 
| 174|0x000000008ae00000, 0x000000008af00000, 0x000000008af00000|100%| E|CS|TAMS 0x000000008ae00000, 0x000000008ae00000| Complete 
| 175|0x000000008af00000, 0x000000008b000000, 0x000000008b000000|100%| E|CS|TAMS 0x000000008af00000, 0x000000008af00000| Complete 
| 176|0x000000008b000000, 0x000000008b100000, 0x000000008b100000|100%| E|CS|TAMS 0x000000008b000000, 0x000000008b000000| Complete 
| 177|0x000000008b100000, 0x000000008b200000, 0x000000008b200000|100%| E|CS|TAMS 0x000000008b100000, 0x000000008b100000| Complete 
| 178|0x000000008b200000, 0x000000008b300000, 0x000000008b300000|100%| E|CS|TAMS 0x000000008b200000, 0x000000008b200000| Complete 
| 179|0x000000008b300000, 0x000000008b400000, 0x000000008b400000|100%| E|CS|TAMS 0x000000008b300000, 0x000000008b300000| Complete 
| 180|0x000000008b400000, 0x000000008b500000, 0x000000008b500000|100%| E|CS|TAMS 0x000000008b400000, 0x000000008b400000| Complete 
| 181|0x000000008b500000, 0x000000008b600000, 0x000000008b600000|100%| E|CS|TAMS 0x000000008b500000, 0x000000008b500000| Complete 
| 182|0x000000008b600000, 0x000000008b700000, 0x000000008b700000|100%| E|CS|TAMS 0x000000008b600000, 0x000000008b600000| Complete 
| 183|0x000000008b700000, 0x000000008b800000, 0x000000008b800000|100%| E|CS|TAMS 0x000000008b700000, 0x000000008b700000| Complete 
| 184|0x000000008b800000, 0x000000008b900000, 0x000000008b900000|100%| E|CS|TAMS 0x000000008b800000, 0x000000008b800000| Complete 

Card table byte_map: [0x00000195391b0000,0x00000195395b0000] _byte_map_base: 0x0000019538db0000

Marking Bits (Prev, Next): (CMBitMap*) 0x000001952273ab88, (CMBitMap*) 0x000001952273abc0
 Prev Bits: [0x00000195399b0000, 0x000001953b9b0000)
 Next Bits: [0x000001953b9b0000, 0x000001953d9b0000)

Polling page: 0x0000019520660000

Metaspace:

Usage:
  Non-class:     61.63 MB capacity,    60.35 MB ( 98%) used,     1.06 MB (  2%) free+waste,   224.88 KB ( <1%) overhead. 
      Class:     10.23 MB capacity,     9.28 MB ( 91%) used,   866.23 KB (  8%) free+waste,   111.13 KB (  1%) overhead. 
       Both:     71.86 MB capacity,    69.63 MB ( 97%) used,     1.90 MB (  3%) free+waste,   336.00 KB ( <1%) overhead. 

Virtual space:
  Non-class space:       62.00 MB reserved,      61.70 MB (>99%) committed 
      Class space:        1.00 GB reserved,      10.25 MB (  1%) committed 
             Both:        1.06 GB reserved,      71.95 MB (  7%) committed 

Chunk freelists:
   Non-Class:  1.25 KB
       Class:  2.25 KB
        Both:  3.50 KB

CodeHeap 'non-profiled nmethods': size=120064Kb used=4394Kb max_used=4394Kb free=115669Kb
 bounds [0x0000019531870000, 0x0000019531cc0000, 0x0000019538db0000]
CodeHeap 'profiled nmethods': size=120000Kb used=16907Kb max_used=16907Kb free=103092Kb
 bounds [0x000001952a340000, 0x000001952b3d0000, 0x0000019531870000]
CodeHeap 'non-nmethods': size=5696Kb used=2278Kb max_used=2331Kb free=3417Kb
 bounds [0x0000019529db0000, 0x000001952a020000, 0x000001952a340000]
 total_blobs=8813 nmethods=7935 adapters=788
 compilation: enabled
              stopped_count=0, restarted_count=0
 full_count=0

Compilation events (10 events):
Event: 16.247 Thread 0x000001953feb2800 7945       3       sun.reflect.annotation.AnnotationParser::parseIntArray (84 bytes)
Event: 16.248 Thread 0x000001953feb2800 nmethod 7945 0x000001952b3b6a90 code [0x000001952b3b6d00, 0x000001952b3b7688]
Event: 16.248 Thread 0x000001953feb2800 7946       3       java.lang.String::replaceAll (13 bytes)
Event: 16.248 Thread 0x000001953feb2800 nmethod 7946 0x000001952b3b7a90 code [0x000001952b3b7c60, 0x000001952b3b7ee8]
Event: 16.255 Thread 0x000001953feb2800 7947       3       org.gradle.api.internal.model.DefaultObjectFactory::property (172 bytes)
Event: 16.258 Thread 0x000001953feb2800 nmethod 7947 0x000001952b3b8010 code [0x000001952b3b86e0, 0x000001952b3bb4d8]
Event: 16.259 Thread 0x000001953feb2800 7949       3       java.security.ProtectionDomain::<init> (99 bytes)
Event: 16.260 Thread 0x000001953feb2800 nmethod 7949 0x000001952b3bc690 code [0x000001952b3bc8a0, 0x000001952b3bd388]
Event: 16.262 Thread 0x000001953feb2800 7951       3       java.lang.Class::getDeclaredAnnotations (11 bytes)
Event: 16.263 Thread 0x000001953feb2800 nmethod 7951 0x000001952b3bd610 code [0x000001952b3bd7e0, 0x000001952b3bdbe8]

GC Heap History (10 events):
Event: 11.914 GC heap before
{Heap before GC invocations=11 (full 0):
 garbage-first heap   total 157696K, used 107667K [0x0000000080000000, 0x0000000100000000)
  region size 1024K, 75 young (76800K), 4 survivors (4096K)
 Metaspace       used 49480K, capacity 50862K, committed 50944K, reserved 1093632K
  class space    used 6488K, capacity 7096K, committed 7168K, reserved 1048576K
}
Event: 11.924 GC heap after
{Heap after GC invocations=12 (full 0):
 garbage-first heap   total 189440K, used 37865K [0x0000000080000000, 0x0000000100000000)
  region size 1024K, 7 young (7168K), 7 survivors (7168K)
 Metaspace       used 49480K, capacity 50862K, committed 50944K, reserved 1093632K
  class space    used 6488K, capacity 7096K, committed 7168K, reserved 1048576K
}
Event: 13.164 GC heap before
{Heap before GC invocations=12 (full 0):
 garbage-first heap   total 189440K, used 125929K [0x0000000080000000, 0x0000000100000000)
  region size 1024K, 93 young (95232K), 7 survivors (7168K)
 Metaspace       used 57829K, capacity 59482K, committed 59648K, reserved 1099776K
  class space    used 7694K, capacity 8380K, committed 8448K, reserved 1048576K
}
Event: 13.177 GC heap after
{Heap after GC invocations=13 (full 0):
 garbage-first heap   total 189440K, used 41548K [0x0000000080000000, 0x0000000100000000)
  region size 1024K, 8 young (8192K), 8 survivors (8192K)
 Metaspace       used 57829K, capacity 59482K, committed 59648K, reserved 1099776K
  class space    used 7694K, capacity 8380K, committed 8448K, reserved 1048576K
}
Event: 13.256 GC heap before
{Heap before GC invocations=13 (full 0):
 garbage-first heap   total 189440K, used 51788K [0x0000000080000000, 0x0000000100000000)
  region size 1024K, 19 young (19456K), 8 survivors (8192K)
 Metaspace       used 58513K, capacity 60122K, committed 60160K, reserved 1101824K
  class space    used 7782K, capacity 8444K, committed 8448K, reserved 1048576K
}
Event: 13.266 GC heap after
{Heap after GC invocations=14 (full 0):
 garbage-first heap   total 189440K, used 41932K [0x0000000080000000, 0x0000000100000000)
  region size 1024K, 4 young (4096K), 4 survivors (4096K)
 Metaspace       used 58513K, capacity 60122K, committed 60160K, reserved 1101824K
  class space    used 7782K, capacity 8444K, committed 8448K, reserved 1048576K
}
Event: 14.344 GC heap before
{Heap before GC invocations=15 (full 0):
 garbage-first heap   total 189440K, used 137164K [0x0000000080000000, 0x0000000100000000)
  region size 1024K, 97 young (99328K), 4 survivors (4096K)
 Metaspace       used 64347K, capacity 66273K, committed 66508K, reserved 1105920K
  class space    used 8592K, capacity 9413K, committed 9472K, reserved 1048576K
}
Event: 14.360 GC heap after
{Heap after GC invocations=16 (full 0):
 garbage-first heap   total 189440K, used 45647K [0x0000000080000000, 0x0000000100000000)
  region size 1024K, 8 young (8192K), 8 survivors (8192K)
 Metaspace       used 64347K, capacity 66273K, committed 66508K, reserved 1105920K
  class space    used 8592K, capacity 9413K, committed 9472K, reserved 1048576K
}
Event: 15.992 GC heap before
{Heap before GC invocations=17 (full 0):
 garbage-first heap   total 189440K, used 144975K [0x0000000080000000, 0x0000000100000000)
  region size 1024K, 102 young (104448K), 8 survivors (8192K)
 Metaspace       used 69321K, capacity 71474K, committed 71500K, reserved 1110016K
  class space    used 9234K, capacity 10102K, committed 10112K, reserved 1048576K
}
Event: 16.013 GC heap after
{Heap after GC invocations=18 (full 0):
 garbage-first heap   total 189440K, used 61468K [0x0000000080000000, 0x0000000100000000)
  region size 1024K, 13 young (13312K), 13 survivors (13312K)
 Metaspace       used 69321K, capacity 71474K, committed 71500K, reserved 1110016K
  class space    used 9234K, capacity 10102K, committed 10112K, reserved 1048576K
}

Deoptimization events (10 events):
Event: 15.585 Thread 0x00000195415f3000 Uncommon trap: reason=class_check action=maybe_recompile pc=0x0000019531975960 method=java.util.Collections$SetFromMap.remove(Ljava/lang/Object;)Z @ 5 c2
Event: 15.586 Thread 0x00000195415f4000 Uncommon trap: reason=class_check action=maybe_recompile pc=0x0000019531bbc468 method=java.util.stream.StreamOpFlag.fromCharacteristics(Ljava/util/Spliterator;)I @ 14 c2
Event: 15.598 Thread 0x00000195415f4000 Uncommon trap: reason=class_check action=maybe_recompile pc=0x0000019531975960 method=java.util.Collections$SetFromMap.remove(Ljava/lang/Object;)Z @ 5 c2
Event: 15.601 Thread 0x00000195415f4000 Uncommon trap: reason=class_check action=maybe_recompile pc=0x0000019531bbc468 method=java.util.stream.StreamOpFlag.fromCharacteristics(Ljava/util/Spliterator;)I @ 14 c2
Event: 15.610 Thread 0x00000195415f4000 Uncommon trap: reason=class_check action=maybe_recompile pc=0x0000019531bbc468 method=java.util.stream.StreamOpFlag.fromCharacteristics(Ljava/util/Spliterator;)I @ 14 c2
Event: 15.620 Thread 0x00000195415f4000 Uncommon trap: reason=class_check action=maybe_recompile pc=0x0000019531b3237c method=java.util.stream.StreamOpFlag.fromCharacteristics(Ljava/util/Spliterator;)I @ 14 c2
Event: 15.887 Thread 0x0000019543575000 Uncommon trap: reason=bimorphic_or_optimized_type_check action=maybe_recompile pc=0x0000019531c4dd6c method=java.util.AbstractCollection.addAll(Ljava/util/Collection;)Z @ 29 c2
Event: 16.056 Thread 0x0000019543575000 Uncommon trap: reason=bimorphic_or_optimized_type_check action=maybe_recompile pc=0x0000019531c4dd6c method=java.util.AbstractCollection.addAll(Ljava/util/Collection;)Z @ 29 c2
Event: 16.080 Thread 0x0000019543575000 Uncommon trap: reason=unstable_if action=reinterpret pc=0x0000019531c1851c method=org.gradle.internal.reflect.PropertyAccessorType.of(Ljava/lang/reflect/Method;)Lorg/gradle/internal/reflect/PropertyAccessorType; @ 56 c2
Event: 16.080 Thread 0x0000019543575000 Uncommon trap: reason=unstable_if action=reinterpret pc=0x0000019531b2b37c method=org.gradle.internal.reflect.PropertyAccessorType.of(Ljava/lang/reflect/Method;)Lorg/gradle/internal/reflect/PropertyAccessorType; @ 56 c2

Classes redefined (0 events):
No events

Internal exceptions (10 events):
Event: 16.020 Thread 0x0000019543575000 Exception <a 'java/lang/ClassNotFoundException'{0x000000008b77d8e0}: org/gradle/api/internal/artifacts/repositories/AbstractResolutionAwareArtifactRepositoryCustomizer> (0x000000008b77d8e0) thrown at [./open/src/hotspot/share/classfile/systemDictionary.cp
Event: 16.022 Thread 0x0000019543575000 Exception <a 'java/lang/ClassNotFoundException'{0x000000008b7e4d20}: org/gradle/api/internal/artifacts/repositories/AbstractAuthenticationSupportedRepositoryCustomizer> (0x000000008b7e4d20) thrown at [./open/src/hotspot/share/classfile/systemDictionary.cp
Event: 16.024 Thread 0x0000019543575000 Exception <a 'java/lang/ClassNotFoundException'{0x000000008b64f7d0}: org/gradle/api/internal/artifacts/repositories/DefaultMavenArtifactRepositoryCustomizer> (0x000000008b64f7d0) thrown at [./open/src/hotspot/share/classfile/systemDictionary.cpp, line 226
Event: 16.026 Thread 0x0000019543575000 Exception <a 'java/lang/ClassNotFoundException'{0x000000008b6c4a40}: org/gradle/api/internal/artifacts/repositories/DefaultMavenArtifactRepository_DecoratedCustomizer> (0x000000008b6c4a40) thrown at [./open/src/hotspot/share/classfile/systemDictionary.cpp
Event: 16.034 Thread 0x0000019543575000 Exception <a 'java/lang/ClassNotFoundException'{0x000000008b5f9840}: org/gradle/api/internal/artifacts/repositories/DefaultMavenRepositoryContentDescriptorBeanInfo> (0x000000008b5f9840) thrown at [./open/src/hotspot/share/classfile/systemDictionary.cpp, l
Event: 16.035 Thread 0x0000019543575000 Exception <a 'java/lang/ClassNotFoundException'{0x000000008b455ac8}: org/gradle/api/internal/artifacts/repositories/DefaultRepositoryContentDescriptorBeanInfo> (0x000000008b455ac8) thrown at [./open/src/hotspot/share/classfile/systemDictionary.cpp, line 2
Event: 16.036 Thread 0x0000019543575000 Exception <a 'java/lang/ClassNotFoundException'{0x000000008b4b4700}: org/gradle/api/internal/artifacts/repositories/DefaultRepositoryContentDescriptorCustomizer> (0x000000008b4b4700) thrown at [./open/src/hotspot/share/classfile/systemDictionary.cpp, line
Event: 16.037 Thread 0x0000019543575000 Exception <a 'java/lang/ClassNotFoundException'{0x000000008b321538}: org/gradle/api/internal/artifacts/repositories/DefaultMavenRepositoryContentDescriptorCustomizer> (0x000000008b321538) thrown at [./open/src/hotspot/share/classfile/systemDictionary.cpp,
Event: 16.084 Thread 0x0000019543575000 Exception <a 'java/lang/ClassNotFoundException'{0x000000008b12a5d8}: build_5h40ok5c86pg8cxug7xmyknpmBeanInfo> (0x000000008b12a5d8) thrown at [./open/src/hotspot/share/classfile/systemDictionary.cpp, line 226]
Event: 16.085 Thread 0x0000019543575000 Exception <a 'java/lang/ClassNotFoundException'{0x000000008b136f98}: build_5h40ok5c86pg8cxug7xmyknpmCustomizer> (0x000000008b136f98) thrown at [./open/src/hotspot/share/classfile/systemDictionary.cpp, line 226]

Events (10 events):
Event: 16.283 loading class com/google/common/collect/ImmutableSet$RegularSetBuilderImpl
Event: 16.283 loading class com/google/common/collect/ImmutableSet$RegularSetBuilderImpl done
Event: 16.284 loading class com/google/common/collect/ImmutableSet$Builder
Event: 16.284 loading class com/google/common/collect/ImmutableSet$Builder done
Event: 16.284 loading class com/google/common/collect/ImmutableCollection$Builder
Event: 16.284 loading class com/google/common/collect/ImmutableCollection$Builder done
Event: 16.285 loading class com/google/common/collect/ImmutableSet$JdkBackedSetBuilderImpl
Event: 16.285 loading class com/google/common/collect/ImmutableSet$JdkBackedSetBuilderImpl done
Event: 16.285 loading class com/google/common/collect/ImmutableSet$EmptySetBuilderImpl
Event: 16.285 loading class com/google/common/collect/ImmutableSet$EmptySetBuilderImpl done


Dynamic libraries:
0x00007ff703090000 - 0x00007ff70309f000 	C:\Program Files\Java\jdk-11.0.16\bin\java.exe
0x00007fff611b0000 - 0x00007fff613a8000 	C:\Windows\SYSTEM32\ntdll.dll
0x00007fff60ba0000 - 0x00007fff60c5d000 	C:\Windows\System32\KERNEL32.DLL
0x00007fff5ef40000 - 0x00007fff5f20e000 	C:\Windows\System32\KERNELBASE.dll
0x00007fff5ecc0000 - 0x00007fff5edc0000 	C:\Windows\System32\ucrtbase.dll
0x00007fff47c80000 - 0x00007fff47c95000 	C:\Program Files\Java\jdk-11.0.16\bin\VCRUNTIME140.dll
0x00007fff47c10000 - 0x00007fff47c28000 	C:\Program Files\Java\jdk-11.0.16\bin\jli.dll
0x00007fff609a0000 - 0x00007fff60a4e000 	C:\Windows\System32\ADVAPI32.dll
0x00007fff5f990000 - 0x00007fff5fa2e000 	C:\Windows\System32\msvcrt.dll
0x00007fff60270000 - 0x00007fff6030c000 	C:\Windows\System32\sechost.dll
0x00007fff5f360000 - 0x00007fff5f485000 	C:\Windows\System32\RPCRT4.dll
0x00007fff5f490000 - 0x00007fff5f630000 	C:\Windows\System32\USER32.dll
0x00007fff5ec10000 - 0x00007fff5ec32000 	C:\Windows\System32\win32u.dll
0x00007fff401d0000 - 0x00007fff4046a000 	C:\Windows\WinSxS\amd64_microsoft.windows.common-controls_6595b64144ccf1df_6.0.19041.1110_none_60b5254171f9507e\COMCTL32.dll
0x00007fff5f2d0000 - 0x00007fff5f2fa000 	C:\Windows\System32\GDI32.dll
0x00007fff5edc0000 - 0x00007fff5eecb000 	C:\Windows\System32\gdi32full.dll
0x00007fff5eac0000 - 0x00007fff5eb5d000 	C:\Windows\System32\msvcp_win.dll
0x00007fff55fc0000 - 0x00007fff55fca000 	C:\Windows\SYSTEM32\VERSION.dll
0x00007fff610d0000 - 0x00007fff61100000 	C:\Windows\System32\IMM32.DLL
0x00007fff37bb0000 - 0x00007fff37c4b000 	C:\Program Files\Java\jdk-11.0.16\bin\msvcp140.dll
0x00007fff24220000 - 0x00007fff24d38000 	C:\Program Files\Java\jdk-11.0.16\bin\server\jvm.dll
0x00007fff60a50000 - 0x00007fff60a58000 	C:\Windows\System32\PSAPI.DLL
0x00007fff45ee0000 - 0x00007fff45f07000 	C:\Windows\SYSTEM32\WINMM.dll
0x00007fff57b40000 - 0x00007fff57b49000 	C:\Windows\SYSTEM32\WSOCK32.dll
0x00007fff61100000 - 0x00007fff6116b000 	C:\Windows\System32\ws2_32.DLL
0x00007fff5c7a0000 - 0x00007fff5c7b2000 	C:\Windows\SYSTEM32\kernel.appcore.dll
0x00007fff48360000 - 0x00007fff48370000 	C:\Program Files\Java\jdk-11.0.16\bin\verify.dll
0x00007fff56680000 - 0x00007fff56864000 	C:\Windows\SYSTEM32\DBGHELP.DLL
0x00007fff56650000 - 0x00007fff5667c000 	C:\Windows\SYSTEM32\dbgcore.DLL
0x00007fff5ea30000 - 0x00007fff5eab2000 	C:\Windows\System32\bcryptPrimitives.dll
0x00007fff47920000 - 0x00007fff47948000 	C:\Program Files\Java\jdk-11.0.16\bin\java.dll
0x00007fff47c00000 - 0x00007fff47c0a000 	C:\Program Files\Java\jdk-11.0.16\bin\jimage.dll
0x00007fff47ba0000 - 0x00007fff47bb6000 	C:\Program Files\Java\jdk-11.0.16\bin\zip.dll
0x00007fff5fb20000 - 0x00007fff60263000 	C:\Windows\System32\SHELL32.dll
0x00007fff5c9a0000 - 0x00007fff5d135000 	C:\Windows\SYSTEM32\windows.storage.dll
0x00007fff60520000 - 0x00007fff60874000 	C:\Windows\System32\combase.dll
0x00007fff5e180000 - 0x00007fff5e1b0000 	C:\Windows\SYSTEM32\Wldp.dll
0x00007fff60af0000 - 0x00007fff60b9d000 	C:\Windows\System32\SHCORE.dll
0x00007fff5f270000 - 0x00007fff5f2c5000 	C:\Windows\System32\shlwapi.dll
0x00007fff5e810000 - 0x00007fff5e82f000 	C:\Windows\SYSTEM32\profapi.dll
0x00007fff47830000 - 0x00007fff47849000 	C:\Program Files\Java\jdk-11.0.16\bin\net.dll
0x00007fff576b0000 - 0x00007fff577ba000 	C:\Windows\SYSTEM32\WINHTTP.dll
0x00007fff5df60000 - 0x00007fff5dfca000 	C:\Windows\system32\mswsock.dll
0x00007fff47810000 - 0x00007fff47822000 	C:\Program Files\Java\jdk-11.0.16\bin\nio.dll
0x00007fff47450000 - 0x00007fff47477000 	C:\Users\admin-1\.gradle\native\e1d6ef7f7dcc3fd88c89a11ec53ec762bb8ba0a96d01ffa2cd45eb1d1d8dd5c5\windows-amd64\native-platform.dll
0x00007fff371f0000 - 0x00007fff37334000 	C:\Users\admin-1\.gradle\native\0d407fdbe67a94daf76414ababcb853783967236a71b16ec16e742cd7a986fd3\windows-amd64\native-platform-file-events.dll
0x00007fff47a70000 - 0x00007fff47a79000 	C:\Program Files\Java\jdk-11.0.16\bin\management.dll
0x00007fff47910000 - 0x00007fff4791b000 	C:\Program Files\Java\jdk-11.0.16\bin\management_ext.dll
0x00007fff5e1c0000 - 0x00007fff5e1d8000 	C:\Windows\SYSTEM32\CRYPTSP.dll
0x00007fff5d900000 - 0x00007fff5d934000 	C:\Windows\system32\rsaenh.dll
0x00007fff5ec40000 - 0x00007fff5ec67000 	C:\Windows\System32\bcrypt.dll
0x00007fff5e790000 - 0x00007fff5e7be000 	C:\Windows\SYSTEM32\USERENV.dll
0x00007fff5e0f0000 - 0x00007fff5e0fc000 	C:\Windows\SYSTEM32\CRYPTBASE.dll
0x00007fff5dc70000 - 0x00007fff5dcab000 	C:\Windows\SYSTEM32\IPHLPAPI.DLL
0x00007fff5f630000 - 0x00007fff5f638000 	C:\Windows\System32\NSI.dll
0x00007fff57910000 - 0x00007fff57927000 	C:\Windows\SYSTEM32\dhcpcsvc6.DLL
0x00007fff57690000 - 0x00007fff576ad000 	C:\Windows\SYSTEM32\dhcpcsvc.DLL
0x00007fff5dcb0000 - 0x00007fff5dd7a000 	C:\Windows\SYSTEM32\DNSAPI.dll

dbghelp: loaded successfully - version: 4.0.5 - missing functions: none
symbol engine: initialized successfully - sym options: 0x614 - pdb path: .;C:\Program Files\Java\jdk-11.0.16\bin;C:\Windows\SYSTEM32;C:\Windows\WinSxS\amd64_microsoft.windows.common-controls_6595b64144ccf1df_6.0.19041.1110_none_60b5254171f9507e;C:\Program Files\Java\jdk-11.0.16\bin\server;C:\Users\admin-1\.gradle\native\e1d6ef7f7dcc3fd88c89a11ec53ec762bb8ba0a96d01ffa2cd45eb1d1d8dd5c5\windows-amd64;C:\Users\admin-1\.gradle\native\0d407fdbe67a94daf76414ababcb853783967236a71b16ec16e742cd7a986fd3\windows-amd64

VM Arguments:
jvm_args: --add-opens=java.base/java.util=ALL-UNNAMED --add-opens=java.base/java.lang=ALL-UNNAMED --add-opens=java.base/java.lang.invoke=ALL-UNNAMED --add-opens=java.base/java.util=ALL-UNNAMED --add-opens=java.prefs/java.util.prefs=ALL-UNNAMED --add-opens=java.prefs/java.util.prefs=ALL-UNNAMED --add-opens=java.base/java.nio.charset=ALL-UNNAMED --add-opens=java.base/java.net=ALL-UNNAMED --add-opens=java.base/java.util.concurrent.atomic=ALL-UNNAMED -Xmx2048m -Dfile.encoding=windows-1252 -Duser.country=US -Duser.language=en -Duser.variant 
java_command: org.gradle.launcher.daemon.bootstrap.GradleDaemon 7.5.1
java_class_path (initial): C:\Users\admin-1\.gradle\wrapper\dists\gradle-7.5.1-all\1ehga6e77gqps5uk2kc5kf1vc\gradle-7.5.1\lib\gradle-launcher-7.5.1.jar
Launcher Type: SUN_STANDARD

[Global flags]
     intx CICompilerCount                          = 3                                         {product} {ergonomic}
     uint ConcGCThreads                            = 1                                         {product} {ergonomic}
     uint G1ConcRefinementThreads                  = 4                                         {product} {ergonomic}
   size_t G1HeapRegionSize                         = 1048576                                   {product} {ergonomic}
    uintx GCDrainStackTargetSize                   = 64                                        {product} {ergonomic}
   size_t InitialHeapSize                          = 134217728                                 {product} {ergonomic}
   size_t MarkStackSize                            = 4194304                                   {product} {ergonomic}
   size_t MaxHeapSize                              = 2147483648                                {product} {command line}
   size_t MaxNewSize                               = 1287651328                                {product} {ergonomic}
   size_t MinHeapDeltaBytes                        = 1048576                                   {product} {ergonomic}
    uintx NonNMethodCodeHeapSize                   = 5830732                                {pd product} {ergonomic}
    uintx NonProfiledCodeHeapSize                  = 122913754                              {pd product} {ergonomic}
    uintx ProfiledCodeHeapSize                     = 122913754                              {pd product} {ergonomic}
    uintx ReservedCodeCacheSize                    = 251658240                              {pd product} {ergonomic}
     bool SegmentedCodeCache                       = true                                      {product} {ergonomic}
     bool UseCompressedClassPointers               = true                                 {lp64_product} {ergonomic}
     bool UseCompressedOops                        = true                                 {lp64_product} {ergonomic}
     bool UseG1GC                                  = true                                      {product} {ergonomic}
     bool UseLargePagesIndividualAllocation        = false                                  {pd product} {ergonomic}

Logging:
Log output configuration:
 #0: stdout all=warning uptime,level,tags
 #1: stderr all=off uptime,level,tags

Environment Variables:
CLASSPATH=C:\Users\admin-1\Documents\Awesome\android\\gradle\wrapper\gradle-wrapper.jar
PATH=C:\Program Files\Common Files\Oracle\Java\javapath;C:\Windows\system32;C:\Windows;C:\Windows\System32\Wbem;C:\Windows\System32\WindowsPowerShell\v1.0\;C:\Windows\System32\OpenSSH\;C:\Program Files\nodejs\;C:\Users\admin-1\AppData\Local\Android\Sdk\platform-tools;C:\Users\admin-1\AppData\Local\Microsoft\WindowsApps;C:\Users\admin-1\AppData\Roaming\npm;C:\Users\admin-1\AppData\Local\Programs\Microsoft VS Code\bin
USERNAME=admin-1
OS=Windows_NT
PROCESSOR_IDENTIFIER=Intel64 Family 6 Model 85 Stepping 4, GenuineIntel



---------------  S Y S T E M  ---------------

OS: Windows 10 , 64 bit Build 19041 (10.0.19041.1889)
Hyper-V role detected

CPU:total 4 (initial active 4) (2 cores per cpu, 2 threads per core) family 6 model 85 stepping 4 microcode 0xffffffff, cmov, cx8, fxsr, mmx, sse, sse2, sse3, ssse3, sse4.1, sse4.2, popcnt, avx, avx2, aes, clmul, erms, rtm, 3dnowpref, lzcnt, ht, tsc, bmi1, bmi2, adx, fma

Memory: 4k page, system-wide physical 8190M (399M free)
TotalPageFile size 12286M (AvailPageFile size 5M)
current process WorkingSet (physical memory assigned to process): 407M, peak: 407M
current process commit charge ("private bytes"): 449M, peak: 449M

vm_info: Java HotSpot(TM) 64-Bit Server VM (11.0.16+11-LTS-199) for windows-amd64 JRE (11.0.16+11-LTS-199), built on Jun 28 2022 08:23:17 by "mach5one" with MS VC++ 15.9 (VS2017)

END.
