#
# There is insufficient memory for the Java Runtime Environment to continue.
# Native memory allocation (mmap) failed to map 27262976 bytes for Failed to commit area from 0x0000000088000000 to 0x0000000089a00000 of length 27262976.
# Possible reasons:
#   The system is out of physical RAM or swap space
#   The process is running with CompressedOops enabled, and the Java Heap may be blocking the growth of the native heap
# Possible solutions:
#   Reduce memory load on the system
#   Increase physical memory or swap space
#   Check if swap backing store is full
#   Decrease Java heap size (-Xmx/-Xms)
#   Decrease number of Java threads
#   Decrease Java thread stack sizes (-Xss)
#   Set larger code cache with -XX:ReservedCodeCacheSize=
#   JVM is running with Unscaled Compressed Oops mode in which the Java heap is
#     placed in the first 4GB address space. The Java Heap base address is the
#     maximum limit for the native heap growth. Please use -XX:HeapBaseMinAddress
#     to set the Java Heap base and to place the Java Heap above 4GB virtual address.
# This output file may be truncated or incomplete.
#
#  Out of Memory Error (./open/src/hotspot/os/windows/os_windows.cpp:3287), pid=9728, tid=5420
#
# JRE version: Java(TM) SE Runtime Environment 18.9 (11.0.16+11) (build 11.0.16+11-LTS-199)
# Java VM: Java HotSpot(TM) 64-Bit Server VM 18.9 (11.0.16+11-LTS-199, mixed mode, tiered, compressed oops, g1 gc, windows-amd64)
# No core dump will be written. Minidumps are not enabled by default on client versions of Windows
#

---------------  S U M M A R Y ------------

Command Line: -XX:MaxMetaspaceSize=512m --add-opens=java.base/java.util=ALL-UNNAMED --add-opens=java.base/java.lang=ALL-UNNAMED --add-opens=java.base/java.lang.invoke=ALL-UNNAMED --add-opens=java.base/java.util=ALL-UNNAMED --add-opens=java.prefs/java.util.prefs=ALL-UNNAMED --add-opens=java.prefs/java.util.prefs=ALL-UNNAMED --add-opens=java.base/java.nio.charset=ALL-UNNAMED --add-opens=java.base/java.net=ALL-UNNAMED --add-opens=java.base/java.util.concurrent.atomic=ALL-UNNAMED -Xmx2048m -Dfile.encoding=windows-1252 -Duser.country=US -Duser.language=en -Duser.variant org.gradle.launcher.daemon.bootstrap.GradleDaemon 7.5.1

Host: Intel(R) Xeon(R) Platinum 8168 CPU @ 2.70GHz, 4 cores, 7G,  Windows 10 , 64 bit Build 19041 (10.0.19041.1889)
Time: Thu Oct  6 01:46:31 2022 Coordinated Universal Time elapsed time: 3.486864 seconds (0d 0h 0m 3s)

---------------  T H R E A D  ---------------

Current thread (0x00000257fb573000):  VMThread "VM Thread" [stack: 0x000000f8b1100000,0x000000f8b1200000] [id=5420]

Stack: [0x000000f8b1100000,0x000000f8b1200000]
[error occurred during error reporting (printing stack bounds), id 0xc0000005, EXCEPTION_ACCESS_VIOLATION (0xc0000005) at pc=0x0000025780000f2d]

Native frames: (J=compiled Java code, j=interpreted, Vv=VM code, C=native code)
V  [jvm.dll+0x62a3ea]
V  [jvm.dll+0x76418f]
V  [jvm.dll+0x765839]
V  [jvm.dll+0x765e25]
V  [jvm.dll+0x765ddb]
V  [jvm.dll+0x6298d3]
V  [jvm.dll+0x629fe8]
C  [ntdll.dll+0xa235f]
C  [ntdll.dll+0x514a4]
C  [ntdll.dll+0xa0e8e]
C  0x0000025780000f2d

VM_Operation (0x000000f8b25f6500): G1CollectForAllocation, mode: safepoint, requested by thread 0x00000257fe030800


---------------  P R O C E S S  ---------------

Threads class SMR info:
_java_thread_list=0x00000257909cdab0, length=31, elements={
0x00000257ecdf7800, 0x00000257fb577000, 0x00000257fb583800, 0x00000257fb58f800,
0x00000257fb593000, 0x00000257fb596000, 0x00000257fbee1800, 0x00000257fbee6000,
0x00000257fbee9800, 0x00000257fc055000, 0x00000257fc2de000, 0x00000257fe638000,
0x00000257fda3d800, 0x00000257fd6e0000, 0x00000257fe01e000, 0x00000257fdd60800,
0x00000257fe1c2000, 0x00000257fe030800, 0x00000257fe3af000, 0x00000257fd48a800,
0x00000257fe02b800, 0x00000257fe029000, 0x00000257fe02a000, 0x00000257fe026800,
0x00000257fe028800, 0x00000257fe02c800, 0x00000257fe02a800, 0x00000257fe02d000,
0x00000257fe027800, 0x000002578f726800, 0x000002578f723000
}

Java Threads: ( => current thread )
  0x00000257ecdf7800 JavaThread "main" [_thread_blocked, id=10720, stack(0x000000f8b0b00000,0x000000f8b0c00000)]
  0x00000257fb577000 JavaThread "Reference Handler" daemon [_thread_blocked, id=7624, stack(0x000000f8b1200000,0x000000f8b1300000)]
  0x00000257fb583800 JavaThread "Finalizer" daemon [_thread_blocked, id=13948, stack(0x000000f8b1300000,0x000000f8b1400000)]
  0x00000257fb58f800 JavaThread "Signal Dispatcher" daemon [_thread_blocked, id=12440, stack(0x000000f8b1400000,0x000000f8b1500000)]
  0x00000257fb593000 JavaThread "Attach Listener" daemon [_thread_blocked, id=13348, stack(0x000000f8b1500000,0x000000f8b1600000)]
  0x00000257fb596000 JavaThread "Service Thread" daemon [_thread_blocked, id=7040, stack(0x000000f8b1600000,0x000000f8b1700000)]
  0x00000257fbee1800 JavaThread "C2 CompilerThread0" daemon [_thread_blocked, id=12872, stack(0x000000f8b1700000,0x000000f8b1800000)]
  0x00000257fbee6000 JavaThread "C1 CompilerThread0" daemon [_thread_blocked, id=14276, stack(0x000000f8b1800000,0x000000f8b1900000)]
  0x00000257fbee9800 JavaThread "Sweeper thread" daemon [_thread_blocked, id=9268, stack(0x000000f8b1900000,0x000000f8b1a00000)]
  0x00000257fc055000 JavaThread "Common-Cleaner" daemon [_thread_blocked, id=8452, stack(0x000000f8b1a00000,0x000000f8b1b00000)]
  0x00000257fc2de000 JavaThread "C2 CompilerThread1" daemon [_thread_blocked, id=9820, stack(0x000000f8b1c00000,0x000000f8b1d00000)]
  0x00000257fe638000 JavaThread "Daemon health stats" [_thread_blocked, id=6644, stack(0x000000f8b1f00000,0x000000f8b2000000)]
  0x00000257fda3d800 JavaThread "Incoming local TCP Connector on port 52245" [_thread_in_native, id=13352, stack(0x000000f8b2000000,0x000000f8b2100000)]
  0x00000257fd6e0000 JavaThread "Daemon periodic checks" [_thread_blocked, id=6104, stack(0x000000f8b2100000,0x000000f8b2200000)]
  0x00000257fe01e000 JavaThread "Daemon" [_thread_blocked, id=2168, stack(0x000000f8b2200000,0x000000f8b2300000)]
  0x00000257fdd60800 JavaThread "Handler for socket connection from /127.0.0.1:52245 to /127.0.0.1:52246" [_thread_in_native, id=6476, stack(0x000000f8b2300000,0x000000f8b2400000)]
  0x00000257fe1c2000 JavaThread "Cancel handler" [_thread_blocked, id=12972, stack(0x000000f8b2400000,0x000000f8b2500000)]
  0x00000257fe030800 JavaThread "Daemon worker" [_thread_blocked, id=10376, stack(0x000000f8b2500000,0x000000f8b2600000)]
  0x00000257fe3af000 JavaThread "Asynchronous log dispatcher for DefaultDaemonConnection: socket connection from /127.0.0.1:52245 to /127.0.0.1:52246" [_thread_blocked, id=12104, stack(0x000000f8b2600000,0x000000f8b2700000)]
  0x00000257fd48a800 JavaThread "Stdin handler" [_thread_blocked, id=11272, stack(0x000000f8b2700000,0x000000f8b2800000)]
  0x00000257fe02b800 JavaThread "Daemon client event forwarder" [_thread_blocked, id=5580, stack(0x000000f8b2800000,0x000000f8b2900000)]
  0x00000257fe029000 JavaThread "Cache worker for journal cache (C:\Users\admin-1\.gradle\caches\journal-1)" [_thread_blocked, id=14228, stack(0x000000f8b2b00000,0x000000f8b2c00000)]
  0x00000257fe02a000 JavaThread "File lock request listener" [_thread_in_native, id=8060, stack(0x000000f8b2c00000,0x000000f8b2d00000)]
  0x00000257fe026800 JavaThread "Cache worker for file hash cache (C:\Users\admin-1\.gradle\caches\7.5.1\fileHashes)" [_thread_blocked, id=13036, stack(0x000000f8b2d00000,0x000000f8b2e00000)]
  0x00000257fe028800 JavaThread "File watcher server" daemon [_thread_in_native, id=12640, stack(0x000000f8b2e00000,0x000000f8b2f00000)]
  0x00000257fe02c800 JavaThread "File watcher consumer" daemon [_thread_blocked, id=7328, stack(0x000000f8b2f00000,0x000000f8b3000000)]
  0x00000257fe02a800 JavaThread "Cache worker for checksums cache (C:\Users\admin-1\Documents\Awesome\android\.gradle\7.5.1\checksums)" [_thread_blocked, id=12076, stack(0x000000f8b3000000,0x000000f8b3100000)]
  0x00000257fe02d000 JavaThread "Cache worker for cache directory md-rule (C:\Users\admin-1\.gradle\caches\7.5.1\md-rule)" [_thread_blocked, id=13928, stack(0x000000f8b3100000,0x000000f8b3200000)]
  0x00000257fe027800 JavaThread "Cache worker for file content cache (C:\Users\admin-1\.gradle\caches\7.5.1\fileContent)" [_thread_blocked, id=14176, stack(0x000000f8b3200000,0x000000f8b3300000)]
  0x000002578f726800 JavaThread "Cache worker for file hash cache (C:\Users\admin-1\Documents\Awesome\android\.gradle\7.5.1\fileHashes)" [_thread_blocked, id=8240, stack(0x000000f8b3300000,0x000000f8b3400000)]
  0x000002578f723000 JavaThread "Cache worker for cache directory md-supplier (C:\Users\admin-1\.gradle\caches\7.5.1\md-supplier)" [_thread_blocked, id=13248, stack(0x000000f8b3400000,0x000000f8b3500000)]

Other Threads:
=>0x00000257fb573000 VMThread "VM Thread" [stack: 0x000000f8b1100000,0x000000f8b1200000] [id=5420]
  0x00000257fc0c5800 WatcherThread [stack: 0x000000f8b1b00000,0x000000f8b1c00000] [id=13064]
  0x00000257ece0e000 GCTaskThread "GC Thread#0" [stack: 0x000000f8b0c00000,0x000000f8b0d00000] [id=7388]
  0x00000257fc2ad000 GCTaskThread "GC Thread#1" [stack: 0x000000f8b1d00000,0x000000f8b1e00000] [id=5888]
  0x00000257fc826800 GCTaskThread "GC Thread#2" [stack: 0x000000f8b1e00000,0x000000f8b1f00000] [id=12248]
  0x00000257fde10000 GCTaskThread "GC Thread#3" [stack: 0x000000f8b2900000,0x000000f8b2a00000] [id=4016]
  0x00000257ece40800 ConcurrentGCThread "G1 Main Marker" [stack: 0x000000f8b0d00000,0x000000f8b0e00000] [id=13936]
  0x00000257ece42800 ConcurrentGCThread "G1 Conc#0" [stack: 0x000000f8b0e00000,0x000000f8b0f00000] [id=11856]
  0x00000257eced0800 ConcurrentGCThread "G1 Refine#0" [stack: 0x000000f8b0f00000,0x000000f8b1000000] [id=13264]
  0x00000257fd349000 ConcurrentGCThread "G1 Refine#1" [stack: 0x000000f8b2a00000,0x000000f8b2b00000] [id=4444]
  0x00000257eced1800 ConcurrentGCThread "G1 Young RemSet Sampling" [stack: 0x000000f8b1000000,0x000000f8b1100000] [id=5244]

Threads with active compile tasks:

VM state:at safepoint (normal execution)

VM Mutex/Monitor currently owned by a thread:  ([mutex/lock_event])
[0x00000257ecdf34c0] Threads_lock - owner thread: 0x00000257fb573000
[0x00000257ecdf3790] Heap_lock - owner thread: 0x00000257fe030800

Heap address: 0x0000000080000000, size: 2048 MB, Compressed Oops mode: 32-bit
Narrow klass base: 0x0000000000000000, Narrow klass shift: 3
Compressed class space size: 528482304 Address: 0x0000000100000000

Heap:
 garbage-first heap   total 157696K, used 20053K [0x0000000080000000, 0x0000000100000000)
  region size 1024K, 5 young (5120K), 5 survivors (5120K)
 Metaspace       used 29412K, capacity 30158K, committed 30464K, reserved 542720K
  class space    used 3967K, capacity 4249K, committed 4352K, reserved 516096K
Heap Regions: E=young(eden), S=young(survivor), O=old, HS=humongous(starts), HC=humongous(continues), CS=collection set, F=free, A=archive, TAMS=top-at-mark-start (previous, next)
|   0|0x0000000080000000, 0x0000000080100000, 0x0000000080100000|100%|HS|  |TAMS 0x0000000080100000, 0x0000000080000000| Complete 
|   1|0x0000000080100000, 0x0000000080200000, 0x0000000080200000|100%|HC|  |TAMS 0x0000000080200000, 0x0000000080100000| Complete 
|   2|0x0000000080200000, 0x0000000080300000, 0x0000000080300000|100%|HC|  |TAMS 0x0000000080300000, 0x0000000080200000| Complete 
|   3|0x0000000080300000, 0x0000000080400000, 0x0000000080400000|100%| O|  |TAMS 0x0000000080400000, 0x0000000080300000| Untracked 
|   4|0x0000000080400000, 0x0000000080500000, 0x0000000080500000|100%| O|  |TAMS 0x0000000080500000, 0x0000000080400000| Untracked 
|   5|0x0000000080500000, 0x0000000080600000, 0x0000000080600000|100%| O|  |TAMS 0x0000000080600000, 0x0000000080500000| Untracked 
|   6|0x0000000080600000, 0x0000000080700000, 0x0000000080700000|100%| O|  |TAMS 0x0000000080700000, 0x0000000080600000| Untracked 
|   7|0x0000000080700000, 0x0000000080800000, 0x0000000080800000|100%| O|  |TAMS 0x0000000080800000, 0x0000000080700000| Untracked 
|   8|0x0000000080800000, 0x0000000080900000, 0x0000000080900000|100%| O|  |TAMS 0x0000000080900000, 0x0000000080800000| Untracked 
|   9|0x0000000080900000, 0x0000000080a00000, 0x0000000080a00000|100%| O|  |TAMS 0x0000000080a00000, 0x0000000080900000| Untracked 
|  10|0x0000000080a00000, 0x0000000080b00000, 0x0000000080b00000|100%| O|  |TAMS 0x0000000080b00000, 0x0000000080a00000| Untracked 
|  11|0x0000000080b00000, 0x0000000080c00000, 0x0000000080c00000|100%| O|  |TAMS 0x0000000080c00000, 0x0000000080b00000| Untracked 
|  12|0x0000000080c00000, 0x0000000080d00000, 0x0000000080d00000|100%| O|  |TAMS 0x0000000080d00000, 0x0000000080c00000| Untracked 
|  13|0x0000000080d00000, 0x0000000080e00000, 0x0000000080e00000|100%| O|  |TAMS 0x0000000080e00000, 0x0000000080d00000| Untracked 
|  14|0x0000000080e00000, 0x0000000080f00000, 0x0000000080f00000|100%| O|  |TAMS 0x0000000080f00000, 0x0000000080e00000| Untracked 
|  15|0x0000000080f00000, 0x0000000080f38400, 0x0000000081000000| 21%| O|  |TAMS 0x0000000080f38400, 0x0000000080f00000| Untracked 
|  16|0x0000000081000000, 0x0000000081000000, 0x0000000081100000|  0%| F|  |TAMS 0x0000000081000000, 0x0000000081000000| Untracked 
|  17|0x0000000081100000, 0x0000000081100000, 0x0000000081200000|  0%| F|  |TAMS 0x0000000081100000, 0x0000000081100000| Untracked 
|  18|0x0000000081200000, 0x0000000081200000, 0x0000000081300000|  0%| F|  |TAMS 0x0000000081200000, 0x0000000081200000| Untracked 
|  19|0x0000000081300000, 0x0000000081300000, 0x0000000081400000|  0%| F|  |TAMS 0x0000000081300000, 0x0000000081300000| Untracked 
|  20|0x0000000081400000, 0x0000000081400000, 0x0000000081500000|  0%| F|  |TAMS 0x0000000081400000, 0x0000000081400000| Untracked 
|  21|0x0000000081500000, 0x0000000081500000, 0x0000000081600000|  0%| F|  |TAMS 0x0000000081500000, 0x0000000081500000| Untracked 
|  22|0x0000000081600000, 0x0000000081600000, 0x0000000081700000|  0%| F|  |TAMS 0x0000000081600000, 0x0000000081600000| Untracked 
|  23|0x0000000081700000, 0x0000000081700000, 0x0000000081800000|  0%| F|  |TAMS 0x0000000081700000, 0x0000000081700000| Untracked 
|  24|0x0000000081800000, 0x0000000081800000, 0x0000000081900000|  0%| F|  |TAMS 0x0000000081800000, 0x0000000081800000| Untracked 
|  25|0x0000000081900000, 0x0000000081900000, 0x0000000081a00000|  0%| F|  |TAMS 0x0000000081900000, 0x0000000081900000| Untracked 
|  26|0x0000000081a00000, 0x0000000081a00000, 0x0000000081b00000|  0%| F|  |TAMS 0x0000000081a00000, 0x0000000081a00000| Untracked 
|  27|0x0000000081b00000, 0x0000000081b00000, 0x0000000081c00000|  0%| F|  |TAMS 0x0000000081b00000, 0x0000000081b00000| Untracked 
|  28|0x0000000081c00000, 0x0000000081c00000, 0x0000000081d00000|  0%| F|  |TAMS 0x0000000081c00000, 0x0000000081c00000| Untracked 
|  29|0x0000000081d00000, 0x0000000081d00000, 0x0000000081e00000|  0%| F|  |TAMS 0x0000000081d00000, 0x0000000081d00000| Untracked 
|  30|0x0000000081e00000, 0x0000000081e00000, 0x0000000081f00000|  0%| F|  |TAMS 0x0000000081e00000, 0x0000000081e00000| Untracked 
|  31|0x0000000081f00000, 0x0000000081f00000, 0x0000000082000000|  0%| F|  |TAMS 0x0000000081f00000, 0x0000000081f00000| Untracked 
|  32|0x0000000082000000, 0x0000000082000000, 0x0000000082100000|  0%| F|  |TAMS 0x0000000082000000, 0x0000000082000000| Untracked 
|  33|0x0000000082100000, 0x0000000082100000, 0x0000000082200000|  0%| F|  |TAMS 0x0000000082100000, 0x0000000082100000| Untracked 
|  34|0x0000000082200000, 0x0000000082200000, 0x0000000082300000|  0%| F|  |TAMS 0x0000000082200000, 0x0000000082200000| Untracked 
|  35|0x0000000082300000, 0x0000000082300000, 0x0000000082400000|  0%| F|  |TAMS 0x0000000082300000, 0x0000000082300000| Untracked 
|  36|0x0000000082400000, 0x0000000082400000, 0x0000000082500000|  0%| F|  |TAMS 0x0000000082400000, 0x0000000082400000| Untracked 
|  37|0x0000000082500000, 0x0000000082500000, 0x0000000082600000|  0%| F|  |TAMS 0x0000000082500000, 0x0000000082500000| Untracked 
|  38|0x0000000082600000, 0x0000000082600000, 0x0000000082700000|  0%| F|  |TAMS 0x0000000082600000, 0x0000000082600000| Untracked 
|  39|0x0000000082700000, 0x0000000082700000, 0x0000000082800000|  0%| F|  |TAMS 0x0000000082700000, 0x0000000082700000| Untracked 
|  40|0x0000000082800000, 0x0000000082800000, 0x0000000082900000|  0%| F|  |TAMS 0x0000000082800000, 0x0000000082800000| Untracked 
|  41|0x0000000082900000, 0x0000000082900000, 0x0000000082a00000|  0%| F|  |TAMS 0x0000000082900000, 0x0000000082900000| Untracked 
|  42|0x0000000082a00000, 0x0000000082a00000, 0x0000000082b00000|  0%| F|  |TAMS 0x0000000082a00000, 0x0000000082a00000| Untracked 
|  43|0x0000000082b00000, 0x0000000082b00000, 0x0000000082c00000|  0%| F|  |TAMS 0x0000000082b00000, 0x0000000082b00000| Untracked 
|  44|0x0000000082c00000, 0x0000000082c00000, 0x0000000082d00000|  0%| F|  |TAMS 0x0000000082c00000, 0x0000000082c00000| Untracked 
|  45|0x0000000082d00000, 0x0000000082d00000, 0x0000000082e00000|  0%| F|  |TAMS 0x0000000082d00000, 0x0000000082d00000| Untracked 
|  46|0x0000000082e00000, 0x0000000082e00000, 0x0000000082f00000|  0%| F|  |TAMS 0x0000000082e00000, 0x0000000082e00000| Untracked 
|  47|0x0000000082f00000, 0x0000000082f00000, 0x0000000083000000|  0%| F|  |TAMS 0x0000000082f00000, 0x0000000082f00000| Untracked 
|  48|0x0000000083000000, 0x0000000083000000, 0x0000000083100000|  0%| F|  |TAMS 0x0000000083000000, 0x0000000083000000| Untracked 
|  49|0x0000000083100000, 0x0000000083100000, 0x0000000083200000|  0%| F|  |TAMS 0x0000000083100000, 0x0000000083100000| Untracked 
|  50|0x0000000083200000, 0x0000000083200000, 0x0000000083300000|  0%| F|  |TAMS 0x0000000083200000, 0x0000000083200000| Untracked 
|  51|0x0000000083300000, 0x0000000083300000, 0x0000000083400000|  0%| F|  |TAMS 0x0000000083300000, 0x0000000083300000| Untracked 
|  52|0x0000000083400000, 0x0000000083400000, 0x0000000083500000|  0%| F|  |TAMS 0x0000000083400000, 0x0000000083400000| Untracked 
|  53|0x0000000083500000, 0x0000000083500000, 0x0000000083600000|  0%| F|  |TAMS 0x0000000083500000, 0x0000000083500000| Untracked 
|  54|0x0000000083600000, 0x0000000083600000, 0x0000000083700000|  0%| F|  |TAMS 0x0000000083600000, 0x0000000083600000| Untracked 
|  55|0x0000000083700000, 0x0000000083700000, 0x0000000083800000|  0%| F|  |TAMS 0x0000000083700000, 0x0000000083700000| Untracked 
|  56|0x0000000083800000, 0x0000000083800000, 0x0000000083900000|  0%| F|  |TAMS 0x0000000083800000, 0x0000000083800000| Untracked 
|  57|0x0000000083900000, 0x0000000083900000, 0x0000000083a00000|  0%| F|  |TAMS 0x0000000083900000, 0x0000000083900000| Untracked 
|  58|0x0000000083a00000, 0x0000000083a00000, 0x0000000083b00000|  0%| F|  |TAMS 0x0000000083a00000, 0x0000000083a00000| Untracked 
|  59|0x0000000083b00000, 0x0000000083b00000, 0x0000000083c00000|  0%| F|  |TAMS 0x0000000083b00000, 0x0000000083b00000| Untracked 
|  60|0x0000000083c00000, 0x0000000083c00000, 0x0000000083d00000|  0%| F|  |TAMS 0x0000000083c00000, 0x0000000083c00000| Untracked 
|  61|0x0000000083d00000, 0x0000000083d00000, 0x0000000083e00000|  0%| F|  |TAMS 0x0000000083d00000, 0x0000000083d00000| Untracked 
|  62|0x0000000083e00000, 0x0000000083e00000, 0x0000000083f00000|  0%| F|  |TAMS 0x0000000083e00000, 0x0000000083e00000| Untracked 
|  63|0x0000000083f00000, 0x0000000083f00000, 0x0000000084000000|  0%| F|  |TAMS 0x0000000083f00000, 0x0000000083f00000| Untracked 
|  64|0x0000000084000000, 0x0000000084000000, 0x0000000084100000|  0%| F|  |TAMS 0x0000000084000000, 0x0000000084000000| Untracked 
|  65|0x0000000084100000, 0x0000000084100000, 0x0000000084200000|  0%| F|  |TAMS 0x0000000084100000, 0x0000000084100000| Untracked 
|  66|0x0000000084200000, 0x0000000084200000, 0x0000000084300000|  0%| F|  |TAMS 0x0000000084200000, 0x0000000084200000| Untracked 
|  67|0x0000000084300000, 0x0000000084300000, 0x0000000084400000|  0%| F|  |TAMS 0x0000000084300000, 0x0000000084300000| Untracked 
|  68|0x0000000084400000, 0x0000000084400000, 0x0000000084500000|  0%| F|  |TAMS 0x0000000084400000, 0x0000000084400000| Untracked 
|  69|0x0000000084500000, 0x000000008455d098, 0x0000000084600000| 36%| S|CS|TAMS 0x0000000084500000, 0x0000000084500000| Complete 
|  70|0x0000000084600000, 0x0000000084700000, 0x0000000084700000|100%| S|CS|TAMS 0x0000000084600000, 0x0000000084600000| Complete 
|  71|0x0000000084700000, 0x0000000084800000, 0x0000000084800000|100%| S|CS|TAMS 0x0000000084700000, 0x0000000084700000| Complete 
|  72|0x0000000084800000, 0x0000000084900000, 0x0000000084900000|100%| S|CS|TAMS 0x0000000084800000, 0x0000000084800000| Complete 
|  73|0x0000000084900000, 0x0000000084a00000, 0x0000000084a00000|100%| S|CS|TAMS 0x0000000084900000, 0x0000000084900000| Complete 
|  74|0x0000000084a00000, 0x0000000084a00000, 0x0000000084b00000|  0%| F|  |TAMS 0x0000000084a00000, 0x0000000084a00000| Untracked 
|  75|0x0000000084b00000, 0x0000000084b00000, 0x0000000084c00000|  0%| F|  |TAMS 0x0000000084b00000, 0x0000000084b00000| Untracked 
|  76|0x0000000084c00000, 0x0000000084c00000, 0x0000000084d00000|  0%| F|  |TAMS 0x0000000084c00000, 0x0000000084c00000| Untracked 
|  77|0x0000000084d00000, 0x0000000084d00000, 0x0000000084e00000|  0%| F|  |TAMS 0x0000000084d00000, 0x0000000084d00000| Untracked 
|  78|0x0000000084e00000, 0x0000000084e00000, 0x0000000084f00000|  0%| F|  |TAMS 0x0000000084e00000, 0x0000000084e00000| Untracked 
|  79|0x0000000084f00000, 0x0000000084f00000, 0x0000000085000000|  0%| F|  |TAMS 0x0000000084f00000, 0x0000000084f00000| Untracked 
|  80|0x0000000085000000, 0x0000000085000000, 0x0000000085100000|  0%| F|  |TAMS 0x0000000085000000, 0x0000000085000000| Untracked 
|  81|0x0000000085100000, 0x0000000085100000, 0x0000000085200000|  0%| F|  |TAMS 0x0000000085100000, 0x0000000085100000| Untracked 
|  82|0x0000000085200000, 0x0000000085200000, 0x0000000085300000|  0%| F|  |TAMS 0x0000000085200000, 0x0000000085200000| Untracked 
|  83|0x0000000085300000, 0x0000000085300000, 0x0000000085400000|  0%| F|  |TAMS 0x0000000085300000, 0x0000000085300000| Untracked 
|  84|0x0000000085400000, 0x0000000085400000, 0x0000000085500000|  0%| F|  |TAMS 0x0000000085400000, 0x0000000085400000| Untracked 
|  85|0x0000000085500000, 0x0000000085500000, 0x0000000085600000|  0%| F|  |TAMS 0x0000000085500000, 0x0000000085500000| Untracked 
|  86|0x0000000085600000, 0x0000000085600000, 0x0000000085700000|  0%| F|  |TAMS 0x0000000085600000, 0x0000000085600000| Untracked 
|  87|0x0000000085700000, 0x0000000085700000, 0x0000000085800000|  0%| F|  |TAMS 0x0000000085700000, 0x0000000085700000| Untracked 
|  88|0x0000000085800000, 0x0000000085800000, 0x0000000085900000|  0%| F|  |TAMS 0x0000000085800000, 0x0000000085800000| Untracked 
|  89|0x0000000085900000, 0x0000000085900000, 0x0000000085a00000|  0%| F|  |TAMS 0x0000000085900000, 0x0000000085900000| Untracked 
|  90|0x0000000085a00000, 0x0000000085a00000, 0x0000000085b00000|  0%| F|  |TAMS 0x0000000085a00000, 0x0000000085a00000| Untracked 
|  91|0x0000000085b00000, 0x0000000085b00000, 0x0000000085c00000|  0%| F|  |TAMS 0x0000000085b00000, 0x0000000085b00000| Untracked 
|  92|0x0000000085c00000, 0x0000000085c00000, 0x0000000085d00000|  0%| F|  |TAMS 0x0000000085c00000, 0x0000000085c00000| Untracked 
|  93|0x0000000085d00000, 0x0000000085d00000, 0x0000000085e00000|  0%| F|  |TAMS 0x0000000085d00000, 0x0000000085d00000| Untracked 
|  94|0x0000000085e00000, 0x0000000085e00000, 0x0000000085f00000|  0%| F|  |TAMS 0x0000000085e00000, 0x0000000085e00000| Untracked 
|  95|0x0000000085f00000, 0x0000000085f00000, 0x0000000086000000|  0%| F|  |TAMS 0x0000000085f00000, 0x0000000085f00000| Untracked 
|  96|0x0000000086000000, 0x0000000086000000, 0x0000000086100000|  0%| F|  |TAMS 0x0000000086000000, 0x0000000086000000| Untracked 
|  97|0x0000000086100000, 0x0000000086100000, 0x0000000086200000|  0%| F|  |TAMS 0x0000000086100000, 0x0000000086100000| Untracked 
|  98|0x0000000086200000, 0x0000000086200000, 0x0000000086300000|  0%| F|  |TAMS 0x0000000086200000, 0x0000000086200000| Untracked 
|  99|0x0000000086300000, 0x0000000086300000, 0x0000000086400000|  0%| F|  |TAMS 0x0000000086300000, 0x0000000086300000| Untracked 
| 100|0x0000000086400000, 0x0000000086400000, 0x0000000086500000|  0%| F|  |TAMS 0x0000000086400000, 0x0000000086400000| Untracked 
| 101|0x0000000086500000, 0x0000000086500000, 0x0000000086600000|  0%| F|  |TAMS 0x0000000086500000, 0x0000000086500000| Untracked 
| 102|0x0000000086600000, 0x0000000086600000, 0x0000000086700000|  0%| F|  |TAMS 0x0000000086600000, 0x0000000086600000| Untracked 
| 103|0x0000000086700000, 0x0000000086700000, 0x0000000086800000|  0%| F|  |TAMS 0x0000000086700000, 0x0000000086700000| Untracked 
| 104|0x0000000086800000, 0x0000000086800000, 0x0000000086900000|  0%| F|  |TAMS 0x0000000086800000, 0x0000000086800000| Untracked 
| 105|0x0000000086900000, 0x0000000086900000, 0x0000000086a00000|  0%| F|  |TAMS 0x0000000086900000, 0x0000000086900000| Untracked 
| 106|0x0000000086a00000, 0x0000000086a00000, 0x0000000086b00000|  0%| F|  |TAMS 0x0000000086a00000, 0x0000000086a00000| Untracked 
| 107|0x0000000086b00000, 0x0000000086b00000, 0x0000000086c00000|  0%| F|  |TAMS 0x0000000086b00000, 0x0000000086b00000| Untracked 
| 108|0x0000000086c00000, 0x0000000086c00000, 0x0000000086d00000|  0%| F|  |TAMS 0x0000000086c00000, 0x0000000086c00000| Untracked 
| 109|0x0000000086d00000, 0x0000000086d00000, 0x0000000086e00000|  0%| F|  |TAMS 0x0000000086d00000, 0x0000000086d00000| Untracked 
| 110|0x0000000086e00000, 0x0000000086e00000, 0x0000000086f00000|  0%| F|  |TAMS 0x0000000086e00000, 0x0000000086e00000| Untracked 
| 111|0x0000000086f00000, 0x0000000086f00000, 0x0000000087000000|  0%| F|  |TAMS 0x0000000086f00000, 0x0000000086f00000| Untracked 
| 112|0x0000000087000000, 0x0000000087000000, 0x0000000087100000|  0%| F|  |TAMS 0x0000000087000000, 0x0000000087000000| Untracked 
| 113|0x0000000087100000, 0x0000000087100000, 0x0000000087200000|  0%| F|  |TAMS 0x0000000087100000, 0x0000000087100000| Untracked 
| 114|0x0000000087200000, 0x0000000087200000, 0x0000000087300000|  0%| F|  |TAMS 0x0000000087200000, 0x0000000087200000| Untracked 
| 115|0x0000000087300000, 0x0000000087300000, 0x0000000087400000|  0%| F|  |TAMS 0x0000000087300000, 0x0000000087300000| Untracked 
| 116|0x0000000087400000, 0x0000000087400000, 0x0000000087500000|  0%| F|  |TAMS 0x0000000087400000, 0x0000000087400000| Untracked 
| 117|0x0000000087500000, 0x0000000087500000, 0x0000000087600000|  0%| F|  |TAMS 0x0000000087500000, 0x0000000087500000| Untracked 
| 118|0x0000000087600000, 0x0000000087600000, 0x0000000087700000|  0%| F|  |TAMS 0x0000000087600000, 0x0000000087600000| Untracked 
| 119|0x0000000087700000, 0x0000000087700000, 0x0000000087800000|  0%| F|  |TAMS 0x0000000087700000, 0x0000000087700000| Untracked 
| 120|0x0000000087800000, 0x0000000087800000, 0x0000000087900000|  0%| F|  |TAMS 0x0000000087800000, 0x0000000087800000| Untracked 
| 121|0x0000000087900000, 0x0000000087900000, 0x0000000087a00000|  0%| F|  |TAMS 0x0000000087900000, 0x0000000087900000| Untracked 
| 122|0x0000000087a00000, 0x0000000087a00000, 0x0000000087b00000|  0%| F|  |TAMS 0x0000000087a00000, 0x0000000087a00000| Untracked 
| 123|0x0000000087b00000, 0x0000000087b00000, 0x0000000087c00000|  0%| F|  |TAMS 0x0000000087b00000, 0x0000000087b00000| Untracked 
| 124|0x0000000087c00000, 0x0000000087c00000, 0x0000000087d00000|  0%| F|  |TAMS 0x0000000087c00000, 0x0000000087c00000| Untracked 
| 125|0x0000000087d00000, 0x0000000087d00000, 0x0000000087e00000|  0%| F|  |TAMS 0x0000000087d00000, 0x0000000087d00000| Untracked 
| 126|0x0000000087e00000, 0x0000000087e00000, 0x0000000087f00000|  0%| F|  |TAMS 0x0000000087e00000, 0x0000000087e00000| Untracked 
| 127|0x0000000087f00000, 0x0000000087f00000, 0x0000000088000000|  0%| F|  |TAMS 0x0000000087f00000, 0x0000000087f00000| Untracked 

Card table byte_map: [0x00000257f48b0000,0x00000257f4cb0000] _byte_map_base: 0x00000257f44b0000

Marking Bits (Prev, Next): (CMBitMap*) 0x00000257ece37840, (CMBitMap*) 0x00000257ece37808
 Prev Bits: [0x00000257f70b0000, 0x00000257f90b0000)
 Next Bits: [0x00000257f50b0000, 0x00000257f70b0000)

Polling page: 0x00000257eade0000

Metaspace:

Usage:
  Non-class:     25.30 MB capacity,    24.85 MB ( 98%) used,   400.35 KB (  2%) free+waste,    63.44 KB ( <1%) overhead. 
      Class:      4.15 MB capacity,     3.87 MB ( 93%) used,   248.60 KB (  6%) free+waste,    33.00 KB ( <1%) overhead. 
       Both:     29.45 MB capacity,    28.72 MB ( 98%) used,   648.95 KB (  2%) free+waste,    96.44 KB ( <1%) overhead. 

Virtual space:
  Non-class space:       26.00 MB reserved,      25.50 MB ( 98%) committed 
      Class space:      504.00 MB reserved,       4.25 MB ( <1%) committed 
             Both:      530.00 MB reserved,      29.75 MB (  6%) committed 

Chunk freelists:
   Non-Class:  1.38 KB
       Class:  896 bytes
        Both:  2.25 KB

CodeHeap 'non-profiled nmethods': size=120064Kb used=1271Kb max_used=1271Kb free=118792Kb
 bounds [0x0000025787ac0000, 0x0000025787d30000, 0x000002578f000000]
CodeHeap 'profiled nmethods': size=120000Kb used=5229Kb max_used=5229Kb free=114770Kb
 bounds [0x0000025780590000, 0x0000025780ab0000, 0x0000025787ac0000]
CodeHeap 'non-nmethods': size=5696Kb used=1167Kb max_used=1205Kb free=4528Kb
 bounds [0x0000025780000000, 0x0000025780270000, 0x0000025780590000]
 total_blobs=3007 nmethods=2495 adapters=423
 compilation: enabled
              stopped_count=0, restarted_count=0
 full_count=0

Compilation events (10 events):
Event: 3.460 Thread 0x00000257fbee6000 2494       3       com.google.common.io.BaseEncoding$Alphabet::encode (7 bytes)
Event: 3.460 Thread 0x00000257fbee6000 nmethod 2494 0x0000025780aa9790 code [0x0000025780aa9920, 0x0000025780aa9a58]
Event: 3.461 Thread 0x00000257fbee6000 2495       3       java.util.regex.Pattern$BmpCharPredicate$$Lambda$14/0x0000000100090440::is (13 bytes)
Event: 3.461 Thread 0x00000257fbee6000 nmethod 2495 0x0000025780aa9b10 code [0x0000025780aa9ce0, 0x0000025780aaa0b8]
Event: 3.461 Thread 0x00000257fbee6000 2496       3       java.util.regex.Pattern$BmpCharPredicate::lambda$union$2 (26 bytes)
Event: 3.461 Thread 0x00000257fbee6000 nmethod 2496 0x0000025780aaa210 code [0x0000025780aaa3c0, 0x0000025780aaa6d8]
Event: 3.475 Thread 0x00000257fbee6000 2497       3       java.util.regex.CharPredicates$$Lambda$36/0x00000001000dbc40::is (9 bytes)
Event: 3.475 Thread 0x00000257fbee6000 nmethod 2497 0x0000025780aaa810 code [0x0000025780aaa9e0, 0x0000025780aaad78]
Event: 3.475 Thread 0x00000257fbee6000 2498       3       java.util.regex.CharPredicates::lambda$ctype$14 (21 bytes)
Event: 3.475 Thread 0x00000257fbee6000 nmethod 2498 0x0000025780aaaf10 code [0x0000025780aab0c0, 0x0000025780aab3d8]

GC Heap History (10 events):
Event: 0.475 GC heap after
{Heap after GC invocations=1 (full 0):
 garbage-first heap   total 131072K, used 3892K [0x0000000080000000, 0x0000000100000000)
  region size 1024K, 2 young (2048K), 2 survivors (2048K)
 Metaspace       used 6659K, capacity 6868K, committed 7168K, reserved 524288K
  class space    used 576K, capacity 650K, committed 768K, reserved 516096K
}
Event: 1.993 GC heap before
{Heap before GC invocations=1 (full 0):
 garbage-first heap   total 131072K, used 82740K [0x0000000080000000, 0x0000000100000000)
  region size 1024K, 76 young (77824K), 2 survivors (2048K)
 Metaspace       used 16917K, capacity 17269K, committed 17536K, reserved 532480K
  class space    used 1975K, capacity 2102K, committed 2176K, reserved 516096K
}
Event: 2.006 GC heap after
{Heap after GC invocations=2 (full 0):
 garbage-first heap   total 131072K, used 16218K [0x0000000080000000, 0x0000000100000000)
  region size 1024K, 10 young (10240K), 10 survivors (10240K)
 Metaspace       used 16917K, capacity 17269K, committed 17536K, reserved 532480K
  class space    used 1975K, capacity 2102K, committed 2176K, reserved 516096K
}
Event: 2.197 GC heap before
{Heap before GC invocations=2 (full 0):
 garbage-first heap   total 131072K, used 32602K [0x0000000080000000, 0x0000000100000000)
  region size 1024K, 26 young (26624K), 10 survivors (10240K)
 Metaspace       used 18835K, capacity 19129K, committed 19328K, reserved 534528K
  class space    used 2257K, capacity 2384K, committed 2432K, reserved 516096K
}
Event: 2.206 GC heap after
{Heap after GC invocations=3 (full 0):
 garbage-first heap   total 131072K, used 16609K [0x0000000080000000, 0x0000000100000000)
  region size 1024K, 1 young (1024K), 1 survivors (1024K)
 Metaspace       used 18835K, capacity 19129K, committed 19328K, reserved 534528K
  class space    used 2257K, capacity 2384K, committed 2432K, reserved 516096K
}
Event: 2.370 GC heap before
{Heap before GC invocations=3 (full 0):
 garbage-first heap   total 131072K, used 30945K [0x0000000080000000, 0x0000000100000000)
  region size 1024K, 16 young (16384K), 1 survivors (1024K)
 Metaspace       used 20627K, capacity 21085K, committed 21248K, reserved 534528K
  class space    used 2538K, capacity 2700K, committed 2816K, reserved 516096K
}
Event: 2.373 GC heap after
{Heap after GC invocations=4 (full 0):
 garbage-first heap   total 131072K, used 16949K [0x0000000080000000, 0x0000000100000000)
  region size 1024K, 2 young (2048K), 2 survivors (2048K)
 Metaspace       used 20627K, capacity 21085K, committed 21248K, reserved 534528K
  class space    used 2538K, capacity 2700K, committed 2816K, reserved 516096K
}
Event: 2.876 GC heap before
{Heap before GC invocations=5 (full 0):
 garbage-first heap   total 131072K, used 58933K [0x0000000080000000, 0x0000000100000000)
  region size 1024K, 44 young (45056K), 2 survivors (2048K)
 Metaspace       used 24682K, capacity 25324K, committed 25472K, reserved 538624K
  class space    used 3208K, capacity 3415K, committed 3456K, reserved 516096K
}
Event: 2.881 GC heap after
{Heap after GC invocations=6 (full 0):
 garbage-first heap   total 131072K, used 18572K [0x0000000080000000, 0x0000000100000000)
  region size 1024K, 3 young (3072K), 3 survivors (3072K)
 Metaspace       used 24682K, capacity 25324K, committed 25472K, reserved 538624K
  class space    used 3208K, capacity 3415K, committed 3456K, reserved 516096K
}
Event: 3.478 GC heap before
{Heap before GC invocations=6 (full 0):
 garbage-first heap   total 131072K, used 70796K [0x0000000080000000, 0x0000000100000000)
  region size 1024K, 54 young (55296K), 3 survivors (3072K)
 Metaspace       used 29412K, capacity 30158K, committed 30464K, reserved 542720K
  class space    used 3967K, capacity 4249K, committed 4352K, reserved 516096K
}

Deoptimization events (10 events):
Event: 2.232 Thread 0x00000257fe030800 Uncommon trap: reason=bimorphic_or_optimized_type_check action=maybe_recompile pc=0x0000025787b369a4 method=java.util.AbstractList$Itr.hasNext()Z @ 8 c2
Event: 2.232 Thread 0x00000257fe030800 Uncommon trap: reason=bimorphic_or_optimized_type_check action=maybe_recompile pc=0x0000025787b36d34 method=java.util.AbstractList$Itr.next()Ljava/lang/Object; @ 14 c2
Event: 2.232 Thread 0x00000257fe030800 Uncommon trap: reason=unstable_if action=reinterpret pc=0x0000025787b2f704 method=java.io.File.getName()Ljava/lang/String; @ 16 c2
Event: 2.232 Thread 0x00000257fe030800 Uncommon trap: reason=unstable_if action=reinterpret pc=0x0000025787b2d514 method=java.lang.String.substring(I)Ljava/lang/String; @ 34 c2
Event: 2.404 Thread 0x00000257fe030800 Uncommon trap: reason=unstable_if action=reinterpret pc=0x0000025787b95410 method=jdk.internal.org.objectweb.asm.Type.getArgumentsAndReturnSizes(Ljava/lang/String;)I @ 88 c2
Event: 2.610 Thread 0x00000257fe030800 Uncommon trap: reason=unstable_if action=reinterpret pc=0x0000025787b0e258 method=java.util.concurrent.ConcurrentHashMap.get(Ljava/lang/Object;)Ljava/lang/Object; @ 76 c2
Event: 2.949 Thread 0x00000257fe030800 Uncommon trap: reason=predicate action=maybe_recompile pc=0x0000025787bc2c7c method=com.google.common.base.CharMatcher.indexIn(Ljava/lang/CharSequence;I)I @ 19 c2
Event: 3.198 Thread 0x00000257fe030800 Uncommon trap: reason=intrinsic_or_type_checked_inlining action=make_not_entrant pc=0x0000025787bd6b64 method=java.util.Arrays.copyOf([Ljava/lang/Object;ILjava/lang/Class;)[Ljava/lang/Object; @ 35 c2
Event: 3.278 Thread 0x00000257fe030800 Uncommon trap: reason=unstable_if action=reinterpret pc=0x0000025787b9402c method=java.util.HashMap.hash(Ljava/lang/Object;)I @ 1 c2
Event: 3.278 Thread 0x00000257fe030800 Uncommon trap: reason=unstable_if action=reinterpret pc=0x0000025787ae4cac method=java.util.HashMap.hash(Ljava/lang/Object;)I @ 1 c2

Classes redefined (0 events):
No events

Internal exceptions (10 events):
Event: 3.278 Thread 0x00000257fe030800 Implicit null exception at 0x0000025787b93e55 to 0x0000025787b9401c
Event: 3.278 Thread 0x00000257fe030800 Implicit null exception at 0x0000025787ae4c2f to 0x0000025787ae4c9d
Event: 3.329 Thread 0x00000257fe030800 Exception <a 'java/lang/NoSuchMethodError'{0x0000000085c92388}: java.lang.invoke.DirectMethodHandle$Holder.invokeSpecial(Ljava/lang/Object;Ljava/lang/Object;Ljava/lang/Object;Ljava/lang/Object;Ljava/lang/Object;Ljava/lang/Object;Ljava/lang/Object;Ljava/la
Event: 3.330 Thread 0x00000257fe030800 Exception <a 'java/lang/NoSuchMethodError'{0x0000000085ca3490}: java.lang.invoke.DirectMethodHandle$Holder.invokeSpecial(Ljava/lang/Object;Ljava/lang/Object;Ljava/lang/Object;Ljava/lang/Object;Ljava/lang/Object;Ljava/lang/Object;Ljava/lang/Object;Ljava/la
Event: 3.331 Thread 0x00000257fe030800 Exception <a 'java/lang/NoSuchMethodError'{0x0000000085ca8860}: java.lang.invoke.Invokers$Holder.linkToTargetMethod(Ljava/lang/Object;Ljava/lang/Object;Ljava/lang/Object;Ljava/lang/Object;Ljava/lang/Object;Ljava/lang/Object;Ljava/lang/Object;Ljava/lang/Ob
Event: 3.337 Thread 0x00000257fe030800 Exception <a 'java/lang/NoSuchMethodError'{0x0000000085b4f620}: java.lang.invoke.DirectMethodHandle$Holder.invokeSpecial(Ljava/lang/Object;Ljava/lang/Object;Ljava/lang/Object;Ljava/lang/Object;Ljava/lang/Object;Ljava/lang/Object;Ljava/lang/Object;Ljava/la
Event: 3.338 Thread 0x00000257fe030800 Exception <a 'java/lang/NoSuchMethodError'{0x0000000085b61020}: java.lang.invoke.Invokers$Holder.linkToTargetMethod(Ljava/lang/Object;Ljava/lang/Object;Ljava/lang/Object;Ljava/lang/Object;Ljava/lang/Object;Ljava/lang/Object;Ljava/lang/Object;Ljava/lang/Ob
Event: 3.350 Thread 0x00000257fe030800 Exception <a 'java/lang/NoSuchMethodError'{0x0000000085a54338}: java.lang.invoke.DirectMethodHandle$Holder.invokeStaticInit(Ljava/lang/Object;Ljava/lang/Object;Ljava/lang/Object;Ljava/lang/Object;)Ljava/lang/Object;> (0x0000000085a54338) thrown at [./open
Event: 3.440 Thread 0x00000257fe030800 Exception <a 'java/lang/NoSuchMethodError'{0x0000000084eb5eb8}: java.lang.invoke.Invokers$Holder.linkToTargetMethod(Ljava/lang/Object;Ljava/lang/Object;Ljava/lang/Object;Ljava/lang/Object;Ljava/lang/Object;Ljava/lang/Object;Ljava/lang/Object;Ljava/lang/Ob
Event: 3.446 Thread 0x00000257fe030800 Exception <a 'java/lang/IncompatibleClassChangeError'{0x0000000084d4c038}: Found class java.lang.Object, but interface was expected> (0x0000000084d4c038) thrown at [./open/src/hotspot/share/interpreter/linkResolver.cpp, line 838]

Events (10 events):
Event: 3.476 loading class org/gradle/internal/execution/history/impl/DefaultPreviousExecutionStateSerializer done
Event: 3.476 loading class com/google/common/collect/ImmutableSortedMap
Event: 3.476 loading class com/google/common/collect/ImmutableSortedMap done
Event: 3.477 loading class com/google/common/collect/ImmutableSortedMapFauxverideShim
Event: 3.477 loading class com/google/common/collect/ImmutableSortedMapFauxverideShim done
Event: 3.478 loading class org/gradle/internal/execution/history/PreviousExecutionState
Event: 3.478 loading class org/gradle/internal/execution/history/PreviousExecutionState done
Event: 3.478 loading class org/gradle/internal/execution/history/impl/FileCollectionFingerprintSerializer
Event: 3.478 loading class org/gradle/internal/execution/history/impl/FileCollectionFingerprintSerializer done
Event: 3.478 Executing VM operation: G1CollectForAllocation


Dynamic libraries:
0x00007ff703090000 - 0x00007ff70309f000 	C:\Program Files\Java\jdk-11.0.16\bin\java.exe
0x00007fff611b0000 - 0x00007fff613a8000 	C:\Windows\SYSTEM32\ntdll.dll
0x00007fff60ba0000 - 0x00007fff60c5d000 	C:\Windows\System32\KERNEL32.DLL
0x00007fff5ef40000 - 0x00007fff5f20e000 	C:\Windows\System32\KERNELBASE.dll
0x00007fff5ecc0000 - 0x00007fff5edc0000 	C:\Windows\System32\ucrtbase.dll
0x00007fff47c80000 - 0x00007fff47c95000 	C:\Program Files\Java\jdk-11.0.16\bin\VCRUNTIME140.dll
0x00007fff47c10000 - 0x00007fff47c28000 	C:\Program Files\Java\jdk-11.0.16\bin\jli.dll
0x00007fff609a0000 - 0x00007fff60a4e000 	C:\Windows\System32\ADVAPI32.dll
0x00007fff5f990000 - 0x00007fff5fa2e000 	C:\Windows\System32\msvcrt.dll
0x00007fff60270000 - 0x00007fff6030c000 	C:\Windows\System32\sechost.dll
0x00007fff5f360000 - 0x00007fff5f485000 	C:\Windows\System32\RPCRT4.dll
0x00007fff5f490000 - 0x00007fff5f630000 	C:\Windows\System32\USER32.dll
0x00007fff5ec10000 - 0x00007fff5ec32000 	C:\Windows\System32\win32u.dll
0x00007fff5f2d0000 - 0x00007fff5f2fa000 	C:\Windows\System32\GDI32.dll
0x00007fff401d0000 - 0x00007fff4046a000 	C:\Windows\WinSxS\amd64_microsoft.windows.common-controls_6595b64144ccf1df_6.0.19041.1110_none_60b5254171f9507e\COMCTL32.dll
0x00007fff5edc0000 - 0x00007fff5eecb000 	C:\Windows\System32\gdi32full.dll
0x00007fff5eac0000 - 0x00007fff5eb5d000 	C:\Windows\System32\msvcp_win.dll
0x00007fff55fc0000 - 0x00007fff55fca000 	C:\Windows\SYSTEM32\VERSION.dll
0x00007fff610d0000 - 0x00007fff61100000 	C:\Windows\System32\IMM32.DLL
0x00007fff37bb0000 - 0x00007fff37c4b000 	C:\Program Files\Java\jdk-11.0.16\bin\msvcp140.dll
0x00007fff24220000 - 0x00007fff24d38000 	C:\Program Files\Java\jdk-11.0.16\bin\server\jvm.dll
0x00007fff60a50000 - 0x00007fff60a58000 	C:\Windows\System32\PSAPI.DLL
0x00007fff45ee0000 - 0x00007fff45f07000 	C:\Windows\SYSTEM32\WINMM.dll
0x00007fff57b40000 - 0x00007fff57b49000 	C:\Windows\SYSTEM32\WSOCK32.dll
0x00007fff61100000 - 0x00007fff6116b000 	C:\Windows\System32\WS2_32.dll
0x00007fff5c7a0000 - 0x00007fff5c7b2000 	C:\Windows\SYSTEM32\kernel.appcore.dll
0x00007fff48360000 - 0x00007fff48370000 	C:\Program Files\Java\jdk-11.0.16\bin\verify.dll
0x00007fff56680000 - 0x00007fff56864000 	C:\Windows\SYSTEM32\DBGHELP.DLL
0x00007fff56650000 - 0x00007fff5667c000 	C:\Windows\SYSTEM32\dbgcore.DLL
0x00007fff5ea30000 - 0x00007fff5eab2000 	C:\Windows\System32\bcryptPrimitives.dll
0x00007fff47920000 - 0x00007fff47948000 	C:\Program Files\Java\jdk-11.0.16\bin\java.dll
0x00007fff47c00000 - 0x00007fff47c0a000 	C:\Program Files\Java\jdk-11.0.16\bin\jimage.dll
0x00007fff47ba0000 - 0x00007fff47bb6000 	C:\Program Files\Java\jdk-11.0.16\bin\zip.dll
0x00007fff5fb20000 - 0x00007fff60263000 	C:\Windows\System32\SHELL32.dll
0x00007fff5c9a0000 - 0x00007fff5d135000 	C:\Windows\SYSTEM32\windows.storage.dll
0x00007fff60520000 - 0x00007fff60874000 	C:\Windows\System32\combase.dll
0x00007fff5e180000 - 0x00007fff5e1b0000 	C:\Windows\SYSTEM32\Wldp.dll
0x00007fff60af0000 - 0x00007fff60b9d000 	C:\Windows\System32\SHCORE.dll
0x00007fff5f270000 - 0x00007fff5f2c5000 	C:\Windows\System32\shlwapi.dll
0x00007fff5e810000 - 0x00007fff5e82f000 	C:\Windows\SYSTEM32\profapi.dll
0x00007fff47830000 - 0x00007fff47849000 	C:\Program Files\Java\jdk-11.0.16\bin\net.dll
0x00007fff576b0000 - 0x00007fff577ba000 	C:\Windows\SYSTEM32\WINHTTP.dll
0x00007fff5df60000 - 0x00007fff5dfca000 	C:\Windows\system32\mswsock.dll
0x00007fff47810000 - 0x00007fff47822000 	C:\Program Files\Java\jdk-11.0.16\bin\nio.dll
0x00007fff47450000 - 0x00007fff47477000 	C:\Users\admin-1\.gradle\native\e1d6ef7f7dcc3fd88c89a11ec53ec762bb8ba0a96d01ffa2cd45eb1d1d8dd5c5\windows-amd64\native-platform.dll
0x00007fff371f0000 - 0x00007fff37334000 	C:\Users\admin-1\.gradle\native\0d407fdbe67a94daf76414ababcb853783967236a71b16ec16e742cd7a986fd3\windows-amd64\native-platform-file-events.dll
0x00007fff47a70000 - 0x00007fff47a79000 	C:\Program Files\Java\jdk-11.0.16\bin\management.dll
0x00007fff47910000 - 0x00007fff4791b000 	C:\Program Files\Java\jdk-11.0.16\bin\management_ext.dll
0x00007fff5e1c0000 - 0x00007fff5e1d8000 	C:\Windows\SYSTEM32\CRYPTSP.dll
0x00007fff5d900000 - 0x00007fff5d934000 	C:\Windows\system32\rsaenh.dll
0x00007fff5ec40000 - 0x00007fff5ec67000 	C:\Windows\System32\bcrypt.dll
0x00007fff5e790000 - 0x00007fff5e7be000 	C:\Windows\SYSTEM32\USERENV.dll
0x00007fff5e0f0000 - 0x00007fff5e0fc000 	C:\Windows\SYSTEM32\CRYPTBASE.dll
0x00007fff5dc70000 - 0x00007fff5dcab000 	C:\Windows\SYSTEM32\IPHLPAPI.DLL
0x00007fff5f630000 - 0x00007fff5f638000 	C:\Windows\System32\NSI.dll
0x00007fff57910000 - 0x00007fff57927000 	C:\Windows\SYSTEM32\dhcpcsvc6.DLL
0x00007fff57690000 - 0x00007fff576ad000 	C:\Windows\SYSTEM32\dhcpcsvc.DLL
0x00007fff5dcb0000 - 0x00007fff5dd7a000 	C:\Windows\SYSTEM32\DNSAPI.dll

dbghelp: loaded successfully - version: 4.0.5 - missing functions: none
symbol engine: initialized successfully - sym options: 0x614 - pdb path: .;C:\Program Files\Java\jdk-11.0.16\bin;C:\Windows\SYSTEM32;C:\Windows\WinSxS\amd64_microsoft.windows.common-controls_6595b64144ccf1df_6.0.19041.1110_none_60b5254171f9507e;C:\Program Files\Java\jdk-11.0.16\bin\server;C:\Users\admin-1\.gradle\native\e1d6ef7f7dcc3fd88c89a11ec53ec762bb8ba0a96d01ffa2cd45eb1d1d8dd5c5\windows-amd64;C:\Users\admin-1\.gradle\native\0d407fdbe67a94daf76414ababcb853783967236a71b16ec16e742cd7a986fd3\windows-amd64

VM Arguments:
jvm_args: -XX:MaxMetaspaceSize=512m --add-opens=java.base/java.util=ALL-UNNAMED --add-opens=java.base/java.lang=ALL-UNNAMED --add-opens=java.base/java.lang.invoke=ALL-UNNAMED --add-opens=java.base/java.util=ALL-UNNAMED --add-opens=java.prefs/java.util.prefs=ALL-UNNAMED --add-opens=java.prefs/java.util.prefs=ALL-UNNAMED --add-opens=java.base/java.nio.charset=ALL-UNNAMED --add-opens=java.base/java.net=ALL-UNNAMED --add-opens=java.base/java.util.concurrent.atomic=ALL-UNNAMED -Xmx2048m -Dfile.encoding=windows-1252 -Duser.country=US -Duser.language=en -Duser.variant 
java_command: org.gradle.launcher.daemon.bootstrap.GradleDaemon 7.5.1
java_class_path (initial): C:\Users\admin-1\.gradle\wrapper\dists\gradle-7.5.1-all\1ehga6e77gqps5uk2kc5kf1vc\gradle-7.5.1\lib\gradle-launcher-7.5.1.jar
Launcher Type: SUN_STANDARD

[Global flags]
     intx CICompilerCount                          = 3                                         {product} {ergonomic}
   size_t CompressedClassSpaceSize                 = 528482304                                 {product} {ergonomic}
     uint ConcGCThreads                            = 1                                         {product} {ergonomic}
     uint G1ConcRefinementThreads                  = 4                                         {product} {ergonomic}
   size_t G1HeapRegionSize                         = 1048576                                   {product} {ergonomic}
    uintx GCDrainStackTargetSize                   = 64                                        {product} {ergonomic}
   size_t InitialHeapSize                          = 134217728                                 {product} {ergonomic}
   size_t MarkStackSize                            = 4194304                                   {product} {ergonomic}
   size_t MaxHeapSize                              = 2147483648                                {product} {command line}
   size_t MaxMetaspaceSize                         = 536870912                                 {product} {command line}
   size_t MaxNewSize                               = 1287651328                                {product} {ergonomic}
   size_t MinHeapDeltaBytes                        = 1048576                                   {product} {ergonomic}
    uintx NonNMethodCodeHeapSize                   = 5830732                                {pd product} {ergonomic}
    uintx NonProfiledCodeHeapSize                  = 122913754                              {pd product} {ergonomic}
    uintx ProfiledCodeHeapSize                     = 122913754                              {pd product} {ergonomic}
    uintx ReservedCodeCacheSize                    = 251658240                              {pd product} {ergonomic}
     bool SegmentedCodeCache                       = true                                      {product} {ergonomic}
     bool UseCompressedClassPointers               = true                                 {lp64_product} {ergonomic}
     bool UseCompressedOops                        = true                                 {lp64_product} {ergonomic}
     bool UseG1GC                                  = true                                      {product} {ergonomic}
     bool UseLargePagesIndividualAllocation        = false                                  {pd product} {ergonomic}

Logging:
Log output configuration:
 #0: stdout all=warning uptime,level,tags
 #1: stderr all=off uptime,level,tags

Environment Variables:
CLASSPATH=C:\Users\admin-1\Documents\Awesome\android\\gradle\wrapper\gradle-wrapper.jar
PATH=C:\Program Files\Common Files\Oracle\Java\javapath;C:\Windows\system32;C:\Windows;C:\Windows\System32\Wbem;C:\Windows\System32\WindowsPowerShell\v1.0\;C:\Windows\System32\OpenSSH\;C:\Program Files\nodejs\;C:\Users\admin-1\AppData\Local\Android\Sdk\platform-tools;C:\Users\admin-1\AppData\Local\Microsoft\WindowsApps;C:\Users\admin-1\AppData\Roaming\npm;C:\Users\admin-1\AppData\Local\Programs\Microsoft VS Code\bin
USERNAME=admin-1
OS=Windows_NT
PROCESSOR_IDENTIFIER=Intel64 Family 6 Model 85 Stepping 4, GenuineIntel



---------------  S Y S T E M  ---------------

OS: Windows 10 , 64 bit Build 19041 (10.0.19041.1889)
Hyper-V role detected

CPU:total 4 (initial active 4) (2 cores per cpu, 2 threads per core) family 6 model 85 stepping 4 microcode 0xffffffff, cmov, cx8, fxsr, mmx, sse, sse2, sse3, ssse3, sse4.1, sse4.2, popcnt, avx, avx2, aes, clmul, erms, rtm, 3dnowpref, lzcnt, ht, tsc, bmi1, bmi2, adx, fma

Memory: 4k page, system-wide physical 8190M (981M free)
TotalPageFile size 12286M (AvailPageFile size 20M)
current process WorkingSet (physical memory assigned to process): 218M, peak: 226M
current process commit charge ("private bytes"): 283M, peak: 309M

vm_info: Java HotSpot(TM) 64-Bit Server VM (11.0.16+11-LTS-199) for windows-amd64 JRE (11.0.16+11-LTS-199), built on Jun 28 2022 08:23:17 by "mach5one" with MS VC++ 15.9 (VS2017)

END.
