#
# There is insufficient memory for the Java Runtime Environment to continue.
# Native memory allocation (mmap) failed to map 49283072 bytes for Failed to commit area from 0x00000004e4100000 to 0x00000004e7000000 of length 49283072.
# Possible reasons:
#   The system is out of physical RAM or swap space
#   The process is running with CompressedOops enabled, and the Java Heap may be blocking the growth of the native heap
# Possible solutions:
#   Reduce memory load on the system
#   Increase physical memory or swap space
#   Check if swap backing store is full
#   Decrease Java heap size (-Xmx/-Xms)
#   Decrease number of Java threads
#   Decrease Java thread stack sizes (-Xss)
#   Set larger code cache with -XX:ReservedCodeCacheSize=
#   JVM is running with Zero Based Compressed Oops mode in which the Java heap is
#     placed in the first 32GB address space. The Java Heap base address is the
#     maximum limit for the native heap growth. Please use -XX:HeapBaseMinAddress
#     to set the Java Heap base and to place the Java Heap above 32GB virtual address.
# This output file may be truncated or incomplete.
#
#  Out of Memory Error (./open/src/hotspot/os/windows/os_windows.cpp:3287), pid=10452, tid=4124
#
# JRE version: Java(TM) SE Runtime Environment 18.9 (11.0.16+11) (build 11.0.16+11-LTS-199)
# Java VM: Java HotSpot(TM) 64-Bit Server VM 18.9 (11.0.16+11-LTS-199, mixed mode, tiered, compressed oops, g1 gc, windows-amd64)
# No core dump will be written. Minidumps are not enabled by default on client versions of Windows
#

---------------  S U M M A R Y ------------

Command Line: -XX:MaxMetaspaceSize=512m --add-opens=java.base/java.util=ALL-UNNAMED --add-opens=java.base/java.lang=ALL-UNNAMED --add-opens=java.base/java.lang.invoke=ALL-UNNAMED --add-opens=java.base/java.util=ALL-UNNAMED --add-opens=java.prefs/java.util.prefs=ALL-UNNAMED --add-opens=java.prefs/java.util.prefs=ALL-UNNAMED --add-opens=java.base/java.nio.charset=ALL-UNNAMED --add-opens=java.base/java.net=ALL-UNNAMED --add-opens=java.base/java.util.concurrent.atomic=ALL-UNNAMED -Xmx4088m -Dfile.encoding=windows-1252 -Duser.country=US -Duser.language=en -Duser.variant org.gradle.launcher.daemon.bootstrap.GradleDaemon 7.5.1

Host: Intel(R) Xeon(R) Platinum 8168 CPU @ 2.70GHz, 4 cores, 7G,  Windows 10 , 64 bit Build 19041 (10.0.19041.1889)
Time: Thu Oct  6 01:52:39 2022 Coordinated Universal Time elapsed time: 24.726761 seconds (0d 0h 0m 24s)

---------------  T H R E A D  ---------------

Current thread (0x000001646efcd000):  VMThread "VM Thread" [stack: 0x00000007ab200000,0x00000007ab300000] [id=4124]

Stack: [0x00000007ab200000,0x00000007ab300000]
[error occurred during error reporting (printing stack bounds), id 0xc0000005, EXCEPTION_ACCESS_VIOLATION (0xc0000005) at pc=0x0000016453c10f2d]

Native frames: (J=compiled Java code, j=interpreted, Vv=VM code, C=native code)
V  [jvm.dll+0x62a3ea]
V  [jvm.dll+0x76418f]
V  [jvm.dll+0x765839]
V  [jvm.dll+0x765e25]
V  [jvm.dll+0x765ddb]
V  [jvm.dll+0x6298d3]
V  [jvm.dll+0x629fe8]
C  [ntdll.dll+0xa235f]
C  [ntdll.dll+0x514a4]
C  [ntdll.dll+0xa0e8e]
C  0x0000016453c10f2d

VM_Operation (0x00000007b05fedf0): G1CollectForAllocation, mode: safepoint, requested by thread 0x000001647361a800


---------------  P R O C E S S  ---------------

Threads class SMR info:
_java_thread_list=0x00000164755c34b0, length=87, elements={
0x000001644c558000, 0x000001646eff1800, 0x000001646effe000, 0x000001646f983800,
0x000001646f014800, 0x000001646f017800, 0x000001646f01b000, 0x000001646f020000,
0x000001646f023800, 0x000001646fb41000, 0x0000016471c37800, 0x0000016471c33800,
0x0000016471c35000, 0x0000016471c36000, 0x0000016471c36800, 0x0000016471c32000,
0x0000016471c38800, 0x0000016471c32800, 0x0000016471c34800, 0x0000016471d93000,
0x0000016471d8f800, 0x0000016471d8d000, 0x0000016471d8f000, 0x0000016471d93800,
0x0000016471d90800, 0x0000016471d8e000, 0x0000016471d92000, 0x0000016471d94800,
0x0000016471d95800, 0x0000016471d96000, 0x0000016471d97000, 0x0000016471d98800,
0x0000016471d99800, 0x0000016471d9b000, 0x0000016474765000, 0x0000016474762000,
0x0000016474761000, 0x0000016474766000, 0x0000016474760800, 0x0000016474763800,
0x0000016474764800, 0x0000016474768800, 0x0000016474767000, 0x0000016474767800,
0x0000016474763000, 0x000001647476b800, 0x000001647476c800, 0x000001647476f000,
0x000001647476d800, 0x000001647476e000, 0x0000016474769800, 0x000001647476a000,
0x000001647476b000, 0x000001646fc61800, 0x000001646fc64000, 0x000001646fc5f000,
0x000001646fc62800, 0x000001646fc60000, 0x000001646fc60800, 0x000001646fc5e000,
0x000001646fc67000, 0x000001646fc69000, 0x000001646fc63000, 0x000001646fc66800,
0x000001646fc69800, 0x000001646fc6a800, 0x000001646fc65000, 0x000001646fc6b800,
0x000001646fc65800, 0x000001646fc6c000, 0x000001646fc68000, 0x0000016473612800,
0x0000016473614000, 0x0000016473616000, 0x0000016473611800, 0x0000016473618800,
0x0000016473619000, 0x000001647361a800, 0x0000016473617800, 0x0000016473615000,
0x0000016473616800, 0x000001647361b800, 0x000001647361f000, 0x000001647361d000,
0x000001647361c800, 0x000001647361f800, 0x0000016474a88800
}

Java Threads: ( => current thread )
  0x000001644c558000 JavaThread "main" [_thread_blocked, id=4236, stack(0x00000007aac00000,0x00000007aad00000)]
  0x000001646eff1800 JavaThread "Reference Handler" daemon [_thread_blocked, id=2080, stack(0x00000007ab300000,0x00000007ab400000)]
  0x000001646effe000 JavaThread "Finalizer" daemon [_thread_blocked, id=3776, stack(0x00000007ab400000,0x00000007ab500000)]
  0x000001646f983800 JavaThread "Signal Dispatcher" daemon [_thread_blocked, id=9952, stack(0x00000007ab500000,0x00000007ab600000)]
  0x000001646f014800 JavaThread "Attach Listener" daemon [_thread_blocked, id=6928, stack(0x00000007ab600000,0x00000007ab700000)]
  0x000001646f017800 JavaThread "Service Thread" daemon [_thread_blocked, id=2068, stack(0x00000007ab700000,0x00000007ab800000)]
  0x000001646f01b000 JavaThread "C2 CompilerThread0" daemon [_thread_blocked, id=13068, stack(0x00000007ab800000,0x00000007ab900000)]
  0x000001646f020000 JavaThread "C1 CompilerThread0" daemon [_thread_blocked, id=11428, stack(0x00000007ab900000,0x00000007aba00000)]
  0x000001646f023800 JavaThread "Sweeper thread" daemon [_thread_blocked, id=12584, stack(0x00000007aba00000,0x00000007abb00000)]
  0x000001646fb41000 JavaThread "Common-Cleaner" daemon [_thread_blocked, id=14316, stack(0x00000007abb00000,0x00000007abc00000)]
  0x0000016471c37800 JavaThread "Daemon health stats" [_thread_blocked, id=3096, stack(0x00000007ac000000,0x00000007ac100000)]
  0x0000016471c33800 JavaThread "Incoming local TCP Connector on port 54262" [_thread_in_native, id=12704, stack(0x00000007ac100000,0x00000007ac200000)]
  0x0000016471c35000 JavaThread "Daemon periodic checks" [_thread_blocked, id=6312, stack(0x00000007ac200000,0x00000007ac300000)]
  0x0000016471c36000 JavaThread "Daemon" [_thread_blocked, id=5336, stack(0x00000007ac300000,0x00000007ac400000)]
  0x0000016471c36800 JavaThread "Handler for socket connection from /127.0.0.1:54262 to /127.0.0.1:54263" [_thread_in_native, id=11832, stack(0x00000007ac400000,0x00000007ac500000)]
  0x0000016471c32000 JavaThread "Cancel handler" [_thread_blocked, id=8916, stack(0x00000007ac500000,0x00000007ac600000)]
  0x0000016471c38800 JavaThread "Daemon worker" [_thread_blocked, id=13452, stack(0x00000007ac600000,0x00000007ac700000)]
  0x0000016471c32800 JavaThread "Asynchronous log dispatcher for DefaultDaemonConnection: socket connection from /127.0.0.1:54262 to /127.0.0.1:54263" [_thread_blocked, id=9004, stack(0x00000007ac700000,0x00000007ac800000)]
  0x0000016471c34800 JavaThread "Stdin handler" [_thread_blocked, id=11544, stack(0x00000007ac800000,0x00000007ac900000)]
  0x0000016471d93000 JavaThread "Daemon client event forwarder" [_thread_blocked, id=13360, stack(0x00000007ac900000,0x00000007aca00000)]
  0x0000016471d8f800 JavaThread "Cache worker for journal cache (C:\Users\admin-1\.gradle\caches\journal-1)" [_thread_blocked, id=13796, stack(0x00000007acb00000,0x00000007acc00000)]
  0x0000016471d8d000 JavaThread "File lock request listener" [_thread_in_native, id=8176, stack(0x00000007acc00000,0x00000007acd00000)]
  0x0000016471d8f000 JavaThread "Cache worker for file hash cache (C:\Users\admin-1\.gradle\caches\7.5.1\fileHashes)" [_thread_blocked, id=9008, stack(0x00000007acd00000,0x00000007ace00000)]
  0x0000016471d93800 JavaThread "File watcher server" daemon [_thread_in_native, id=14048, stack(0x00000007ace00000,0x00000007acf00000)]
  0x0000016471d90800 JavaThread "File watcher consumer" daemon [_thread_blocked, id=3376, stack(0x00000007acf00000,0x00000007ad000000)]
  0x0000016471d8e000 JavaThread "Cache worker for checksums cache (C:\Users\admin-1\Documents\Awesome\android\.gradle\7.5.1\checksums)" [_thread_blocked, id=12032, stack(0x00000007ad000000,0x00000007ad100000)]
  0x0000016471d92000 JavaThread "Cache worker for cache directory md-rule (C:\Users\admin-1\.gradle\caches\7.5.1\md-rule)" [_thread_blocked, id=14244, stack(0x00000007ad100000,0x00000007ad200000)]
  0x0000016471d94800 JavaThread "Cache worker for file content cache (C:\Users\admin-1\.gradle\caches\7.5.1\fileContent)" [_thread_blocked, id=9032, stack(0x00000007ad200000,0x00000007ad300000)]
  0x0000016471d95800 JavaThread "Cache worker for file hash cache (C:\Users\admin-1\Documents\Awesome\android\.gradle\7.5.1\fileHashes)" [_thread_blocked, id=6176, stack(0x00000007ad300000,0x00000007ad400000)]
  0x0000016471d96000 JavaThread "Cache worker for cache directory md-supplier (C:\Users\admin-1\.gradle\caches\7.5.1\md-supplier)" [_thread_blocked, id=14032, stack(0x00000007ad400000,0x00000007ad500000)]
  0x0000016471d97000 JavaThread "Cache worker for execution history cache (C:\Users\admin-1\.gradle\caches\7.5.1\executionHistory)" [_thread_blocked, id=3716, stack(0x00000007ad500000,0x00000007ad600000)]
  0x0000016471d98800 JavaThread "jar transforms" [_thread_blocked, id=5020, stack(0x00000007ad600000,0x00000007ad700000)]
  0x0000016471d99800 JavaThread "jar transforms Thread 2" [_thread_blocked, id=10540, stack(0x00000007ad700000,0x00000007ad800000)]
  0x0000016471d9b000 JavaThread "jar transforms Thread 3" [_thread_blocked, id=11444, stack(0x00000007ad800000,0x00000007ad900000)]
  0x0000016474765000 JavaThread "jar transforms Thread 4" [_thread_blocked, id=7416, stack(0x00000007ad900000,0x00000007ada00000)]
  0x0000016474762000 JavaThread "Cache worker for kotlin-dsl (C:\Users\admin-1\.gradle\caches\7.5.1\kotlin-dsl)" [_thread_blocked, id=3180, stack(0x00000007ada00000,0x00000007adb00000)]
  0x0000016474761000 JavaThread "Cache worker for dependencies-accessors (C:\Users\admin-1\Documents\Awesome\android\.gradle\7.5.1\dependencies-accessors)" [_thread_blocked, id=13272, stack(0x00000007adb00000,0x00000007adc00000)]
  0x0000016474766000 JavaThread "Cache worker for Build Output Cleanup Cache (C:\Users\admin-1\Documents\Awesome\node_modules\react-native-gradle-plugin\.gradle\buildOutputCleanup)" [_thread_blocked, id=12988, stack(0x00000007adc00000,0x00000007add00000)]
  0x0000016474760800 JavaThread "Unconstrained build operations" [_thread_blocked, id=11728, stack(0x00000007add00000,0x00000007ade00000)]
  0x0000016474763800 JavaThread "Unconstrained build operations Thread 2" [_thread_blocked, id=11252, stack(0x00000007ade00000,0x00000007adf00000)]
  0x0000016474764800 JavaThread "Unconstrained build operations Thread 3" [_thread_blocked, id=7260, stack(0x00000007adf00000,0x00000007ae000000)]
  0x0000016474768800 JavaThread "Unconstrained build operations Thread 4" [_thread_blocked, id=5204, stack(0x00000007ae000000,0x00000007ae100000)]
  0x0000016474767000 JavaThread "Unconstrained build operations Thread 5" [_thread_blocked, id=10472, stack(0x00000007ae100000,0x00000007ae200000)]
  0x0000016474767800 JavaThread "Unconstrained build operations Thread 6" [_thread_blocked, id=6568, stack(0x00000007ae200000,0x00000007ae300000)]
  0x0000016474763000 JavaThread "Unconstrained build operations Thread 7" [_thread_blocked, id=11656, stack(0x00000007ae300000,0x00000007ae400000)]
  0x000001647476b800 JavaThread "Unconstrained build operations Thread 8" [_thread_blocked, id=7384, stack(0x00000007ae400000,0x00000007ae500000)]
  0x000001647476c800 JavaThread "Unconstrained build operations Thread 9" [_thread_blocked, id=6648, stack(0x00000007ae500000,0x00000007ae600000)]
  0x000001647476f000 JavaThread "Unconstrained build operations Thread 10" [_thread_blocked, id=3576, stack(0x00000007ae600000,0x00000007ae700000)]
  0x000001647476d800 JavaThread "Unconstrained build operations Thread 11" [_thread_blocked, id=1984, stack(0x00000007ae700000,0x00000007ae800000)]
  0x000001647476e000 JavaThread "Unconstrained build operations Thread 12" [_thread_blocked, id=3016, stack(0x00000007ae800000,0x00000007ae900000)]
  0x0000016474769800 JavaThread "Unconstrained build operations Thread 13" [_thread_blocked, id=12940, stack(0x00000007ae900000,0x00000007aea00000)]
  0x000001647476a000 JavaThread "Unconstrained build operations Thread 14" [_thread_blocked, id=12964, stack(0x00000007aea00000,0x00000007aeb00000)]
  0x000001647476b000 JavaThread "Unconstrained build operations Thread 15" [_thread_blocked, id=12876, stack(0x00000007aeb00000,0x00000007aec00000)]
  0x000001646fc61800 JavaThread "Unconstrained build operations Thread 16" [_thread_blocked, id=13252, stack(0x00000007aec00000,0x00000007aed00000)]
  0x000001646fc64000 JavaThread "Unconstrained build operations Thread 17" [_thread_blocked, id=5312, stack(0x00000007aed00000,0x00000007aee00000)]
  0x000001646fc5f000 JavaThread "Unconstrained build operations Thread 18" [_thread_blocked, id=6944, stack(0x00000007aee00000,0x00000007aef00000)]
  0x000001646fc62800 JavaThread "Unconstrained build operations Thread 19" [_thread_blocked, id=14076, stack(0x00000007aef00000,0x00000007af000000)]
  0x000001646fc60000 JavaThread "Unconstrained build operations Thread 20" [_thread_blocked, id=992, stack(0x00000007af000000,0x00000007af100000)]
  0x000001646fc60800 JavaThread "Unconstrained build operations Thread 21" [_thread_blocked, id=12264, stack(0x00000007af100000,0x00000007af200000)]
  0x000001646fc5e000 JavaThread "Unconstrained build operations Thread 22" [_thread_blocked, id=9052, stack(0x00000007af200000,0x00000007af300000)]
  0x000001646fc67000 JavaThread "Unconstrained build operations Thread 23" [_thread_blocked, id=4084, stack(0x00000007af300000,0x00000007af400000)]
  0x000001646fc69000 JavaThread "Unconstrained build operations Thread 24" [_thread_blocked, id=10656, stack(0x00000007af400000,0x00000007af500000)]
  0x000001646fc63000 JavaThread "Unconstrained build operations Thread 25" [_thread_blocked, id=3636, stack(0x00000007af500000,0x00000007af600000)]
  0x000001646fc66800 JavaThread "Unconstrained build operations Thread 26" [_thread_blocked, id=2112, stack(0x00000007af600000,0x00000007af700000)]
  0x000001646fc69800 JavaThread "Unconstrained build operations Thread 27" [_thread_blocked, id=13628, stack(0x00000007af700000,0x00000007af800000)]
  0x000001646fc6a800 JavaThread "Unconstrained build operations Thread 28" [_thread_blocked, id=9264, stack(0x00000007af800000,0x00000007af900000)]
  0x000001646fc65000 JavaThread "Unconstrained build operations Thread 29" [_thread_blocked, id=1916, stack(0x00000007af900000,0x00000007afa00000)]
  0x000001646fc6b800 JavaThread "Unconstrained build operations Thread 30" [_thread_blocked, id=9104, stack(0x00000007afa00000,0x00000007afb00000)]
  0x000001646fc65800 JavaThread "Unconstrained build operations Thread 31" [_thread_blocked, id=4844, stack(0x00000007afb00000,0x00000007afc00000)]
  0x000001646fc6c000 JavaThread "Unconstrained build operations Thread 32" [_thread_blocked, id=6444, stack(0x00000007afc00000,0x00000007afd00000)]
  0x000001646fc68000 JavaThread "Unconstrained build operations Thread 33" [_thread_blocked, id=3100, stack(0x00000007afd00000,0x00000007afe00000)]
  0x0000016473612800 JavaThread "Memory manager" [_thread_blocked, id=9088, stack(0x00000007aff00000,0x00000007b0000000)]
  0x0000016473614000 JavaThread "Cache worker for Build Output Cleanup Cache (C:\Users\admin-1\Documents\Awesome\android\.gradle\buildOutputCleanup)" [_thread_blocked, id=10068, stack(0x00000007b0000000,0x00000007b0100000)]
  0x0000016473616000 JavaThread "included builds" [_thread_blocked, id=9772, stack(0x00000007b0100000,0x00000007b0200000)]
  0x0000016473611800 JavaThread "Execution worker" [_thread_blocked, id=14236, stack(0x00000007b0200000,0x00000007b0300000)]
  0x0000016473618800 JavaThread "Execution worker Thread 2" [_thread_blocked, id=13096, stack(0x00000007b0300000,0x00000007b0400000)]
  0x0000016473619000 JavaThread "Execution worker Thread 3" [_thread_blocked, id=9360, stack(0x00000007b0400000,0x00000007b0500000)]
  0x000001647361a800 JavaThread "Cache worker for execution history cache (C:\Users\admin-1\Documents\Awesome\node_modules\react-native-gradle-plugin\.gradle\7.5.1\executionHistory)" [_thread_blocked, id=12304, stack(0x00000007b0500000,0x00000007b0600000)]
  0x0000016473617800 JavaThread "Unconstrained build operations Thread 34" [_thread_blocked, id=13568, stack(0x00000007b0600000,0x00000007b0700000)]
  0x0000016473615000 JavaThread "Unconstrained build operations Thread 35" [_thread_blocked, id=13752, stack(0x00000007b0700000,0x00000007b0800000)]
  0x0000016473616800 JavaThread "Unconstrained build operations Thread 36" [_thread_blocked, id=9336, stack(0x00000007b0800000,0x00000007b0900000)]
  0x000001647361b800 JavaThread "Unconstrained build operations Thread 37" [_thread_blocked, id=10184, stack(0x00000007b0900000,0x00000007b0a00000)]
  0x000001647361f000 JavaThread "Unconstrained build operations Thread 38" [_thread_blocked, id=13696, stack(0x00000007b0a00000,0x00000007b0b00000)]
  0x000001647361d000 JavaThread "Unconstrained build operations Thread 39" [_thread_blocked, id=8308, stack(0x00000007b0b00000,0x00000007b0c00000)]
  0x000001647361c800 JavaThread "Unconstrained build operations Thread 40" [_thread_blocked, id=6412, stack(0x00000007b0c00000,0x00000007b0d00000)]
  0x000001647361f800 JavaThread "Cache worker for execution history cache (C:\Users\admin-1\Documents\Awesome\android\.gradle\7.5.1\executionHistory)" [_thread_blocked, id=12736, stack(0x00000007b0e00000,0x00000007b0f00000)]
  0x0000016474a88800 JavaThread "C2 CompilerThread1" daemon [_thread_blocked, id=12296, stack(0x00000007abd00000,0x00000007abe00000)]

Other Threads:
=>0x000001646efcd000 VMThread "VM Thread" [stack: 0x00000007ab200000,0x00000007ab300000] [id=4124]
  0x000001646fb47800 WatcherThread [stack: 0x00000007abc00000,0x00000007abd00000] [id=3520]
  0x000001644c56e000 GCTaskThread "GC Thread#0" [stack: 0x00000007aad00000,0x00000007aae00000] [id=13308]
  0x000001647041a800 GCTaskThread "GC Thread#1" [stack: 0x00000007abe00000,0x00000007abf00000] [id=13100]
  0x000001647041b800 GCTaskThread "GC Thread#2" [stack: 0x00000007abf00000,0x00000007ac000000] [id=10448]
  0x0000016471747000 GCTaskThread "GC Thread#3" [stack: 0x00000007aca00000,0x00000007acb00000] [id=9800]
  0x000001644c5cc000 ConcurrentGCThread "G1 Main Marker" [stack: 0x00000007aae00000,0x00000007aaf00000] [id=5428]
  0x000001644c5cd000 ConcurrentGCThread "G1 Conc#0" [stack: 0x00000007aaf00000,0x00000007ab000000] [id=7408]
  0x000001644c63e000 ConcurrentGCThread "G1 Refine#0" [stack: 0x00000007ab000000,0x00000007ab100000] [id=968]
  0x000001646ee59800 ConcurrentGCThread "G1 Young RemSet Sampling" [stack: 0x00000007ab100000,0x00000007ab200000] [id=10236]

Threads with active compile tasks:
C1 CompilerThread0    24738 10981       3       java.util.concurrent.ConcurrentLinkedQueue$Itr::<init> (75 bytes)
C2 CompilerThread1    24738 10949       4       org.gradle.internal.file.FileHierarchySet$Node::contains (101 bytes)

VM state:at safepoint (normal execution)

VM Mutex/Monitor currently owned by a thread:  ([mutex/lock_event])
[0x000001644c554d60] Threads_lock - owner thread: 0x000001646efcd000
[0x000001644c5551e0] Heap_lock - owner thread: 0x000001647361a800

Heap address: 0x00000004d5a00000, size: 4088 MB, Compressed Oops mode: Zero based, Oop shift amount: 3
Narrow klass base: 0x0000000000000000, Narrow klass shift: 3
Compressed class space size: 528482304 Address: 0x00000005d5200000

Heap:
 garbage-first heap   total 284672K, used 116626K [0x00000004d5a00000, 0x00000005d5200000)
  region size 1024K, 12 young (12288K), 12 survivors (12288K)
 Metaspace       used 97697K, capacity 101388K, committed 101580K, reserved 604160K
  class space    used 13110K, capacity 14559K, committed 14592K, reserved 516096K
Heap Regions: E=young(eden), S=young(survivor), O=old, HS=humongous(starts), HC=humongous(continues), CS=collection set, F=free, A=archive, TAMS=top-at-mark-start (previous, next)
|   0|0x00000004d5a00000, 0x00000004d5b00000, 0x00000004d5b00000|100%|HS|  |TAMS 0x00000004d5b00000, 0x00000004d5a00000| Complete 
|   1|0x00000004d5b00000, 0x00000004d5c00000, 0x00000004d5c00000|100%|HC|  |TAMS 0x00000004d5c00000, 0x00000004d5b00000| Complete 
|   2|0x00000004d5c00000, 0x00000004d5d00000, 0x00000004d5d00000|100%|HC|  |TAMS 0x00000004d5d00000, 0x00000004d5c00000| Complete 
|   3|0x00000004d5d00000, 0x00000004d5e00000, 0x00000004d5e00000|100%| O|  |TAMS 0x00000004d5e00000, 0x00000004d5d00000| Untracked 
|   4|0x00000004d5e00000, 0x00000004d5f00000, 0x00000004d5f00000|100%| O|  |TAMS 0x00000004d5f00000, 0x00000004d5e00000| Untracked 
|   5|0x00000004d5f00000, 0x00000004d6000000, 0x00000004d6000000|100%| O|  |TAMS 0x00000004d6000000, 0x00000004d5f00000| Untracked 
|   6|0x00000004d6000000, 0x00000004d6100000, 0x00000004d6100000|100%| O|  |TAMS 0x00000004d6100000, 0x00000004d6000000| Untracked 
|   7|0x00000004d6100000, 0x00000004d6200000, 0x00000004d6200000|100%| O|  |TAMS 0x00000004d6200000, 0x00000004d6100000| Untracked 
|   8|0x00000004d6200000, 0x00000004d6300000, 0x00000004d6300000|100%| O|  |TAMS 0x00000004d6300000, 0x00000004d6200000| Untracked 
|   9|0x00000004d6300000, 0x00000004d6400000, 0x00000004d6400000|100%| O|  |TAMS 0x00000004d6400000, 0x00000004d6300000| Untracked 
|  10|0x00000004d6400000, 0x00000004d6500000, 0x00000004d6500000|100%| O|  |TAMS 0x00000004d6500000, 0x00000004d6400000| Untracked 
|  11|0x00000004d6500000, 0x00000004d6600000, 0x00000004d6600000|100%| O|  |TAMS 0x00000004d6600000, 0x00000004d6500000| Untracked 
|  12|0x00000004d6600000, 0x00000004d6700000, 0x00000004d6700000|100%| O|  |TAMS 0x00000004d6700000, 0x00000004d6600000| Untracked 
|  13|0x00000004d6700000, 0x00000004d6800000, 0x00000004d6800000|100%| O|  |TAMS 0x00000004d6800000, 0x00000004d6700000| Untracked 
|  14|0x00000004d6800000, 0x00000004d6900000, 0x00000004d6900000|100%| O|  |TAMS 0x00000004d6900000, 0x00000004d6800000| Untracked 
|  15|0x00000004d6900000, 0x00000004d6a00000, 0x00000004d6a00000|100%| O|  |TAMS 0x00000004d6a00000, 0x00000004d6900000| Untracked 
|  16|0x00000004d6a00000, 0x00000004d6b00000, 0x00000004d6b00000|100%| O|  |TAMS 0x00000004d6b00000, 0x00000004d6a00000| Untracked 
|  17|0x00000004d6b00000, 0x00000004d6c00000, 0x00000004d6c00000|100%|HS|  |TAMS 0x00000004d6c00000, 0x00000004d6b00000| Complete 
|  18|0x00000004d6c00000, 0x00000004d6d00000, 0x00000004d6d00000|100%| O|  |TAMS 0x00000004d6d00000, 0x00000004d6c00000| Untracked 
|  19|0x00000004d6d00000, 0x00000004d6e00000, 0x00000004d6e00000|100%| O|  |TAMS 0x00000004d6e00000, 0x00000004d6d00000| Untracked 
|  20|0x00000004d6e00000, 0x00000004d6f00000, 0x00000004d6f00000|100%| O|  |TAMS 0x00000004d6f00000, 0x00000004d6e00000| Untracked 
|  21|0x00000004d6f00000, 0x00000004d7000000, 0x00000004d7000000|100%| O|  |TAMS 0x00000004d7000000, 0x00000004d6f00000| Untracked 
|  22|0x00000004d7000000, 0x00000004d7100000, 0x00000004d7100000|100%| O|  |TAMS 0x00000004d7100000, 0x00000004d7000000| Untracked 
|  23|0x00000004d7100000, 0x00000004d7200000, 0x00000004d7200000|100%|HS|  |TAMS 0x00000004d7200000, 0x00000004d7100000| Complete 
|  24|0x00000004d7200000, 0x00000004d7300000, 0x00000004d7300000|100%|HC|  |TAMS 0x00000004d7300000, 0x00000004d7200000| Complete 
|  25|0x00000004d7300000, 0x00000004d7400000, 0x00000004d7400000|100%|HC|  |TAMS 0x00000004d7400000, 0x00000004d7300000| Complete 
|  26|0x00000004d7400000, 0x00000004d7500000, 0x00000004d7500000|100%| O|  |TAMS 0x00000004d7500000, 0x00000004d7400000| Untracked 
|  27|0x00000004d7500000, 0x00000004d7600000, 0x00000004d7600000|100%| O|  |TAMS 0x00000004d7600000, 0x00000004d7500000| Untracked 
|  28|0x00000004d7600000, 0x00000004d7700000, 0x00000004d7700000|100%| O|  |TAMS 0x00000004d7700000, 0x00000004d7600000| Untracked 
|  29|0x00000004d7700000, 0x00000004d7800000, 0x00000004d7800000|100%| O|  |TAMS 0x00000004d7800000, 0x00000004d7700000| Untracked 
|  30|0x00000004d7800000, 0x00000004d7900000, 0x00000004d7900000|100%| O|  |TAMS 0x00000004d7900000, 0x00000004d7800000| Untracked 
|  31|0x00000004d7900000, 0x00000004d7a00000, 0x00000004d7a00000|100%| O|  |TAMS 0x00000004d7a00000, 0x00000004d7900000| Untracked 
|  32|0x00000004d7a00000, 0x00000004d7b00000, 0x00000004d7b00000|100%| O|  |TAMS 0x00000004d7b00000, 0x00000004d7a00000| Untracked 
|  33|0x00000004d7b00000, 0x00000004d7c00000, 0x00000004d7c00000|100%| O|  |TAMS 0x00000004d7c00000, 0x00000004d7b00000| Untracked 
|  34|0x00000004d7c00000, 0x00000004d7d00000, 0x00000004d7d00000|100%| O|  |TAMS 0x00000004d7d00000, 0x00000004d7c00000| Untracked 
|  35|0x00000004d7d00000, 0x00000004d7e00000, 0x00000004d7e00000|100%| O|  |TAMS 0x00000004d7d40c00, 0x00000004d7d00000| Untracked 
|  36|0x00000004d7e00000, 0x00000004d7f00000, 0x00000004d7f00000|100%|HS|  |TAMS 0x00000004d7e00000, 0x00000004d7e00000| Complete 
|  37|0x00000004d7f00000, 0x00000004d8000000, 0x00000004d8000000|100%|HS|  |TAMS 0x00000004d7f00000, 0x00000004d7f00000| Complete 
|  38|0x00000004d8000000, 0x00000004d8100000, 0x00000004d8100000|100%|HS|  |TAMS 0x00000004d8000000, 0x00000004d8000000| Complete 
|  39|0x00000004d8100000, 0x00000004d8200000, 0x00000004d8200000|100%|HC|  |TAMS 0x00000004d8100000, 0x00000004d8100000| Complete 
|  40|0x00000004d8200000, 0x00000004d8300000, 0x00000004d8300000|100%| O|  |TAMS 0x00000004d8200000, 0x00000004d8200000| Untracked 
|  41|0x00000004d8300000, 0x00000004d8400000, 0x00000004d8400000|100%| O|  |TAMS 0x00000004d8300000, 0x00000004d8300000| Untracked 
|  42|0x00000004d8400000, 0x00000004d8500000, 0x00000004d8500000|100%| O|  |TAMS 0x00000004d8400000, 0x00000004d8400000| Untracked 
|  43|0x00000004d8500000, 0x00000004d8600000, 0x00000004d8600000|100%| O|  |TAMS 0x00000004d8500000, 0x00000004d8500000| Untracked 
|  44|0x00000004d8600000, 0x00000004d8700000, 0x00000004d8700000|100%| O|  |TAMS 0x00000004d8600000, 0x00000004d8600000| Untracked 
|  45|0x00000004d8700000, 0x00000004d8800000, 0x00000004d8800000|100%| O|  |TAMS 0x00000004d8700000, 0x00000004d8700000| Untracked 
|  46|0x00000004d8800000, 0x00000004d8900000, 0x00000004d8900000|100%| O|  |TAMS 0x00000004d8800000, 0x00000004d8800000| Untracked 
|  47|0x00000004d8900000, 0x00000004d8a00000, 0x00000004d8a00000|100%| O|  |TAMS 0x00000004d8900000, 0x00000004d8900000| Untracked 
|  48|0x00000004d8a00000, 0x00000004d8b00000, 0x00000004d8b00000|100%| O|  |TAMS 0x00000004d8a00000, 0x00000004d8a00000| Untracked 
|  49|0x00000004d8b00000, 0x00000004d8c00000, 0x00000004d8c00000|100%| O|  |TAMS 0x00000004d8b00000, 0x00000004d8b00000| Untracked 
|  50|0x00000004d8c00000, 0x00000004d8d00000, 0x00000004d8d00000|100%| O|  |TAMS 0x00000004d8c00000, 0x00000004d8c00000| Untracked 
|  51|0x00000004d8d00000, 0x00000004d8e00000, 0x00000004d8e00000|100%| O|  |TAMS 0x00000004d8d00000, 0x00000004d8d00000| Untracked 
|  52|0x00000004d8e00000, 0x00000004d8f00000, 0x00000004d8f00000|100%| O|  |TAMS 0x00000004d8e00000, 0x00000004d8e00000| Untracked 
|  53|0x00000004d8f00000, 0x00000004d9000000, 0x00000004d9000000|100%| O|  |TAMS 0x00000004d8f00000, 0x00000004d8f00000| Untracked 
|  54|0x00000004d9000000, 0x00000004d9100000, 0x00000004d9100000|100%| O|  |TAMS 0x00000004d9000000, 0x00000004d9000000| Untracked 
|  55|0x00000004d9100000, 0x00000004d9200000, 0x00000004d9200000|100%| O|  |TAMS 0x00000004d9100000, 0x00000004d9100000| Untracked 
|  56|0x00000004d9200000, 0x00000004d9300000, 0x00000004d9300000|100%| O|  |TAMS 0x00000004d9200000, 0x00000004d9200000| Untracked 
|  57|0x00000004d9300000, 0x00000004d9400000, 0x00000004d9400000|100%| O|  |TAMS 0x00000004d9300000, 0x00000004d9300000| Untracked 
|  58|0x00000004d9400000, 0x00000004d9500000, 0x00000004d9500000|100%| O|  |TAMS 0x00000004d9400000, 0x00000004d9400000| Untracked 
|  59|0x00000004d9500000, 0x00000004d9600000, 0x00000004d9600000|100%| O|  |TAMS 0x00000004d9500000, 0x00000004d9500000| Untracked 
|  60|0x00000004d9600000, 0x00000004d9700000, 0x00000004d9700000|100%| O|  |TAMS 0x00000004d9600000, 0x00000004d9600000| Untracked 
|  61|0x00000004d9700000, 0x00000004d9800000, 0x00000004d9800000|100%| O|  |TAMS 0x00000004d9700000, 0x00000004d9700000| Untracked 
|  62|0x00000004d9800000, 0x00000004d9900000, 0x00000004d9900000|100%| O|  |TAMS 0x00000004d9800000, 0x00000004d9800000| Untracked 
|  63|0x00000004d9900000, 0x00000004d9a00000, 0x00000004d9a00000|100%| O|  |TAMS 0x00000004d9900000, 0x00000004d9900000| Untracked 
|  64|0x00000004d9a00000, 0x00000004d9b00000, 0x00000004d9b00000|100%| O|  |TAMS 0x00000004d9a00000, 0x00000004d9a00000| Untracked 
|  65|0x00000004d9b00000, 0x00000004d9c00000, 0x00000004d9c00000|100%| O|  |TAMS 0x00000004d9b00000, 0x00000004d9b00000| Untracked 
|  66|0x00000004d9c00000, 0x00000004d9d00000, 0x00000004d9d00000|100%| O|  |TAMS 0x00000004d9c00000, 0x00000004d9c00000| Untracked 
|  67|0x00000004d9d00000, 0x00000004d9e00000, 0x00000004d9e00000|100%| O|  |TAMS 0x00000004d9d00000, 0x00000004d9d00000| Untracked 
|  68|0x00000004d9e00000, 0x00000004d9f00000, 0x00000004d9f00000|100%| O|  |TAMS 0x00000004d9e00000, 0x00000004d9e00000| Untracked 
|  69|0x00000004d9f00000, 0x00000004da000000, 0x00000004da000000|100%| O|  |TAMS 0x00000004d9f00000, 0x00000004d9f00000| Untracked 
|  70|0x00000004da000000, 0x00000004da100000, 0x00000004da100000|100%| O|  |TAMS 0x00000004da000000, 0x00000004da000000| Untracked 
|  71|0x00000004da100000, 0x00000004da200000, 0x00000004da200000|100%| O|  |TAMS 0x00000004da100000, 0x00000004da100000| Untracked 
|  72|0x00000004da200000, 0x00000004da300000, 0x00000004da300000|100%| O|  |TAMS 0x00000004da200000, 0x00000004da200000| Untracked 
|  73|0x00000004da300000, 0x00000004da400000, 0x00000004da400000|100%| O|  |TAMS 0x00000004da300000, 0x00000004da300000| Untracked 
|  74|0x00000004da400000, 0x00000004da500000, 0x00000004da500000|100%| O|  |TAMS 0x00000004da400000, 0x00000004da400000| Untracked 
|  75|0x00000004da500000, 0x00000004da600000, 0x00000004da600000|100%|HS|  |TAMS 0x00000004da500000, 0x00000004da500000| Complete 
|  76|0x00000004da600000, 0x00000004da700000, 0x00000004da700000|100%|HS|  |TAMS 0x00000004da600000, 0x00000004da600000| Complete 
|  77|0x00000004da700000, 0x00000004da800000, 0x00000004da800000|100%|HC|  |TAMS 0x00000004da700000, 0x00000004da700000| Complete 
|  78|0x00000004da800000, 0x00000004da900000, 0x00000004da900000|100%|HC|  |TAMS 0x00000004da800000, 0x00000004da800000| Complete 
|  79|0x00000004da900000, 0x00000004daa00000, 0x00000004daa00000|100%| O|  |TAMS 0x00000004da900000, 0x00000004da900000| Untracked 
|  80|0x00000004daa00000, 0x00000004dab00000, 0x00000004dab00000|100%| O|  |TAMS 0x00000004daa00000, 0x00000004daa00000| Untracked 
|  81|0x00000004dab00000, 0x00000004dac00000, 0x00000004dac00000|100%| O|  |TAMS 0x00000004dab00000, 0x00000004dab00000| Untracked 
|  82|0x00000004dac00000, 0x00000004dad00000, 0x00000004dad00000|100%| O|  |TAMS 0x00000004dac00000, 0x00000004dac00000| Untracked 
|  83|0x00000004dad00000, 0x00000004dae00000, 0x00000004dae00000|100%| O|  |TAMS 0x00000004dad00000, 0x00000004dad00000| Untracked 
|  84|0x00000004dae00000, 0x00000004daf00000, 0x00000004daf00000|100%| O|  |TAMS 0x00000004dae00000, 0x00000004dae00000| Untracked 
|  85|0x00000004daf00000, 0x00000004db000000, 0x00000004db000000|100%| O|  |TAMS 0x00000004daf00000, 0x00000004daf00000| Untracked 
|  86|0x00000004db000000, 0x00000004db100000, 0x00000004db100000|100%| O|  |TAMS 0x00000004db000000, 0x00000004db000000| Untracked 
|  87|0x00000004db100000, 0x00000004db200000, 0x00000004db200000|100%| O|  |TAMS 0x00000004db100000, 0x00000004db100000| Untracked 
|  88|0x00000004db200000, 0x00000004db300000, 0x00000004db300000|100%|HS|  |TAMS 0x00000004db200000, 0x00000004db200000| Complete 
|  89|0x00000004db300000, 0x00000004db400000, 0x00000004db400000|100%|HS|  |TAMS 0x00000004db300000, 0x00000004db300000| Complete 
|  90|0x00000004db400000, 0x00000004db500000, 0x00000004db500000|100%|HS|  |TAMS 0x00000004db400000, 0x00000004db400000| Complete 
|  91|0x00000004db500000, 0x00000004db600000, 0x00000004db600000|100%|HC|  |TAMS 0x00000004db500000, 0x00000004db500000| Complete 
|  92|0x00000004db600000, 0x00000004db700000, 0x00000004db700000|100%|HC|  |TAMS 0x00000004db600000, 0x00000004db600000| Complete 
|  93|0x00000004db700000, 0x00000004db800000, 0x00000004db800000|100%| O|  |TAMS 0x00000004db700000, 0x00000004db700000| Untracked 
|  94|0x00000004db800000, 0x00000004db900000, 0x00000004db900000|100%| O|  |TAMS 0x00000004db800000, 0x00000004db800000| Untracked 
|  95|0x00000004db900000, 0x00000004dba00000, 0x00000004dba00000|100%| O|  |TAMS 0x00000004db900000, 0x00000004db900000| Untracked 
|  96|0x00000004dba00000, 0x00000004dbb00000, 0x00000004dbb00000|100%| O|  |TAMS 0x00000004dba00000, 0x00000004dba00000| Untracked 
|  97|0x00000004dbb00000, 0x00000004dbc00000, 0x00000004dbc00000|100%| O|  |TAMS 0x00000004dbb00000, 0x00000004dbb00000| Untracked 
|  98|0x00000004dbc00000, 0x00000004dbd00000, 0x00000004dbd00000|100%| O|  |TAMS 0x00000004dbc00000, 0x00000004dbc00000| Untracked 
|  99|0x00000004dbd00000, 0x00000004dbe00000, 0x00000004dbe00000|100%| O|  |TAMS 0x00000004dbd00000, 0x00000004dbd00000| Untracked 
| 100|0x00000004dbe00000, 0x00000004dbf00000, 0x00000004dbf00000|100%| O|  |TAMS 0x00000004dbe00000, 0x00000004dbe00000| Untracked 
| 101|0x00000004dbf00000, 0x00000004dbfe4800, 0x00000004dc000000| 89%| O|  |TAMS 0x00000004dbf00000, 0x00000004dbf00000| Untracked 
| 102|0x00000004dc000000, 0x00000004dc000000, 0x00000004dc100000|  0%| F|  |TAMS 0x00000004dc000000, 0x00000004dc000000| Untracked 
| 103|0x00000004dc100000, 0x00000004dc100000, 0x00000004dc200000|  0%| F|  |TAMS 0x00000004dc100000, 0x00000004dc100000| Untracked 
| 104|0x00000004dc200000, 0x00000004dc200000, 0x00000004dc300000|  0%| F|  |TAMS 0x00000004dc200000, 0x00000004dc200000| Untracked 
| 105|0x00000004dc300000, 0x00000004dc300000, 0x00000004dc400000|  0%| F|  |TAMS 0x00000004dc300000, 0x00000004dc300000| Untracked 
| 106|0x00000004dc400000, 0x00000004dc400000, 0x00000004dc500000|  0%| F|  |TAMS 0x00000004dc400000, 0x00000004dc400000| Untracked 
| 107|0x00000004dc500000, 0x00000004dc500000, 0x00000004dc600000|  0%| F|  |TAMS 0x00000004dc500000, 0x00000004dc500000| Untracked 
| 108|0x00000004dc600000, 0x00000004dc600000, 0x00000004dc700000|  0%| F|  |TAMS 0x00000004dc600000, 0x00000004dc600000| Untracked 
| 109|0x00000004dc700000, 0x00000004dc700000, 0x00000004dc800000|  0%| F|  |TAMS 0x00000004dc700000, 0x00000004dc700000| Untracked 
| 110|0x00000004dc800000, 0x00000004dc800000, 0x00000004dc900000|  0%| F|  |TAMS 0x00000004dc800000, 0x00000004dc800000| Untracked 
| 111|0x00000004dc900000, 0x00000004dc900000, 0x00000004dca00000|  0%| F|  |TAMS 0x00000004dc900000, 0x00000004dc900000| Untracked 
| 112|0x00000004dca00000, 0x00000004dca00000, 0x00000004dcb00000|  0%| F|  |TAMS 0x00000004dca00000, 0x00000004dca00000| Untracked 
| 113|0x00000004dcb00000, 0x00000004dcb00000, 0x00000004dcc00000|  0%| F|  |TAMS 0x00000004dcb00000, 0x00000004dcb00000| Untracked 
| 114|0x00000004dcc00000, 0x00000004dcc00000, 0x00000004dcd00000|  0%| F|  |TAMS 0x00000004dcc00000, 0x00000004dcc00000| Untracked 
| 115|0x00000004dcd00000, 0x00000004dcd00000, 0x00000004dce00000|  0%| F|  |TAMS 0x00000004dcd00000, 0x00000004dcd00000| Untracked 
| 116|0x00000004dce00000, 0x00000004dce00000, 0x00000004dcf00000|  0%| F|  |TAMS 0x00000004dce00000, 0x00000004dce00000| Untracked 
| 117|0x00000004dcf00000, 0x00000004dcf00000, 0x00000004dd000000|  0%| F|  |TAMS 0x00000004dcf00000, 0x00000004dcf00000| Untracked 
| 118|0x00000004dd000000, 0x00000004dd000000, 0x00000004dd100000|  0%| F|  |TAMS 0x00000004dd000000, 0x00000004dd000000| Untracked 
| 119|0x00000004dd100000, 0x00000004dd100000, 0x00000004dd200000|  0%| F|  |TAMS 0x00000004dd100000, 0x00000004dd100000| Untracked 
| 120|0x00000004dd200000, 0x00000004dd200000, 0x00000004dd300000|  0%| F|  |TAMS 0x00000004dd200000, 0x00000004dd200000| Untracked 
| 121|0x00000004dd300000, 0x00000004dd300000, 0x00000004dd400000|  0%| F|  |TAMS 0x00000004dd300000, 0x00000004dd300000| Untracked 
| 122|0x00000004dd400000, 0x00000004dd400000, 0x00000004dd500000|  0%| F|  |TAMS 0x00000004dd400000, 0x00000004dd400000| Untracked 
| 123|0x00000004dd500000, 0x00000004dd600000, 0x00000004dd600000|100%| S|CS|TAMS 0x00000004dd500000, 0x00000004dd500000| Complete 
| 124|0x00000004dd600000, 0x00000004dd700000, 0x00000004dd700000|100%| S|CS|TAMS 0x00000004dd600000, 0x00000004dd600000| Complete 
| 125|0x00000004dd700000, 0x00000004dd800000, 0x00000004dd800000|100%| S|CS|TAMS 0x00000004dd700000, 0x00000004dd700000| Complete 
| 126|0x00000004dd800000, 0x00000004dd900000, 0x00000004dd900000|100%| S|CS|TAMS 0x00000004dd800000, 0x00000004dd800000| Complete 
| 127|0x00000004dd900000, 0x00000004dda00000, 0x00000004dda00000|100%| S|CS|TAMS 0x00000004dd900000, 0x00000004dd900000| Complete 
| 128|0x00000004dda00000, 0x00000004ddb00000, 0x00000004ddb00000|100%| S|CS|TAMS 0x00000004dda00000, 0x00000004dda00000| Complete 
| 129|0x00000004ddb00000, 0x00000004ddb00000, 0x00000004ddc00000|  0%| F|  |TAMS 0x00000004ddb00000, 0x00000004ddb00000| Untracked 
| 130|0x00000004ddc00000, 0x00000004ddc00000, 0x00000004ddd00000|  0%| F|  |TAMS 0x00000004ddc00000, 0x00000004ddc00000| Untracked 
| 131|0x00000004ddd00000, 0x00000004ddd00000, 0x00000004dde00000|  0%| F|  |TAMS 0x00000004ddd00000, 0x00000004ddd00000| Untracked 
| 132|0x00000004dde00000, 0x00000004dde00000, 0x00000004ddf00000|  0%| F|  |TAMS 0x00000004dde00000, 0x00000004dde00000| Untracked 
| 133|0x00000004ddf00000, 0x00000004ddf00000, 0x00000004de000000|  0%| F|  |TAMS 0x00000004ddf00000, 0x00000004ddf00000| Untracked 
| 134|0x00000004de000000, 0x00000004de000000, 0x00000004de100000|  0%| F|  |TAMS 0x00000004de000000, 0x00000004de000000| Untracked 
| 135|0x00000004de100000, 0x00000004de100000, 0x00000004de200000|  0%| F|  |TAMS 0x00000004de100000, 0x00000004de100000| Untracked 
| 136|0x00000004de200000, 0x00000004de200000, 0x00000004de300000|  0%| F|  |TAMS 0x00000004de200000, 0x00000004de200000| Untracked 
| 137|0x00000004de300000, 0x00000004de300000, 0x00000004de400000|  0%| F|  |TAMS 0x00000004de300000, 0x00000004de300000| Untracked 
| 138|0x00000004de400000, 0x00000004de500000, 0x00000004de500000|100%| S|CS|TAMS 0x00000004de400000, 0x00000004de400000| Complete 
| 139|0x00000004de500000, 0x00000004de600000, 0x00000004de600000|100%| S|CS|TAMS 0x00000004de500000, 0x00000004de500000| Complete 
| 140|0x00000004de600000, 0x00000004de700000, 0x00000004de700000|100%| S|CS|TAMS 0x00000004de600000, 0x00000004de600000| Complete 
| 141|0x00000004de700000, 0x00000004de800000, 0x00000004de800000|100%| S|CS|TAMS 0x00000004de700000, 0x00000004de700000| Complete 
| 142|0x00000004de800000, 0x00000004de900000, 0x00000004de900000|100%| S|CS|TAMS 0x00000004de800000, 0x00000004de800000| Complete 
| 143|0x00000004de900000, 0x00000004dea00000, 0x00000004dea00000|100%| S|CS|TAMS 0x00000004de900000, 0x00000004de900000| Complete 
| 144|0x00000004dea00000, 0x00000004dea00000, 0x00000004deb00000|  0%| F|  |TAMS 0x00000004dea00000, 0x00000004dea00000| Untracked 
| 145|0x00000004deb00000, 0x00000004deb00000, 0x00000004dec00000|  0%| F|  |TAMS 0x00000004deb00000, 0x00000004deb00000| Untracked 
| 146|0x00000004dec00000, 0x00000004dec00000, 0x00000004ded00000|  0%| F|  |TAMS 0x00000004dec00000, 0x00000004dec00000| Untracked 
| 147|0x00000004ded00000, 0x00000004ded00000, 0x00000004dee00000|  0%| F|  |TAMS 0x00000004ded00000, 0x00000004ded00000| Untracked 
| 148|0x00000004dee00000, 0x00000004dee00000, 0x00000004def00000|  0%| F|  |TAMS 0x00000004dee00000, 0x00000004dee00000| Untracked 
| 149|0x00000004def00000, 0x00000004def00000, 0x00000004df000000|  0%| F|  |TAMS 0x00000004def00000, 0x00000004def00000| Untracked 
| 150|0x00000004df000000, 0x00000004df000000, 0x00000004df100000|  0%| F|  |TAMS 0x00000004df000000, 0x00000004df000000| Untracked 
| 151|0x00000004df100000, 0x00000004df100000, 0x00000004df200000|  0%| F|  |TAMS 0x00000004df100000, 0x00000004df100000| Untracked 
| 152|0x00000004df200000, 0x00000004df200000, 0x00000004df300000|  0%| F|  |TAMS 0x00000004df200000, 0x00000004df200000| Untracked 
| 153|0x00000004df300000, 0x00000004df300000, 0x00000004df400000|  0%| F|  |TAMS 0x00000004df300000, 0x00000004df300000| Untracked 
| 154|0x00000004df400000, 0x00000004df400000, 0x00000004df500000|  0%| F|  |TAMS 0x00000004df400000, 0x00000004df400000| Untracked 
| 155|0x00000004df500000, 0x00000004df500000, 0x00000004df600000|  0%| F|  |TAMS 0x00000004df500000, 0x00000004df500000| Untracked 
| 156|0x00000004df600000, 0x00000004df600000, 0x00000004df700000|  0%| F|  |TAMS 0x00000004df600000, 0x00000004df600000| Untracked 
| 157|0x00000004df700000, 0x00000004df700000, 0x00000004df800000|  0%| F|  |TAMS 0x00000004df700000, 0x00000004df700000| Untracked 
| 158|0x00000004df800000, 0x00000004df800000, 0x00000004df900000|  0%| F|  |TAMS 0x00000004df800000, 0x00000004df800000| Untracked 
| 159|0x00000004df900000, 0x00000004df900000, 0x00000004dfa00000|  0%| F|  |TAMS 0x00000004df900000, 0x00000004df900000| Untracked 
| 160|0x00000004dfa00000, 0x00000004dfa00000, 0x00000004dfb00000|  0%| F|  |TAMS 0x00000004dfa00000, 0x00000004dfa00000| Untracked 
| 161|0x00000004dfb00000, 0x00000004dfb00000, 0x00000004dfc00000|  0%| F|  |TAMS 0x00000004dfb00000, 0x00000004dfb00000| Untracked 
| 162|0x00000004dfc00000, 0x00000004dfc00000, 0x00000004dfd00000|  0%| F|  |TAMS 0x00000004dfc00000, 0x00000004dfc00000| Untracked 
| 163|0x00000004dfd00000, 0x00000004dfd00000, 0x00000004dfe00000|  0%| F|  |TAMS 0x00000004dfd00000, 0x00000004dfd00000| Untracked 
| 164|0x00000004dfe00000, 0x00000004dfe00000, 0x00000004dff00000|  0%| F|  |TAMS 0x00000004dfe00000, 0x00000004dfe00000| Untracked 
| 165|0x00000004dff00000, 0x00000004dff00000, 0x00000004e0000000|  0%| F|  |TAMS 0x00000004dff00000, 0x00000004dff00000| Untracked 
| 166|0x00000004e0000000, 0x00000004e0000000, 0x00000004e0100000|  0%| F|  |TAMS 0x00000004e0000000, 0x00000004e0000000| Untracked 
| 167|0x00000004e0100000, 0x00000004e0100000, 0x00000004e0200000|  0%| F|  |TAMS 0x00000004e0100000, 0x00000004e0100000| Untracked 
| 168|0x00000004e0200000, 0x00000004e0200000, 0x00000004e0300000|  0%| F|  |TAMS 0x00000004e0200000, 0x00000004e0200000| Untracked 
| 169|0x00000004e0300000, 0x00000004e0300000, 0x00000004e0400000|  0%| F|  |TAMS 0x00000004e0300000, 0x00000004e0300000| Untracked 
| 170|0x00000004e0400000, 0x00000004e0400000, 0x00000004e0500000|  0%| F|  |TAMS 0x00000004e0400000, 0x00000004e0400000| Untracked 
| 171|0x00000004e0500000, 0x00000004e0500000, 0x00000004e0600000|  0%| F|  |TAMS 0x00000004e0500000, 0x00000004e0500000| Untracked 
| 172|0x00000004e0600000, 0x00000004e0600000, 0x00000004e0700000|  0%| F|  |TAMS 0x00000004e0600000, 0x00000004e0600000| Untracked 
| 173|0x00000004e0700000, 0x00000004e0700000, 0x00000004e0800000|  0%| F|  |TAMS 0x00000004e0700000, 0x00000004e0700000| Untracked 
| 174|0x00000004e0800000, 0x00000004e0800000, 0x00000004e0900000|  0%| F|  |TAMS 0x00000004e0800000, 0x00000004e0800000| Untracked 
| 175|0x00000004e0900000, 0x00000004e0900000, 0x00000004e0a00000|  0%| F|  |TAMS 0x00000004e0900000, 0x00000004e0900000| Untracked 
| 176|0x00000004e0a00000, 0x00000004e0a00000, 0x00000004e0b00000|  0%| F|  |TAMS 0x00000004e0a00000, 0x00000004e0a00000| Untracked 
| 177|0x00000004e0b00000, 0x00000004e0b00000, 0x00000004e0c00000|  0%| F|  |TAMS 0x00000004e0b00000, 0x00000004e0b00000| Untracked 
| 178|0x00000004e0c00000, 0x00000004e0c00000, 0x00000004e0d00000|  0%| F|  |TAMS 0x00000004e0c00000, 0x00000004e0c00000| Untracked 
| 179|0x00000004e0d00000, 0x00000004e0d00000, 0x00000004e0e00000|  0%| F|  |TAMS 0x00000004e0d00000, 0x00000004e0d00000| Untracked 
| 180|0x00000004e0e00000, 0x00000004e0e00000, 0x00000004e0f00000|  0%| F|  |TAMS 0x00000004e0e00000, 0x00000004e0e00000| Untracked 
| 181|0x00000004e0f00000, 0x00000004e0f00000, 0x00000004e1000000|  0%| F|  |TAMS 0x00000004e0f00000, 0x00000004e0f00000| Untracked 
| 182|0x00000004e1000000, 0x00000004e1000000, 0x00000004e1100000|  0%| F|  |TAMS 0x00000004e1000000, 0x00000004e1000000| Untracked 
| 183|0x00000004e1100000, 0x00000004e1100000, 0x00000004e1200000|  0%| F|  |TAMS 0x00000004e1100000, 0x00000004e1100000| Untracked 
| 184|0x00000004e1200000, 0x00000004e1200000, 0x00000004e1300000|  0%| F|  |TAMS 0x00000004e1200000, 0x00000004e1200000| Untracked 
| 185|0x00000004e1300000, 0x00000004e1300000, 0x00000004e1400000|  0%| F|  |TAMS 0x00000004e1300000, 0x00000004e1300000| Untracked 
| 186|0x00000004e1400000, 0x00000004e1400000, 0x00000004e1500000|  0%| F|  |TAMS 0x00000004e1400000, 0x00000004e1400000| Untracked 
| 187|0x00000004e1500000, 0x00000004e1500000, 0x00000004e1600000|  0%| F|  |TAMS 0x00000004e1500000, 0x00000004e1500000| Untracked 
| 188|0x00000004e1600000, 0x00000004e1600000, 0x00000004e1700000|  0%| F|  |TAMS 0x00000004e1600000, 0x00000004e1600000| Untracked 
| 189|0x00000004e1700000, 0x00000004e1700000, 0x00000004e1800000|  0%| F|  |TAMS 0x00000004e1700000, 0x00000004e1700000| Untracked 
| 190|0x00000004e1800000, 0x00000004e1800000, 0x00000004e1900000|  0%| F|  |TAMS 0x00000004e1800000, 0x00000004e1800000| Untracked 
| 191|0x00000004e1900000, 0x00000004e1900000, 0x00000004e1a00000|  0%| F|  |TAMS 0x00000004e1900000, 0x00000004e1900000| Untracked 
| 192|0x00000004e1a00000, 0x00000004e1a00000, 0x00000004e1b00000|  0%| F|  |TAMS 0x00000004e1a00000, 0x00000004e1a00000| Untracked 
| 193|0x00000004e1b00000, 0x00000004e1b00000, 0x00000004e1c00000|  0%| F|  |TAMS 0x00000004e1b00000, 0x00000004e1b00000| Untracked 
| 194|0x00000004e1c00000, 0x00000004e1c00000, 0x00000004e1d00000|  0%| F|  |TAMS 0x00000004e1c00000, 0x00000004e1c00000| Untracked 
| 195|0x00000004e1d00000, 0x00000004e1d00000, 0x00000004e1e00000|  0%| F|  |TAMS 0x00000004e1d00000, 0x00000004e1d00000| Untracked 
| 196|0x00000004e1e00000, 0x00000004e1e00000, 0x00000004e1f00000|  0%| F|  |TAMS 0x00000004e1e00000, 0x00000004e1e00000| Untracked 
| 197|0x00000004e1f00000, 0x00000004e1f00000, 0x00000004e2000000|  0%| F|  |TAMS 0x00000004e1f00000, 0x00000004e1f00000| Untracked 
| 198|0x00000004e2000000, 0x00000004e2000000, 0x00000004e2100000|  0%| F|  |TAMS 0x00000004e2000000, 0x00000004e2000000| Untracked 
| 199|0x00000004e2100000, 0x00000004e2100000, 0x00000004e2200000|  0%| F|  |TAMS 0x00000004e2100000, 0x00000004e2100000| Untracked 
| 200|0x00000004e2200000, 0x00000004e2200000, 0x00000004e2300000|  0%| F|  |TAMS 0x00000004e2200000, 0x00000004e2200000| Untracked 
| 201|0x00000004e2300000, 0x00000004e2300000, 0x00000004e2400000|  0%| F|  |TAMS 0x00000004e2300000, 0x00000004e2300000| Untracked 
| 202|0x00000004e2400000, 0x00000004e2400000, 0x00000004e2500000|  0%| F|  |TAMS 0x00000004e2400000, 0x00000004e2400000| Untracked 
| 203|0x00000004e2500000, 0x00000004e2500000, 0x00000004e2600000|  0%| F|  |TAMS 0x00000004e2500000, 0x00000004e2500000| Untracked 
| 204|0x00000004e2600000, 0x00000004e2600000, 0x00000004e2700000|  0%| F|  |TAMS 0x00000004e2600000, 0x00000004e2600000| Untracked 
| 205|0x00000004e2700000, 0x00000004e2700000, 0x00000004e2800000|  0%| F|  |TAMS 0x00000004e2700000, 0x00000004e2700000| Untracked 
| 206|0x00000004e2800000, 0x00000004e2800000, 0x00000004e2900000|  0%| F|  |TAMS 0x00000004e2800000, 0x00000004e2800000| Untracked 
| 207|0x00000004e2900000, 0x00000004e2900000, 0x00000004e2a00000|  0%| F|  |TAMS 0x00000004e2900000, 0x00000004e2900000| Untracked 
| 208|0x00000004e2a00000, 0x00000004e2a00000, 0x00000004e2b00000|  0%| F|  |TAMS 0x00000004e2a00000, 0x00000004e2a00000| Untracked 
| 209|0x00000004e2b00000, 0x00000004e2b00000, 0x00000004e2c00000|  0%| F|  |TAMS 0x00000004e2b00000, 0x00000004e2b00000| Untracked 
| 210|0x00000004e2c00000, 0x00000004e2c00000, 0x00000004e2d00000|  0%| F|  |TAMS 0x00000004e2c00000, 0x00000004e2c00000| Untracked 
| 211|0x00000004e2d00000, 0x00000004e2d00000, 0x00000004e2e00000|  0%| F|  |TAMS 0x00000004e2d00000, 0x00000004e2d00000| Untracked 
| 212|0x00000004e2e00000, 0x00000004e2e00000, 0x00000004e2f00000|  0%| F|  |TAMS 0x00000004e2e00000, 0x00000004e2e00000| Untracked 
| 213|0x00000004e2f00000, 0x00000004e2f00000, 0x00000004e3000000|  0%| F|  |TAMS 0x00000004e2f00000, 0x00000004e2f00000| Untracked 
| 214|0x00000004e3000000, 0x00000004e3000000, 0x00000004e3100000|  0%| F|  |TAMS 0x00000004e3000000, 0x00000004e3000000| Untracked 
| 215|0x00000004e3100000, 0x00000004e3100000, 0x00000004e3200000|  0%| F|  |TAMS 0x00000004e3100000, 0x00000004e3100000| Untracked 
| 216|0x00000004e3200000, 0x00000004e3200000, 0x00000004e3300000|  0%| F|  |TAMS 0x00000004e3200000, 0x00000004e3200000| Untracked 
| 217|0x00000004e3300000, 0x00000004e3300000, 0x00000004e3400000|  0%| F|  |TAMS 0x00000004e3300000, 0x00000004e3300000| Untracked 
| 218|0x00000004e3400000, 0x00000004e3400000, 0x00000004e3500000|  0%| F|  |TAMS 0x00000004e3400000, 0x00000004e3400000| Untracked 
| 219|0x00000004e3500000, 0x00000004e3500000, 0x00000004e3600000|  0%| F|  |TAMS 0x00000004e3500000, 0x00000004e3500000| Untracked 
| 220|0x00000004e3600000, 0x00000004e3600000, 0x00000004e3700000|  0%| F|  |TAMS 0x00000004e3600000, 0x00000004e3600000| Untracked 
| 221|0x00000004e3700000, 0x00000004e3700000, 0x00000004e3800000|  0%| F|  |TAMS 0x00000004e3700000, 0x00000004e3700000| Untracked 
| 222|0x00000004e3800000, 0x00000004e3800000, 0x00000004e3900000|  0%| F|  |TAMS 0x00000004e3800000, 0x00000004e3800000| Untracked 
| 223|0x00000004e3900000, 0x00000004e3900000, 0x00000004e3a00000|  0%| F|  |TAMS 0x00000004e3900000, 0x00000004e3900000| Untracked 
| 224|0x00000004e3a00000, 0x00000004e3a00000, 0x00000004e3b00000|  0%| F|  |TAMS 0x00000004e3a00000, 0x00000004e3a00000| Untracked 
| 225|0x00000004e3b00000, 0x00000004e3b00000, 0x00000004e3c00000|  0%| F|  |TAMS 0x00000004e3b00000, 0x00000004e3b00000| Untracked 
| 226|0x00000004e3c00000, 0x00000004e3c00000, 0x00000004e3d00000|  0%| F|  |TAMS 0x00000004e3c00000, 0x00000004e3c00000| Untracked 
| 227|0x00000004e3d00000, 0x00000004e3d00000, 0x00000004e3e00000|  0%| F|  |TAMS 0x00000004e3d00000, 0x00000004e3d00000| Untracked 
| 228|0x00000004e3e00000, 0x00000004e3e00000, 0x00000004e3f00000|  0%| F|  |TAMS 0x00000004e3e00000, 0x00000004e3e00000| Untracked 
| 229|0x00000004e3f00000, 0x00000004e3f00000, 0x00000004e4000000|  0%| F|  |TAMS 0x00000004e3f00000, 0x00000004e3f00000| Untracked 
| 230|0x00000004e4000000, 0x00000004e4000000, 0x00000004e4100000|  0%| F|  |TAMS 0x00000004e4000000, 0x00000004e4000000| Untracked 

Card table byte_map: [0x0000016463a30000,0x0000016464230000] _byte_map_base: 0x0000016461383000

Marking Bits (Prev, Next): (CMBitMap*) 0x000001644c5bb6e8, (CMBitMap*) 0x000001644c5bb720
 Prev Bits: [0x0000016464a30000, 0x0000016468a10000)
 Next Bits: [0x0000016468a10000, 0x000001646c9f0000)

Polling page: 0x000001644acd0000

Metaspace:

Usage:
  Non-class:     84.79 MB capacity,    82.60 MB ( 97%) used,     1.90 MB (  2%) free+waste,   297.00 KB ( <1%) overhead. 
      Class:     14.22 MB capacity,    12.80 MB ( 90%) used,     1.27 MB (  9%) free+waste,   144.63 KB ( <1%) overhead. 
       Both:     99.01 MB capacity,    95.41 MB ( 96%) used,     3.17 MB (  3%) free+waste,   441.63 KB ( <1%) overhead. 

Virtual space:
  Non-class space:       86.00 MB reserved,      84.95 MB ( 99%) committed 
      Class space:      504.00 MB reserved,      14.25 MB (  3%) committed 
             Both:      590.00 MB reserved,      99.20 MB ( 17%) committed 

Chunk freelists:
   Non-Class:  3.88 KB
       Class:  128 bytes
        Both:  4.00 KB

CodeHeap 'non-profiled nmethods': size=120064Kb used=6363Kb max_used=6363Kb free=113700Kb
 bounds [0x000001645b6d0000, 0x000001645bd10000, 0x0000016462c10000]
CodeHeap 'profiled nmethods': size=120000Kb used=22305Kb max_used=22305Kb free=97694Kb
 bounds [0x00000164541a0000, 0x0000016455770000, 0x000001645b6d0000]
CodeHeap 'non-nmethods': size=5696Kb used=2302Kb max_used=2374Kb free=3394Kb
 bounds [0x0000016453c10000, 0x0000016453e80000, 0x00000164541a0000]
 total_blobs=11835 nmethods=10924 adapters=822
 compilation: enabled
              stopped_count=0, restarted_count=0
 full_count=0

Compilation events (10 events):
Event: 24.688 Thread 0x000001646f020000 10975       3       java.lang.invoke.VarHandleObjects$FieldInstanceReadWrite::setRelease (30 bytes)
Event: 24.688 Thread 0x000001646f020000 nmethod 10975 0x0000016455766a90 code [0x0000016455766cc0, 0x00000164557674c8]
Event: 24.688 Thread 0x000001646f020000 10976       3       java.util.concurrent.ConcurrentLinkedQueue$Itr::next (96 bytes)
Event: 24.689 Thread 0x000001646f020000 nmethod 10976 0x0000016455767790 code [0x0000016455767980, 0x0000016455768098]
Event: 24.689 Thread 0x000001646f01b000 nmethod 10977 0x000001645bd06190 code [0x000001645bd06320, 0x000001645bd064a8]
Event: 24.689 Thread 0x000001646f020000 10978       3       java.util.concurrent.ConcurrentLinkedQueue$$Lambda$1080/0x00000005d5bccc40::test (5 bytes)
Event: 24.689 Thread 0x000001646f01b000 10979       4       java.lang.invoke.VarHandleObjects$FieldInstanceReadWrite::compareAndSet (38 bytes)
Event: 24.689 Thread 0x000001646f020000 nmethod 10978 0x0000016455768310 code [0x00000164557684a0, 0x00000164557685f8]
Event: 24.693 Thread 0x000001646f01b000 nmethod 10979 0x000001645bd06690 code [0x000001645bd06820, 0x000001645bd06b58]
Event: 24.697 Thread 0x000001646f020000 10981       3       java.util.concurrent.ConcurrentLinkedQueue$Itr::<init> (75 bytes)

GC Heap History (10 events):
Event: 13.957 GC heap after
{Heap after GC invocations=17 (full 0):
 garbage-first heap   total 196608K, used 62679K [0x00000004d5a00000, 0x00000005d5200000)
  region size 1024K, 14 young (14336K), 14 survivors (14336K)
 Metaspace       used 69365K, capacity 71485K, committed 71500K, reserved 577536K
  class space    used 9241K, capacity 10110K, committed 10112K, reserved 516096K
}
Event: 15.153 GC heap before
{Heap before GC invocations=17 (full 0):
 garbage-first heap   total 196608K, used 149719K [0x00000004d5a00000, 0x00000005d5200000)
  region size 1024K, 100 young (102400K), 14 survivors (14336K)
 Metaspace       used 79168K, capacity 81489K, committed 81740K, reserved 587776K
  class space    used 10417K, capacity 11380K, committed 11392K, reserved 516096K
}
Event: 15.175 GC heap after
{Heap after GC invocations=18 (full 0):
 garbage-first heap   total 236544K, used 69382K [0x00000004d5a00000, 0x00000005d5200000)
  region size 1024K, 7 young (7168K), 7 survivors (7168K)
 Metaspace       used 79168K, capacity 81489K, committed 81740K, reserved 587776K
  class space    used 10417K, capacity 11380K, committed 11392K, reserved 516096K
}
Event: 20.147 GC heap before
{Heap before GC invocations=18 (full 0):
 garbage-first heap   total 236544K, used 169734K [0x00000004d5a00000, 0x00000005d5200000)
  region size 1024K, 105 young (107520K), 7 survivors (7168K)
 Metaspace       used 82890K, capacity 85385K, committed 85708K, reserved 589824K
  class space    used 10926K, capacity 11929K, committed 12032K, reserved 516096K
}
Event: 20.166 GC heap after
{Heap after GC invocations=19 (full 0):
 garbage-first heap   total 236544K, used 76381K [0x00000004d5a00000, 0x00000005d5200000)
  region size 1024K, 14 young (14336K), 14 survivors (14336K)
 Metaspace       used 82890K, capacity 85385K, committed 85708K, reserved 589824K
  class space    used 10926K, capacity 11929K, committed 12032K, reserved 516096K
}
Event: 21.470 GC heap before
{Heap before GC invocations=19 (full 0):
 garbage-first heap   total 236544K, used 177757K [0x00000004d5a00000, 0x00000005d5200000)
  region size 1024K, 113 young (115712K), 14 survivors (14336K)
 Metaspace       used 89595K, capacity 92421K, committed 92620K, reserved 595968K
  class space    used 12073K, capacity 13207K, committed 13312K, reserved 516096K
}
Event: 21.499 GC heap after
{Heap after GC invocations=20 (full 0):
 garbage-first heap   total 236544K, used 85764K [0x00000004d5a00000, 0x00000005d5200000)
  region size 1024K, 10 young (10240K), 10 survivors (10240K)
 Metaspace       used 89595K, capacity 92421K, committed 92620K, reserved 595968K
  class space    used 12073K, capacity 13207K, committed 13312K, reserved 516096K
}
Event: 22.435 GC heap before
{Heap before GC invocations=20 (full 0):
 garbage-first heap   total 236544K, used 184068K [0x00000004d5a00000, 0x00000005d5200000)
  region size 1024K, 103 young (105472K), 10 survivors (10240K)
 Metaspace       used 94104K, capacity 97393K, committed 97612K, reserved 600064K
  class space    used 12665K, capacity 13922K, committed 13952K, reserved 516096K
}
Event: 22.461 GC heap after
{Heap after GC invocations=21 (full 0):
 garbage-first heap   total 236544K, used 99250K [0x00000004d5a00000, 0x00000005d5200000)
  region size 1024K, 9 young (9216K), 9 survivors (9216K)
 Metaspace       used 94104K, capacity 97393K, committed 97612K, reserved 600064K
  class space    used 12665K, capacity 13922K, committed 13952K, reserved 516096K
}
Event: 24.698 GC heap before
{Heap before GC invocations=21 (full 0):
 garbage-first heap   total 236544K, used 192434K [0x00000004d5a00000, 0x00000005d5200000)
  region size 1024K, 96 young (98304K), 9 survivors (9216K)
 Metaspace       used 97697K, capacity 101388K, committed 101580K, reserved 604160K
  class space    used 13110K, capacity 14559K, committed 14592K, reserved 516096K
}

Deoptimization events (10 events):
Event: 22.095 Thread 0x0000016471d99800 Uncommon trap: reason=unstable_if action=reinterpret pc=0x000001645b9f45a0 method=java.util.concurrent.ConcurrentLinkedQueue.updateHead(Ljava/util/concurrent/ConcurrentLinkedQueue$Node;Ljava/util/concurrent/ConcurrentLinkedQueue$Node;)V @ 14 c2
Event: 22.238 Thread 0x0000016471c38800 Uncommon trap: reason=unstable_if action=reinterpret pc=0x000001645b6f6260 method=java.io.WinNTFileSystem.isSlash(C)Z @ 9 c2
Event: 22.819 Thread 0x0000016471c38800 Uncommon trap: reason=unstable_if action=reinterpret pc=0x000001645b734ba0 method=java.util.jar.JarFile.match([B[B[B[B)I @ 52 c2
Event: 23.323 Thread 0x0000016471c38800 Uncommon trap: reason=null_check action=make_not_entrant pc=0x000001645bcaee1c method=org.gradle.tooling.internal.provider.runner.ClientBuildEventGenerator$Disabled.accept(Lorg/gradle/internal/operations/BuildOperationDescriptor;)Lorg/gradle/tooling/inter
Event: 23.323 Thread 0x0000016471c38800 Uncommon trap: reason=null_check action=make_not_entrant pc=0x000001645bc92d7c method=org.gradle.tooling.internal.provider.runner.ClientBuildEventGenerator$Disabled.accept(Lorg/gradle/internal/operations/BuildOperationDescriptor;)Lorg/gradle/tooling/inter
Event: 23.338 Thread 0x0000016471c38800 Uncommon trap: reason=unstable_if action=reinterpret pc=0x000001645ba7e6f8 method=com.esotericsoftware.kryo.io.Input.readString()Ljava/lang/String; @ 28 c2
Event: 23.346 Thread 0x0000016471c38800 Uncommon trap: reason=unstable_if action=reinterpret pc=0x000001645b954864 method=com.esotericsoftware.kryo.io.Input.require(I)I @ 65 c2
Event: 23.365 Thread 0x0000016471c38800 Uncommon trap: reason=unstable_if action=reinterpret pc=0x000001645bad496c method=com.google.common.cache.LocalCache.isExpired(Lcom/google/common/cache/ReferenceEntry;J)Z @ 9 c2
Event: 23.402 Thread 0x0000016471c38800 Uncommon trap: reason=unstable_if action=reinterpret pc=0x000001645bbf5444 method=java.util.concurrent.ConcurrentHashMap.computeIfAbsent(Ljava/lang/Object;Ljava/util/function/Function;)Ljava/lang/Object; @ 364 c2
Event: 24.649 Thread 0x0000016471c38800 Uncommon trap: reason=unstable_if action=reinterpret pc=0x000001645bc9c114 method=org.gradle.internal.logging.slf4j.OutputEventListenerBackedLogger.isLevelAtMost(Lorg/gradle/api/logging/LogLevel;)Z @ 11 c2

Classes redefined (0 events):
No events

Internal exceptions (10 events):
Event: 23.259 Thread 0x0000016471c38800 Exception <a 'java/lang/ClassNotFoundException'{0x00000004df86ac00}: build_8x0856exk9lobmpyb95pvg9gwBeanInfo> (0x00000004df86ac00) thrown at [./open/src/hotspot/share/classfile/systemDictionary.cpp, line 226]
Event: 23.260 Thread 0x0000016471c38800 Exception <a 'java/lang/ClassNotFoundException'{0x00000004df876c60}: build_8x0856exk9lobmpyb95pvg9gwCustomizer> (0x00000004df876c60) thrown at [./open/src/hotspot/share/classfile/systemDictionary.cpp, line 226]
Event: 23.271 Thread 0x0000016471c38800 Exception <a 'java/lang/ClassNotFoundException'{0x00000004df72ccc0}: build_8x0856exk9lobmpyb95pvg9gwBeanInfo> (0x00000004df72ccc0) thrown at [./open/src/hotspot/share/classfile/systemDictionary.cpp, line 226]
Event: 23.271 Thread 0x0000016471c38800 Exception <a 'java/lang/ClassNotFoundException'{0x00000004df738cc0}: build_8x0856exk9lobmpyb95pvg9gwCustomizer> (0x00000004df738cc0) thrown at [./open/src/hotspot/share/classfile/systemDictionary.cpp, line 226]
Event: 23.287 Thread 0x0000016471c38800 Exception <a 'java/lang/ClassNotFoundException'{0x00000004df672558}: build_8x0856exk9lobmpyb95pvg9gw$_run_closure1BeanInfo> (0x00000004df672558) thrown at [./open/src/hotspot/share/classfile/systemDictionary.cpp, line 226]
Event: 23.287 Thread 0x0000016471c38800 Exception <a 'java/lang/ClassNotFoundException'{0x00000004df682598}: build_8x0856exk9lobmpyb95pvg9gw$_run_closure1Customizer> (0x00000004df682598) thrown at [./open/src/hotspot/share/classfile/systemDictionary.cpp, line 226]
Event: 23.315 Thread 0x0000016471c38800 Exception <a 'java/lang/NoClassDefFoundError'{0x00000004df4c92b0}: org/jetbrains/kotlin/gradle/plugin/KotlinBasePluginWrapper> (0x00000004df4c92b0) thrown at [./open/src/hotspot/share/oops/constantPool.cpp, line 770]
Event: 23.323 Thread 0x0000016471c38800 Implicit null exception at 0x000001645bcae715 to 0x000001645bcaedf8
Event: 23.323 Thread 0x0000016471c38800 Implicit null exception at 0x000001645bc92cdc to 0x000001645bc92d70
Event: 23.432 Thread 0x0000016473616000 Exception <a 'java/lang/NoSuchMethodError'{0x00000004df0f5740}: java.lang.invoke.DirectMethodHandle$Holder.invokeVirtual(Ljava/lang/Object;Ljava/lang/Object;)V> (0x00000004df0f5740) thrown at [./open/src/hotspot/share/interpreter/linkResolver.cpp, line 77

Events (10 events):
Event: 24.696 Executing VM operation: RevokeBias done
Event: 24.697 Executing VM operation: RevokeBias
Event: 24.697 Executing VM operation: RevokeBias done
Event: 24.697 Executing VM operation: RevokeBias
Event: 24.697 Executing VM operation: RevokeBias done
Event: 24.697 Executing VM operation: RevokeBias
Event: 24.697 Executing VM operation: RevokeBias done
Event: 24.697 Executing VM operation: RevokeBias
Event: 24.697 Executing VM operation: RevokeBias done
Event: 24.698 Executing VM operation: G1CollectForAllocation


Dynamic libraries:
0x00007ff703090000 - 0x00007ff70309f000 	C:\Program Files\Java\jdk-11.0.16\bin\java.exe
0x00007fff611b0000 - 0x00007fff613a8000 	C:\Windows\SYSTEM32\ntdll.dll
0x00007fff60ba0000 - 0x00007fff60c5d000 	C:\Windows\System32\KERNEL32.DLL
0x00007fff5ef40000 - 0x00007fff5f20e000 	C:\Windows\System32\KERNELBASE.dll
0x00007fff5ecc0000 - 0x00007fff5edc0000 	C:\Windows\System32\ucrtbase.dll
0x00007fff47c80000 - 0x00007fff47c95000 	C:\Program Files\Java\jdk-11.0.16\bin\VCRUNTIME140.dll
0x00007fff47c10000 - 0x00007fff47c28000 	C:\Program Files\Java\jdk-11.0.16\bin\jli.dll
0x00007fff609a0000 - 0x00007fff60a4e000 	C:\Windows\System32\ADVAPI32.dll
0x00007fff5f990000 - 0x00007fff5fa2e000 	C:\Windows\System32\msvcrt.dll
0x00007fff60270000 - 0x00007fff6030c000 	C:\Windows\System32\sechost.dll
0x00007fff5f360000 - 0x00007fff5f485000 	C:\Windows\System32\RPCRT4.dll
0x00007fff5f490000 - 0x00007fff5f630000 	C:\Windows\System32\USER32.dll
0x00007fff5ec10000 - 0x00007fff5ec32000 	C:\Windows\System32\win32u.dll
0x00007fff5f2d0000 - 0x00007fff5f2fa000 	C:\Windows\System32\GDI32.dll
0x00007fff401d0000 - 0x00007fff4046a000 	C:\Windows\WinSxS\amd64_microsoft.windows.common-controls_6595b64144ccf1df_6.0.19041.1110_none_60b5254171f9507e\COMCTL32.dll
0x00007fff5edc0000 - 0x00007fff5eecb000 	C:\Windows\System32\gdi32full.dll
0x00007fff5eac0000 - 0x00007fff5eb5d000 	C:\Windows\System32\msvcp_win.dll
0x00007fff55fc0000 - 0x00007fff55fca000 	C:\Windows\SYSTEM32\VERSION.dll
0x00007fff610d0000 - 0x00007fff61100000 	C:\Windows\System32\IMM32.DLL
0x00007fff37bb0000 - 0x00007fff37c4b000 	C:\Program Files\Java\jdk-11.0.16\bin\msvcp140.dll
0x00007fff24220000 - 0x00007fff24d38000 	C:\Program Files\Java\jdk-11.0.16\bin\server\jvm.dll
0x00007fff60a50000 - 0x00007fff60a58000 	C:\Windows\System32\PSAPI.DLL
0x00007fff57b40000 - 0x00007fff57b49000 	C:\Windows\SYSTEM32\WSOCK32.dll
0x00007fff61100000 - 0x00007fff6116b000 	C:\Windows\System32\WS2_32.dll
0x00007fff45ee0000 - 0x00007fff45f07000 	C:\Windows\SYSTEM32\WINMM.dll
0x00007fff5c7a0000 - 0x00007fff5c7b2000 	C:\Windows\SYSTEM32\kernel.appcore.dll
0x00007fff48360000 - 0x00007fff48370000 	C:\Program Files\Java\jdk-11.0.16\bin\verify.dll
0x00007fff56680000 - 0x00007fff56864000 	C:\Windows\SYSTEM32\DBGHELP.DLL
0x00007fff56650000 - 0x00007fff5667c000 	C:\Windows\SYSTEM32\dbgcore.DLL
0x00007fff5ea30000 - 0x00007fff5eab2000 	C:\Windows\System32\bcryptPrimitives.dll
0x00007fff47920000 - 0x00007fff47948000 	C:\Program Files\Java\jdk-11.0.16\bin\java.dll
0x00007fff47c00000 - 0x00007fff47c0a000 	C:\Program Files\Java\jdk-11.0.16\bin\jimage.dll
0x00007fff47ba0000 - 0x00007fff47bb6000 	C:\Program Files\Java\jdk-11.0.16\bin\zip.dll
0x00007fff5fb20000 - 0x00007fff60263000 	C:\Windows\System32\SHELL32.dll
0x00007fff5c9a0000 - 0x00007fff5d135000 	C:\Windows\SYSTEM32\windows.storage.dll
0x00007fff60520000 - 0x00007fff60874000 	C:\Windows\System32\combase.dll
0x00007fff5e180000 - 0x00007fff5e1b0000 	C:\Windows\SYSTEM32\Wldp.dll
0x00007fff60af0000 - 0x00007fff60b9d000 	C:\Windows\System32\SHCORE.dll
0x00007fff5f270000 - 0x00007fff5f2c5000 	C:\Windows\System32\shlwapi.dll
0x00007fff5e810000 - 0x00007fff5e82f000 	C:\Windows\SYSTEM32\profapi.dll
0x00007fff47830000 - 0x00007fff47849000 	C:\Program Files\Java\jdk-11.0.16\bin\net.dll
0x00007fff576b0000 - 0x00007fff577ba000 	C:\Windows\SYSTEM32\WINHTTP.dll
0x00007fff5df60000 - 0x00007fff5dfca000 	C:\Windows\system32\mswsock.dll
0x00007fff47810000 - 0x00007fff47822000 	C:\Program Files\Java\jdk-11.0.16\bin\nio.dll
0x00007fff47450000 - 0x00007fff47477000 	C:\Users\admin-1\.gradle\native\e1d6ef7f7dcc3fd88c89a11ec53ec762bb8ba0a96d01ffa2cd45eb1d1d8dd5c5\windows-amd64\native-platform.dll
0x00007fff371f0000 - 0x00007fff37334000 	C:\Users\admin-1\.gradle\native\0d407fdbe67a94daf76414ababcb853783967236a71b16ec16e742cd7a986fd3\windows-amd64\native-platform-file-events.dll
0x00007fff47a70000 - 0x00007fff47a79000 	C:\Program Files\Java\jdk-11.0.16\bin\management.dll
0x00007fff47910000 - 0x00007fff4791b000 	C:\Program Files\Java\jdk-11.0.16\bin\management_ext.dll
0x00007fff5e1c0000 - 0x00007fff5e1d8000 	C:\Windows\SYSTEM32\CRYPTSP.dll
0x00007fff5d900000 - 0x00007fff5d934000 	C:\Windows\system32\rsaenh.dll
0x00007fff5ec40000 - 0x00007fff5ec67000 	C:\Windows\System32\bcrypt.dll
0x00007fff5e790000 - 0x00007fff5e7be000 	C:\Windows\SYSTEM32\USERENV.dll
0x00007fff5e0f0000 - 0x00007fff5e0fc000 	C:\Windows\SYSTEM32\CRYPTBASE.dll
0x00007fff5dc70000 - 0x00007fff5dcab000 	C:\Windows\SYSTEM32\IPHLPAPI.DLL
0x00007fff5f630000 - 0x00007fff5f638000 	C:\Windows\System32\NSI.dll
0x00007fff57910000 - 0x00007fff57927000 	C:\Windows\SYSTEM32\dhcpcsvc6.DLL
0x00007fff57690000 - 0x00007fff576ad000 	C:\Windows\SYSTEM32\dhcpcsvc.DLL
0x00007fff5dcb0000 - 0x00007fff5dd7a000 	C:\Windows\SYSTEM32\DNSAPI.dll

dbghelp: loaded successfully - version: 4.0.5 - missing functions: none
symbol engine: initialized successfully - sym options: 0x614 - pdb path: .;C:\Program Files\Java\jdk-11.0.16\bin;C:\Windows\SYSTEM32;C:\Windows\WinSxS\amd64_microsoft.windows.common-controls_6595b64144ccf1df_6.0.19041.1110_none_60b5254171f9507e;C:\Program Files\Java\jdk-11.0.16\bin\server;C:\Users\admin-1\.gradle\native\e1d6ef7f7dcc3fd88c89a11ec53ec762bb8ba0a96d01ffa2cd45eb1d1d8dd5c5\windows-amd64;C:\Users\admin-1\.gradle\native\0d407fdbe67a94daf76414ababcb853783967236a71b16ec16e742cd7a986fd3\windows-amd64

VM Arguments:
jvm_args: -XX:MaxMetaspaceSize=512m --add-opens=java.base/java.util=ALL-UNNAMED --add-opens=java.base/java.lang=ALL-UNNAMED --add-opens=java.base/java.lang.invoke=ALL-UNNAMED --add-opens=java.base/java.util=ALL-UNNAMED --add-opens=java.prefs/java.util.prefs=ALL-UNNAMED --add-opens=java.prefs/java.util.prefs=ALL-UNNAMED --add-opens=java.base/java.nio.charset=ALL-UNNAMED --add-opens=java.base/java.net=ALL-UNNAMED --add-opens=java.base/java.util.concurrent.atomic=ALL-UNNAMED -Xmx4088m -Dfile.encoding=windows-1252 -Duser.country=US -Duser.language=en -Duser.variant 
java_command: org.gradle.launcher.daemon.bootstrap.GradleDaemon 7.5.1
java_class_path (initial): C:\Users\admin-1\.gradle\wrapper\dists\gradle-7.5.1-all\1ehga6e77gqps5uk2kc5kf1vc\gradle-7.5.1\lib\gradle-launcher-7.5.1.jar
Launcher Type: SUN_STANDARD

[Global flags]
     intx CICompilerCount                          = 3                                         {product} {ergonomic}
   size_t CompressedClassSpaceSize                 = 528482304                                 {product} {ergonomic}
     uint ConcGCThreads                            = 1                                         {product} {ergonomic}
     uint G1ConcRefinementThreads                  = 4                                         {product} {ergonomic}
   size_t G1HeapRegionSize                         = 1048576                                   {product} {ergonomic}
    uintx GCDrainStackTargetSize                   = 64                                        {product} {ergonomic}
   size_t InitialHeapSize                          = 134217728                                 {product} {ergonomic}
   size_t MarkStackSize                            = 4194304                                   {product} {ergonomic}
   size_t MaxHeapSize                              = 4286578688                                {product} {command line}
   size_t MaxMetaspaceSize                         = 536870912                                 {product} {command line}
   size_t MaxNewSize                               = 2571108352                                {product} {ergonomic}
   size_t MinHeapDeltaBytes                        = 1048576                                   {product} {ergonomic}
    uintx NonNMethodCodeHeapSize                   = 5830732                                {pd product} {ergonomic}
    uintx NonProfiledCodeHeapSize                  = 122913754                              {pd product} {ergonomic}
    uintx ProfiledCodeHeapSize                     = 122913754                              {pd product} {ergonomic}
    uintx ReservedCodeCacheSize                    = 251658240                              {pd product} {ergonomic}
     bool SegmentedCodeCache                       = true                                      {product} {ergonomic}
     bool UseCompressedClassPointers               = true                                 {lp64_product} {ergonomic}
     bool UseCompressedOops                        = true                                 {lp64_product} {ergonomic}
     bool UseG1GC                                  = true                                      {product} {ergonomic}
     bool UseLargePagesIndividualAllocation        = false                                  {pd product} {ergonomic}

Logging:
Log output configuration:
 #0: stdout all=warning uptime,level,tags
 #1: stderr all=off uptime,level,tags

Environment Variables:
CLASSPATH=C:\Users\admin-1\Documents\Awesome\android\\gradle\wrapper\gradle-wrapper.jar
PATH=C:\Program Files\Common Files\Oracle\Java\javapath;C:\Windows\system32;C:\Windows;C:\Windows\System32\Wbem;C:\Windows\System32\WindowsPowerShell\v1.0\;C:\Windows\System32\OpenSSH\;C:\Program Files\nodejs\;C:\Users\admin-1\AppData\Local\Android\Sdk\platform-tools;C:\Users\admin-1\AppData\Local\Microsoft\WindowsApps;C:\Users\admin-1\AppData\Roaming\npm;C:\Users\admin-1\AppData\Local\Programs\Microsoft VS Code\bin
USERNAME=admin-1
OS=Windows_NT
PROCESSOR_IDENTIFIER=Intel64 Family 6 Model 85 Stepping 4, GenuineIntel



---------------  S Y S T E M  ---------------

OS: Windows 10 , 64 bit Build 19041 (10.0.19041.1889)
Hyper-V role detected

CPU:total 4 (initial active 4) (2 cores per cpu, 2 threads per core) family 6 model 85 stepping 4 microcode 0xffffffff, cmov, cx8, fxsr, mmx, sse, sse2, sse3, ssse3, sse4.1, sse4.2, popcnt, avx, avx2, aes, clmul, erms, rtm, 3dnowpref, lzcnt, ht, tsc, bmi1, bmi2, adx, fma

Memory: 4k page, system-wide physical 8190M (928M free)
TotalPageFile size 12286M (AvailPageFile size 24M)
current process WorkingSet (physical memory assigned to process): 513M, peak: 526M
current process commit charge ("private bytes"): 552M, peak: 599M

vm_info: Java HotSpot(TM) 64-Bit Server VM (11.0.16+11-LTS-199) for windows-amd64 JRE (11.0.16+11-LTS-199), built on Jun 28 2022 08:23:17 by "mach5one" with MS VC++ 15.9 (VS2017)

END.
