#
# There is insufficient memory for the Java Runtime Environment to continue.
# Native memory allocation (malloc) failed to allocate 264896 bytes for Chunk::new
# Possible reasons:
#   The system is out of physical RAM or swap space
#   The process is running with CompressedOops enabled, and the Java Heap may be blocking the growth of the native heap
# Possible solutions:
#   Reduce memory load on the system
#   Increase physical memory or swap space
#   Check if swap backing store is full
#   Decrease Java heap size (-Xmx/-Xms)
#   Decrease number of Java threads
#   Decrease Java thread stack sizes (-Xss)
#   Set larger code cache with -XX:ReservedCodeCacheSize=
#   JVM is running with Unscaled Compressed Oops mode in which the Java heap is
#     placed in the first 4GB address space. The Java Heap base address is the
#     maximum limit for the native heap growth. Please use -XX:HeapBaseMinAddress
#     to set the Java Heap base and to place the Java Heap above 4GB virtual address.
# This output file may be truncated or incomplete.
#
#  Out of Memory Error (./open/src/hotspot/share/memory/arena.cpp:197), pid=13368, tid=5000
#
# JRE version: Java(TM) SE Runtime Environment 18.9 (11.0.16+11) (build 11.0.16+11-LTS-199)
# Java VM: Java HotSpot(TM) 64-Bit Server VM 18.9 (11.0.16+11-LTS-199, mixed mode, tiered, compressed oops, g1 gc, windows-amd64)
# No core dump will be written. Minidumps are not enabled by default on client versions of Windows
#

---------------  S U M M A R Y ------------

Command Line: -Xmx64m -Xms64m -Dorg.gradle.appname=gradlew org.gradle.wrapper.GradleWrapperMain assembleRelease

Host: Intel(R) Xeon(R) Platinum 8168 CPU @ 2.70GHz, 4 cores, 7G,  Windows 10 , 64 bit Build 19041 (10.0.19041.1889)
Time: Thu Oct  6 01:37:20 2022 Coordinated Universal Time elapsed time: 52.701009 seconds (0d 0h 0m 52s)

---------------  T H R E A D  ---------------

Current thread (0x000002047a6cf800):  JavaThread "C2 CompilerThread0" daemon [_thread_in_native, id=5000, stack(0x00000075cd200000,0x00000075cd300000)]


Current CompileTask:
C2:  52701 1631       4       org.gradle.internal.logging.text.AbstractLineChoppingStyledTextOutput::doAppend (43 bytes)

Stack: [0x00000075cd200000,0x00000075cd300000]
Native frames: (J=compiled Java code, j=interpreted, Vv=VM code, C=native code)
V  [jvm.dll+0x62a3ea]
V  [jvm.dll+0x76418f]
V  [jvm.dll+0x765839]
V  [jvm.dll+0x765ec3]
V  [jvm.dll+0x23da98]
V  [jvm.dll+0xb2a1c]
V  [jvm.dll+0xb2fdc]
V  [jvm.dll+0x2ae814]
V  [jvm.dll+0x53d97b]
V  [jvm.dll+0x1f9c2f]
V  [jvm.dll+0x1f756d]
V  [jvm.dll+0x177c81]
V  [jvm.dll+0x207006]
V  [jvm.dll+0x20519b]
V  [jvm.dll+0x729fa0]
V  [jvm.dll+0x722b74]
V  [jvm.dll+0x629286]
C  [ucrtbase.dll+0x21bb2]
C  [KERNEL32.DLL+0x17034]
C  [ntdll.dll+0x526a1]


---------------  P R O C E S S  ---------------

Threads class SMR info:
_java_thread_list=0x000002047bec9bf0, length=13, elements={
0x000002046e1b6000, 0x000002047a646000, 0x000002047a672800, 0x000002047a6c5800,
0x000002047a6ca000, 0x000002047a6cb000, 0x000002047a6cf800, 0x000002047a6d5000,
0x000002047a6d8800, 0x000002047a96a800, 0x000002047b426800, 0x000002047c8fa000,
0x000002047b98b800
}

Java Threads: ( => current thread )
  0x000002046e1b6000 JavaThread "main" [_thread_in_native, id=13336, stack(0x00000075cc600000,0x00000075cc700000)]
  0x000002047a646000 JavaThread "Reference Handler" daemon [_thread_blocked, id=12760, stack(0x00000075ccd00000,0x00000075cce00000)]
  0x000002047a672800 JavaThread "Finalizer" daemon [_thread_blocked, id=5772, stack(0x00000075cce00000,0x00000075ccf00000)]
  0x000002047a6c5800 JavaThread "Signal Dispatcher" daemon [_thread_blocked, id=13064, stack(0x00000075ccf00000,0x00000075cd000000)]
  0x000002047a6ca000 JavaThread "Attach Listener" daemon [_thread_blocked, id=7976, stack(0x00000075cd000000,0x00000075cd100000)]
  0x000002047a6cb000 JavaThread "Service Thread" daemon [_thread_blocked, id=4444, stack(0x00000075cd100000,0x00000075cd200000)]
=>0x000002047a6cf800 JavaThread "C2 CompilerThread0" daemon [_thread_in_native, id=5000, stack(0x00000075cd200000,0x00000075cd300000)]
  0x000002047a6d5000 JavaThread "C1 CompilerThread0" daemon [_thread_blocked, id=7428, stack(0x00000075cd300000,0x00000075cd400000)]
  0x000002047a6d8800 JavaThread "Sweeper thread" daemon [_thread_blocked, id=6280, stack(0x00000075cd400000,0x00000075cd500000)]
  0x000002047a96a800 JavaThread "Common-Cleaner" daemon [_thread_blocked, id=10720, stack(0x00000075cd600000,0x00000075cd700000)]
  0x000002047b426800 JavaThread "pool-1-thread-1" [_thread_in_native, id=14156, stack(0x00000075cd900000,0x00000075cda00000)]
  0x000002047c8fa000 JavaThread "DisconnectableInputStream source reader" daemon [_thread_in_native, id=13796, stack(0x00000075cdb00000,0x00000075cdc00000)]
  0x000002047b98b800 JavaThread "Forward input" [_thread_blocked, id=10484, stack(0x00000075cdc00000,0x00000075cdd00000)]

Other Threads:
  0x000002047a643000 VMThread "VM Thread" [stack: 0x00000075ccc00000,0x00000075ccd00000] [id=14284]
  0x000002047a962800 WatcherThread [stack: 0x00000075cd500000,0x00000075cd600000] [id=12744]
  0x000002046e1cb800 GCTaskThread "GC Thread#0" [stack: 0x00000075cc700000,0x00000075cc800000] [id=13196]
  0x000002047b010000 GCTaskThread "GC Thread#1" [stack: 0x00000075cd700000,0x00000075cd800000] [id=1720]
  0x000002046e1d3800 ConcurrentGCThread "G1 Main Marker" [stack: 0x00000075cc800000,0x00000075cc900000] [id=8616]
  0x000002046e1d5000 ConcurrentGCThread "G1 Conc#0" [stack: 0x00000075cc900000,0x00000075cca00000] [id=2972]
  0x000002046e22c800 ConcurrentGCThread "G1 Refine#0" [stack: 0x00000075cca00000,0x00000075ccb00000] [id=12580]
  0x000002046e22d800 ConcurrentGCThread "G1 Young RemSet Sampling" [stack: 0x00000075ccb00000,0x00000075ccc00000] [id=3548]

Threads with active compile tasks:
C2 CompilerThread0    52716 1631       4       org.gradle.internal.logging.text.AbstractLineChoppingStyledTextOutput::doAppend (43 bytes)

VM state:not at safepoint (normal execution)

VM Mutex/Monitor currently owned by a thread: None

Heap address: 0x00000000fc000000, size: 64 MB, Compressed Oops mode: 32-bit
Narrow klass base: 0x0000000000000000, Narrow klass shift: 3
Compressed class space size: 1073741824 Address: 0x0000000100000000

Heap:
 garbage-first heap   total 65536K, used 27857K [0x00000000fc000000, 0x0000000100000000)
  region size 1024K, 21 young (21504K), 2 survivors (2048K)
 Metaspace       used 15729K, capacity 16037K, committed 16256K, reserved 1062912K
  class space    used 1801K, capacity 1907K, committed 1920K, reserved 1048576K
Heap Regions: E=young(eden), S=young(survivor), O=old, HS=humongous(starts), HC=humongous(continues), CS=collection set, F=free, A=archive, TAMS=top-at-mark-start (previous, next)
|   0|0x00000000fc000000, 0x00000000fc100000, 0x00000000fc100000|100%|HS|  |TAMS 0x00000000fc000000, 0x00000000fc000000| Complete 
|   1|0x00000000fc100000, 0x00000000fc200000, 0x00000000fc200000|100%|HC|  |TAMS 0x00000000fc100000, 0x00000000fc100000| Complete 
|   2|0x00000000fc200000, 0x00000000fc300000, 0x00000000fc300000|100%|HC|  |TAMS 0x00000000fc200000, 0x00000000fc200000| Complete 
|   3|0x00000000fc300000, 0x00000000fc400000, 0x00000000fc400000|100%| O|  |TAMS 0x00000000fc300000, 0x00000000fc300000| Untracked 
|   4|0x00000000fc400000, 0x00000000fc500000, 0x00000000fc500000|100%| O|  |TAMS 0x00000000fc400000, 0x00000000fc400000| Untracked 
|   5|0x00000000fc500000, 0x00000000fc600000, 0x00000000fc600000|100%| O|  |TAMS 0x00000000fc500000, 0x00000000fc500000| Untracked 
|   6|0x00000000fc600000, 0x00000000fc700000, 0x00000000fc700000|100%| O|  |TAMS 0x00000000fc600000, 0x00000000fc600000| Untracked 
|   7|0x00000000fc700000, 0x00000000fc734400, 0x00000000fc800000| 20%| O|  |TAMS 0x00000000fc700000, 0x00000000fc700000| Untracked 
|   8|0x00000000fc800000, 0x00000000fc800000, 0x00000000fc900000|  0%| F|  |TAMS 0x00000000fc800000, 0x00000000fc800000| Untracked 
|   9|0x00000000fc900000, 0x00000000fc900000, 0x00000000fca00000|  0%| F|  |TAMS 0x00000000fc900000, 0x00000000fc900000| Untracked 
|  10|0x00000000fca00000, 0x00000000fca00000, 0x00000000fcb00000|  0%| F|  |TAMS 0x00000000fca00000, 0x00000000fca00000| Untracked 
|  11|0x00000000fcb00000, 0x00000000fcb00000, 0x00000000fcc00000|  0%| F|  |TAMS 0x00000000fcb00000, 0x00000000fcb00000| Untracked 
|  12|0x00000000fcc00000, 0x00000000fcc00000, 0x00000000fcd00000|  0%| F|  |TAMS 0x00000000fcc00000, 0x00000000fcc00000| Untracked 
|  13|0x00000000fcd00000, 0x00000000fcd00000, 0x00000000fce00000|  0%| F|  |TAMS 0x00000000fcd00000, 0x00000000fcd00000| Untracked 
|  14|0x00000000fce00000, 0x00000000fce00000, 0x00000000fcf00000|  0%| F|  |TAMS 0x00000000fce00000, 0x00000000fce00000| Untracked 
|  15|0x00000000fcf00000, 0x00000000fcf00000, 0x00000000fd000000|  0%| F|  |TAMS 0x00000000fcf00000, 0x00000000fcf00000| Untracked 
|  16|0x00000000fd000000, 0x00000000fd000000, 0x00000000fd100000|  0%| F|  |TAMS 0x00000000fd000000, 0x00000000fd000000| Untracked 
|  17|0x00000000fd100000, 0x00000000fd100000, 0x00000000fd200000|  0%| F|  |TAMS 0x00000000fd100000, 0x00000000fd100000| Untracked 
|  18|0x00000000fd200000, 0x00000000fd200000, 0x00000000fd300000|  0%| F|  |TAMS 0x00000000fd200000, 0x00000000fd200000| Untracked 
|  19|0x00000000fd300000, 0x00000000fd300000, 0x00000000fd400000|  0%| F|  |TAMS 0x00000000fd300000, 0x00000000fd300000| Untracked 
|  20|0x00000000fd400000, 0x00000000fd400000, 0x00000000fd500000|  0%| F|  |TAMS 0x00000000fd400000, 0x00000000fd400000| Untracked 
|  21|0x00000000fd500000, 0x00000000fd500000, 0x00000000fd600000|  0%| F|  |TAMS 0x00000000fd500000, 0x00000000fd500000| Untracked 
|  22|0x00000000fd600000, 0x00000000fd600000, 0x00000000fd700000|  0%| F|  |TAMS 0x00000000fd600000, 0x00000000fd600000| Untracked 
|  23|0x00000000fd700000, 0x00000000fd700000, 0x00000000fd800000|  0%| F|  |TAMS 0x00000000fd700000, 0x00000000fd700000| Untracked 
|  24|0x00000000fd800000, 0x00000000fd800000, 0x00000000fd900000|  0%| F|  |TAMS 0x00000000fd800000, 0x00000000fd800000| Untracked 
|  25|0x00000000fd900000, 0x00000000fd900000, 0x00000000fda00000|  0%| F|  |TAMS 0x00000000fd900000, 0x00000000fd900000| Untracked 
|  26|0x00000000fda00000, 0x00000000fda00000, 0x00000000fdb00000|  0%| F|  |TAMS 0x00000000fda00000, 0x00000000fda00000| Untracked 
|  27|0x00000000fdb00000, 0x00000000fdb00000, 0x00000000fdc00000|  0%| F|  |TAMS 0x00000000fdb00000, 0x00000000fdb00000| Untracked 
|  28|0x00000000fdc00000, 0x00000000fdc00000, 0x00000000fdd00000|  0%| F|  |TAMS 0x00000000fdc00000, 0x00000000fdc00000| Untracked 
|  29|0x00000000fdd00000, 0x00000000fdd00000, 0x00000000fde00000|  0%| F|  |TAMS 0x00000000fdd00000, 0x00000000fdd00000| Untracked 
|  30|0x00000000fde00000, 0x00000000fde00000, 0x00000000fdf00000|  0%| F|  |TAMS 0x00000000fde00000, 0x00000000fde00000| Untracked 
|  31|0x00000000fdf00000, 0x00000000fdf00000, 0x00000000fe000000|  0%| F|  |TAMS 0x00000000fdf00000, 0x00000000fdf00000| Untracked 
|  32|0x00000000fe000000, 0x00000000fe000000, 0x00000000fe100000|  0%| F|  |TAMS 0x00000000fe000000, 0x00000000fe000000| Untracked 
|  33|0x00000000fe100000, 0x00000000fe100000, 0x00000000fe200000|  0%| F|  |TAMS 0x00000000fe100000, 0x00000000fe100000| Untracked 
|  34|0x00000000fe200000, 0x00000000fe200000, 0x00000000fe300000|  0%| F|  |TAMS 0x00000000fe200000, 0x00000000fe200000| Untracked 
|  35|0x00000000fe300000, 0x00000000fe300000, 0x00000000fe400000|  0%| F|  |TAMS 0x00000000fe300000, 0x00000000fe300000| Untracked 
|  36|0x00000000fe400000, 0x00000000fe400000, 0x00000000fe500000|  0%| F|  |TAMS 0x00000000fe400000, 0x00000000fe400000| Untracked 
|  37|0x00000000fe500000, 0x00000000fe500000, 0x00000000fe600000|  0%| F|  |TAMS 0x00000000fe500000, 0x00000000fe500000| Untracked 
|  38|0x00000000fe600000, 0x00000000fe600000, 0x00000000fe700000|  0%| F|  |TAMS 0x00000000fe600000, 0x00000000fe600000| Untracked 
|  39|0x00000000fe700000, 0x00000000fe700000, 0x00000000fe800000|  0%| F|  |TAMS 0x00000000fe700000, 0x00000000fe700000| Untracked 
|  40|0x00000000fe800000, 0x00000000fe800000, 0x00000000fe900000|  0%| F|  |TAMS 0x00000000fe800000, 0x00000000fe800000| Untracked 
|  41|0x00000000fe900000, 0x00000000fe900000, 0x00000000fea00000|  0%| F|  |TAMS 0x00000000fe900000, 0x00000000fe900000| Untracked 
|  42|0x00000000fea00000, 0x00000000fea00000, 0x00000000feb00000|  0%| F|  |TAMS 0x00000000fea00000, 0x00000000fea00000| Untracked 
|  43|0x00000000feb00000, 0x00000000fec00000, 0x00000000fec00000|100%| E|  |TAMS 0x00000000feb00000, 0x00000000feb00000| Complete 
|  44|0x00000000fec00000, 0x00000000fed00000, 0x00000000fed00000|100%| E|CS|TAMS 0x00000000fec00000, 0x00000000fec00000| Complete 
|  45|0x00000000fed00000, 0x00000000fee00000, 0x00000000fee00000|100%| E|CS|TAMS 0x00000000fed00000, 0x00000000fed00000| Complete 
|  46|0x00000000fee00000, 0x00000000fef00000, 0x00000000fef00000|100%| E|CS|TAMS 0x00000000fee00000, 0x00000000fee00000| Complete 
|  47|0x00000000fef00000, 0x00000000ff000000, 0x00000000ff000000|100%| E|CS|TAMS 0x00000000fef00000, 0x00000000fef00000| Complete 
|  48|0x00000000ff000000, 0x00000000ff100000, 0x00000000ff100000|100%| E|CS|TAMS 0x00000000ff000000, 0x00000000ff000000| Complete 
|  49|0x00000000ff100000, 0x00000000ff200000, 0x00000000ff200000|100%| E|CS|TAMS 0x00000000ff100000, 0x00000000ff100000| Complete 
|  50|0x00000000ff200000, 0x00000000ff300000, 0x00000000ff300000|100%| S|CS|TAMS 0x00000000ff200000, 0x00000000ff200000| Complete 
|  51|0x00000000ff300000, 0x00000000ff400000, 0x00000000ff400000|100%| S|CS|TAMS 0x00000000ff300000, 0x00000000ff300000| Complete 
|  52|0x00000000ff400000, 0x00000000ff500000, 0x00000000ff500000|100%| E|CS|TAMS 0x00000000ff400000, 0x00000000ff400000| Complete 
|  53|0x00000000ff500000, 0x00000000ff600000, 0x00000000ff600000|100%| E|CS|TAMS 0x00000000ff500000, 0x00000000ff500000| Complete 
|  54|0x00000000ff600000, 0x00000000ff700000, 0x00000000ff700000|100%| E|CS|TAMS 0x00000000ff600000, 0x00000000ff600000| Complete 
|  55|0x00000000ff700000, 0x00000000ff800000, 0x00000000ff800000|100%| E|CS|TAMS 0x00000000ff700000, 0x00000000ff700000| Complete 
|  56|0x00000000ff800000, 0x00000000ff900000, 0x00000000ff900000|100%| E|CS|TAMS 0x00000000ff800000, 0x00000000ff800000| Complete 
|  57|0x00000000ff900000, 0x00000000ffa00000, 0x00000000ffa00000|100%| E|CS|TAMS 0x00000000ff900000, 0x00000000ff900000| Complete 
|  58|0x00000000ffa00000, 0x00000000ffb00000, 0x00000000ffb00000|100%| E|CS|TAMS 0x00000000ffa00000, 0x00000000ffa00000| Complete 
|  59|0x00000000ffb00000, 0x00000000ffc00000, 0x00000000ffc00000|100%| E|CS|TAMS 0x00000000ffb00000, 0x00000000ffb00000| Complete 
|  60|0x00000000ffc00000, 0x00000000ffd00000, 0x00000000ffd00000|100%| E|CS|TAMS 0x00000000ffc00000, 0x00000000ffc00000| Complete 
|  61|0x00000000ffd00000, 0x00000000ffe00000, 0x00000000ffe00000|100%| E|CS|TAMS 0x00000000ffd00000, 0x00000000ffd00000| Complete 
|  62|0x00000000ffe00000, 0x00000000fff00000, 0x00000000fff00000|100%| E|CS|TAMS 0x00000000ffe00000, 0x00000000ffe00000| Complete 
|  63|0x00000000fff00000, 0x0000000100000000, 0x0000000100000000|100%| E|CS|TAMS 0x00000000fff00000, 0x00000000fff00000| Complete 

Card table byte_map: [0x0000020477690000,0x00000204776b0000] _byte_map_base: 0x0000020476eb0000

Marking Bits (Prev, Next): (CMBitMap*) 0x000002046e1d0db8, (CMBitMap*) 0x000002046e1d0df0
 Prev Bits: [0x00000204776d0000, 0x00000204777d0000)
 Next Bits: [0x00000204777d0000, 0x00000204778d0000)

Polling page: 0x000002046e2a0000

Metaspace:

Usage:
  Non-class:     13.80 MB capacity,    13.60 MB ( 99%) used,   180.45 KB (  1%) free+waste,    21.56 KB ( <1%) overhead. 
      Class:      1.86 MB capacity,     1.76 MB ( 94%) used,    94.48 KB (  5%) free+waste,    10.94 KB ( <1%) overhead. 
       Both:     15.66 MB capacity,    15.36 MB ( 98%) used,   274.94 KB (  2%) free+waste,    32.50 KB ( <1%) overhead. 

Virtual space:
  Non-class space:       14.00 MB reserved,      14.00 MB (100%) committed 
      Class space:        1.00 GB reserved,       1.88 MB ( <1%) committed 
             Both:        1.01 GB reserved,      15.88 MB (  2%) committed 

Chunk freelists:
   Non-Class:  1.75 KB
       Class:  1.63 KB
        Both:  3.38 KB

CodeHeap 'non-profiled nmethods': size=120064Kb used=594Kb max_used=594Kb free=119469Kb
 bounds [0x0000020407ac0000, 0x0000020407d30000, 0x000002040f000000]
CodeHeap 'profiled nmethods': size=120000Kb used=3156Kb max_used=3156Kb free=116843Kb
 bounds [0x0000020400590000, 0x00000204008b0000, 0x0000020407ac0000]
CodeHeap 'non-nmethods': size=5696Kb used=1106Kb max_used=1136Kb free=4589Kb
 bounds [0x0000020400000000, 0x0000020400270000, 0x0000020400590000]
 total_blobs=2057 nmethods=1629 adapters=340
 compilation: enabled
              stopped_count=0, restarted_count=0
 full_count=0

Compilation events (10 events):
Event: 51.330 Thread 0x000002047a6d5000 nmethod 1626 0x00000204008a3590 code [0x00000204008a37c0, 0x00000204008a3fe8]
Event: 51.441 Thread 0x000002047a6cf800 1627 %     4       org.gradle.internal.logging.text.AbstractLineChoppingStyledTextOutput::doAppend @ 10 (43 bytes)
Event: 51.457 Thread 0x000002047a6cf800 nmethod 1627% 0x0000020407b53410 code [0x0000020407b53640, 0x0000020407b540a0]
Event: 51.999 Thread 0x000002047a6d5000 1628       3       org.gradle.internal.logging.console.MultiLineBuildProgressArea::newLineAdjustment (50 bytes)
Event: 51.999 Thread 0x000002047a6d5000 nmethod 1628 0x00000204008a4290 code [0x00000204008a4480, 0x00000204008a49c8]
Event: 52.000 Thread 0x000002047a6d5000 1629       3       sun.nio.cs.SingleByte$Encoder::encodeLoop (28 bytes)
Event: 52.001 Thread 0x000002047a6d5000 nmethod 1629 0x00000204008a4b90 code [0x00000204008a4d60, 0x00000204008a5138]
Event: 52.590 Thread 0x000002047a6d5000 1630       1       org.gradle.internal.logging.console.DefaultAnsiExecutor::access$300 (5 bytes)
Event: 52.591 Thread 0x000002047a6d5000 nmethod 1630 0x0000020407b54890 code [0x0000020407b54a20, 0x0000020407b54ab8]
Event: 52.688 Thread 0x000002047a6cf800 1631       4       org.gradle.internal.logging.text.AbstractLineChoppingStyledTextOutput::doAppend (43 bytes)

GC Heap History (4 events):
Event: 0.446 GC heap before
{Heap before GC invocations=0 (full 0):
 garbage-first heap   total 65536K, used 16384K [0x00000000fc000000, 0x0000000100000000)
  region size 1024K, 14 young (14336K), 0 survivors (0K)
 Metaspace       used 7527K, capacity 7696K, committed 7936K, reserved 1056768K
  class space    used 673K, capacity 754K, committed 768K, reserved 1048576K
}
Event: 0.450 GC heap after
{Heap after GC invocations=1 (full 0):
 garbage-first heap   total 65536K, used 3196K [0x00000000fc000000, 0x0000000100000000)
  region size 1024K, 2 young (2048K), 2 survivors (2048K)
 Metaspace       used 7527K, capacity 7696K, committed 7936K, reserved 1056768K
  class space    used 673K, capacity 754K, committed 768K, reserved 1048576K
}
Event: 0.748 GC heap before
{Heap before GC invocations=1 (full 0):
 garbage-first heap   total 65536K, used 17532K [0x00000000fc000000, 0x0000000100000000)
  region size 1024K, 14 young (14336K), 2 survivors (2048K)
 Metaspace       used 10415K, capacity 10660K, committed 11008K, reserved 1058816K
  class space    used 1101K, capacity 1172K, committed 1280K, reserved 1048576K
}
Event: 0.753 GC heap after
{Heap after GC invocations=2 (full 0):
 garbage-first heap   total 65536K, used 9425K [0x00000000fc000000, 0x0000000100000000)
  region size 1024K, 2 young (2048K), 2 survivors (2048K)
 Metaspace       used 10415K, capacity 10660K, committed 11008K, reserved 1058816K
  class space    used 1101K, capacity 1172K, committed 1280K, reserved 1048576K
}

Deoptimization events (10 events):
Event: 0.673 Thread 0x000002046e1b6000 Uncommon trap: reason=unstable_if action=reinterpret pc=0x0000020407afe260 method=java.util.HashMap.hash(Ljava/lang/Object;)I @ 1 c2
Event: 0.691 Thread 0x000002046e1b6000 Uncommon trap: reason=unstable_if action=reinterpret pc=0x0000020407b01cac method=java.io.WinNTFileSystem.normalize(Ljava/lang/String;)Ljava/lang/String; @ 40 c2
Event: 0.773 Thread 0x000002046e1b6000 Uncommon trap: reason=unstable_if action=reinterpret pc=0x0000020407adeecc method=java.io.WinNTFileSystem.resolve(Ljava/lang/String;Ljava/lang/String;)Ljava/lang/String; @ 70 c2
Event: 1.068 Thread 0x000002046e1b6000 Uncommon trap: reason=unstable_if action=reinterpret pc=0x0000020407b12950 method=java.util.HashMap.getNode(ILjava/lang/Object;)Ljava/util/HashMap$Node; @ 129 c2
Event: 1.319 Thread 0x000002046e1b6000 Uncommon trap: reason=unstable_if action=reinterpret pc=0x0000020407af5d10 method=java.lang.AbstractStringBuilder.append(Ljava/lang/String;)Ljava/lang/AbstractStringBuilder; @ 1 c2
Event: 1.320 Thread 0x000002046e1b6000 Uncommon trap: reason=unstable_if action=reinterpret pc=0x0000020407af6ce4 method=java.lang.AbstractStringBuilder.append(Ljava/lang/String;)Ljava/lang/AbstractStringBuilder; @ 1 c2
Event: 50.315 Thread 0x000002046e1b6000 Uncommon trap: reason=unstable_if action=reinterpret pc=0x0000020407b5028c method=com.esotericsoftware.kryo.io.Input.readUtf8_slow(II)V @ 13 c2
Event: 50.571 Thread 0x000002047b426800 Uncommon trap: reason=unstable_if action=reinterpret pc=0x0000020407b4d904 method=org.gradle.internal.logging.text.AbstractLineChoppingStyledTextOutput$2.execute(Lorg/gradle/internal/logging/text/AbstractLineChoppingStyledTextOutput$StateContext;)V @ 34 c
Event: 50.572 Thread 0x000002047b426800 Uncommon trap: reason=unstable_if action=reinterpret pc=0x0000020407b4c0ec method=org.gradle.internal.logging.text.AbstractLineChoppingStyledTextOutput$2.execute(Lorg/gradle/internal/logging/text/AbstractLineChoppingStyledTextOutput$StateContext;)V @ 34 c
Event: 50.593 Thread 0x000002047b426800 Uncommon trap: reason=unstable_if action=reinterpret pc=0x0000020407b4cc74 method=org.gradle.internal.logging.text.AbstractLineChoppingStyledTextOutput$2.execute(Lorg/gradle/internal/logging/text/AbstractLineChoppingStyledTextOutput$StateContext;)V @ 34 c

Classes redefined (0 events):
No events

Internal exceptions (10 events):
Event: 0.696 Thread 0x000002046e1b6000 Exception <a 'java/lang/NoClassDefFoundError'{0x00000000ff6822f0}: org/slf4j/impl/StaticMarkerBinder> (0x00000000ff6822f0) thrown at [./open/src/hotspot/share/classfile/systemDictionary.cpp, line 215]
Event: 0.714 Thread 0x000002046e1b6000 Exception <a 'java/lang/NoSuchMethodError'{0x00000000ff580b78}: java.lang.invoke.DirectMethodHandle$Holder.invokeVirtual(Ljava/lang/Object;Ljava/lang/Object;Ljava/lang/Object;Ljava/lang/Object;Ljava/lang/Object;Ljava/lang/Object;Ljava/lang/Object;)Ljava/l
Event: 0.717 Thread 0x000002046e1b6000 Exception <a 'java/lang/NoSuchMethodError'{0x00000000ff594da8}: java.lang.invoke.Invokers$Holder.invoker(Ljava/lang/Object;Ljava/lang/Object;Ljava/lang/Object;)Ljava/lang/Object;> (0x00000000ff594da8) thrown at [./open/src/hotspot/share/interpreter/linkRe
Event: 0.720 Thread 0x000002046e1b6000 Exception <a 'java/lang/NoSuchMethodError'{0x00000000ff5a58f8}: java.lang.invoke.DelegatingMethodHandle$Holder.delegate(Ljava/lang/Object;Ljava/lang/Object;ILjava/lang/Object;)V> (0x00000000ff5a58f8) thrown at [./open/src/hotspot/share/interpreter/linkRes
Event: 0.884 Thread 0x000002046e1b6000 Exception <a 'java/lang/NoSuchMethodError'{0x00000000ffabd6c0}: java.lang.invoke.DirectMethodHandle$Holder.invokeInterface(Ljava/lang/Object;Ljava/lang/Object;Ljava/lang/Object;)Ljava/lang/Object;> (0x00000000ffabd6c0) thrown at [./open/src/hotspot/share/
Event: 0.974 Thread 0x000002046e1b6000 Exception <a 'java/lang/NoSuchMethodError'{0x00000000ff60f7d0}: java.lang.invoke.DirectMethodHandle$Holder.invokeStaticInit(Ljava/lang/Object;Ljava/lang/Object;Ljava/lang/Object;)Ljava/lang/Object;> (0x00000000ff60f7d0) thrown at [./open/src/hotspot/share
Event: 1.087 Thread 0x000002046e1b6000 Exception <a 'java/lang/NoSuchMethodError'{0x00000000ff0beb50}: java.lang.invoke.DirectMethodHandle$Holder.invokeStaticInit(Ljava/lang/Object;IIII)Ljava/lang/Object;> (0x00000000ff0beb50) thrown at [./open/src/hotspot/share/interpreter/linkResolver.cpp, l
Event: 1.193 Thread 0x000002046e1b6000 Exception <a 'java/lang/NoSuchMethodError'{0x00000000ff0e1000}: java.lang.invoke.DirectMethodHandle$Holder.invokeStaticInit(Ljava/lang/Object;Ljava/lang/Object;IIII)Ljava/lang/Object;> (0x00000000ff0e1000) thrown at [./open/src/hotspot/share/interpreter/l
Event: 1.319 Thread 0x000002046e1b6000 Implicit null exception at 0x0000020407af57f4 to 0x0000020407af5cf8
Event: 1.320 Thread 0x000002046e1b6000 Implicit null exception at 0x0000020407af67f4 to 0x0000020407af6ccc

Events (10 events):
Event: 50.571 Thread 0x000002047b426800 DEOPT PACKING pc=0x0000020407b4d904 sp=0x00000075cd9fea10
Event: 50.571 Thread 0x000002047b426800 DEOPT UNPACKING pc=0x000002040002662f sp=0x00000075cd9fe898 mode 2
Event: 50.572 Thread 0x000002047b426800 Uncommon trap: trap_request=0xffffff4d fr.pc=0x0000020407b4c0ec relative=0x000000000000050c
Event: 50.572 Thread 0x000002047b426800 DEOPT PACKING pc=0x0000020407b4c0ec sp=0x00000075cd9fe660
Event: 50.572 Thread 0x000002047b426800 DEOPT UNPACKING pc=0x000002040002662f sp=0x00000075cd9fe550 mode 2
Event: 50.593 Thread 0x000002047b426800 Uncommon trap: trap_request=0xffffff4d fr.pc=0x0000020407b4cc74 relative=0x0000000000000314
Event: 50.593 Thread 0x000002047b426800 DEOPT PACKING pc=0x0000020407b4cc74 sp=0x00000075cd9fe950
Event: 50.593 Thread 0x000002047b426800 DEOPT UNPACKING pc=0x000002040002662f sp=0x00000075cd9fe910 mode 2
Event: 52.688 Thread 0x000002047b426800 DEOPT PACKING pc=0x000002040089ab61 sp=0x00000075cd9fe7a0
Event: 52.688 Thread 0x000002047b426800 DEOPT UNPACKING pc=0x0000020400026dde sp=0x00000075cd9fdc80 mode 0


Dynamic libraries:
0x00007ff703090000 - 0x00007ff70309f000 	C:\Program Files\Java\jdk-11.0.16\bin\java.exe
0x00007fff611b0000 - 0x00007fff613a8000 	C:\Windows\SYSTEM32\ntdll.dll
0x00007fff60ba0000 - 0x00007fff60c5d000 	C:\Windows\System32\KERNEL32.DLL
0x00007fff5ef40000 - 0x00007fff5f20e000 	C:\Windows\System32\KERNELBASE.dll
0x00007fff5ecc0000 - 0x00007fff5edc0000 	C:\Windows\System32\ucrtbase.dll
0x00007fff47c10000 - 0x00007fff47c28000 	C:\Program Files\Java\jdk-11.0.16\bin\jli.dll
0x00007fff47c80000 - 0x00007fff47c95000 	C:\Program Files\Java\jdk-11.0.16\bin\VCRUNTIME140.dll
0x00007fff609a0000 - 0x00007fff60a4e000 	C:\Windows\System32\ADVAPI32.dll
0x00007fff5f990000 - 0x00007fff5fa2e000 	C:\Windows\System32\msvcrt.dll
0x00007fff60270000 - 0x00007fff6030c000 	C:\Windows\System32\sechost.dll
0x00007fff5f360000 - 0x00007fff5f485000 	C:\Windows\System32\RPCRT4.dll
0x00007fff5f490000 - 0x00007fff5f630000 	C:\Windows\System32\USER32.dll
0x00007fff5ec10000 - 0x00007fff5ec32000 	C:\Windows\System32\win32u.dll
0x00007fff401d0000 - 0x00007fff4046a000 	C:\Windows\WinSxS\amd64_microsoft.windows.common-controls_6595b64144ccf1df_6.0.19041.1110_none_60b5254171f9507e\COMCTL32.dll
0x00007fff5f2d0000 - 0x00007fff5f2fa000 	C:\Windows\System32\GDI32.dll
0x00007fff5edc0000 - 0x00007fff5eecb000 	C:\Windows\System32\gdi32full.dll
0x00007fff5eac0000 - 0x00007fff5eb5d000 	C:\Windows\System32\msvcp_win.dll
0x00007fff55fc0000 - 0x00007fff55fca000 	C:\Windows\SYSTEM32\VERSION.dll
0x00007fff610d0000 - 0x00007fff61100000 	C:\Windows\System32\IMM32.DLL
0x00007fff37bb0000 - 0x00007fff37c4b000 	C:\Program Files\Java\jdk-11.0.16\bin\msvcp140.dll
0x00007fff24220000 - 0x00007fff24d38000 	C:\Program Files\Java\jdk-11.0.16\bin\server\jvm.dll
0x00007fff60a50000 - 0x00007fff60a58000 	C:\Windows\System32\PSAPI.DLL
0x00007fff45ee0000 - 0x00007fff45f07000 	C:\Windows\SYSTEM32\WINMM.dll
0x00007fff57b40000 - 0x00007fff57b49000 	C:\Windows\SYSTEM32\WSOCK32.dll
0x00007fff61100000 - 0x00007fff6116b000 	C:\Windows\System32\WS2_32.dll
0x00007fff5c7a0000 - 0x00007fff5c7b2000 	C:\Windows\SYSTEM32\kernel.appcore.dll
0x00007fff48360000 - 0x00007fff48370000 	C:\Program Files\Java\jdk-11.0.16\bin\verify.dll
0x00007fff56680000 - 0x00007fff56864000 	C:\Windows\SYSTEM32\DBGHELP.DLL
0x00007fff56650000 - 0x00007fff5667c000 	C:\Windows\SYSTEM32\dbgcore.DLL
0x00007fff5ea30000 - 0x00007fff5eab2000 	C:\Windows\System32\bcryptPrimitives.dll
0x00007fff47920000 - 0x00007fff47948000 	C:\Program Files\Java\jdk-11.0.16\bin\java.dll
0x00007fff47c00000 - 0x00007fff47c0a000 	C:\Program Files\Java\jdk-11.0.16\bin\jimage.dll
0x00007fff47ba0000 - 0x00007fff47bb6000 	C:\Program Files\Java\jdk-11.0.16\bin\zip.dll
0x00007fff5fb20000 - 0x00007fff60263000 	C:\Windows\System32\SHELL32.dll
0x00007fff5c9a0000 - 0x00007fff5d135000 	C:\Windows\SYSTEM32\windows.storage.dll
0x00007fff60520000 - 0x00007fff60874000 	C:\Windows\System32\combase.dll
0x00007fff5e180000 - 0x00007fff5e1b0000 	C:\Windows\SYSTEM32\Wldp.dll
0x00007fff60af0000 - 0x00007fff60b9d000 	C:\Windows\System32\SHCORE.dll
0x00007fff5f270000 - 0x00007fff5f2c5000 	C:\Windows\System32\shlwapi.dll
0x00007fff5e810000 - 0x00007fff5e82f000 	C:\Windows\SYSTEM32\profapi.dll
0x00007fff47830000 - 0x00007fff47849000 	C:\Program Files\Java\jdk-11.0.16\bin\net.dll
0x00007fff576b0000 - 0x00007fff577ba000 	C:\Windows\SYSTEM32\WINHTTP.dll
0x00007fff5df60000 - 0x00007fff5dfca000 	C:\Windows\system32\mswsock.dll
0x00007fff47810000 - 0x00007fff47822000 	C:\Program Files\Java\jdk-11.0.16\bin\nio.dll
0x00007fff47450000 - 0x00007fff47477000 	C:\Users\admin-1\.gradle\native\e1d6ef7f7dcc3fd88c89a11ec53ec762bb8ba0a96d01ffa2cd45eb1d1d8dd5c5\windows-amd64\native-platform.dll
0x00007fff47bc0000 - 0x00007fff47bca000 	C:\Users\admin-1\.gradle\native\jansi\1.18\windows64\jansi.dll
0x00007fff47a70000 - 0x00007fff47a79000 	C:\Program Files\Java\jdk-11.0.16\bin\management.dll
0x00007fff47910000 - 0x00007fff4791b000 	C:\Program Files\Java\jdk-11.0.16\bin\management_ext.dll
0x00007fff5e1c0000 - 0x00007fff5e1d8000 	C:\Windows\SYSTEM32\CRYPTSP.dll
0x00007fff5d900000 - 0x00007fff5d934000 	C:\Windows\system32\rsaenh.dll
0x00007fff5ec40000 - 0x00007fff5ec67000 	C:\Windows\System32\bcrypt.dll
0x00007fff5e790000 - 0x00007fff5e7be000 	C:\Windows\SYSTEM32\USERENV.dll
0x00007fff5e0f0000 - 0x00007fff5e0fc000 	C:\Windows\SYSTEM32\CRYPTBASE.dll
0x00007fff5dc70000 - 0x00007fff5dcab000 	C:\Windows\SYSTEM32\IPHLPAPI.DLL
0x00007fff5f630000 - 0x00007fff5f638000 	C:\Windows\System32\NSI.dll
0x00007fff57910000 - 0x00007fff57927000 	C:\Windows\SYSTEM32\dhcpcsvc6.DLL
0x00007fff57690000 - 0x00007fff576ad000 	C:\Windows\SYSTEM32\dhcpcsvc.DLL
0x00007fff5dcb0000 - 0x00007fff5dd7a000 	C:\Windows\SYSTEM32\DNSAPI.dll

dbghelp: loaded successfully - version: 4.0.5 - missing functions: none
symbol engine: initialized successfully - sym options: 0x614 - pdb path: .;C:\Program Files\Java\jdk-11.0.16\bin;C:\Windows\SYSTEM32;C:\Windows\WinSxS\amd64_microsoft.windows.common-controls_6595b64144ccf1df_6.0.19041.1110_none_60b5254171f9507e;C:\Program Files\Java\jdk-11.0.16\bin\server;C:\Users\admin-1\.gradle\native\e1d6ef7f7dcc3fd88c89a11ec53ec762bb8ba0a96d01ffa2cd45eb1d1d8dd5c5\windows-amd64;C:\Users\admin-1\.gradle\native\jansi\1.18\windows64

VM Arguments:
jvm_args: -Xmx64m -Xms64m -Dorg.gradle.appname=gradlew 
java_command: org.gradle.wrapper.GradleWrapperMain assembleRelease
java_class_path (initial): C:\Users\admin-1\Documents\Awesome\android\\gradle\wrapper\gradle-wrapper.jar
Launcher Type: SUN_STANDARD

[Global flags]
     intx CICompilerCount                          = 3                                         {product} {ergonomic}
     uint ConcGCThreads                            = 1                                         {product} {ergonomic}
     uint G1ConcRefinementThreads                  = 4                                         {product} {ergonomic}
   size_t G1HeapRegionSize                         = 1048576                                   {product} {ergonomic}
    uintx GCDrainStackTargetSize                   = 64                                        {product} {ergonomic}
   size_t InitialHeapSize                          = 67108864                                  {product} {command line}
   size_t MarkStackSize                            = 4194304                                   {product} {ergonomic}
   size_t MaxHeapSize                              = 67108864                                  {product} {command line}
   size_t MaxNewSize                               = 39845888                                  {product} {ergonomic}
   size_t MinHeapDeltaBytes                        = 1048576                                   {product} {ergonomic}
    uintx NonNMethodCodeHeapSize                   = 5830732                                {pd product} {ergonomic}
    uintx NonProfiledCodeHeapSize                  = 122913754                              {pd product} {ergonomic}
    uintx ProfiledCodeHeapSize                     = 122913754                              {pd product} {ergonomic}
    uintx ReservedCodeCacheSize                    = 251658240                              {pd product} {ergonomic}
     bool SegmentedCodeCache                       = true                                      {product} {ergonomic}
     bool UseCompressedClassPointers               = true                                 {lp64_product} {ergonomic}
     bool UseCompressedOops                        = true                                 {lp64_product} {ergonomic}
     bool UseG1GC                                  = true                                      {product} {ergonomic}
     bool UseLargePagesIndividualAllocation        = false                                  {pd product} {ergonomic}

Logging:
Log output configuration:
 #0: stdout all=warning uptime,level,tags
 #1: stderr all=off uptime,level,tags

Environment Variables:
CLASSPATH=C:\Users\admin-1\Documents\Awesome\android\\gradle\wrapper\gradle-wrapper.jar
PATH=C:\Program Files\Common Files\Oracle\Java\javapath;C:\Windows\system32;C:\Windows;C:\Windows\System32\Wbem;C:\Windows\System32\WindowsPowerShell\v1.0\;C:\Windows\System32\OpenSSH\;C:\Program Files\nodejs\;C:\Users\admin-1\AppData\Local\Android\Sdk\platform-tools;C:\Users\admin-1\AppData\Local\Microsoft\WindowsApps;C:\Users\admin-1\AppData\Roaming\npm;C:\Users\admin-1\AppData\Local\Programs\Microsoft VS Code\bin
USERNAME=admin-1
OS=Windows_NT
PROCESSOR_IDENTIFIER=Intel64 Family 6 Model 85 Stepping 4, GenuineIntel



---------------  S Y S T E M  ---------------

OS: Windows 10 , 64 bit Build 19041 (10.0.19041.1889)
Hyper-V role detected

CPU:total 4 (initial active 4) (2 cores per cpu, 2 threads per core) family 6 model 85 stepping 4 microcode 0xffffffff, cmov, cx8, fxsr, mmx, sse, sse2, sse3, ssse3, sse4.1, sse4.2, popcnt, avx, avx2, aes, clmul, erms, rtm, 3dnowpref, lzcnt, ht, tsc, bmi1, bmi2, adx, fma

Memory: 4k page, system-wide physical 8190M (545M free)
TotalPageFile size 12286M (AvailPageFile size 1M)
current process WorkingSet (physical memory assigned to process): 84M, peak: 101M
current process commit charge ("private bytes"): 154M, peak: 175M

vm_info: Java HotSpot(TM) 64-Bit Server VM (11.0.16+11-LTS-199) for windows-amd64 JRE (11.0.16+11-LTS-199), built on Jun 28 2022 08:23:17 by "mach5one" with MS VC++ 15.9 (VS2017)

END.
