#
# There is insufficient memory for the Java Runtime Environment to continue.
# Native memory allocation (malloc) failed to allocate 736656 bytes for Chunk::new
# Possible reasons:
#   The system is out of physical RAM or swap space
#   The process is running with CompressedOops enabled, and the Java Heap may be blocking the growth of the native heap
# Possible solutions:
#   Reduce memory load on the system
#   Increase physical memory or swap space
#   Check if swap backing store is full
#   Decrease Java heap size (-Xmx/-Xms)
#   Decrease number of Java threads
#   Decrease Java thread stack sizes (-Xss)
#   Set larger code cache with -XX:ReservedCodeCacheSize=
#   JVM is running with Zero Based Compressed Oops mode in which the Java heap is
#     placed in the first 32GB address space. The Java Heap base address is the
#     maximum limit for the native heap growth. Please use -XX:HeapBaseMinAddress
#     to set the Java Heap base and to place the Java Heap above 32GB virtual address.
# This output file may be truncated or incomplete.
#
#  Out of Memory Error (./open/src/hotspot/share/memory/arena.cpp:197), pid=12748, tid=8368
#
# JRE version: Java(TM) SE Runtime Environment 18.9 (11.0.16+11) (build 11.0.16+11-LTS-199)
# Java VM: Java HotSpot(TM) 64-Bit Server VM 18.9 (11.0.16+11-LTS-199, mixed mode, tiered, compressed oops, g1 gc, windows-amd64)
# No core dump will be written. Minidumps are not enabled by default on client versions of Windows
#

---------------  S U M M A R Y ------------

Command Line: -XX:MaxMetaspaceSize=512m --add-opens=java.base/java.util=ALL-UNNAMED --add-opens=java.base/java.lang=ALL-UNNAMED --add-opens=java.base/java.lang.invoke=ALL-UNNAMED --add-opens=java.base/java.util=ALL-UNNAMED --add-opens=java.prefs/java.util.prefs=ALL-UNNAMED --add-opens=java.prefs/java.util.prefs=ALL-UNNAMED --add-opens=java.base/java.nio.charset=ALL-UNNAMED --add-opens=java.base/java.net=ALL-UNNAMED --add-opens=java.base/java.util.concurrent.atomic=ALL-UNNAMED -Xmx4048m -Dfile.encoding=windows-1252 -Duser.country=US -Duser.language=en -Duser.variant org.gradle.launcher.daemon.bootstrap.GradleDaemon 7.5.1

Host: Intel(R) Xeon(R) Platinum 8168 CPU @ 2.70GHz, 4 cores, 7G,  Windows 10 , 64 bit Build 19041 (10.0.19041.1889)
Time: Thu Oct  6 01:47:23 2022 Coordinated Universal Time elapsed time: 3.656145 seconds (0d 0h 0m 3s)

---------------  T H R E A D  ---------------

Current thread (0x000001ab69b38800):  JavaThread "C2 CompilerThread0" daemon [_thread_in_native, id=8368, stack(0x0000002cf9600000,0x0000002cf9700000)]


Current CompileTask:
C2:   3656 2539   !   4       java.lang.reflect.Executable::declaredAnnotations (85 bytes)

Stack: [0x0000002cf9600000,0x0000002cf9700000]
Native frames: (J=compiled Java code, j=interpreted, Vv=VM code, C=native code)
V  [jvm.dll+0x62a3ea]
V  [jvm.dll+0x76418f]
V  [jvm.dll+0x765839]
V  [jvm.dll+0x765ec3]
V  [jvm.dll+0x23da98]
V  [jvm.dll+0xb2a1c]
V  [jvm.dll+0xb2fdc]
V  [jvm.dll+0x341487]
V  [jvm.dll+0x18cc31]
V  [jvm.dll+0x1f85b2]
V  [jvm.dll+0x1f768d]
V  [jvm.dll+0x177c81]
V  [jvm.dll+0x207006]
V  [jvm.dll+0x20519b]
V  [jvm.dll+0x729fa0]
V  [jvm.dll+0x722b74]
V  [jvm.dll+0x629286]
C  [ucrtbase.dll+0x21bb2]
C  [KERNEL32.DLL+0x17034]
C  [ntdll.dll+0x526a1]


---------------  P R O C E S S  ---------------

Threads class SMR info:
_java_thread_list=0x000001ab6d453d40, length=32, elements={
0x000001ab47919800, 0x000001ab69af2000, 0x000001ab69af3000, 0x000001ab6a493800,
0x000001ab69b34800, 0x000001ab69b35800, 0x000001ab69b38800, 0x000001ab69b47000,
0x000001ab69b4a000, 0x000001ab6a5f2000, 0x000001ab6a8ba000, 0x000001ab6c76f000,
0x000001ab6bf72800, 0x000001ab6bd2d000, 0x000001ab6c34a000, 0x000001ab6b8f2800,
0x000001ab6d1ee800, 0x000001ab6cc90800, 0x000001ab6c598800, 0x000001ab6c6b2000,
0x000001ab6c936000, 0x000001ab6c936800, 0x000001ab6c939000, 0x000001ab6c937800,
0x000001ab6c934000, 0x000001ab6c938800, 0x000001ab6c933800, 0x000001ab6c93a000,
0x000001ab6c935000, 0x000001ab6cb56000, 0x000001ab6cb57000, 0x000001ab6cb58000
}

Java Threads: ( => current thread )
  0x000001ab47919800 JavaThread "main" [_thread_blocked, id=13596, stack(0x0000002cf8a00000,0x0000002cf8b00000)]
  0x000001ab69af2000 JavaThread "Reference Handler" daemon [_thread_blocked, id=4460, stack(0x0000002cf9100000,0x0000002cf9200000)]
  0x000001ab69af3000 JavaThread "Finalizer" daemon [_thread_blocked, id=8412, stack(0x0000002cf9200000,0x0000002cf9300000)]
  0x000001ab6a493800 JavaThread "Signal Dispatcher" daemon [_thread_blocked, id=7756, stack(0x0000002cf9300000,0x0000002cf9400000)]
  0x000001ab69b34800 JavaThread "Attach Listener" daemon [_thread_blocked, id=11852, stack(0x0000002cf9400000,0x0000002cf9500000)]
  0x000001ab69b35800 JavaThread "Service Thread" daemon [_thread_blocked, id=6196, stack(0x0000002cf9500000,0x0000002cf9600000)]
=>0x000001ab69b38800 JavaThread "C2 CompilerThread0" daemon [_thread_in_native, id=8368, stack(0x0000002cf9600000,0x0000002cf9700000)]
  0x000001ab69b47000 JavaThread "C1 CompilerThread0" daemon [_thread_blocked, id=10368, stack(0x0000002cf9700000,0x0000002cf9800000)]
  0x000001ab69b4a000 JavaThread "Sweeper thread" daemon [_thread_blocked, id=8848, stack(0x0000002cf9800000,0x0000002cf9900000)]
  0x000001ab6a5f2000 JavaThread "Common-Cleaner" daemon [_thread_blocked, id=9940, stack(0x0000002cf9900000,0x0000002cf9a00000)]
  0x000001ab6a8ba000 JavaThread "C2 CompilerThread1" daemon [_thread_in_native, id=11960, stack(0x0000002cf9b00000,0x0000002cf9c00000)]
  0x000001ab6c76f000 JavaThread "Daemon health stats" [_thread_blocked, id=12776, stack(0x0000002cf9e00000,0x0000002cf9f00000)]
  0x000001ab6bf72800 JavaThread "Incoming local TCP Connector on port 52307" [_thread_in_native, id=7348, stack(0x0000002cf9f00000,0x0000002cfa000000)]
  0x000001ab6bd2d000 JavaThread "Daemon periodic checks" [_thread_blocked, id=8724, stack(0x0000002cfa000000,0x0000002cfa100000)]
  0x000001ab6c34a000 JavaThread "Daemon" [_thread_blocked, id=8424, stack(0x0000002cfa100000,0x0000002cfa200000)]
  0x000001ab6b8f2800 JavaThread "Handler for socket connection from /127.0.0.1:52307 to /127.0.0.1:52308" [_thread_in_native, id=6624, stack(0x0000002cfa200000,0x0000002cfa300000)]
  0x000001ab6d1ee800 JavaThread "Cancel handler" [_thread_blocked, id=4440, stack(0x0000002cfa300000,0x0000002cfa400000)]
  0x000001ab6cc90800 JavaThread "Daemon worker" [_thread_in_vm, id=8932, stack(0x0000002cfa400000,0x0000002cfa500000)]
  0x000001ab6c598800 JavaThread "Asynchronous log dispatcher for DefaultDaemonConnection: socket connection from /127.0.0.1:52307 to /127.0.0.1:52308" [_thread_blocked, id=7104, stack(0x0000002cfa500000,0x0000002cfa600000)]
  0x000001ab6c6b2000 JavaThread "Stdin handler" [_thread_blocked, id=10444, stack(0x0000002cfa600000,0x0000002cfa700000)]
  0x000001ab6c936000 JavaThread "Daemon client event forwarder" [_thread_blocked, id=12348, stack(0x0000002cfa700000,0x0000002cfa800000)]
  0x000001ab6c936800 JavaThread "Cache worker for journal cache (C:\Users\admin-1\.gradle\caches\journal-1)" [_thread_blocked, id=7504, stack(0x0000002cfa900000,0x0000002cfaa00000)]
  0x000001ab6c939000 JavaThread "File lock request listener" [_thread_in_native, id=8360, stack(0x0000002cfaa00000,0x0000002cfab00000)]
  0x000001ab6c937800 JavaThread "Cache worker for file hash cache (C:\Users\admin-1\.gradle\caches\7.5.1\fileHashes)" [_thread_blocked, id=7728, stack(0x0000002cfab00000,0x0000002cfac00000)]
  0x000001ab6c934000 JavaThread "File watcher server" daemon [_thread_in_native, id=12832, stack(0x0000002cfac00000,0x0000002cfad00000)]
  0x000001ab6c938800 JavaThread "File watcher consumer" daemon [_thread_blocked, id=14180, stack(0x0000002cfad00000,0x0000002cfae00000)]
  0x000001ab6c933800 JavaThread "Cache worker for checksums cache (C:\Users\admin-1\Documents\Awesome\android\.gradle\7.5.1\checksums)" [_thread_blocked, id=6056, stack(0x0000002cfae00000,0x0000002cfaf00000)]
  0x000001ab6c93a000 JavaThread "Cache worker for cache directory md-rule (C:\Users\admin-1\.gradle\caches\7.5.1\md-rule)" [_thread_blocked, id=6864, stack(0x0000002cfaf00000,0x0000002cfb000000)]
  0x000001ab6c935000 JavaThread "Cache worker for file content cache (C:\Users\admin-1\.gradle\caches\7.5.1\fileContent)" [_thread_blocked, id=8844, stack(0x0000002cfb000000,0x0000002cfb100000)]
  0x000001ab6cb56000 JavaThread "Cache worker for file hash cache (C:\Users\admin-1\Documents\Awesome\android\.gradle\7.5.1\fileHashes)" [_thread_blocked, id=11184, stack(0x0000002cfb100000,0x0000002cfb200000)]
  0x000001ab6cb57000 JavaThread "Cache worker for cache directory md-supplier (C:\Users\admin-1\.gradle\caches\7.5.1\md-supplier)" [_thread_blocked, id=6616, stack(0x0000002cfb200000,0x0000002cfb300000)]
  0x000001ab6cb58000 JavaThread "Cache worker for execution history cache (C:\Users\admin-1\.gradle\caches\7.5.1\executionHistory)" [_thread_blocked, id=11140, stack(0x0000002cfb300000,0x0000002cfb400000)]

Other Threads:
  0x000001ab69aee000 VMThread "VM Thread" [stack: 0x0000002cf9000000,0x0000002cf9100000] [id=14188]
  0x000001ab6a64b000 WatcherThread [stack: 0x0000002cf9a00000,0x0000002cf9b00000] [id=2368]
  0x000001ab4792f800 GCTaskThread "GC Thread#0" [stack: 0x0000002cf8b00000,0x0000002cf8c00000] [id=5256]
  0x000001ab6ae66800 GCTaskThread "GC Thread#1" [stack: 0x0000002cf9c00000,0x0000002cf9d00000] [id=10864]
  0x000001ab6aa69000 GCTaskThread "GC Thread#2" [stack: 0x0000002cf9d00000,0x0000002cf9e00000] [id=13156]
  0x000001ab6c966000 GCTaskThread "GC Thread#3" [stack: 0x0000002cfa800000,0x0000002cfa900000] [id=8972]
  0x000001ab4798d800 ConcurrentGCThread "G1 Main Marker" [stack: 0x0000002cf8c00000,0x0000002cf8d00000] [id=13636]
  0x000001ab4798e800 ConcurrentGCThread "G1 Conc#0" [stack: 0x0000002cf8d00000,0x0000002cf8e00000] [id=13984]
  0x000001ab6997d800 ConcurrentGCThread "G1 Refine#0" [stack: 0x0000002cf8e00000,0x0000002cf8f00000] [id=14244]
  0x000001ab479fd800 ConcurrentGCThread "G1 Young RemSet Sampling" [stack: 0x0000002cf8f00000,0x0000002cf9000000] [id=3716]

Threads with active compile tasks:
C2 CompilerThread0     3675 2539   !   4       java.lang.reflect.Executable::declaredAnnotations (85 bytes)
C2 CompilerThread1     3675 2609       4       jdk.internal.loader.URLClassPath::getResource (74 bytes)

VM state:not at safepoint (normal execution)

VM Mutex/Monitor currently owned by a thread: None

Heap address: 0x0000000703000000, size: 4048 MB, Compressed Oops mode: Zero based, Oop shift amount: 3
Narrow klass base: 0x0000000800000000, Narrow klass shift: 0
Compressed class space size: 528482304 Address: 0x0000000800000000

Heap:
 garbage-first heap   total 157696K, used 34325K [0x0000000703000000, 0x0000000800000000)
  region size 1024K, 20 young (20480K), 5 survivors (5120K)
 Metaspace       used 31436K, capacity 32161K, committed 32256K, reserved 544768K
  class space    used 4249K, capacity 4536K, committed 4608K, reserved 516096K
Heap Regions: E=young(eden), S=young(survivor), O=old, HS=humongous(starts), HC=humongous(continues), CS=collection set, F=free, A=archive, TAMS=top-at-mark-start (previous, next)
|   0|0x0000000703000000, 0x0000000703100000, 0x0000000703100000|100%|HS|  |TAMS 0x0000000703100000, 0x0000000703000000| Complete 
|   1|0x0000000703100000, 0x0000000703200000, 0x0000000703200000|100%|HC|  |TAMS 0x0000000703200000, 0x0000000703100000| Complete 
|   2|0x0000000703200000, 0x0000000703300000, 0x0000000703300000|100%|HC|  |TAMS 0x0000000703300000, 0x0000000703200000| Complete 
|   3|0x0000000703300000, 0x0000000703400000, 0x0000000703400000|100%| O|  |TAMS 0x0000000703400000, 0x0000000703300000| Untracked 
|   4|0x0000000703400000, 0x0000000703500000, 0x0000000703500000|100%| O|  |TAMS 0x0000000703500000, 0x0000000703400000| Untracked 
|   5|0x0000000703500000, 0x0000000703600000, 0x0000000703600000|100%| O|  |TAMS 0x0000000703600000, 0x0000000703500000| Untracked 
|   6|0x0000000703600000, 0x0000000703700000, 0x0000000703700000|100%| O|  |TAMS 0x0000000703700000, 0x0000000703600000| Untracked 
|   7|0x0000000703700000, 0x0000000703800000, 0x0000000703800000|100%| O|  |TAMS 0x0000000703800000, 0x0000000703700000| Untracked 
|   8|0x0000000703800000, 0x0000000703900000, 0x0000000703900000|100%| O|  |TAMS 0x0000000703900000, 0x0000000703800000| Untracked 
|   9|0x0000000703900000, 0x0000000703a00000, 0x0000000703a00000|100%| O|  |TAMS 0x0000000703a00000, 0x0000000703900000| Untracked 
|  10|0x0000000703a00000, 0x0000000703b00000, 0x0000000703b00000|100%| O|  |TAMS 0x0000000703b00000, 0x0000000703a00000| Untracked 
|  11|0x0000000703b00000, 0x0000000703c00000, 0x0000000703c00000|100%| O|  |TAMS 0x0000000703c00000, 0x0000000703b00000| Untracked 
|  12|0x0000000703c00000, 0x0000000703d00000, 0x0000000703d00000|100%| O|  |TAMS 0x0000000703d00000, 0x0000000703c00000| Untracked 
|  13|0x0000000703d00000, 0x0000000703e00000, 0x0000000703e00000|100%| O|  |TAMS 0x0000000703e00000, 0x0000000703d00000| Untracked 
|  14|0x0000000703e00000, 0x0000000703f00000, 0x0000000703f00000|100%| O|  |TAMS 0x0000000703f00000, 0x0000000703e00000| Untracked 
|  15|0x0000000703f00000, 0x0000000703f2c200, 0x0000000704000000| 17%| O|  |TAMS 0x0000000703f2c200, 0x0000000703f00000| Untracked 
|  16|0x0000000704000000, 0x0000000704000000, 0x0000000704100000|  0%| F|  |TAMS 0x0000000704000000, 0x0000000704000000| Untracked 
|  17|0x0000000704100000, 0x0000000704100000, 0x0000000704200000|  0%| F|  |TAMS 0x0000000704100000, 0x0000000704100000| Untracked 
|  18|0x0000000704200000, 0x0000000704200000, 0x0000000704300000|  0%| F|  |TAMS 0x0000000704200000, 0x0000000704200000| Untracked 
|  19|0x0000000704300000, 0x0000000704300000, 0x0000000704400000|  0%| F|  |TAMS 0x0000000704300000, 0x0000000704300000| Untracked 
|  20|0x0000000704400000, 0x0000000704400000, 0x0000000704500000|  0%| F|  |TAMS 0x0000000704400000, 0x0000000704400000| Untracked 
|  21|0x0000000704500000, 0x0000000704500000, 0x0000000704600000|  0%| F|  |TAMS 0x0000000704500000, 0x0000000704500000| Untracked 
|  22|0x0000000704600000, 0x0000000704600000, 0x0000000704700000|  0%| F|  |TAMS 0x0000000704600000, 0x0000000704600000| Untracked 
|  23|0x0000000704700000, 0x0000000704700000, 0x0000000704800000|  0%| F|  |TAMS 0x0000000704700000, 0x0000000704700000| Untracked 
|  24|0x0000000704800000, 0x0000000704800000, 0x0000000704900000|  0%| F|  |TAMS 0x0000000704800000, 0x0000000704800000| Untracked 
|  25|0x0000000704900000, 0x0000000704900000, 0x0000000704a00000|  0%| F|  |TAMS 0x0000000704900000, 0x0000000704900000| Untracked 
|  26|0x0000000704a00000, 0x0000000704a00000, 0x0000000704b00000|  0%| F|  |TAMS 0x0000000704a00000, 0x0000000704a00000| Untracked 
|  27|0x0000000704b00000, 0x0000000704b00000, 0x0000000704c00000|  0%| F|  |TAMS 0x0000000704b00000, 0x0000000704b00000| Untracked 
|  28|0x0000000704c00000, 0x0000000704c00000, 0x0000000704d00000|  0%| F|  |TAMS 0x0000000704c00000, 0x0000000704c00000| Untracked 
|  29|0x0000000704d00000, 0x0000000704d00000, 0x0000000704e00000|  0%| F|  |TAMS 0x0000000704d00000, 0x0000000704d00000| Untracked 
|  30|0x0000000704e00000, 0x0000000704e00000, 0x0000000704f00000|  0%| F|  |TAMS 0x0000000704e00000, 0x0000000704e00000| Untracked 
|  31|0x0000000704f00000, 0x0000000704f00000, 0x0000000705000000|  0%| F|  |TAMS 0x0000000704f00000, 0x0000000704f00000| Untracked 
|  32|0x0000000705000000, 0x0000000705000000, 0x0000000705100000|  0%| F|  |TAMS 0x0000000705000000, 0x0000000705000000| Untracked 
|  33|0x0000000705100000, 0x0000000705100000, 0x0000000705200000|  0%| F|  |TAMS 0x0000000705100000, 0x0000000705100000| Untracked 
|  34|0x0000000705200000, 0x0000000705200000, 0x0000000705300000|  0%| F|  |TAMS 0x0000000705200000, 0x0000000705200000| Untracked 
|  35|0x0000000705300000, 0x0000000705300000, 0x0000000705400000|  0%| F|  |TAMS 0x0000000705300000, 0x0000000705300000| Untracked 
|  36|0x0000000705400000, 0x0000000705400000, 0x0000000705500000|  0%| F|  |TAMS 0x0000000705400000, 0x0000000705400000| Untracked 
|  37|0x0000000705500000, 0x0000000705500000, 0x0000000705600000|  0%| F|  |TAMS 0x0000000705500000, 0x0000000705500000| Untracked 
|  38|0x0000000705600000, 0x0000000705600000, 0x0000000705700000|  0%| F|  |TAMS 0x0000000705600000, 0x0000000705600000| Untracked 
|  39|0x0000000705700000, 0x0000000705700000, 0x0000000705800000|  0%| F|  |TAMS 0x0000000705700000, 0x0000000705700000| Untracked 
|  40|0x0000000705800000, 0x0000000705800000, 0x0000000705900000|  0%| F|  |TAMS 0x0000000705800000, 0x0000000705800000| Untracked 
|  41|0x0000000705900000, 0x0000000705900000, 0x0000000705a00000|  0%| F|  |TAMS 0x0000000705900000, 0x0000000705900000| Untracked 
|  42|0x0000000705a00000, 0x0000000705a00000, 0x0000000705b00000|  0%| F|  |TAMS 0x0000000705a00000, 0x0000000705a00000| Untracked 
|  43|0x0000000705b00000, 0x0000000705b00000, 0x0000000705c00000|  0%| F|  |TAMS 0x0000000705b00000, 0x0000000705b00000| Untracked 
|  44|0x0000000705c00000, 0x0000000705c00000, 0x0000000705d00000|  0%| F|  |TAMS 0x0000000705c00000, 0x0000000705c00000| Untracked 
|  45|0x0000000705d00000, 0x0000000705d00000, 0x0000000705e00000|  0%| F|  |TAMS 0x0000000705d00000, 0x0000000705d00000| Untracked 
|  46|0x0000000705e00000, 0x0000000705e00000, 0x0000000705f00000|  0%| F|  |TAMS 0x0000000705e00000, 0x0000000705e00000| Untracked 
|  47|0x0000000705f00000, 0x0000000705f00000, 0x0000000706000000|  0%| F|  |TAMS 0x0000000705f00000, 0x0000000705f00000| Untracked 
|  48|0x0000000706000000, 0x0000000706000000, 0x0000000706100000|  0%| F|  |TAMS 0x0000000706000000, 0x0000000706000000| Untracked 
|  49|0x0000000706100000, 0x0000000706100000, 0x0000000706200000|  0%| F|  |TAMS 0x0000000706100000, 0x0000000706100000| Untracked 
|  50|0x0000000706200000, 0x0000000706200000, 0x0000000706300000|  0%| F|  |TAMS 0x0000000706200000, 0x0000000706200000| Untracked 
|  51|0x0000000706300000, 0x0000000706300000, 0x0000000706400000|  0%| F|  |TAMS 0x0000000706300000, 0x0000000706300000| Untracked 
|  52|0x0000000706400000, 0x0000000706400000, 0x0000000706500000|  0%| F|  |TAMS 0x0000000706400000, 0x0000000706400000| Untracked 
|  53|0x0000000706500000, 0x0000000706500000, 0x0000000706600000|  0%| F|  |TAMS 0x0000000706500000, 0x0000000706500000| Untracked 
|  54|0x0000000706600000, 0x0000000706600000, 0x0000000706700000|  0%| F|  |TAMS 0x0000000706600000, 0x0000000706600000| Untracked 
|  55|0x0000000706700000, 0x0000000706700000, 0x0000000706800000|  0%| F|  |TAMS 0x0000000706700000, 0x0000000706700000| Untracked 
|  56|0x0000000706800000, 0x0000000706800000, 0x0000000706900000|  0%| F|  |TAMS 0x0000000706800000, 0x0000000706800000| Untracked 
|  57|0x0000000706900000, 0x0000000706900000, 0x0000000706a00000|  0%| F|  |TAMS 0x0000000706900000, 0x0000000706900000| Untracked 
|  58|0x0000000706a00000, 0x0000000706a00000, 0x0000000706b00000|  0%| F|  |TAMS 0x0000000706a00000, 0x0000000706a00000| Untracked 
|  59|0x0000000706b00000, 0x0000000706b00000, 0x0000000706c00000|  0%| F|  |TAMS 0x0000000706b00000, 0x0000000706b00000| Untracked 
|  60|0x0000000706c00000, 0x0000000706c00000, 0x0000000706d00000|  0%| F|  |TAMS 0x0000000706c00000, 0x0000000706c00000| Untracked 
|  61|0x0000000706d00000, 0x0000000706d00000, 0x0000000706e00000|  0%| F|  |TAMS 0x0000000706d00000, 0x0000000706d00000| Untracked 
|  62|0x0000000706e00000, 0x0000000706e00000, 0x0000000706f00000|  0%| F|  |TAMS 0x0000000706e00000, 0x0000000706e00000| Untracked 
|  63|0x0000000706f00000, 0x0000000706f00000, 0x0000000707000000|  0%| F|  |TAMS 0x0000000706f00000, 0x0000000706f00000| Untracked 
|  64|0x0000000707000000, 0x0000000707000000, 0x0000000707100000|  0%| F|  |TAMS 0x0000000707000000, 0x0000000707000000| Untracked 
|  65|0x0000000707100000, 0x0000000707100000, 0x0000000707200000|  0%| F|  |TAMS 0x0000000707100000, 0x0000000707100000| Untracked 
|  66|0x0000000707200000, 0x0000000707200000, 0x0000000707300000|  0%| F|  |TAMS 0x0000000707200000, 0x0000000707200000| Untracked 
|  67|0x0000000707300000, 0x0000000707300000, 0x0000000707400000|  0%| F|  |TAMS 0x0000000707300000, 0x0000000707300000| Untracked 
|  68|0x0000000707400000, 0x0000000707400000, 0x0000000707500000|  0%| F|  |TAMS 0x0000000707400000, 0x0000000707400000| Untracked 
|  69|0x0000000707500000, 0x00000007075595e0, 0x0000000707600000| 34%| S|CS|TAMS 0x0000000707500000, 0x0000000707500000| Complete 
|  70|0x0000000707600000, 0x0000000707700000, 0x0000000707700000|100%| S|CS|TAMS 0x0000000707600000, 0x0000000707600000| Complete 
|  71|0x0000000707700000, 0x0000000707800000, 0x0000000707800000|100%| S|CS|TAMS 0x0000000707700000, 0x0000000707700000| Complete 
|  72|0x0000000707800000, 0x0000000707900000, 0x0000000707900000|100%| S|CS|TAMS 0x0000000707800000, 0x0000000707800000| Complete 
|  73|0x0000000707900000, 0x0000000707a00000, 0x0000000707a00000|100%| S|CS|TAMS 0x0000000707900000, 0x0000000707900000| Complete 
|  74|0x0000000707a00000, 0x0000000707a00000, 0x0000000707b00000|  0%| F|  |TAMS 0x0000000707a00000, 0x0000000707a00000| Untracked 
|  75|0x0000000707b00000, 0x0000000707b00000, 0x0000000707c00000|  0%| F|  |TAMS 0x0000000707b00000, 0x0000000707b00000| Untracked 
|  76|0x0000000707c00000, 0x0000000707c00000, 0x0000000707d00000|  0%| F|  |TAMS 0x0000000707c00000, 0x0000000707c00000| Untracked 
|  77|0x0000000707d00000, 0x0000000707d00000, 0x0000000707e00000|  0%| F|  |TAMS 0x0000000707d00000, 0x0000000707d00000| Untracked 
|  78|0x0000000707e00000, 0x0000000707e00000, 0x0000000707f00000|  0%| F|  |TAMS 0x0000000707e00000, 0x0000000707e00000| Untracked 
|  79|0x0000000707f00000, 0x0000000707f00000, 0x0000000708000000|  0%| F|  |TAMS 0x0000000707f00000, 0x0000000707f00000| Untracked 
|  80|0x0000000708000000, 0x0000000708000000, 0x0000000708100000|  0%| F|  |TAMS 0x0000000708000000, 0x0000000708000000| Untracked 
|  81|0x0000000708100000, 0x0000000708100000, 0x0000000708200000|  0%| F|  |TAMS 0x0000000708100000, 0x0000000708100000| Untracked 
|  82|0x0000000708200000, 0x0000000708200000, 0x0000000708300000|  0%| F|  |TAMS 0x0000000708200000, 0x0000000708200000| Untracked 
|  83|0x0000000708300000, 0x0000000708300000, 0x0000000708400000|  0%| F|  |TAMS 0x0000000708300000, 0x0000000708300000| Untracked 
|  84|0x0000000708400000, 0x0000000708400000, 0x0000000708500000|  0%| F|  |TAMS 0x0000000708400000, 0x0000000708400000| Untracked 
|  85|0x0000000708500000, 0x0000000708500000, 0x0000000708600000|  0%| F|  |TAMS 0x0000000708500000, 0x0000000708500000| Untracked 
|  86|0x0000000708600000, 0x0000000708600000, 0x0000000708700000|  0%| F|  |TAMS 0x0000000708600000, 0x0000000708600000| Untracked 
|  87|0x0000000708700000, 0x0000000708700000, 0x0000000708800000|  0%| F|  |TAMS 0x0000000708700000, 0x0000000708700000| Untracked 
|  88|0x0000000708800000, 0x0000000708800000, 0x0000000708900000|  0%| F|  |TAMS 0x0000000708800000, 0x0000000708800000| Untracked 
|  89|0x0000000708900000, 0x0000000708900000, 0x0000000708a00000|  0%| F|  |TAMS 0x0000000708900000, 0x0000000708900000| Untracked 
|  90|0x0000000708a00000, 0x0000000708a00000, 0x0000000708b00000|  0%| F|  |TAMS 0x0000000708a00000, 0x0000000708a00000| Untracked 
|  91|0x0000000708b00000, 0x0000000708b00000, 0x0000000708c00000|  0%| F|  |TAMS 0x0000000708b00000, 0x0000000708b00000| Untracked 
|  92|0x0000000708c00000, 0x0000000708c00000, 0x0000000708d00000|  0%| F|  |TAMS 0x0000000708c00000, 0x0000000708c00000| Untracked 
|  93|0x0000000708d00000, 0x0000000708d00000, 0x0000000708e00000|  0%| F|  |TAMS 0x0000000708d00000, 0x0000000708d00000| Untracked 
|  94|0x0000000708e00000, 0x0000000708e00000, 0x0000000708f00000|  0%| F|  |TAMS 0x0000000708e00000, 0x0000000708e00000| Untracked 
|  95|0x0000000708f00000, 0x0000000708f00000, 0x0000000709000000|  0%| F|  |TAMS 0x0000000708f00000, 0x0000000708f00000| Untracked 
|  96|0x0000000709000000, 0x0000000709000000, 0x0000000709100000|  0%| F|  |TAMS 0x0000000709000000, 0x0000000709000000| Untracked 
|  97|0x0000000709100000, 0x0000000709100000, 0x0000000709200000|  0%| F|  |TAMS 0x0000000709100000, 0x0000000709100000| Untracked 
|  98|0x0000000709200000, 0x0000000709200000, 0x0000000709300000|  0%| F|  |TAMS 0x0000000709200000, 0x0000000709200000| Untracked 
|  99|0x0000000709300000, 0x0000000709300000, 0x0000000709400000|  0%| F|  |TAMS 0x0000000709300000, 0x0000000709300000| Untracked 
| 100|0x0000000709400000, 0x0000000709400000, 0x0000000709500000|  0%| F|  |TAMS 0x0000000709400000, 0x0000000709400000| Untracked 
| 101|0x0000000709500000, 0x0000000709500000, 0x0000000709600000|  0%| F|  |TAMS 0x0000000709500000, 0x0000000709500000| Untracked 
| 102|0x0000000709600000, 0x0000000709600000, 0x0000000709700000|  0%| F|  |TAMS 0x0000000709600000, 0x0000000709600000| Untracked 
| 103|0x0000000709700000, 0x0000000709700000, 0x0000000709800000|  0%| F|  |TAMS 0x0000000709700000, 0x0000000709700000| Untracked 
| 104|0x0000000709800000, 0x0000000709800000, 0x0000000709900000|  0%| F|  |TAMS 0x0000000709800000, 0x0000000709800000| Untracked 
| 105|0x0000000709900000, 0x0000000709900000, 0x0000000709a00000|  0%| F|  |TAMS 0x0000000709900000, 0x0000000709900000| Untracked 
| 106|0x0000000709a00000, 0x0000000709a00000, 0x0000000709b00000|  0%| F|  |TAMS 0x0000000709a00000, 0x0000000709a00000| Untracked 
| 107|0x0000000709b00000, 0x0000000709b00000, 0x0000000709c00000|  0%| F|  |TAMS 0x0000000709b00000, 0x0000000709b00000| Untracked 
| 108|0x0000000709c00000, 0x0000000709c00000, 0x0000000709d00000|  0%| F|  |TAMS 0x0000000709c00000, 0x0000000709c00000| Untracked 
| 109|0x0000000709d00000, 0x0000000709d00000, 0x0000000709e00000|  0%| F|  |TAMS 0x0000000709d00000, 0x0000000709d00000| Untracked 
| 110|0x0000000709e00000, 0x0000000709e00000, 0x0000000709f00000|  0%| F|  |TAMS 0x0000000709e00000, 0x0000000709e00000| Untracked 
| 111|0x0000000709f00000, 0x0000000709f00000, 0x000000070a000000|  0%| F|  |TAMS 0x0000000709f00000, 0x0000000709f00000| Untracked 
| 112|0x000000070a000000, 0x000000070a000000, 0x000000070a100000|  0%| F|  |TAMS 0x000000070a000000, 0x000000070a000000| Untracked 
| 113|0x000000070a100000, 0x000000070a100000, 0x000000070a200000|  0%| F|  |TAMS 0x000000070a100000, 0x000000070a100000| Untracked 
| 114|0x000000070a200000, 0x000000070a200000, 0x000000070a300000|  0%| F|  |TAMS 0x000000070a200000, 0x000000070a200000| Untracked 
| 115|0x000000070a300000, 0x000000070a300000, 0x000000070a400000|  0%| F|  |TAMS 0x000000070a300000, 0x000000070a300000| Untracked 
| 116|0x000000070a400000, 0x000000070a400000, 0x000000070a500000|  0%| F|  |TAMS 0x000000070a400000, 0x000000070a400000| Untracked 
| 117|0x000000070a500000, 0x000000070a500000, 0x000000070a600000|  0%| F|  |TAMS 0x000000070a500000, 0x000000070a500000| Untracked 
| 118|0x000000070a600000, 0x000000070a600000, 0x000000070a700000|  0%| F|  |TAMS 0x000000070a600000, 0x000000070a600000| Untracked 
| 119|0x000000070a700000, 0x000000070a700000, 0x000000070a800000|  0%| F|  |TAMS 0x000000070a700000, 0x000000070a700000| Untracked 
| 120|0x000000070a800000, 0x000000070a800000, 0x000000070a900000|  0%| F|  |TAMS 0x000000070a800000, 0x000000070a800000| Untracked 
| 121|0x000000070a900000, 0x000000070a900000, 0x000000070aa00000|  0%| F|  |TAMS 0x000000070a900000, 0x000000070a900000| Untracked 
| 122|0x000000070aa00000, 0x000000070aa00000, 0x000000070ab00000|  0%| F|  |TAMS 0x000000070aa00000, 0x000000070aa00000| Untracked 
| 123|0x000000070ab00000, 0x000000070ab00000, 0x000000070ac00000|  0%| F|  |TAMS 0x000000070ab00000, 0x000000070ab00000| Untracked 
| 124|0x000000070ac00000, 0x000000070ac00000, 0x000000070ad00000|  0%| F|  |TAMS 0x000000070ac00000, 0x000000070ac00000| Untracked 
| 125|0x000000070ad00000, 0x000000070ad00000, 0x000000070ae00000|  0%| F|  |TAMS 0x000000070ad00000, 0x000000070ad00000| Untracked 
| 126|0x000000070ae00000, 0x000000070ae00000, 0x000000070af00000|  0%| F|  |TAMS 0x000000070ae00000, 0x000000070ae00000| Untracked 
| 127|0x000000070af00000, 0x000000070af00000, 0x000000070b000000|  0%| F|  |TAMS 0x000000070af00000, 0x000000070af00000| Untracked 
| 128|0x000000070b000000, 0x000000070b000000, 0x000000070b100000|  0%| F|  |TAMS 0x000000070b000000, 0x000000070b000000| Untracked 
| 129|0x000000070b100000, 0x000000070b100000, 0x000000070b200000|  0%| F|  |TAMS 0x000000070b100000, 0x000000070b100000| Untracked 
| 130|0x000000070b200000, 0x000000070b200000, 0x000000070b300000|  0%| F|  |TAMS 0x000000070b200000, 0x000000070b200000| Untracked 
| 131|0x000000070b300000, 0x000000070b300000, 0x000000070b400000|  0%| F|  |TAMS 0x000000070b300000, 0x000000070b300000| Untracked 
| 132|0x000000070b400000, 0x000000070b400000, 0x000000070b500000|  0%| F|  |TAMS 0x000000070b400000, 0x000000070b400000| Untracked 
| 133|0x000000070b500000, 0x000000070b500000, 0x000000070b600000|  0%| F|  |TAMS 0x000000070b500000, 0x000000070b500000| Untracked 
| 134|0x000000070b600000, 0x000000070b600000, 0x000000070b700000|  0%| F|  |TAMS 0x000000070b600000, 0x000000070b600000| Untracked 
| 135|0x000000070b700000, 0x000000070b700000, 0x000000070b800000|  0%| F|  |TAMS 0x000000070b700000, 0x000000070b700000| Untracked 
| 136|0x000000070b800000, 0x000000070b800000, 0x000000070b900000|  0%| F|  |TAMS 0x000000070b800000, 0x000000070b800000| Untracked 
| 137|0x000000070b900000, 0x000000070b900000, 0x000000070ba00000|  0%| F|  |TAMS 0x000000070b900000, 0x000000070b900000| Untracked 
| 138|0x000000070ba00000, 0x000000070ba80800, 0x000000070bb00000| 50%| E|  |TAMS 0x000000070ba00000, 0x000000070ba00000| Complete 
| 139|0x000000070bb00000, 0x000000070bc00000, 0x000000070bc00000|100%| E|CS|TAMS 0x000000070bb00000, 0x000000070bb00000| Complete 
| 140|0x000000070bc00000, 0x000000070bd00000, 0x000000070bd00000|100%| E|CS|TAMS 0x000000070bc00000, 0x000000070bc00000| Complete 
| 141|0x000000070bd00000, 0x000000070be00000, 0x000000070be00000|100%| E|CS|TAMS 0x000000070bd00000, 0x000000070bd00000| Complete 
| 142|0x000000070be00000, 0x000000070bf00000, 0x000000070bf00000|100%| E|CS|TAMS 0x000000070be00000, 0x000000070be00000| Complete 
| 143|0x000000070bf00000, 0x000000070c000000, 0x000000070c000000|100%| E|CS|TAMS 0x000000070bf00000, 0x000000070bf00000| Complete 
| 144|0x000000070c000000, 0x000000070c100000, 0x000000070c100000|100%| E|CS|TAMS 0x000000070c000000, 0x000000070c000000| Complete 
| 145|0x000000070c100000, 0x000000070c200000, 0x000000070c200000|100%| E|CS|TAMS 0x000000070c100000, 0x000000070c100000| Complete 
| 146|0x000000070c200000, 0x000000070c300000, 0x000000070c300000|100%| E|CS|TAMS 0x000000070c200000, 0x000000070c200000| Complete 
| 147|0x000000070c300000, 0x000000070c400000, 0x000000070c400000|100%| E|CS|TAMS 0x000000070c300000, 0x000000070c300000| Complete 
| 148|0x000000070c400000, 0x000000070c500000, 0x000000070c500000|100%| E|CS|TAMS 0x000000070c400000, 0x000000070c400000| Complete 
| 149|0x000000070c500000, 0x000000070c600000, 0x000000070c600000|100%| E|CS|TAMS 0x000000070c500000, 0x000000070c500000| Complete 
| 150|0x000000070c600000, 0x000000070c700000, 0x000000070c700000|100%| E|CS|TAMS 0x000000070c600000, 0x000000070c600000| Complete 
| 151|0x000000070c700000, 0x000000070c800000, 0x000000070c800000|100%| E|CS|TAMS 0x000000070c700000, 0x000000070c700000| Complete 
| 152|0x000000070c800000, 0x000000070c900000, 0x000000070c900000|100%| E|CS|TAMS 0x000000070c800000, 0x000000070c800000| Complete 
| 153|0x000000070c900000, 0x000000070ca00000, 0x000000070ca00000|100%| E|CS|TAMS 0x000000070c900000, 0x000000070c900000| Complete 

Card table byte_map: [0x000001ab5e7c0000,0x000001ab5efb0000] _byte_map_base: 0x000001ab5afa8000

Marking Bits (Prev, Next): (CMBitMap*) 0x000001ab4797c0f0, (CMBitMap*) 0x000001ab4797c0b8
 Prev Bits: [0x000001ab636e0000, 0x000001ab67620000)
 Next Bits: [0x000001ab5f7a0000, 0x000001ab636e0000)

Polling page: 0x000001ab45750000

Metaspace:

Usage:
  Non-class:     27.04 MB capacity,    26.60 MB ( 98%) used,   386.84 KB (  1%) free+waste,    68.38 KB ( <1%) overhead. 
      Class:      4.46 MB capacity,     4.16 MB ( 93%) used,   272.51 KB (  6%) free+waste,    35.50 KB ( <1%) overhead. 
       Both:     31.50 MB capacity,    30.76 MB ( 98%) used,   659.34 KB (  2%) free+waste,   103.88 KB ( <1%) overhead. 

Virtual space:
  Non-class space:       28.00 MB reserved,      27.25 MB ( 97%) committed 
      Class space:      504.00 MB reserved,       4.50 MB ( <1%) committed 
             Both:      532.00 MB reserved,      31.75 MB (  6%) committed 

Chunk freelists:
   Non-Class:  2.88 KB
       Class:  1.00 KB
        Both:  3.88 KB

CodeHeap 'non-profiled nmethods': size=120064Kb used=1282Kb max_used=1282Kb free=118782Kb
 bounds [0x000001ab56a90000, 0x000001ab56d00000, 0x000001ab5dfd0000]
CodeHeap 'profiled nmethods': size=120000Kb used=5520Kb max_used=5520Kb free=114479Kb
 bounds [0x000001ab4f560000, 0x000001ab4fad0000, 0x000001ab56a90000]
CodeHeap 'non-nmethods': size=5696Kb used=1178Kb max_used=1225Kb free=4517Kb
 bounds [0x000001ab4efd0000, 0x000001ab4f240000, 0x000001ab4f560000]
 total_blobs=3118 nmethods=2601 adapters=428
 compilation: enabled
              stopped_count=0, restarted_count=0
 full_count=0

Compilation events (10 events):
Event: 3.652 Thread 0x000001ab69b47000 nmethod 2591 0x000001ab4fab6390 code [0x000001ab4fab6540, 0x000001ab4fab66f8]
Event: 3.652 Thread 0x000001ab69b47000 2590       3       java.lang.reflect.ReflectAccess::getExecutableSharedParameterTypes (5 bytes)
Event: 3.652 Thread 0x000001ab69b47000 nmethod 2590 0x000001ab4fab6810 code [0x000001ab4fab69c0, 0x000001ab4fab6b88]
Event: 3.652 Thread 0x000001ab69b47000 2592       3       java.lang.PublicMethods$MethodList::merge (192 bytes)
Event: 3.653 Thread 0x000001ab69b47000 nmethod 2592 0x000001ab4fab6c90 code [0x000001ab4fab6f00, 0x000001ab4fab79e8]
Event: 3.653 Thread 0x000001ab69b47000 2593       3       org.codehaus.groovy.util.LockableObject::<init> (5 bytes)
Event: 3.653 Thread 0x000001ab69b47000 nmethod 2593 0x000001ab4fab7d90 code [0x000001ab4fab7f40, 0x000001ab4fab8158]
Event: 3.653 Thread 0x000001ab69b47000 2594       3       org.codehaus.groovy.util.LazyReference::<init> (17 bytes)
Event: 3.654 Thread 0x000001ab69b47000 nmethod 2594 0x000001ab4fab8290 code [0x000001ab4fab8440, 0x000001ab4fab8798]
Event: 3.654 Thread 0x000001ab69b47000 2595       3       java.lang.PublicMethods::merge (81 bytes)

GC Heap History (10 events):
Event: 2.059 GC heap before
{Heap before GC invocations=1 (full 0):
 garbage-first heap   total 131072K, used 82759K [0x0000000703000000, 0x0000000800000000)
  region size 1024K, 76 young (77824K), 2 survivors (2048K)
 Metaspace       used 16923K, capacity 17269K, committed 17536K, reserved 532480K
  class space    used 1975K, capacity 2102K, committed 2176K, reserved 516096K
}
Event: 2.073 GC heap after
{Heap after GC invocations=2 (full 0):
 garbage-first heap   total 131072K, used 15693K [0x0000000703000000, 0x0000000800000000)
  region size 1024K, 10 young (10240K), 10 survivors (10240K)
 Metaspace       used 16923K, capacity 17269K, committed 17536K, reserved 532480K
  class space    used 1975K, capacity 2102K, committed 2176K, reserved 516096K
}
Event: 2.220 GC heap before
{Heap before GC invocations=2 (full 0):
 garbage-first heap   total 131072K, used 30029K [0x0000000703000000, 0x0000000800000000)
  region size 1024K, 24 young (24576K), 10 survivors (10240K)
 Metaspace       used 18491K, capacity 18836K, committed 19072K, reserved 534528K
  class space    used 2213K, capacity 2350K, committed 2432K, reserved 516096K
}
Event: 2.229 GC heap after
{Heap after GC invocations=3 (full 0):
 garbage-first heap   total 131072K, used 16493K [0x0000000703000000, 0x0000000800000000)
  region size 1024K, 1 young (1024K), 1 survivors (1024K)
 Metaspace       used 18491K, capacity 18836K, committed 19072K, reserved 534528K
  class space    used 2213K, capacity 2350K, committed 2432K, reserved 516096K
}
Event: 2.414 GC heap before
{Heap before GC invocations=3 (full 0):
 garbage-first heap   total 131072K, used 33901K [0x0000000703000000, 0x0000000800000000)
  region size 1024K, 19 young (19456K), 1 survivors (1024K)
 Metaspace       used 20645K, capacity 21087K, committed 21248K, reserved 534528K
  class space    used 2544K, capacity 2701K, committed 2816K, reserved 516096K
}
Event: 2.418 GC heap after
{Heap after GC invocations=4 (full 0):
 garbage-first heap   total 131072K, used 16923K [0x0000000703000000, 0x0000000800000000)
  region size 1024K, 2 young (2048K), 2 survivors (2048K)
 Metaspace       used 20645K, capacity 21087K, committed 21248K, reserved 534528K
  class space    used 2544K, capacity 2701K, committed 2816K, reserved 516096K
}
Event: 2.888 GC heap before
{Heap before GC invocations=5 (full 0):
 garbage-first heap   total 131072K, used 58907K [0x0000000703000000, 0x0000000800000000)
  region size 1024K, 43 young (44032K), 2 survivors (2048K)
 Metaspace       used 24622K, capacity 25192K, committed 25472K, reserved 538624K
  class space    used 3196K, capacity 3413K, committed 3456K, reserved 516096K
}
Event: 2.896 GC heap after
{Heap after GC invocations=6 (full 0):
 garbage-first heap   total 131072K, used 18419K [0x0000000703000000, 0x0000000800000000)
  region size 1024K, 3 young (3072K), 3 survivors (3072K)
 Metaspace       used 24622K, capacity 25192K, committed 25472K, reserved 538624K
  class space    used 3196K, capacity 3413K, committed 3456K, reserved 516096K
}
Event: 3.467 GC heap before
{Heap before GC invocations=6 (full 0):
 garbage-first heap   total 131072K, used 70643K [0x0000000703000000, 0x0000000800000000)
  region size 1024K, 54 young (55296K), 3 survivors (3072K)
 Metaspace       used 29390K, capacity 30094K, committed 30208K, reserved 542720K
  class space    used 3965K, capacity 4249K, committed 4352K, reserved 516096K
}
Event: 3.474 GC heap after
{Heap after GC invocations=7 (full 0):
 garbage-first heap   total 157696K, used 19989K [0x0000000703000000, 0x0000000800000000)
  region size 1024K, 5 young (5120K), 5 survivors (5120K)
 Metaspace       used 29390K, capacity 30094K, committed 30208K, reserved 542720K
  class space    used 3965K, capacity 4249K, committed 4352K, reserved 516096K
}

Deoptimization events (10 events):
Event: 2.273 Thread 0x000001ab6cc90800 Uncommon trap: reason=bimorphic_or_optimized_type_check action=maybe_recompile pc=0x000001ab56b06e24 method=java.util.AbstractList$Itr.hasNext()Z @ 8 c2
Event: 2.273 Thread 0x000001ab6cc90800 Uncommon trap: reason=bimorphic_or_optimized_type_check action=maybe_recompile pc=0x000001ab56b071c4 method=java.util.AbstractList$Itr.next()Ljava/lang/Object; @ 14 c2
Event: 2.273 Thread 0x000001ab6cc90800 Uncommon trap: reason=unstable_if action=reinterpret pc=0x000001ab56affb10 method=java.io.File.getName()Ljava/lang/String; @ 16 c2
Event: 2.273 Thread 0x000001ab6cc90800 Uncommon trap: reason=unstable_if action=reinterpret pc=0x000001ab56afd814 method=java.lang.String.substring(I)Ljava/lang/String; @ 34 c2
Event: 2.450 Thread 0x000001ab6cc90800 Uncommon trap: reason=unstable_if action=reinterpret pc=0x000001ab56b69338 method=jdk.internal.org.objectweb.asm.Type.getArgumentsAndReturnSizes(Ljava/lang/String;)I @ 88 c2
Event: 2.643 Thread 0x000001ab6cc90800 Uncommon trap: reason=unstable_if action=reinterpret pc=0x000001ab56ae38f8 method=java.util.concurrent.ConcurrentHashMap.get(Ljava/lang/Object;)Ljava/lang/Object; @ 76 c2
Event: 2.966 Thread 0x000001ab6cc90800 Uncommon trap: reason=predicate action=maybe_recompile pc=0x000001ab56b94488 method=com.google.common.base.CharMatcher.indexIn(Ljava/lang/CharSequence;I)I @ 19 c2
Event: 3.253 Thread 0x000001ab6cc90800 Uncommon trap: reason=unstable_if action=reinterpret pc=0x000001ab56b712c8 method=java.util.HashMap.hash(Ljava/lang/Object;)I @ 1 c2
Event: 3.296 Thread 0x000001ab6cc90800 Uncommon trap: reason=unstable_if action=reinterpret pc=0x000001ab56bb6474 method=java.util.regex.Pattern$BmpCharProperty.match(Ljava/util/regex/Matcher;ILjava/lang/CharSequence;)Z @ 39 c2
Event: 3.566 Thread 0x000001ab6cc90800 Uncommon trap: reason=unstable_if action=reinterpret pc=0x000001ab56b5e8d0 method=java.util.HashMap.putVal(ILjava/lang/Object;Ljava/lang/Object;ZZ)Ljava/lang/Object; @ 162 c2

Classes redefined (0 events):
No events

Internal exceptions (10 events):
Event: 3.145 Thread 0x000001ab6cc90800 Exception <a 'java/lang/NoSuchMethodError'{0x00000007098f5168}: java.lang.invoke.DirectMethodHandle$Holder.invokeSpecialIFC(Ljava/lang/Object;Ljava/lang/Object;Ljava/lang/Object;Ljava/lang/Object;)Ljava/lang/Object;> (0x00000007098f5168) thrown at [./open
Event: 3.253 Thread 0x000001ab6cc90800 Implicit null exception at 0x000001ab56b710d5 to 0x000001ab56b712b8
Event: 3.300 Thread 0x000001ab6cc90800 Exception <a 'java/lang/NoSuchMethodError'{0x0000000708cccf90}: java.lang.invoke.DirectMethodHandle$Holder.invokeSpecial(Ljava/lang/Object;Ljava/lang/Object;Ljava/lang/Object;Ljava/lang/Object;Ljava/lang/Object;Ljava/lang/Object;Ljava/lang/Object;Ljava/la
Event: 3.301 Thread 0x000001ab6cc90800 Exception <a 'java/lang/NoSuchMethodError'{0x0000000708cde098}: java.lang.invoke.DirectMethodHandle$Holder.invokeSpecial(Ljava/lang/Object;Ljava/lang/Object;Ljava/lang/Object;Ljava/lang/Object;Ljava/lang/Object;Ljava/lang/Object;Ljava/lang/Object;Ljava/la
Event: 3.302 Thread 0x000001ab6cc90800 Exception <a 'java/lang/NoSuchMethodError'{0x0000000708ce3468}: java.lang.invoke.Invokers$Holder.linkToTargetMethod(Ljava/lang/Object;Ljava/lang/Object;Ljava/lang/Object;Ljava/lang/Object;Ljava/lang/Object;Ljava/lang/Object;Ljava/lang/Object;Ljava/lang/Ob
Event: 3.308 Thread 0x000001ab6cc90800 Exception <a 'java/lang/NoSuchMethodError'{0x0000000708b8a560}: java.lang.invoke.DirectMethodHandle$Holder.invokeSpecial(Ljava/lang/Object;Ljava/lang/Object;Ljava/lang/Object;Ljava/lang/Object;Ljava/lang/Object;Ljava/lang/Object;Ljava/lang/Object;Ljava/la
Event: 3.309 Thread 0x000001ab6cc90800 Exception <a 'java/lang/NoSuchMethodError'{0x0000000708b9bf60}: java.lang.invoke.Invokers$Holder.linkToTargetMethod(Ljava/lang/Object;Ljava/lang/Object;Ljava/lang/Object;Ljava/lang/Object;Ljava/lang/Object;Ljava/lang/Object;Ljava/lang/Object;Ljava/lang/Ob
Event: 3.325 Thread 0x000001ab6cc90800 Exception <a 'java/lang/NoSuchMethodError'{0x0000000708ac33f8}: java.lang.invoke.DirectMethodHandle$Holder.invokeStaticInit(Ljava/lang/Object;Ljava/lang/Object;Ljava/lang/Object;Ljava/lang/Object;)Ljava/lang/Object;> (0x0000000708ac33f8) thrown at [./open
Event: 3.426 Thread 0x000001ab6cc90800 Exception <a 'java/lang/NoSuchMethodError'{0x0000000707ee6748}: java.lang.invoke.Invokers$Holder.linkToTargetMethod(Ljava/lang/Object;Ljava/lang/Object;Ljava/lang/Object;Ljava/lang/Object;Ljava/lang/Object;Ljava/lang/Object;Ljava/lang/Object;Ljava/lang/Ob
Event: 3.433 Thread 0x000001ab6cc90800 Exception <a 'java/lang/IncompatibleClassChangeError'{0x0000000707d789b8}: Found class java.lang.Object, but interface was expected> (0x0000000707d789b8) thrown at [./open/src/hotspot/share/interpreter/linkResolver.cpp, line 838]

Events (10 events):
Event: 3.648 loading class org/codehaus/groovy/transform/trait/Traits$Implemented
Event: 3.648 loading class org/codehaus/groovy/transform/trait/Traits$Implemented done
Event: 3.648 loading class java/util/stream/IntStream
Event: 3.649 loading class java/util/stream/IntStream done
Event: 3.649 Executing VM operation: RevokeBias
Event: 3.649 Executing VM operation: RevokeBias done
Event: 3.650 loading class org/codehaus/groovy/reflection/CachedClass
Event: 3.650 loading class org/codehaus/groovy/reflection/CachedClass done
Event: 3.650 loading class org/codehaus/groovy/reflection/CachedClass
Event: 3.650 loading class org/codehaus/groovy/reflection/CachedClass done


Dynamic libraries:
0x00007ff703090000 - 0x00007ff70309f000 	C:\Program Files\Java\jdk-11.0.16\bin\java.exe
0x00007fff611b0000 - 0x00007fff613a8000 	C:\Windows\SYSTEM32\ntdll.dll
0x00007fff60ba0000 - 0x00007fff60c5d000 	C:\Windows\System32\KERNEL32.DLL
0x00007fff5ef40000 - 0x00007fff5f20e000 	C:\Windows\System32\KERNELBASE.dll
0x00007fff5ecc0000 - 0x00007fff5edc0000 	C:\Windows\System32\ucrtbase.dll
0x00007fff47c80000 - 0x00007fff47c95000 	C:\Program Files\Java\jdk-11.0.16\bin\VCRUNTIME140.dll
0x00007fff47c10000 - 0x00007fff47c28000 	C:\Program Files\Java\jdk-11.0.16\bin\jli.dll
0x00007fff609a0000 - 0x00007fff60a4e000 	C:\Windows\System32\ADVAPI32.dll
0x00007fff5f990000 - 0x00007fff5fa2e000 	C:\Windows\System32\msvcrt.dll
0x00007fff60270000 - 0x00007fff6030c000 	C:\Windows\System32\sechost.dll
0x00007fff5f360000 - 0x00007fff5f485000 	C:\Windows\System32\RPCRT4.dll
0x00007fff5f490000 - 0x00007fff5f630000 	C:\Windows\System32\USER32.dll
0x00007fff5ec10000 - 0x00007fff5ec32000 	C:\Windows\System32\win32u.dll
0x00007fff5f2d0000 - 0x00007fff5f2fa000 	C:\Windows\System32\GDI32.dll
0x00007fff5edc0000 - 0x00007fff5eecb000 	C:\Windows\System32\gdi32full.dll
0x00007fff5eac0000 - 0x00007fff5eb5d000 	C:\Windows\System32\msvcp_win.dll
0x00007fff401d0000 - 0x00007fff4046a000 	C:\Windows\WinSxS\amd64_microsoft.windows.common-controls_6595b64144ccf1df_6.0.19041.1110_none_60b5254171f9507e\COMCTL32.dll
0x00007fff55fc0000 - 0x00007fff55fca000 	C:\Windows\SYSTEM32\VERSION.dll
0x00007fff610d0000 - 0x00007fff61100000 	C:\Windows\System32\IMM32.DLL
0x00007fff37bb0000 - 0x00007fff37c4b000 	C:\Program Files\Java\jdk-11.0.16\bin\msvcp140.dll
0x00007fff24220000 - 0x00007fff24d38000 	C:\Program Files\Java\jdk-11.0.16\bin\server\jvm.dll
0x00007fff60a50000 - 0x00007fff60a58000 	C:\Windows\System32\PSAPI.DLL
0x00007fff57b40000 - 0x00007fff57b49000 	C:\Windows\SYSTEM32\WSOCK32.dll
0x00007fff45ee0000 - 0x00007fff45f07000 	C:\Windows\SYSTEM32\WINMM.dll
0x00007fff61100000 - 0x00007fff6116b000 	C:\Windows\System32\WS2_32.dll
0x00007fff5c7a0000 - 0x00007fff5c7b2000 	C:\Windows\SYSTEM32\kernel.appcore.dll
0x00007fff48360000 - 0x00007fff48370000 	C:\Program Files\Java\jdk-11.0.16\bin\verify.dll
0x00007fff56680000 - 0x00007fff56864000 	C:\Windows\SYSTEM32\DBGHELP.DLL
0x00007fff56650000 - 0x00007fff5667c000 	C:\Windows\SYSTEM32\dbgcore.DLL
0x00007fff5ea30000 - 0x00007fff5eab2000 	C:\Windows\System32\bcryptPrimitives.dll
0x00007fff47920000 - 0x00007fff47948000 	C:\Program Files\Java\jdk-11.0.16\bin\java.dll
0x00007fff47c00000 - 0x00007fff47c0a000 	C:\Program Files\Java\jdk-11.0.16\bin\jimage.dll
0x00007fff47ba0000 - 0x00007fff47bb6000 	C:\Program Files\Java\jdk-11.0.16\bin\zip.dll
0x00007fff5fb20000 - 0x00007fff60263000 	C:\Windows\System32\SHELL32.dll
0x00007fff5c9a0000 - 0x00007fff5d135000 	C:\Windows\SYSTEM32\windows.storage.dll
0x00007fff60520000 - 0x00007fff60874000 	C:\Windows\System32\combase.dll
0x00007fff5e180000 - 0x00007fff5e1b0000 	C:\Windows\SYSTEM32\Wldp.dll
0x00007fff60af0000 - 0x00007fff60b9d000 	C:\Windows\System32\SHCORE.dll
0x00007fff5f270000 - 0x00007fff5f2c5000 	C:\Windows\System32\shlwapi.dll
0x00007fff5e810000 - 0x00007fff5e82f000 	C:\Windows\SYSTEM32\profapi.dll
0x00007fff47830000 - 0x00007fff47849000 	C:\Program Files\Java\jdk-11.0.16\bin\net.dll
0x00007fff576b0000 - 0x00007fff577ba000 	C:\Windows\SYSTEM32\WINHTTP.dll
0x00007fff5df60000 - 0x00007fff5dfca000 	C:\Windows\system32\mswsock.dll
0x00007fff47810000 - 0x00007fff47822000 	C:\Program Files\Java\jdk-11.0.16\bin\nio.dll
0x00007fff47450000 - 0x00007fff47477000 	C:\Users\admin-1\.gradle\native\e1d6ef7f7dcc3fd88c89a11ec53ec762bb8ba0a96d01ffa2cd45eb1d1d8dd5c5\windows-amd64\native-platform.dll
0x00007fff371f0000 - 0x00007fff37334000 	C:\Users\admin-1\.gradle\native\0d407fdbe67a94daf76414ababcb853783967236a71b16ec16e742cd7a986fd3\windows-amd64\native-platform-file-events.dll
0x00007fff47a70000 - 0x00007fff47a79000 	C:\Program Files\Java\jdk-11.0.16\bin\management.dll
0x00007fff47910000 - 0x00007fff4791b000 	C:\Program Files\Java\jdk-11.0.16\bin\management_ext.dll
0x00007fff5e1c0000 - 0x00007fff5e1d8000 	C:\Windows\SYSTEM32\CRYPTSP.dll
0x00007fff5d900000 - 0x00007fff5d934000 	C:\Windows\system32\rsaenh.dll
0x00007fff5ec40000 - 0x00007fff5ec67000 	C:\Windows\System32\bcrypt.dll
0x00007fff5e790000 - 0x00007fff5e7be000 	C:\Windows\SYSTEM32\USERENV.dll
0x00007fff5e0f0000 - 0x00007fff5e0fc000 	C:\Windows\SYSTEM32\CRYPTBASE.dll
0x00007fff5dc70000 - 0x00007fff5dcab000 	C:\Windows\SYSTEM32\IPHLPAPI.DLL
0x00007fff5f630000 - 0x00007fff5f638000 	C:\Windows\System32\NSI.dll
0x00007fff57910000 - 0x00007fff57927000 	C:\Windows\SYSTEM32\dhcpcsvc6.DLL
0x00007fff57690000 - 0x00007fff576ad000 	C:\Windows\SYSTEM32\dhcpcsvc.DLL
0x00007fff5dcb0000 - 0x00007fff5dd7a000 	C:\Windows\SYSTEM32\DNSAPI.dll

dbghelp: loaded successfully - version: 4.0.5 - missing functions: none
symbol engine: initialized successfully - sym options: 0x614 - pdb path: .;C:\Program Files\Java\jdk-11.0.16\bin;C:\Windows\SYSTEM32;C:\Windows\WinSxS\amd64_microsoft.windows.common-controls_6595b64144ccf1df_6.0.19041.1110_none_60b5254171f9507e;C:\Program Files\Java\jdk-11.0.16\bin\server;C:\Users\admin-1\.gradle\native\e1d6ef7f7dcc3fd88c89a11ec53ec762bb8ba0a96d01ffa2cd45eb1d1d8dd5c5\windows-amd64;C:\Users\admin-1\.gradle\native\0d407fdbe67a94daf76414ababcb853783967236a71b16ec16e742cd7a986fd3\windows-amd64

VM Arguments:
jvm_args: -XX:MaxMetaspaceSize=512m --add-opens=java.base/java.util=ALL-UNNAMED --add-opens=java.base/java.lang=ALL-UNNAMED --add-opens=java.base/java.lang.invoke=ALL-UNNAMED --add-opens=java.base/java.util=ALL-UNNAMED --add-opens=java.prefs/java.util.prefs=ALL-UNNAMED --add-opens=java.prefs/java.util.prefs=ALL-UNNAMED --add-opens=java.base/java.nio.charset=ALL-UNNAMED --add-opens=java.base/java.net=ALL-UNNAMED --add-opens=java.base/java.util.concurrent.atomic=ALL-UNNAMED -Xmx4048m -Dfile.encoding=windows-1252 -Duser.country=US -Duser.language=en -Duser.variant 
java_command: org.gradle.launcher.daemon.bootstrap.GradleDaemon 7.5.1
java_class_path (initial): C:\Users\admin-1\.gradle\wrapper\dists\gradle-7.5.1-all\1ehga6e77gqps5uk2kc5kf1vc\gradle-7.5.1\lib\gradle-launcher-7.5.1.jar
Launcher Type: SUN_STANDARD

[Global flags]
     intx CICompilerCount                          = 3                                         {product} {ergonomic}
   size_t CompressedClassSpaceSize                 = 528482304                                 {product} {ergonomic}
     uint ConcGCThreads                            = 1                                         {product} {ergonomic}
     uint G1ConcRefinementThreads                  = 4                                         {product} {ergonomic}
   size_t G1HeapRegionSize                         = 1048576                                   {product} {ergonomic}
    uintx GCDrainStackTargetSize                   = 64                                        {product} {ergonomic}
   size_t InitialHeapSize                          = 134217728                                 {product} {ergonomic}
   size_t MarkStackSize                            = 4194304                                   {product} {ergonomic}
   size_t MaxHeapSize                              = 4244635648                                {product} {command line}
   size_t MaxMetaspaceSize                         = 536870912                                 {product} {command line}
   size_t MaxNewSize                               = 2545942528                                {product} {ergonomic}
   size_t MinHeapDeltaBytes                        = 1048576                                   {product} {ergonomic}
    uintx NonNMethodCodeHeapSize                   = 5830732                                {pd product} {ergonomic}
    uintx NonProfiledCodeHeapSize                  = 122913754                              {pd product} {ergonomic}
    uintx ProfiledCodeHeapSize                     = 122913754                              {pd product} {ergonomic}
    uintx ReservedCodeCacheSize                    = 251658240                              {pd product} {ergonomic}
     bool SegmentedCodeCache                       = true                                      {product} {ergonomic}
     bool UseCompressedClassPointers               = true                                 {lp64_product} {ergonomic}
     bool UseCompressedOops                        = true                                 {lp64_product} {ergonomic}
     bool UseG1GC                                  = true                                      {product} {ergonomic}
     bool UseLargePagesIndividualAllocation        = false                                  {pd product} {ergonomic}

Logging:
Log output configuration:
 #0: stdout all=warning uptime,level,tags
 #1: stderr all=off uptime,level,tags

Environment Variables:
CLASSPATH=C:\Users\admin-1\Documents\Awesome\android\\gradle\wrapper\gradle-wrapper.jar
PATH=C:\Program Files\Common Files\Oracle\Java\javapath;C:\Windows\system32;C:\Windows;C:\Windows\System32\Wbem;C:\Windows\System32\WindowsPowerShell\v1.0\;C:\Windows\System32\OpenSSH\;C:\Program Files\nodejs\;C:\Users\admin-1\AppData\Local\Android\Sdk\platform-tools;C:\Users\admin-1\AppData\Local\Microsoft\WindowsApps;C:\Users\admin-1\AppData\Roaming\npm;C:\Users\admin-1\AppData\Local\Programs\Microsoft VS Code\bin
USERNAME=admin-1
OS=Windows_NT
PROCESSOR_IDENTIFIER=Intel64 Family 6 Model 85 Stepping 4, GenuineIntel



---------------  S Y S T E M  ---------------

OS: Windows 10 , 64 bit Build 19041 (10.0.19041.1889)
Hyper-V role detected

CPU:total 4 (initial active 4) (2 cores per cpu, 2 threads per core) family 6 model 85 stepping 4 microcode 0xffffffff, cmov, cx8, fxsr, mmx, sse, sse2, sse3, ssse3, sse4.1, sse4.2, popcnt, avx, avx2, aes, clmul, erms, rtm, 3dnowpref, lzcnt, ht, tsc, bmi1, bmi2, adx, fma

Memory: 4k page, system-wide physical 8190M (965M free)
TotalPageFile size 12286M (AvailPageFile size 5M)
current process WorkingSet (physical memory assigned to process): 234M, peak: 234M
current process commit charge ("private bytes"): 310M, peak: 311M

vm_info: Java HotSpot(TM) 64-Bit Server VM (11.0.16+11-LTS-199) for windows-amd64 JRE (11.0.16+11-LTS-199), built on Jun 28 2022 08:23:17 by "mach5one" with MS VC++ 15.9 (VS2017)

END.
