#
# There is insufficient memory for the Java Runtime Environment to continue.
# Native memory allocation (mmap) failed to map 58720256 bytes for Failed to commit area from 0x0000000091600000 to 0x0000000094e00000 of length 58720256.
# Possible reasons:
#   The system is out of physical RAM or swap space
#   The process is running with CompressedOops enabled, and the Java Heap may be blocking the growth of the native heap
# Possible solutions:
#   Reduce memory load on the system
#   Increase physical memory or swap space
#   Check if swap backing store is full
#   Decrease Java heap size (-Xmx/-Xms)
#   Decrease number of Java threads
#   Decrease Java thread stack sizes (-Xss)
#   Set larger code cache with -XX:ReservedCodeCacheSize=
#   JVM is running with Unscaled Compressed Oops mode in which the Java heap is
#     placed in the first 4GB address space. The Java Heap base address is the
#     maximum limit for the native heap growth. Please use -XX:HeapBaseMinAddress
#     to set the Java Heap base and to place the Java Heap above 4GB virtual address.
# This output file may be truncated or incomplete.
#
#  Out of Memory Error (./open/src/hotspot/os/windows/os_windows.cpp:3287), pid=12408, tid=6376
#
# JRE version: Java(TM) SE Runtime Environment 18.9 (11.0.16+11) (build 11.0.16+11-LTS-199)
# Java VM: Java HotSpot(TM) 64-Bit Server VM 18.9 (11.0.16+11-LTS-199, mixed mode, tiered, compressed oops, g1 gc, windows-amd64)
# No core dump will be written. Minidumps are not enabled by default on client versions of Windows
#

---------------  S U M M A R Y ------------

Command Line: -XX:MaxMetaspaceSize=512m --add-opens=java.base/java.util=ALL-UNNAMED --add-opens=java.base/java.lang=ALL-UNNAMED --add-opens=java.base/java.lang.invoke=ALL-UNNAMED --add-opens=java.base/java.util=ALL-UNNAMED --add-opens=java.prefs/java.util.prefs=ALL-UNNAMED --add-opens=java.prefs/java.util.prefs=ALL-UNNAMED --add-opens=java.base/java.nio.charset=ALL-UNNAMED --add-opens=java.base/java.net=ALL-UNNAMED --add-opens=java.base/java.util.concurrent.atomic=ALL-UNNAMED -Xmx2048m -Dfile.encoding=windows-1252 -Duser.country=US -Duser.language=en -Duser.variant org.gradle.launcher.daemon.bootstrap.GradleDaemon 7.5.1

Host: Intel(R) Xeon(R) Platinum 8168 CPU @ 2.70GHz, 4 cores, 7G,  Windows 10 , 64 bit Build 19041 (10.0.19041.1889)
Time: Thu Oct  6 01:40:47 2022 Coordinated Universal Time elapsed time: 56.367948 seconds (0d 0h 0m 56s)

---------------  T H R E A D  ---------------

Current thread (0x0000027dac840800):  VMThread "VM Thread" [stack: 0x000000831c100000,0x000000831c200000] [id=6376]

Stack: [0x000000831c100000,0x000000831c200000]
[error occurred during error reporting (printing stack bounds), id 0xc0000005, EXCEPTION_ACCESS_VIOLATION (0xc0000005) at pc=0x0000027d96000f2d]

Native frames: (J=compiled Java code, j=interpreted, Vv=VM code, C=native code)
V  [jvm.dll+0x62a3ea]
V  [jvm.dll+0x76418f]
V  [jvm.dll+0x765839]
V  [jvm.dll+0x765e25]
V  [jvm.dll+0x765ddb]
V  [jvm.dll+0x6298d3]
V  [jvm.dll+0x629fe8]
C  [ntdll.dll+0xa235f]
C  [ntdll.dll+0x514a4]
C  [ntdll.dll+0xa0e8e]
C  0x0000027d96000f2d

VM_Operation (0x000000831eafe0c0): G1CollectForAllocation, mode: safepoint, requested by thread 0x0000027db28dc000


---------------  P R O C E S S  ---------------

Threads class SMR info:
_java_thread_list=0x0000027db93818f0, length=91, elements={
0x0000027d8d178800, 0x0000027dac856800, 0x0000027dac862000, 0x0000027dac8af000,
0x0000027dac865000, 0x0000027dad1c1000, 0x0000027dad1c2000, 0x0000027dad1c7800,
0x0000027dad1ce800, 0x0000027dad320000, 0x0000027dad31f800, 0x0000027dad323800,
0x0000027dad322800, 0x0000027dad324800, 0x0000027dad31e800, 0x0000027daf480800,
0x0000027daf47e800, 0x0000027daf481000, 0x0000027daf482800, 0x0000027daf47d000,
0x0000027daf487000, 0x0000027daf48a000, 0x0000027daf484800, 0x0000027daf48b000,
0x0000027daf487800, 0x0000027daf489800, 0x0000027daf0b3800, 0x0000027db28d4000,
0x0000027db28d7000, 0x0000027db28d5800, 0x0000027db28d8000, 0x0000027db28d2800,
0x0000027db28d9000, 0x0000027db28d4800, 0x0000027db28d6800, 0x0000027db28d3000,
0x0000027db28dc000, 0x0000027db28dd000, 0x0000027db28db800, 0x0000027db28dd800,
0x0000027db28de800, 0x0000027db28df800, 0x0000027db28d9800, 0x0000027db28e0000,
0x0000027db28e1000, 0x0000027db2756000, 0x0000027db2757800, 0x0000027db275b000,
0x0000027db2755800, 0x0000027db275c800, 0x0000027db2758800, 0x0000027db2757000,
0x0000027db275d800, 0x0000027db275e800, 0x0000027db275c000, 0x0000027db275f000,
0x0000027db2759800, 0x0000027db2760000, 0x0000027db275a000, 0x0000027db2760800,
0x0000027db2761800, 0x0000027db2762800, 0x0000027db2763000, 0x0000027daf0af800,
0x0000027daf0ae000, 0x0000027daf0b4800, 0x0000027daf0b1800, 0x0000027daf0b0800,
0x0000027daf0af000, 0x0000027daf0b3000, 0x0000027daf0b5800, 0x0000027daf0b2000,
0x0000027daf0b9800, 0x0000027daf0b7000, 0x0000027daf0b8000, 0x0000027daf0ba800,
0x0000027daf0bc000, 0x0000027daf0b6000, 0x0000027daf0bb000, 0x0000027daf0bc800,
0x0000027daf0b8800, 0x0000027daf47e000, 0x0000027daf482000, 0x0000027daf483800,
0x0000027daf485000, 0x0000027daf47f800, 0x0000027daf486000, 0x0000027dad325000,
0x0000027dba755000, 0x0000027db0d27800, 0x0000027dba752800
}

Java Threads: ( => current thread )
  0x0000027d8d178800 JavaThread "main" [_thread_blocked, id=12300, stack(0x000000831bb00000,0x000000831bc00000)]
  0x0000027dac856800 JavaThread "Reference Handler" daemon [_thread_blocked, id=8520, stack(0x000000831c200000,0x000000831c300000)]
  0x0000027dac862000 JavaThread "Finalizer" daemon [_thread_blocked, id=7600, stack(0x000000831c300000,0x000000831c400000)]
  0x0000027dac8af000 JavaThread "Signal Dispatcher" daemon [_thread_blocked, id=8216, stack(0x000000831c400000,0x000000831c500000)]
  0x0000027dac865000 JavaThread "Attach Listener" daemon [_thread_blocked, id=12604, stack(0x000000831c500000,0x000000831c600000)]
  0x0000027dad1c1000 JavaThread "Service Thread" daemon [_thread_blocked, id=11300, stack(0x000000831c600000,0x000000831c700000)]
  0x0000027dad1c2000 JavaThread "C2 CompilerThread0" daemon [_thread_blocked, id=6336, stack(0x000000831c700000,0x000000831c800000)]
  0x0000027dad1c7800 JavaThread "C1 CompilerThread0" daemon [_thread_blocked, id=5796, stack(0x000000831c800000,0x000000831c900000)]
  0x0000027dad1ce800 JavaThread "Sweeper thread" daemon [_thread_blocked, id=12124, stack(0x000000831c900000,0x000000831ca00000)]
  0x0000027dad320000 JavaThread "Common-Cleaner" daemon [_thread_blocked, id=14308, stack(0x000000831ca00000,0x000000831cb00000)]
  0x0000027dad31f800 JavaThread "Daemon health stats" [_thread_blocked, id=13764, stack(0x000000831cf00000,0x000000831d000000)]
  0x0000027dad323800 JavaThread "Incoming local TCP Connector on port 55810" [_thread_in_native, id=12476, stack(0x000000831d000000,0x000000831d100000)]
  0x0000027dad322800 JavaThread "Daemon periodic checks" [_thread_blocked, id=2508, stack(0x000000831d100000,0x000000831d200000)]
  0x0000027dad324800 JavaThread "Daemon" [_thread_blocked, id=4600, stack(0x000000831d200000,0x000000831d300000)]
  0x0000027dad31e800 JavaThread "Daemon worker" [_thread_blocked, id=2080, stack(0x000000831d500000,0x000000831d600000)]
  0x0000027daf480800 JavaThread "Cache worker for journal cache (C:\Users\admin-1\.gradle\caches\journal-1)" [_thread_blocked, id=9864, stack(0x000000831da00000,0x000000831db00000)]
  0x0000027daf47e800 JavaThread "File lock request listener" [_thread_in_native, id=10120, stack(0x000000831db00000,0x000000831dc00000)]
  0x0000027daf481000 JavaThread "Cache worker for file hash cache (C:\Users\admin-1\.gradle\caches\7.5.1\fileHashes)" [_thread_blocked, id=14244, stack(0x000000831dc00000,0x000000831dd00000)]
  0x0000027daf482800 JavaThread "File watcher server" daemon [_thread_in_native, id=13984, stack(0x000000831dd00000,0x000000831de00000)]
  0x0000027daf47d000 JavaThread "File watcher consumer" daemon [_thread_blocked, id=5780, stack(0x000000831de00000,0x000000831df00000)]
  0x0000027daf487000 JavaThread "Cache worker for file content cache (C:\Users\admin-1\.gradle\caches\7.5.1\fileContent)" [_thread_blocked, id=8912, stack(0x000000831e100000,0x000000831e200000)]
  0x0000027daf48a000 JavaThread "Cache worker for execution history cache (C:\Users\admin-1\.gradle\caches\7.5.1\executionHistory)" [_thread_blocked, id=1504, stack(0x000000831e400000,0x000000831e500000)]
  0x0000027daf484800 JavaThread "jar transforms" [_thread_blocked, id=6568, stack(0x000000831e500000,0x000000831e600000)]
  0x0000027daf48b000 JavaThread "jar transforms Thread 2" [_thread_blocked, id=11316, stack(0x000000831e600000,0x000000831e700000)]
  0x0000027daf487800 JavaThread "jar transforms Thread 3" [_thread_blocked, id=10996, stack(0x000000831e700000,0x000000831e800000)]
  0x0000027daf489800 JavaThread "jar transforms Thread 4" [_thread_blocked, id=12972, stack(0x000000831e800000,0x000000831e900000)]
  0x0000027daf0b3800 JavaThread "Cache worker for kotlin-dsl (C:\Users\admin-1\.gradle\caches\7.5.1\kotlin-dsl)" [_thread_blocked, id=6212, stack(0x000000831e900000,0x000000831ea00000)]
  0x0000027db28d4000 JavaThread "Memory manager" [_thread_blocked, id=9820, stack(0x0000008320e00000,0x0000008320f00000)]
  0x0000027db28d7000 JavaThread "included builds" [_thread_blocked, id=6868, stack(0x0000008321000000,0x0000008321100000)]
  0x0000027db28d5800 JavaThread "Handler for socket connection from /127.0.0.1:55810 to /127.0.0.1:55842" [_thread_in_native, id=6644, stack(0x000000831d400000,0x000000831d500000)]
  0x0000027db28d8000 JavaThread "Cancel handler" [_thread_blocked, id=11768, stack(0x000000831d600000,0x000000831d700000)]
  0x0000027db28d2800 JavaThread "Asynchronous log dispatcher for DefaultDaemonConnection: socket connection from /127.0.0.1:55810 to /127.0.0.1:55842" [_thread_blocked, id=7624, stack(0x000000831d700000,0x000000831d800000)]
  0x0000027db28d9000 JavaThread "Stdin handler" [_thread_blocked, id=3228, stack(0x000000831d800000,0x000000831d900000)]
  0x0000027db28d4800 JavaThread "Daemon client event forwarder" [_thread_blocked, id=7688, stack(0x000000831df00000,0x000000831e000000)]
  0x0000027db28d6800 JavaThread "Cache worker for checksums cache (C:\Users\admin-1\Documents\Awesome\android\.gradle\7.5.1\checksums)" [_thread_blocked, id=3608, stack(0x000000831e200000,0x000000831e300000)]
  0x0000027db28d3000 JavaThread "Cache worker for cache directory md-rule (C:\Users\admin-1\.gradle\caches\7.5.1\md-rule)" [_thread_blocked, id=1924, stack(0x000000831e300000,0x000000831e400000)]
  0x0000027db28dc000 JavaThread "Cache worker for file hash cache (C:\Users\admin-1\Documents\Awesome\android\.gradle\7.5.1\fileHashes)" [_thread_blocked, id=13628, stack(0x000000831ea00000,0x000000831eb00000)]
  0x0000027db28dd000 JavaThread "Cache worker for cache directory md-supplier (C:\Users\admin-1\.gradle\caches\7.5.1\md-supplier)" [_thread_blocked, id=13124, stack(0x000000831eb00000,0x000000831ec00000)]
  0x0000027db28db800 JavaThread "Cache worker for dependencies-accessors (C:\Users\admin-1\Documents\Awesome\android\.gradle\7.5.1\dependencies-accessors)" [_thread_blocked, id=10628, stack(0x000000831e000000,0x000000831e100000)]
  0x0000027db28dd800 JavaThread "Cache worker for Build Output Cleanup Cache (C:\Users\admin-1\Documents\Awesome\node_modules\react-native-gradle-plugin\.gradle\buildOutputCleanup)" [_thread_blocked, id=7628, stack(0x000000831ed00000,0x000000831ee00000)]
  0x0000027db28de800 JavaThread "Unconstrained build operations" [_thread_blocked, id=5340, stack(0x000000831ee00000,0x000000831ef00000)]
  0x0000027db28df800 JavaThread "Unconstrained build operations Thread 2" [_thread_blocked, id=7716, stack(0x000000831ef00000,0x000000831f000000)]
  0x0000027db28d9800 JavaThread "Unconstrained build operations Thread 3" [_thread_blocked, id=7040, stack(0x000000831f000000,0x000000831f100000)]
  0x0000027db28e0000 JavaThread "Unconstrained build operations Thread 4" [_thread_blocked, id=12440, stack(0x000000831f100000,0x000000831f200000)]
  0x0000027db28e1000 JavaThread "Unconstrained build operations Thread 5" [_thread_blocked, id=6712, stack(0x000000831f200000,0x000000831f300000)]
  0x0000027db2756000 JavaThread "Unconstrained build operations Thread 6" [_thread_blocked, id=2788, stack(0x000000831f300000,0x000000831f400000)]
  0x0000027db2757800 JavaThread "Unconstrained build operations Thread 7" [_thread_blocked, id=12872, stack(0x000000831f400000,0x000000831f500000)]
  0x0000027db275b000 JavaThread "Unconstrained build operations Thread 8" [_thread_blocked, id=1464, stack(0x000000831f500000,0x000000831f600000)]
  0x0000027db2755800 JavaThread "Unconstrained build operations Thread 9" [_thread_blocked, id=856, stack(0x000000831f600000,0x000000831f700000)]
  0x0000027db275c800 JavaThread "Unconstrained build operations Thread 10" [_thread_blocked, id=4660, stack(0x000000831f700000,0x000000831f800000)]
  0x0000027db2758800 JavaThread "Unconstrained build operations Thread 11" [_thread_blocked, id=6356, stack(0x000000831f800000,0x000000831f900000)]
  0x0000027db2757000 JavaThread "Unconstrained build operations Thread 12" [_thread_blocked, id=13052, stack(0x000000831f900000,0x000000831fa00000)]
  0x0000027db275d800 JavaThread "Unconstrained build operations Thread 13" [_thread_blocked, id=5228, stack(0x000000831fa00000,0x000000831fb00000)]
  0x0000027db275e800 JavaThread "Unconstrained build operations Thread 14" [_thread_blocked, id=5428, stack(0x000000831fb00000,0x000000831fc00000)]
  0x0000027db275c000 JavaThread "Unconstrained build operations Thread 15" [_thread_blocked, id=9100, stack(0x000000831fc00000,0x000000831fd00000)]
  0x0000027db275f000 JavaThread "Unconstrained build operations Thread 16" [_thread_blocked, id=12168, stack(0x000000831fd00000,0x000000831fe00000)]
  0x0000027db2759800 JavaThread "Unconstrained build operations Thread 17" [_thread_blocked, id=11160, stack(0x000000831fe00000,0x000000831ff00000)]
  0x0000027db2760000 JavaThread "Unconstrained build operations Thread 18" [_thread_blocked, id=10348, stack(0x000000831ff00000,0x0000008320000000)]
  0x0000027db275a000 JavaThread "Unconstrained build operations Thread 19" [_thread_blocked, id=7732, stack(0x0000008320000000,0x0000008320100000)]
  0x0000027db2760800 JavaThread "Unconstrained build operations Thread 20" [_thread_blocked, id=7076, stack(0x0000008320100000,0x0000008320200000)]
  0x0000027db2761800 JavaThread "Unconstrained build operations Thread 21" [_thread_blocked, id=9728, stack(0x0000008320200000,0x0000008320300000)]
  0x0000027db2762800 JavaThread "Unconstrained build operations Thread 22" [_thread_blocked, id=6716, stack(0x0000008320300000,0x0000008320400000)]
  0x0000027db2763000 JavaThread "Unconstrained build operations Thread 23" [_thread_blocked, id=3752, stack(0x0000008320400000,0x0000008320500000)]
  0x0000027daf0af800 JavaThread "Unconstrained build operations Thread 24" [_thread_blocked, id=14212, stack(0x0000008320500000,0x0000008320600000)]
  0x0000027daf0ae000 JavaThread "Unconstrained build operations Thread 25" [_thread_blocked, id=10588, stack(0x0000008320600000,0x0000008320700000)]
  0x0000027daf0b4800 JavaThread "Unconstrained build operations Thread 26" [_thread_blocked, id=10376, stack(0x0000008320700000,0x0000008320800000)]
  0x0000027daf0b1800 JavaThread "Unconstrained build operations Thread 27" [_thread_blocked, id=10800, stack(0x0000008320800000,0x0000008320900000)]
  0x0000027daf0b0800 JavaThread "Unconstrained build operations Thread 28" [_thread_blocked, id=9952, stack(0x0000008320900000,0x0000008320a00000)]
  0x0000027daf0af000 JavaThread "Unconstrained build operations Thread 29" [_thread_blocked, id=3448, stack(0x0000008320a00000,0x0000008320b00000)]
  0x0000027daf0b3000 JavaThread "Unconstrained build operations Thread 30" [_thread_blocked, id=9792, stack(0x0000008320b00000,0x0000008320c00000)]
  0x0000027daf0b5800 JavaThread "Unconstrained build operations Thread 31" [_thread_blocked, id=14276, stack(0x0000008320c00000,0x0000008320d00000)]
  0x0000027daf0b2000 JavaThread "Unconstrained build operations Thread 32" [_thread_blocked, id=13352, stack(0x0000008320d00000,0x0000008320e00000)]
  0x0000027daf0b9800 JavaThread "Unconstrained build operations Thread 33" [_thread_blocked, id=6104, stack(0x0000008320f00000,0x0000008321000000)]
  0x0000027daf0b7000 JavaThread "build event listener" [_thread_blocked, id=2324, stack(0x0000008321100000,0x0000008321200000)]
  0x0000027daf0b8000 JavaThread "Cache worker for Build Output Cleanup Cache (C:\Users\admin-1\Documents\Awesome\android\.gradle\buildOutputCleanup)" [_thread_blocked, id=12796, stack(0x0000008321200000,0x0000008321300000)]
  0x0000027daf0ba800 JavaThread "included builds" [_thread_blocked, id=13348, stack(0x0000008321300000,0x0000008321400000)]
  0x0000027daf0bc000 JavaThread "Execution worker" [_thread_blocked, id=8248, stack(0x0000008321400000,0x0000008321500000)]
  0x0000027daf0b6000 JavaThread "Execution worker Thread 2" [_thread_blocked, id=7180, stack(0x0000008321500000,0x0000008321600000)]
  0x0000027daf0bb000 JavaThread "Execution worker Thread 3" [_thread_blocked, id=13668, stack(0x0000008321600000,0x0000008321700000)]
  0x0000027daf0bc800 JavaThread "Cache worker for execution history cache (C:\Users\admin-1\Documents\Awesome\node_modules\react-native-gradle-plugin\.gradle\7.5.1\executionHistory)" [_thread_blocked, id=8452, stack(0x0000008321700000,0x0000008321800000)]
  0x0000027daf0b8800 JavaThread "Unconstrained build operations Thread 34" [_thread_blocked, id=13080, stack(0x0000008321800000,0x0000008321900000)]
  0x0000027daf47e000 JavaThread "Unconstrained build operations Thread 35" [_thread_blocked, id=11704, stack(0x0000008321900000,0x0000008321a00000)]
  0x0000027daf482000 JavaThread "Unconstrained build operations Thread 36" [_thread_blocked, id=11392, stack(0x0000008321a00000,0x0000008321b00000)]
  0x0000027daf483800 JavaThread "Unconstrained build operations Thread 37" [_thread_blocked, id=5420, stack(0x0000008321b00000,0x0000008321c00000)]
  0x0000027daf485000 JavaThread "Unconstrained build operations Thread 38" [_thread_blocked, id=13948, stack(0x0000008321c00000,0x0000008321d00000)]
  0x0000027daf47f800 JavaThread "Unconstrained build operations Thread 39" [_thread_blocked, id=11856, stack(0x0000008321d00000,0x0000008321e00000)]
  0x0000027daf486000 JavaThread "Unconstrained build operations Thread 40" [_thread_blocked, id=11964, stack(0x0000008321e00000,0x0000008321f00000)]
  0x0000027dad325000 JavaThread "build event listener" [_thread_blocked, id=13648, stack(0x0000008321f00000,0x0000008322000000)]
  0x0000027dba755000 JavaThread "Cache worker for execution history cache (C:\Users\admin-1\Documents\Awesome\android\.gradle\7.5.1\executionHistory)" [_thread_blocked, id=8144, stack(0x0000008322000000,0x0000008322100000)]
  0x0000027db0d27800 JavaThread "C2 CompilerThread1" daemon [_thread_blocked, id=5128, stack(0x000000831ec00000,0x000000831ed00000)]
  0x0000027dba752800 JavaThread "WorkerExecutor Queue" [_thread_blocked, id=4472, stack(0x0000008322100000,0x0000008322200000)]

Other Threads:
=>0x0000027dac840800 VMThread "VM Thread" [stack: 0x000000831c100000,0x000000831c200000] [id=6376]
  0x0000027dad364000 WatcherThread [stack: 0x000000831cb00000,0x000000831cc00000] [id=2208]
  0x0000027d8d18f000 GCTaskThread "GC Thread#0" [stack: 0x000000831bc00000,0x000000831bd00000] [id=7564]
  0x0000027dad4cc800 GCTaskThread "GC Thread#1" [stack: 0x000000831cd00000,0x000000831ce00000] [id=13860]
  0x0000027dadb08000 GCTaskThread "GC Thread#2" [stack: 0x000000831ce00000,0x000000831cf00000] [id=9104]
  0x0000027dae82f800 GCTaskThread "GC Thread#3" [stack: 0x000000831d900000,0x000000831da00000] [id=3460]
  0x0000027d8d1c1800 ConcurrentGCThread "G1 Main Marker" [stack: 0x000000831bd00000,0x000000831be00000] [id=13432]
  0x0000027d8d1c3800 ConcurrentGCThread "G1 Conc#0" [stack: 0x000000831be00000,0x000000831bf00000] [id=7780]
  0x0000027d8d250800 ConcurrentGCThread "G1 Refine#0" [stack: 0x000000831bf00000,0x000000831c000000] [id=3112]
  0x0000027d8d251800 ConcurrentGCThread "G1 Young RemSet Sampling" [stack: 0x000000831c000000,0x000000831c100000] [id=9124]

Threads with active compile tasks:

VM state:at safepoint (normal execution)

VM Mutex/Monitor currently owned by a thread:  ([mutex/lock_event])
[0x0000027d8d174e60] Threads_lock - owner thread: 0x0000027dac840800
[0x0000027d8d174170] Heap_lock - owner thread: 0x0000027db28dc000

OutOfMemory and StackOverflow Exception counts:
StackOverflowErrors=1
LinkageErrors=126

Heap address: 0x0000000080000000, size: 2048 MB, Compressed Oops mode: 32-bit
Narrow klass base: 0x0000000000000000, Narrow klass shift: 3
Compressed class space size: 528482304 Address: 0x0000000100000000

Heap:
 garbage-first heap   total 342016K, used 182874K [0x0000000080000000, 0x0000000100000000)
  region size 1024K, 6 young (6144K), 6 survivors (6144K)
 Metaspace       used 117538K, capacity 122099K, committed 122360K, reserved 622592K
  class space    used 15417K, capacity 17115K, committed 17152K, reserved 516096K
Heap Regions: E=young(eden), S=young(survivor), O=old, HS=humongous(starts), HC=humongous(continues), CS=collection set, F=free, A=archive, TAMS=top-at-mark-start (previous, next)
|   0|0x0000000080000000, 0x0000000080100000, 0x0000000080100000|100%|HS|  |TAMS 0x0000000080100000, 0x0000000080000000| Complete 
|   1|0x0000000080100000, 0x0000000080200000, 0x0000000080200000|100%|HC|  |TAMS 0x0000000080200000, 0x0000000080100000| Complete 
|   2|0x0000000080200000, 0x0000000080300000, 0x0000000080300000|100%|HC|  |TAMS 0x0000000080300000, 0x0000000080200000| Complete 
|   3|0x0000000080300000, 0x0000000080400000, 0x0000000080400000|100%| O|  |TAMS 0x0000000080400000, 0x0000000080300000| Untracked 
|   4|0x0000000080400000, 0x0000000080500000, 0x0000000080500000|100%| O|  |TAMS 0x0000000080500000, 0x0000000080400000| Untracked 
|   5|0x0000000080500000, 0x0000000080600000, 0x0000000080600000|100%| O|  |TAMS 0x0000000080600000, 0x0000000080500000| Untracked 
|   6|0x0000000080600000, 0x0000000080700000, 0x0000000080700000|100%| O|  |TAMS 0x0000000080700000, 0x0000000080600000| Untracked 
|   7|0x0000000080700000, 0x0000000080800000, 0x0000000080800000|100%| O|  |TAMS 0x0000000080800000, 0x0000000080700000| Untracked 
|   8|0x0000000080800000, 0x0000000080900000, 0x0000000080900000|100%| O|  |TAMS 0x0000000080900000, 0x0000000080800000| Untracked 
|   9|0x0000000080900000, 0x0000000080a00000, 0x0000000080a00000|100%| O|  |TAMS 0x0000000080a00000, 0x0000000080900000| Untracked 
|  10|0x0000000080a00000, 0x0000000080b00000, 0x0000000080b00000|100%| O|  |TAMS 0x0000000080b00000, 0x0000000080a00000| Untracked 
|  11|0x0000000080b00000, 0x0000000080c00000, 0x0000000080c00000|100%| O|  |TAMS 0x0000000080c00000, 0x0000000080b00000| Untracked 
|  12|0x0000000080c00000, 0x0000000080d00000, 0x0000000080d00000|100%| O|  |TAMS 0x0000000080d00000, 0x0000000080c00000| Untracked 
|  13|0x0000000080d00000, 0x0000000080e00000, 0x0000000080e00000|100%| O|  |TAMS 0x0000000080e00000, 0x0000000080d00000| Untracked 
|  14|0x0000000080e00000, 0x0000000080f00000, 0x0000000080f00000|100%| O|  |TAMS 0x0000000080f00000, 0x0000000080e00000| Untracked 
|  15|0x0000000080f00000, 0x0000000081000000, 0x0000000081000000|100%| O|  |TAMS 0x0000000081000000, 0x0000000080f00000| Untracked 
|  16|0x0000000081000000, 0x0000000081100000, 0x0000000081100000|100%| O|  |TAMS 0x0000000081100000, 0x0000000081000000| Untracked 
|  17|0x0000000081100000, 0x0000000081200000, 0x0000000081200000|100%| O|  |TAMS 0x0000000081200000, 0x0000000081100000| Untracked 
|  18|0x0000000081200000, 0x0000000081300000, 0x0000000081300000|100%| O|  |TAMS 0x0000000081300000, 0x0000000081200000| Untracked 
|  19|0x0000000081300000, 0x0000000081400000, 0x0000000081400000|100%| O|  |TAMS 0x0000000081400000, 0x0000000081300000| Untracked 
|  20|0x0000000081400000, 0x0000000081500000, 0x0000000081500000|100%| O|  |TAMS 0x0000000081500000, 0x0000000081400000| Untracked 
|  21|0x0000000081500000, 0x0000000081600000, 0x0000000081600000|100%| O|  |TAMS 0x0000000081600000, 0x0000000081500000| Untracked 
|  22|0x0000000081600000, 0x0000000081700000, 0x0000000081700000|100%| O|  |TAMS 0x0000000081700000, 0x0000000081600000| Untracked 
|  23|0x0000000081700000, 0x0000000081800000, 0x0000000081800000|100%| O|  |TAMS 0x0000000081800000, 0x0000000081700000| Untracked 
|  24|0x0000000081800000, 0x0000000081900000, 0x0000000081900000|100%| O|  |TAMS 0x0000000081900000, 0x0000000081800000| Untracked 
|  25|0x0000000081900000, 0x0000000081a00000, 0x0000000081a00000|100%| O|  |TAMS 0x0000000081a00000, 0x0000000081900000| Untracked 
|  26|0x0000000081a00000, 0x0000000081b00000, 0x0000000081b00000|100%| O|  |TAMS 0x0000000081b00000, 0x0000000081a00000| Untracked 
|  27|0x0000000081b00000, 0x0000000081c00000, 0x0000000081c00000|100%|HS|  |TAMS 0x0000000081c00000, 0x0000000081b00000| Complete 
|  28|0x0000000081c00000, 0x0000000081d00000, 0x0000000081d00000|100%|HS|  |TAMS 0x0000000081d00000, 0x0000000081c00000| Complete 
|  29|0x0000000081d00000, 0x0000000081e00000, 0x0000000081e00000|100%|HC|  |TAMS 0x0000000081e00000, 0x0000000081d00000| Complete 
|  30|0x0000000081e00000, 0x0000000081f00000, 0x0000000081f00000|100%|HC|  |TAMS 0x0000000081f00000, 0x0000000081e00000| Complete 
|  31|0x0000000081f00000, 0x0000000082000000, 0x0000000082000000|100%| O|  |TAMS 0x0000000082000000, 0x0000000081f00000| Untracked 
|  32|0x0000000082000000, 0x0000000082100000, 0x0000000082100000|100%| O|  |TAMS 0x0000000082100000, 0x0000000082000000| Untracked 
|  33|0x0000000082100000, 0x0000000082200000, 0x0000000082200000|100%| O|  |TAMS 0x0000000082200000, 0x0000000082100000| Untracked 
|  34|0x0000000082200000, 0x0000000082300000, 0x0000000082300000|100%| O|  |TAMS 0x0000000082300000, 0x0000000082200000| Untracked 
|  35|0x0000000082300000, 0x0000000082400000, 0x0000000082400000|100%| O|  |TAMS 0x0000000082400000, 0x0000000082300000| Untracked 
|  36|0x0000000082400000, 0x0000000082500000, 0x0000000082500000|100%| O|  |TAMS 0x0000000082500000, 0x0000000082400000| Untracked 
|  37|0x0000000082500000, 0x0000000082600000, 0x0000000082600000|100%| O|  |TAMS 0x0000000082600000, 0x0000000082500000| Untracked 
|  38|0x0000000082600000, 0x0000000082700000, 0x0000000082700000|100%| O|  |TAMS 0x0000000082700000, 0x0000000082600000| Untracked 
|  39|0x0000000082700000, 0x0000000082800000, 0x0000000082800000|100%| O|  |TAMS 0x0000000082800000, 0x0000000082700000| Untracked 
|  40|0x0000000082800000, 0x0000000082900000, 0x0000000082900000|100%| O|  |TAMS 0x0000000082900000, 0x0000000082800000| Untracked 
|  41|0x0000000082900000, 0x0000000082a00000, 0x0000000082a00000|100%| O|  |TAMS 0x0000000082a00000, 0x0000000082900000| Untracked 
|  42|0x0000000082a00000, 0x0000000082b00000, 0x0000000082b00000|100%|HS|  |TAMS 0x0000000082b00000, 0x0000000082a00000| Complete 
|  43|0x0000000082b00000, 0x0000000082c00000, 0x0000000082c00000|100%|HS|  |TAMS 0x0000000082c00000, 0x0000000082b00000| Complete 
|  44|0x0000000082c00000, 0x0000000082d00000, 0x0000000082d00000|100%|HS|  |TAMS 0x0000000082d00000, 0x0000000082c00000| Complete 
|  45|0x0000000082d00000, 0x0000000082e00000, 0x0000000082e00000|100%|HC|  |TAMS 0x0000000082e00000, 0x0000000082d00000| Complete 
|  46|0x0000000082e00000, 0x0000000082f00000, 0x0000000082f00000|100%| O|  |TAMS 0x0000000082f00000, 0x0000000082e00000| Untracked 
|  47|0x0000000082f00000, 0x0000000083000000, 0x0000000083000000|100%| O|  |TAMS 0x0000000083000000, 0x0000000082f00000| Untracked 
|  48|0x0000000083000000, 0x0000000083100000, 0x0000000083100000|100%| O|  |TAMS 0x0000000083100000, 0x0000000083000000| Untracked 
|  49|0x0000000083100000, 0x0000000083200000, 0x0000000083200000|100%| O|  |TAMS 0x0000000083200000, 0x0000000083100000| Untracked 
|  50|0x0000000083200000, 0x0000000083300000, 0x0000000083300000|100%| O|  |TAMS 0x0000000083300000, 0x0000000083200000| Untracked 
|  51|0x0000000083300000, 0x0000000083400000, 0x0000000083400000|100%| O|  |TAMS 0x0000000083400000, 0x0000000083300000| Untracked 
|  52|0x0000000083400000, 0x0000000083500000, 0x0000000083500000|100%| O|  |TAMS 0x0000000083500000, 0x0000000083400000| Untracked 
|  53|0x0000000083500000, 0x0000000083600000, 0x0000000083600000|100%| O|  |TAMS 0x0000000083600000, 0x0000000083500000| Untracked 
|  54|0x0000000083600000, 0x0000000083700000, 0x0000000083700000|100%| O|  |TAMS 0x0000000083700000, 0x0000000083600000| Untracked 
|  55|0x0000000083700000, 0x0000000083800000, 0x0000000083800000|100%| O|  |TAMS 0x0000000083800000, 0x0000000083700000| Untracked 
|  56|0x0000000083800000, 0x0000000083900000, 0x0000000083900000|100%| O|  |TAMS 0x0000000083900000, 0x0000000083800000| Untracked 
|  57|0x0000000083900000, 0x0000000083a00000, 0x0000000083a00000|100%| O|  |TAMS 0x0000000083a00000, 0x0000000083900000| Untracked 
|  58|0x0000000083a00000, 0x0000000083b00000, 0x0000000083b00000|100%| O|  |TAMS 0x0000000083b00000, 0x0000000083a00000| Untracked 
|  59|0x0000000083b00000, 0x0000000083c00000, 0x0000000083c00000|100%| O|  |TAMS 0x0000000083c00000, 0x0000000083b00000| Untracked 
|  60|0x0000000083c00000, 0x0000000083d00000, 0x0000000083d00000|100%| O|  |TAMS 0x0000000083d00000, 0x0000000083c00000| Untracked 
|  61|0x0000000083d00000, 0x0000000083e00000, 0x0000000083e00000|100%| O|  |TAMS 0x0000000083e00000, 0x0000000083d00000| Untracked 
|  62|0x0000000083e00000, 0x0000000083f00000, 0x0000000083f00000|100%| O|  |TAMS 0x0000000083f00000, 0x0000000083e00000| Untracked 
|  63|0x0000000083f00000, 0x0000000084000000, 0x0000000084000000|100%| O|  |TAMS 0x0000000084000000, 0x0000000083f00000| Untracked 
|  64|0x0000000084000000, 0x0000000084100000, 0x0000000084100000|100%| O|  |TAMS 0x0000000084100000, 0x0000000084000000| Untracked 
|  65|0x0000000084100000, 0x0000000084200000, 0x0000000084200000|100%| O|  |TAMS 0x0000000084200000, 0x0000000084100000| Untracked 
|  66|0x0000000084200000, 0x0000000084300000, 0x0000000084300000|100%| O|  |TAMS 0x0000000084300000, 0x0000000084200000| Untracked 
|  67|0x0000000084300000, 0x0000000084400000, 0x0000000084400000|100%| O|  |TAMS 0x0000000084400000, 0x0000000084300000| Untracked 
|  68|0x0000000084400000, 0x0000000084500000, 0x0000000084500000|100%| O|  |TAMS 0x0000000084500000, 0x0000000084400000| Untracked 
|  69|0x0000000084500000, 0x0000000084600000, 0x0000000084600000|100%| O|  |TAMS 0x0000000084600000, 0x0000000084500000| Untracked 
|  70|0x0000000084600000, 0x0000000084700000, 0x0000000084700000|100%| O|  |TAMS 0x0000000084700000, 0x0000000084600000| Untracked 
|  71|0x0000000084700000, 0x0000000084800000, 0x0000000084800000|100%| O|  |TAMS 0x0000000084800000, 0x0000000084700000| Untracked 
|  72|0x0000000084800000, 0x0000000084900000, 0x0000000084900000|100%| O|  |TAMS 0x0000000084900000, 0x0000000084800000| Untracked 
|  73|0x0000000084900000, 0x0000000084a00000, 0x0000000084a00000|100%| O|  |TAMS 0x0000000084a00000, 0x0000000084900000| Untracked 
|  74|0x0000000084a00000, 0x0000000084b00000, 0x0000000084b00000|100%| O|  |TAMS 0x0000000084b00000, 0x0000000084a00000| Untracked 
|  75|0x0000000084b00000, 0x0000000084c00000, 0x0000000084c00000|100%| O|  |TAMS 0x0000000084c00000, 0x0000000084b00000| Untracked 
|  76|0x0000000084c00000, 0x0000000084d00000, 0x0000000084d00000|100%| O|  |TAMS 0x0000000084d00000, 0x0000000084c00000| Untracked 
|  77|0x0000000084d00000, 0x0000000084e00000, 0x0000000084e00000|100%|HS|  |TAMS 0x0000000084e00000, 0x0000000084d00000| Complete 
|  78|0x0000000084e00000, 0x0000000084f00000, 0x0000000084f00000|100%|HS|  |TAMS 0x0000000084f00000, 0x0000000084e00000| Complete 
|  79|0x0000000084f00000, 0x0000000085000000, 0x0000000085000000|100%|HC|  |TAMS 0x0000000085000000, 0x0000000084f00000| Complete 
|  80|0x0000000085000000, 0x0000000085100000, 0x0000000085100000|100%|HC|  |TAMS 0x0000000085100000, 0x0000000085000000| Complete 
|  81|0x0000000085100000, 0x0000000085200000, 0x0000000085200000|100%| O|  |TAMS 0x0000000085200000, 0x0000000085100000| Untracked 
|  82|0x0000000085200000, 0x0000000085300000, 0x0000000085300000|100%| O|  |TAMS 0x0000000085300000, 0x0000000085200000| Untracked 
|  83|0x0000000085300000, 0x0000000085400000, 0x0000000085400000|100%| O|  |TAMS 0x0000000085400000, 0x0000000085300000| Untracked 
|  84|0x0000000085400000, 0x0000000085500000, 0x0000000085500000|100%| O|  |TAMS 0x0000000085500000, 0x0000000085400000| Untracked 
|  85|0x0000000085500000, 0x0000000085600000, 0x0000000085600000|100%| O|  |TAMS 0x0000000085600000, 0x0000000085500000| Untracked 
|  86|0x0000000085600000, 0x0000000085700000, 0x0000000085700000|100%| O|  |TAMS 0x0000000085700000, 0x0000000085600000| Untracked 
|  87|0x0000000085700000, 0x0000000085800000, 0x0000000085800000|100%| O|  |TAMS 0x0000000085800000, 0x0000000085700000| Untracked 
|  88|0x0000000085800000, 0x0000000085900000, 0x0000000085900000|100%| O|  |TAMS 0x0000000085900000, 0x0000000085800000| Untracked 
|  89|0x0000000085900000, 0x0000000085a00000, 0x0000000085a00000|100%| O|  |TAMS 0x0000000085a00000, 0x0000000085900000| Untracked 
|  90|0x0000000085a00000, 0x0000000085b00000, 0x0000000085b00000|100%| O|  |TAMS 0x0000000085b00000, 0x0000000085a00000| Untracked 
|  91|0x0000000085b00000, 0x0000000085c00000, 0x0000000085c00000|100%| O|  |TAMS 0x0000000085c00000, 0x0000000085b00000| Untracked 
|  92|0x0000000085c00000, 0x0000000085d00000, 0x0000000085d00000|100%| O|  |TAMS 0x0000000085d00000, 0x0000000085c00000| Untracked 
|  93|0x0000000085d00000, 0x0000000085e00000, 0x0000000085e00000|100%| O|  |TAMS 0x0000000085e00000, 0x0000000085d00000| Untracked 
|  94|0x0000000085e00000, 0x0000000085f00000, 0x0000000085f00000|100%| O|  |TAMS 0x0000000085f00000, 0x0000000085e00000| Untracked 
|  95|0x0000000085f00000, 0x0000000086000000, 0x0000000086000000|100%| O|  |TAMS 0x0000000086000000, 0x0000000085f00000| Untracked 
|  96|0x0000000086000000, 0x0000000086100000, 0x0000000086100000|100%| O|  |TAMS 0x0000000086100000, 0x0000000086000000| Untracked 
|  97|0x0000000086100000, 0x0000000086200000, 0x0000000086200000|100%| O|  |TAMS 0x0000000086200000, 0x0000000086100000| Untracked 
|  98|0x0000000086200000, 0x0000000086300000, 0x0000000086300000|100%|HS|  |TAMS 0x0000000086300000, 0x0000000086200000| Complete 
|  99|0x0000000086300000, 0x0000000086400000, 0x0000000086400000|100%|HS|  |TAMS 0x0000000086400000, 0x0000000086300000| Complete 
| 100|0x0000000086400000, 0x0000000086500000, 0x0000000086500000|100%|HS|  |TAMS 0x0000000086500000, 0x0000000086400000| Complete 
| 101|0x0000000086500000, 0x0000000086600000, 0x0000000086600000|100%|HC|  |TAMS 0x0000000086600000, 0x0000000086500000| Complete 
| 102|0x0000000086600000, 0x0000000086700000, 0x0000000086700000|100%|HC|  |TAMS 0x0000000086700000, 0x0000000086600000| Complete 
| 103|0x0000000086700000, 0x0000000086800000, 0x0000000086800000|100%| O|  |TAMS 0x0000000086800000, 0x0000000086700000| Untracked 
| 104|0x0000000086800000, 0x0000000086900000, 0x0000000086900000|100%| O|  |TAMS 0x0000000086826c00, 0x0000000086800000| Untracked 
| 105|0x0000000086900000, 0x0000000086a00000, 0x0000000086a00000|100%| O|  |TAMS 0x0000000086900000, 0x0000000086900000| Untracked 
| 106|0x0000000086a00000, 0x0000000086b00000, 0x0000000086b00000|100%| O|  |TAMS 0x0000000086a00000, 0x0000000086a00000| Untracked 
| 107|0x0000000086b00000, 0x0000000086c00000, 0x0000000086c00000|100%| O|  |TAMS 0x0000000086b00000, 0x0000000086b00000| Untracked 
| 108|0x0000000086c00000, 0x0000000086d00000, 0x0000000086d00000|100%| O|  |TAMS 0x0000000086d00000, 0x0000000086c00000| Untracked 
| 109|0x0000000086d00000, 0x0000000086e00000, 0x0000000086e00000|100%| O|  |TAMS 0x0000000086e00000, 0x0000000086d00000| Untracked 
| 110|0x0000000086e00000, 0x0000000086f00000, 0x0000000086f00000|100%| O|  |TAMS 0x0000000086f00000, 0x0000000086e00000| Untracked 
| 111|0x0000000086f00000, 0x0000000087000000, 0x0000000087000000|100%| O|  |TAMS 0x0000000086f00000, 0x0000000086f00000| Untracked 
| 112|0x0000000087000000, 0x0000000087100000, 0x0000000087100000|100%| O|  |TAMS 0x0000000087000000, 0x0000000087000000| Untracked 
| 113|0x0000000087100000, 0x0000000087200000, 0x0000000087200000|100%| O|  |TAMS 0x0000000087200000, 0x0000000087100000| Untracked 
| 114|0x0000000087200000, 0x0000000087300000, 0x0000000087300000|100%| O|  |TAMS 0x0000000087300000, 0x0000000087200000| Untracked 
| 115|0x0000000087300000, 0x0000000087400000, 0x0000000087400000|100%| O|  |TAMS 0x0000000087400000, 0x0000000087300000| Untracked 
| 116|0x0000000087400000, 0x0000000087500000, 0x0000000087500000|100%| O|  |TAMS 0x0000000087400000, 0x0000000087400000| Untracked 
| 117|0x0000000087500000, 0x0000000087600000, 0x0000000087600000|100%| O|  |TAMS 0x0000000087600000, 0x0000000087500000| Untracked 
| 118|0x0000000087600000, 0x0000000087700000, 0x0000000087700000|100%| O|  |TAMS 0x0000000087600000, 0x0000000087600000| Untracked 
| 119|0x0000000087700000, 0x0000000087800000, 0x0000000087800000|100%| O|  |TAMS 0x0000000087800000, 0x0000000087700000| Untracked 
| 120|0x0000000087800000, 0x0000000087900000, 0x0000000087900000|100%| O|  |TAMS 0x0000000087900000, 0x0000000087800000| Untracked 
| 121|0x0000000087900000, 0x0000000087a00000, 0x0000000087a00000|100%| O|  |TAMS 0x0000000087a00000, 0x0000000087900000| Untracked 
| 122|0x0000000087a00000, 0x0000000087b00000, 0x0000000087b00000|100%| O|  |TAMS 0x0000000087b00000, 0x0000000087a00000| Untracked 
| 123|0x0000000087b00000, 0x0000000087c00000, 0x0000000087c00000|100%| O|  |TAMS 0x0000000087c00000, 0x0000000087b00000| Untracked 
| 124|0x0000000087c00000, 0x0000000087d00000, 0x0000000087d00000|100%| O|  |TAMS 0x0000000087d00000, 0x0000000087c00000| Untracked 
| 125|0x0000000087d00000, 0x0000000087e00000, 0x0000000087e00000|100%| O|  |TAMS 0x0000000087e00000, 0x0000000087d00000| Untracked 
| 126|0x0000000087e00000, 0x0000000087f00000, 0x0000000087f00000|100%| O|  |TAMS 0x0000000087f00000, 0x0000000087e00000| Untracked 
| 127|0x0000000087f00000, 0x0000000088000000, 0x0000000088000000|100%| O|  |TAMS 0x0000000088000000, 0x0000000087f00000| Untracked 
| 128|0x0000000088000000, 0x0000000088100000, 0x0000000088100000|100%| O|  |TAMS 0x0000000088100000, 0x0000000088000000| Untracked 
| 129|0x0000000088100000, 0x0000000088200000, 0x0000000088200000|100%| O|  |TAMS 0x0000000088200000, 0x0000000088100000| Untracked 
| 130|0x0000000088200000, 0x0000000088300000, 0x0000000088300000|100%| O|  |TAMS 0x0000000088300000, 0x0000000088200000| Untracked 
| 131|0x0000000088300000, 0x0000000088400000, 0x0000000088400000|100%| O|  |TAMS 0x0000000088400000, 0x0000000088300000| Untracked 
| 132|0x0000000088400000, 0x0000000088500000, 0x0000000088500000|100%| O|  |TAMS 0x0000000088500000, 0x0000000088400000| Untracked 
| 133|0x0000000088500000, 0x0000000088600000, 0x0000000088600000|100%| O|  |TAMS 0x0000000088600000, 0x0000000088500000| Untracked 
| 134|0x0000000088600000, 0x0000000088700000, 0x0000000088700000|100%| O|  |TAMS 0x0000000088700000, 0x0000000088600000| Untracked 
| 135|0x0000000088700000, 0x0000000088800000, 0x0000000088800000|100%| O|  |TAMS 0x0000000088800000, 0x0000000088700000| Untracked 
| 136|0x0000000088800000, 0x0000000088900000, 0x0000000088900000|100%| O|  |TAMS 0x0000000088900000, 0x0000000088800000| Untracked 
| 137|0x0000000088900000, 0x0000000088a00000, 0x0000000088a00000|100%| O|  |TAMS 0x0000000088a00000, 0x0000000088900000| Untracked 
| 138|0x0000000088a00000, 0x0000000088b00000, 0x0000000088b00000|100%| O|  |TAMS 0x0000000088b00000, 0x0000000088a00000| Untracked 
| 139|0x0000000088b00000, 0x0000000088c00000, 0x0000000088c00000|100%| O|  |TAMS 0x0000000088b00000, 0x0000000088b00000| Untracked 
| 140|0x0000000088c00000, 0x0000000088d00000, 0x0000000088d00000|100%| O|  |TAMS 0x0000000088c00000, 0x0000000088c00000| Untracked 
| 141|0x0000000088d00000, 0x0000000088e00000, 0x0000000088e00000|100%| O|  |TAMS 0x0000000088d00000, 0x0000000088d00000| Untracked 
| 142|0x0000000088e00000, 0x0000000088f00000, 0x0000000088f00000|100%| O|  |TAMS 0x0000000088e00000, 0x0000000088e00000| Untracked 
| 143|0x0000000088f00000, 0x0000000089000000, 0x0000000089000000|100%| O|  |TAMS 0x0000000088f00000, 0x0000000088f00000| Untracked 
| 144|0x0000000089000000, 0x0000000089100000, 0x0000000089100000|100%| O|  |TAMS 0x0000000089000000, 0x0000000089000000| Untracked 
| 145|0x0000000089100000, 0x0000000089200000, 0x0000000089200000|100%| O|  |TAMS 0x0000000089100000, 0x0000000089100000| Untracked 
| 146|0x0000000089200000, 0x0000000089300000, 0x0000000089300000|100%| O|  |TAMS 0x0000000089200000, 0x0000000089200000| Untracked 
| 147|0x0000000089300000, 0x0000000089400000, 0x0000000089400000|100%| O|  |TAMS 0x0000000089300000, 0x0000000089300000| Untracked 
| 148|0x0000000089400000, 0x0000000089500000, 0x0000000089500000|100%| O|  |TAMS 0x0000000089400000, 0x0000000089400000| Untracked 
| 149|0x0000000089500000, 0x0000000089600000, 0x0000000089600000|100%| O|  |TAMS 0x0000000089500000, 0x0000000089500000| Untracked 
| 150|0x0000000089600000, 0x0000000089700000, 0x0000000089700000|100%| O|  |TAMS 0x0000000089600000, 0x0000000089600000| Untracked 
| 151|0x0000000089700000, 0x0000000089800000, 0x0000000089800000|100%| O|  |TAMS 0x0000000089700000, 0x0000000089700000| Untracked 
| 152|0x0000000089800000, 0x0000000089900000, 0x0000000089900000|100%| O|  |TAMS 0x0000000089800000, 0x0000000089800000| Untracked 
| 153|0x0000000089900000, 0x0000000089a00000, 0x0000000089a00000|100%| O|  |TAMS 0x0000000089900000, 0x0000000089900000| Untracked 
| 154|0x0000000089a00000, 0x0000000089b00000, 0x0000000089b00000|100%| O|  |TAMS 0x0000000089a00000, 0x0000000089a00000| Untracked 
| 155|0x0000000089b00000, 0x0000000089c00000, 0x0000000089c00000|100%| O|  |TAMS 0x0000000089b00000, 0x0000000089b00000| Untracked 
| 156|0x0000000089c00000, 0x0000000089d00000, 0x0000000089d00000|100%| O|  |TAMS 0x0000000089c00000, 0x0000000089c00000| Untracked 
| 157|0x0000000089d00000, 0x0000000089e00000, 0x0000000089e00000|100%| O|  |TAMS 0x0000000089d00000, 0x0000000089d00000| Untracked 
| 158|0x0000000089e00000, 0x0000000089f00000, 0x0000000089f00000|100%| O|  |TAMS 0x0000000089e00000, 0x0000000089e00000| Untracked 
| 159|0x0000000089f00000, 0x000000008a000000, 0x000000008a000000|100%| O|  |TAMS 0x0000000089f00000, 0x0000000089f00000| Untracked 
| 160|0x000000008a000000, 0x000000008a100000, 0x000000008a100000|100%| O|  |TAMS 0x000000008a000000, 0x000000008a000000| Untracked 
| 161|0x000000008a100000, 0x000000008a200000, 0x000000008a200000|100%| O|  |TAMS 0x000000008a100000, 0x000000008a100000| Untracked 
| 162|0x000000008a200000, 0x000000008a300000, 0x000000008a300000|100%| O|  |TAMS 0x000000008a200000, 0x000000008a200000| Untracked 
| 163|0x000000008a300000, 0x000000008a400000, 0x000000008a400000|100%| O|  |TAMS 0x000000008a300000, 0x000000008a300000| Untracked 
| 164|0x000000008a400000, 0x000000008a500000, 0x000000008a500000|100%| O|  |TAMS 0x000000008a400000, 0x000000008a400000| Untracked 
| 165|0x000000008a500000, 0x000000008a600000, 0x000000008a600000|100%| O|  |TAMS 0x000000008a500000, 0x000000008a500000| Untracked 
| 166|0x000000008a600000, 0x000000008a700000, 0x000000008a700000|100%| O|  |TAMS 0x000000008a600000, 0x000000008a600000| Untracked 
| 167|0x000000008a700000, 0x000000008a800000, 0x000000008a800000|100%| O|  |TAMS 0x000000008a700000, 0x000000008a700000| Untracked 
| 168|0x000000008a800000, 0x000000008a900000, 0x000000008a900000|100%| O|  |TAMS 0x000000008a800000, 0x000000008a800000| Untracked 
| 169|0x000000008a900000, 0x000000008aa00000, 0x000000008aa00000|100%| O|  |TAMS 0x000000008a900000, 0x000000008a900000| Untracked 
| 170|0x000000008aa00000, 0x000000008ab00000, 0x000000008ab00000|100%| O|  |TAMS 0x000000008aa00000, 0x000000008aa00000| Untracked 
| 171|0x000000008ab00000, 0x000000008ac00000, 0x000000008ac00000|100%| O|  |TAMS 0x000000008ab00000, 0x000000008ab00000| Untracked 
| 172|0x000000008ac00000, 0x000000008ad00000, 0x000000008ad00000|100%| O|  |TAMS 0x000000008ac00000, 0x000000008ac00000| Untracked 
| 173|0x000000008ad00000, 0x000000008ad47400, 0x000000008ae00000| 27%| O|  |TAMS 0x000000008ad00000, 0x000000008ad00000| Untracked 
| 174|0x000000008ae00000, 0x000000008ae00000, 0x000000008af00000|  0%| F|  |TAMS 0x000000008ae00000, 0x000000008ae00000| Untracked 
| 175|0x000000008af00000, 0x000000008af00000, 0x000000008b000000|  0%| F|  |TAMS 0x000000008af00000, 0x000000008af00000| Untracked 
| 176|0x000000008b000000, 0x000000008b000000, 0x000000008b100000|  0%| F|  |TAMS 0x000000008b000000, 0x000000008b000000| Untracked 
| 177|0x000000008b100000, 0x000000008b100000, 0x000000008b200000|  0%| F|  |TAMS 0x000000008b100000, 0x000000008b100000| Untracked 
| 178|0x000000008b200000, 0x000000008b200000, 0x000000008b300000|  0%| F|  |TAMS 0x000000008b200000, 0x000000008b200000| Untracked 
| 179|0x000000008b300000, 0x000000008b300000, 0x000000008b400000|  0%| F|  |TAMS 0x000000008b300000, 0x000000008b300000| Untracked 
| 180|0x000000008b400000, 0x000000008b400000, 0x000000008b500000|  0%| F|  |TAMS 0x000000008b400000, 0x000000008b400000| Untracked 
| 181|0x000000008b500000, 0x000000008b500000, 0x000000008b600000|  0%| F|  |TAMS 0x000000008b500000, 0x000000008b500000| Untracked 
| 182|0x000000008b600000, 0x000000008b600000, 0x000000008b700000|  0%| F|  |TAMS 0x000000008b600000, 0x000000008b600000| Untracked 
| 183|0x000000008b700000, 0x000000008b700000, 0x000000008b800000|  0%| F|  |TAMS 0x000000008b700000, 0x000000008b700000| Untracked 
| 184|0x000000008b800000, 0x000000008b800000, 0x000000008b900000|  0%| F|  |TAMS 0x000000008b800000, 0x000000008b800000| Untracked 
| 185|0x000000008b900000, 0x000000008b900000, 0x000000008ba00000|  0%| F|  |TAMS 0x000000008b900000, 0x000000008b900000| Untracked 
| 186|0x000000008ba00000, 0x000000008ba00000, 0x000000008bb00000|  0%| F|  |TAMS 0x000000008ba00000, 0x000000008ba00000| Untracked 
| 187|0x000000008bb00000, 0x000000008bb00000, 0x000000008bc00000|  0%| F|  |TAMS 0x000000008bb00000, 0x000000008bb00000| Untracked 
| 188|0x000000008bc00000, 0x000000008bc00000, 0x000000008bd00000|  0%| F|  |TAMS 0x000000008bc00000, 0x000000008bc00000| Untracked 
| 189|0x000000008bd00000, 0x000000008bd00000, 0x000000008be00000|  0%| F|  |TAMS 0x000000008bd00000, 0x000000008bd00000| Untracked 
| 190|0x000000008be00000, 0x000000008be00000, 0x000000008bf00000|  0%| F|  |TAMS 0x000000008be00000, 0x000000008be00000| Untracked 
| 191|0x000000008bf00000, 0x000000008bf00000, 0x000000008c000000|  0%| F|  |TAMS 0x000000008bf00000, 0x000000008bf00000| Untracked 
| 192|0x000000008c000000, 0x000000008c000000, 0x000000008c100000|  0%| F|  |TAMS 0x000000008c000000, 0x000000008c000000| Untracked 
| 193|0x000000008c100000, 0x000000008c100000, 0x000000008c200000|  0%| F|  |TAMS 0x000000008c100000, 0x000000008c100000| Untracked 
| 194|0x000000008c200000, 0x000000008c200000, 0x000000008c300000|  0%| F|  |TAMS 0x000000008c200000, 0x000000008c200000| Untracked 
| 195|0x000000008c300000, 0x000000008c300000, 0x000000008c400000|  0%| F|  |TAMS 0x000000008c300000, 0x000000008c300000| Untracked 
| 196|0x000000008c400000, 0x000000008c400000, 0x000000008c500000|  0%| F|  |TAMS 0x000000008c400000, 0x000000008c400000| Untracked 
| 197|0x000000008c500000, 0x000000008c500000, 0x000000008c600000|  0%| F|  |TAMS 0x000000008c500000, 0x000000008c500000| Untracked 
| 198|0x000000008c600000, 0x000000008c600000, 0x000000008c700000|  0%| F|  |TAMS 0x000000008c600000, 0x000000008c600000| Untracked 
| 199|0x000000008c700000, 0x000000008c700000, 0x000000008c800000|  0%| F|  |TAMS 0x000000008c700000, 0x000000008c700000| Untracked 
| 200|0x000000008c800000, 0x000000008c800000, 0x000000008c900000|  0%| F|  |TAMS 0x000000008c800000, 0x000000008c800000| Untracked 
| 201|0x000000008c900000, 0x000000008c900000, 0x000000008ca00000|  0%| F|  |TAMS 0x000000008c900000, 0x000000008c900000| Untracked 
| 202|0x000000008ca00000, 0x000000008ca00000, 0x000000008cb00000|  0%| F|  |TAMS 0x000000008ca00000, 0x000000008ca00000| Untracked 
| 203|0x000000008cb00000, 0x000000008cb00000, 0x000000008cc00000|  0%| F|  |TAMS 0x000000008cb00000, 0x000000008cb00000| Untracked 
| 204|0x000000008cc00000, 0x000000008cc00000, 0x000000008cd00000|  0%| F|  |TAMS 0x000000008cc00000, 0x000000008cc00000| Untracked 
| 205|0x000000008cd00000, 0x000000008cd00000, 0x000000008ce00000|  0%| F|  |TAMS 0x000000008cd00000, 0x000000008cd00000| Untracked 
| 206|0x000000008ce00000, 0x000000008ce00000, 0x000000008cf00000|  0%| F|  |TAMS 0x000000008ce00000, 0x000000008ce00000| Untracked 
| 207|0x000000008cf00000, 0x000000008cf00000, 0x000000008d000000|  0%| F|  |TAMS 0x000000008cf00000, 0x000000008cf00000| Untracked 
| 208|0x000000008d000000, 0x000000008d000000, 0x000000008d100000|  0%| F|  |TAMS 0x000000008d000000, 0x000000008d000000| Untracked 
| 209|0x000000008d100000, 0x000000008d100000, 0x000000008d200000|  0%| F|  |TAMS 0x000000008d100000, 0x000000008d100000| Untracked 
| 210|0x000000008d200000, 0x000000008d200000, 0x000000008d300000|  0%| F|  |TAMS 0x000000008d200000, 0x000000008d200000| Untracked 
| 211|0x000000008d300000, 0x000000008d300000, 0x000000008d400000|  0%| F|  |TAMS 0x000000008d300000, 0x000000008d300000| Untracked 
| 212|0x000000008d400000, 0x000000008d400000, 0x000000008d500000|  0%| F|  |TAMS 0x000000008d400000, 0x000000008d400000| Untracked 
| 213|0x000000008d500000, 0x000000008d54f5d0, 0x000000008d600000| 31%| S|CS|TAMS 0x000000008d500000, 0x000000008d500000| Complete 
| 214|0x000000008d600000, 0x000000008d700000, 0x000000008d700000|100%| S|CS|TAMS 0x000000008d600000, 0x000000008d600000| Complete 
| 215|0x000000008d700000, 0x000000008d700000, 0x000000008d800000|  0%| F|  |TAMS 0x000000008d700000, 0x000000008d700000| Untracked 
| 216|0x000000008d800000, 0x000000008d800000, 0x000000008d900000|  0%| F|  |TAMS 0x000000008d800000, 0x000000008d800000| Untracked 
| 217|0x000000008d900000, 0x000000008d900000, 0x000000008da00000|  0%| F|  |TAMS 0x000000008d900000, 0x000000008d900000| Untracked 
| 218|0x000000008da00000, 0x000000008da00000, 0x000000008db00000|  0%| F|  |TAMS 0x000000008da00000, 0x000000008da00000| Untracked 
| 219|0x000000008db00000, 0x000000008db00000, 0x000000008dc00000|  0%| F|  |TAMS 0x000000008db00000, 0x000000008db00000| Untracked 
| 220|0x000000008dc00000, 0x000000008dc00000, 0x000000008dd00000|  0%| F|  |TAMS 0x000000008dc00000, 0x000000008dc00000| Untracked 
| 221|0x000000008dd00000, 0x000000008dd00000, 0x000000008de00000|  0%| F|  |TAMS 0x000000008dd00000, 0x000000008dd00000| Untracked 
| 222|0x000000008de00000, 0x000000008df00000, 0x000000008df00000|100%| S|CS|TAMS 0x000000008de00000, 0x000000008de00000| Complete 
| 223|0x000000008df00000, 0x000000008e000000, 0x000000008e000000|100%| S|CS|TAMS 0x000000008df00000, 0x000000008df00000| Complete 
| 224|0x000000008e000000, 0x000000008e100000, 0x000000008e100000|100%| S|CS|TAMS 0x000000008e000000, 0x000000008e000000| Complete 
| 225|0x000000008e100000, 0x000000008e200000, 0x000000008e200000|100%| S|CS|TAMS 0x000000008e100000, 0x000000008e100000| Complete 
| 226|0x000000008e200000, 0x000000008e200000, 0x000000008e300000|  0%| F|  |TAMS 0x000000008e200000, 0x000000008e200000| Untracked 
| 227|0x000000008e300000, 0x000000008e300000, 0x000000008e400000|  0%| F|  |TAMS 0x000000008e300000, 0x000000008e300000| Untracked 
| 228|0x000000008e400000, 0x000000008e400000, 0x000000008e500000|  0%| F|  |TAMS 0x000000008e400000, 0x000000008e400000| Untracked 
| 229|0x000000008e500000, 0x000000008e500000, 0x000000008e600000|  0%| F|  |TAMS 0x000000008e500000, 0x000000008e500000| Untracked 
| 230|0x000000008e600000, 0x000000008e600000, 0x000000008e700000|  0%| F|  |TAMS 0x000000008e600000, 0x000000008e600000| Untracked 
| 231|0x000000008e700000, 0x000000008e700000, 0x000000008e800000|  0%| F|  |TAMS 0x000000008e700000, 0x000000008e700000| Untracked 
| 232|0x000000008e800000, 0x000000008e800000, 0x000000008e900000|  0%| F|  |TAMS 0x000000008e800000, 0x000000008e800000| Untracked 
| 233|0x000000008e900000, 0x000000008e900000, 0x000000008ea00000|  0%| F|  |TAMS 0x000000008e900000, 0x000000008e900000| Untracked 
| 234|0x000000008ea00000, 0x000000008ea00000, 0x000000008eb00000|  0%| F|  |TAMS 0x000000008ea00000, 0x000000008ea00000| Untracked 
| 235|0x000000008eb00000, 0x000000008eb00000, 0x000000008ec00000|  0%| F|  |TAMS 0x000000008eb00000, 0x000000008eb00000| Untracked 
| 236|0x000000008ec00000, 0x000000008ec00000, 0x000000008ed00000|  0%| F|  |TAMS 0x000000008ec00000, 0x000000008ec00000| Untracked 
| 237|0x000000008ed00000, 0x000000008ed00000, 0x000000008ee00000|  0%| F|  |TAMS 0x000000008ed00000, 0x000000008ed00000| Untracked 
| 238|0x000000008ee00000, 0x000000008ee00000, 0x000000008ef00000|  0%| F|  |TAMS 0x000000008ee00000, 0x000000008ee00000| Untracked 
| 239|0x000000008ef00000, 0x000000008ef00000, 0x000000008f000000|  0%| F|  |TAMS 0x000000008ef00000, 0x000000008ef00000| Untracked 
| 240|0x000000008f000000, 0x000000008f000000, 0x000000008f100000|  0%| F|  |TAMS 0x000000008f000000, 0x000000008f000000| Untracked 
| 241|0x000000008f100000, 0x000000008f100000, 0x000000008f200000|  0%| F|  |TAMS 0x000000008f100000, 0x000000008f100000| Untracked 
| 242|0x000000008f200000, 0x000000008f200000, 0x000000008f300000|  0%| F|  |TAMS 0x000000008f200000, 0x000000008f200000| Untracked 
| 243|0x000000008f300000, 0x000000008f300000, 0x000000008f400000|  0%| F|  |TAMS 0x000000008f300000, 0x000000008f300000| Untracked 
| 244|0x000000008f400000, 0x000000008f400000, 0x000000008f500000|  0%| F|  |TAMS 0x000000008f400000, 0x000000008f400000| Untracked 
| 245|0x000000008f500000, 0x000000008f500000, 0x000000008f600000|  0%| F|  |TAMS 0x000000008f500000, 0x000000008f500000| Untracked 
| 246|0x000000008f600000, 0x000000008f600000, 0x000000008f700000|  0%| F|  |TAMS 0x000000008f600000, 0x000000008f600000| Untracked 
| 247|0x000000008f700000, 0x000000008f700000, 0x000000008f800000|  0%| F|  |TAMS 0x000000008f700000, 0x000000008f700000| Untracked 
| 248|0x000000008f800000, 0x000000008f800000, 0x000000008f900000|  0%| F|  |TAMS 0x000000008f800000, 0x000000008f800000| Untracked 
| 249|0x000000008f900000, 0x000000008f900000, 0x000000008fa00000|  0%| F|  |TAMS 0x000000008f900000, 0x000000008f900000| Untracked 
| 250|0x000000008fa00000, 0x000000008fa00000, 0x000000008fb00000|  0%| F|  |TAMS 0x000000008fa00000, 0x000000008fa00000| Untracked 
| 251|0x000000008fb00000, 0x000000008fb00000, 0x000000008fc00000|  0%| F|  |TAMS 0x000000008fb00000, 0x000000008fb00000| Untracked 
| 252|0x000000008fc00000, 0x000000008fc00000, 0x000000008fd00000|  0%| F|  |TAMS 0x000000008fc00000, 0x000000008fc00000| Untracked 
| 253|0x000000008fd00000, 0x000000008fd00000, 0x000000008fe00000|  0%| F|  |TAMS 0x000000008fd00000, 0x000000008fd00000| Untracked 
| 254|0x000000008fe00000, 0x000000008fe00000, 0x000000008ff00000|  0%| F|  |TAMS 0x000000008fe00000, 0x000000008fe00000| Untracked 
| 255|0x000000008ff00000, 0x000000008ff00000, 0x0000000090000000|  0%| F|  |TAMS 0x000000008ff00000, 0x000000008ff00000| Untracked 
| 256|0x0000000090000000, 0x0000000090000000, 0x0000000090100000|  0%| F|  |TAMS 0x0000000090000000, 0x0000000090000000| Untracked 
| 257|0x0000000090100000, 0x0000000090100000, 0x0000000090200000|  0%| F|  |TAMS 0x0000000090100000, 0x0000000090100000| Untracked 
| 258|0x0000000090200000, 0x0000000090200000, 0x0000000090300000|  0%| F|  |TAMS 0x0000000090200000, 0x0000000090200000| Untracked 
| 259|0x0000000090300000, 0x0000000090300000, 0x0000000090400000|  0%| F|  |TAMS 0x0000000090300000, 0x0000000090300000| Untracked 
| 260|0x0000000090400000, 0x0000000090400000, 0x0000000090500000|  0%| F|  |TAMS 0x0000000090400000, 0x0000000090400000| Untracked 
| 261|0x0000000090500000, 0x0000000090500000, 0x0000000090600000|  0%| F|  |TAMS 0x0000000090500000, 0x0000000090500000| Untracked 
| 262|0x0000000090600000, 0x0000000090600000, 0x0000000090700000|  0%| F|  |TAMS 0x0000000090600000, 0x0000000090600000| Untracked 
| 263|0x0000000090700000, 0x0000000090700000, 0x0000000090800000|  0%| F|  |TAMS 0x0000000090700000, 0x0000000090700000| Untracked 
| 264|0x0000000090800000, 0x0000000090800000, 0x0000000090900000|  0%| F|  |TAMS 0x0000000090800000, 0x0000000090800000| Untracked 
| 265|0x0000000090900000, 0x0000000090900000, 0x0000000090a00000|  0%| F|  |TAMS 0x0000000090900000, 0x0000000090900000| Untracked 
| 266|0x0000000090a00000, 0x0000000090a00000, 0x0000000090b00000|  0%| F|  |TAMS 0x0000000090a00000, 0x0000000090a00000| Untracked 
| 267|0x0000000090b00000, 0x0000000090b00000, 0x0000000090c00000|  0%| F|  |TAMS 0x0000000090b00000, 0x0000000090b00000| Untracked 
| 268|0x0000000090c00000, 0x0000000090c00000, 0x0000000090d00000|  0%| F|  |TAMS 0x0000000090c00000, 0x0000000090c00000| Untracked 
| 269|0x0000000090d00000, 0x0000000090d00000, 0x0000000090e00000|  0%| F|  |TAMS 0x0000000090d00000, 0x0000000090d00000| Untracked 
| 270|0x0000000090e00000, 0x0000000090e00000, 0x0000000090f00000|  0%| F|  |TAMS 0x0000000090e00000, 0x0000000090e00000| Untracked 
| 271|0x0000000090f00000, 0x0000000090f00000, 0x0000000091000000|  0%| F|  |TAMS 0x0000000090f00000, 0x0000000090f00000| Untracked 
| 272|0x0000000091000000, 0x0000000091000000, 0x0000000091100000|  0%| F|  |TAMS 0x0000000091000000, 0x0000000091000000| Untracked 
| 273|0x0000000091100000, 0x0000000091100000, 0x0000000091200000|  0%| F|  |TAMS 0x0000000091100000, 0x0000000091100000| Untracked 
| 274|0x0000000091200000, 0x0000000091200000, 0x0000000091300000|  0%| F|  |TAMS 0x0000000091200000, 0x0000000091200000| Untracked 
| 275|0x0000000091300000, 0x0000000091300000, 0x0000000091400000|  0%| F|  |TAMS 0x0000000091300000, 0x0000000091300000| Untracked 
| 276|0x0000000091400000, 0x0000000091400000, 0x0000000091500000|  0%| F|  |TAMS 0x0000000091400000, 0x0000000091400000| Untracked 
| 277|0x0000000091500000, 0x0000000091500000, 0x0000000091600000|  0%| F|  |TAMS 0x0000000091500000, 0x0000000091500000| Untracked 

Card table byte_map: [0x0000027da5a20000,0x0000027da5e20000] _byte_map_base: 0x0000027da5620000

Marking Bits (Prev, Next): (CMBitMap*) 0x0000027d8d1b7ad0, (CMBitMap*) 0x0000027d8d1b7a98
 Prev Bits: [0x0000027da8220000, 0x0000027daa220000)
 Next Bits: [0x0000027da6220000, 0x0000027da8220000)

Polling page: 0x0000027d8d040000

Metaspace:

Usage:
  Non-class:    102.52 MB capacity,    99.73 MB ( 97%) used,     2.41 MB (  2%) free+waste,   390.31 KB ( <1%) overhead. 
      Class:     16.71 MB capacity,    15.06 MB ( 90%) used,     1.48 MB (  9%) free+waste,   182.19 KB (  1%) overhead. 
       Both:    119.24 MB capacity,   114.78 MB ( 96%) used,     3.89 MB (  3%) free+waste,   572.50 KB ( <1%) overhead. 

Virtual space:
  Non-class space:      104.00 MB reserved,     102.74 MB ( 99%) committed 
      Class space:      504.00 MB reserved,      16.75 MB (  3%) committed 
             Both:      608.00 MB reserved,     119.49 MB ( 20%) committed 

Chunk freelists:
   Non-Class:  4.00 KB
       Class:  640 bytes
        Both:  4.63 KB

CodeHeap 'non-profiled nmethods': size=120064Kb used=10987Kb max_used=10987Kb free=109076Kb
 bounds [0x0000027d9dac0000, 0x0000027d9e580000, 0x0000027da5000000]
CodeHeap 'profiled nmethods': size=120000Kb used=36621Kb max_used=36621Kb free=83378Kb
 bounds [0x0000027d96590000, 0x0000027d98960000, 0x0000027d9dac0000]
CodeHeap 'non-nmethods': size=5696Kb used=2332Kb max_used=2386Kb free=3363Kb
 bounds [0x0000027d96000000, 0x0000027d96270000, 0x0000027d96590000]
 total_blobs=17410 nmethods=16462 adapters=858
 compilation: enabled
              stopped_count=0, restarted_count=0
 full_count=0

Compilation events (10 events):
Event: 56.327 Thread 0x0000027dad1c2000 17383       4       sun.security.provider.MD5::clone (32 bytes)
Event: 56.328 Thread 0x0000027dad1c7800 nmethod 17391 0x0000027d9895e110 code [0x0000027d9895e2c0, 0x0000027d9895e528]
Event: 56.328 Thread 0x0000027dad1c7800 17392       3       com.google.common.cache.LocalCache$AccessQueue::remove (44 bytes)
Event: 56.328 Thread 0x0000027dad1c7800 nmethod 17392 0x0000027d9895e690 code [0x0000027d9895e8c0, 0x0000027d9895f0d8]
Event: 56.330 Thread 0x0000027db0d27800 nmethod 17387 0x0000027d9e579a10 code [0x0000027d9e579ba0, 0x0000027d9e579f38]
Event: 56.330 Thread 0x0000027db0d27800 17382       4       java.security.MessageDigest$Delegate::clone (60 bytes)
Event: 56.334 Thread 0x0000027dad1c2000 nmethod 17383 0x0000027d9e57a110 code [0x0000027d9e57a2c0, 0x0000027d9e57a898]
Event: 56.334 Thread 0x0000027dad1c2000 17386       4       com.google.common.collect.MapMakerInternalMap$Segment::getFirst (21 bytes)
Event: 56.336 Thread 0x0000027dad1c2000 nmethod 17386 0x0000027d9e57aa90 code [0x0000027d9e57ac20, 0x0000027d9e57ad38]
Event: 56.339 Thread 0x0000027db0d27800 nmethod 17382 0x0000027d9e57ae90 code [0x0000027d9e57b040, 0x0000027d9e57b838]

GC Heap History (10 events):
Event: 51.633 GC heap after
{Heap after GC invocations=52 (full 0):
 garbage-first heap   total 284672K, used 155533K [0x0000000080000000, 0x0000000100000000)
  region size 1024K, 6 young (6144K), 6 survivors (6144K)
 Metaspace       used 111840K, capacity 116220K, committed 116472K, reserved 616448K
  class space    used 14738K, capacity 16348K, committed 16384K, reserved 516096K
}
Event: 53.451 GC heap before
{Heap before GC invocations=52 (full 0):
 garbage-first heap   total 284672K, used 210829K [0x0000000080000000, 0x0000000100000000)
  region size 1024K, 60 young (61440K), 6 survivors (6144K)
 Metaspace       used 112522K, capacity 116917K, committed 117112K, reserved 618496K
  class space    used 14819K, capacity 16467K, committed 16512K, reserved 516096K
}
Event: 53.475 GC heap after
{Heap after GC invocations=53 (full 0):
 garbage-first heap   total 284672K, used 163840K [0x0000000080000000, 0x0000000100000000)
  region size 1024K, 8 young (8192K), 8 survivors (8192K)
 Metaspace       used 112522K, capacity 116917K, committed 117112K, reserved 618496K
  class space    used 14819K, capacity 16467K, committed 16512K, reserved 516096K
}
Event: 54.266 GC heap before
{Heap before GC invocations=53 (full 0):
 garbage-first heap   total 284672K, used 217088K [0x0000000080000000, 0x0000000100000000)
  region size 1024K, 61 young (62464K), 8 survivors (8192K)
 Metaspace       used 113651K, capacity 118052K, committed 118264K, reserved 618496K
  class space    used 14950K, capacity 16599K, committed 16640K, reserved 516096K
}
Event: 54.298 GC heap after
{Heap after GC invocations=54 (full 0):
 garbage-first heap   total 284672K, used 170635K [0x0000000080000000, 0x0000000100000000)
  region size 1024K, 7 young (7168K), 7 survivors (7168K)
 Metaspace       used 113651K, capacity 118052K, committed 118264K, reserved 618496K
  class space    used 14950K, capacity 16599K, committed 16640K, reserved 516096K
}
Event: 55.027 GC heap before
{Heap before GC invocations=54 (full 0):
 garbage-first heap   total 284672K, used 221835K [0x0000000080000000, 0x0000000100000000)
  region size 1024K, 58 young (59392K), 7 survivors (7168K)
 Metaspace       used 115712K, capacity 120223K, committed 120440K, reserved 620544K
  class space    used 15229K, capacity 16920K, committed 17024K, reserved 516096K
}
Event: 55.040 GC heap after
{Heap after GC invocations=55 (full 0):
 garbage-first heap   total 284672K, used 174359K [0x0000000080000000, 0x0000000100000000)
  region size 1024K, 4 young (4096K), 4 survivors (4096K)
 Metaspace       used 115712K, capacity 120223K, committed 120440K, reserved 620544K
  class space    used 15229K, capacity 16920K, committed 17024K, reserved 516096K
}
Event: 55.833 GC heap before
{Heap before GC invocations=55 (full 0):
 garbage-first heap   total 284672K, used 226583K [0x0000000080000000, 0x0000000100000000)
  region size 1024K, 56 young (57344K), 4 survivors (4096K)
 Metaspace       used 117441K, capacity 122023K, committed 122104K, reserved 622592K
  class space    used 15406K, capacity 17112K, committed 17152K, reserved 516096K
}
Event: 55.851 GC heap after
{Heap after GC invocations=56 (full 0):
 garbage-first heap   total 284672K, used 178817K [0x0000000080000000, 0x0000000100000000)
  region size 1024K, 7 young (7168K), 7 survivors (7168K)
 Metaspace       used 117441K, capacity 122023K, committed 122104K, reserved 622592K
  class space    used 15406K, capacity 17112K, committed 17152K, reserved 516096K
}
Event: 56.348 GC heap before
{Heap before GC invocations=56 (full 0):
 garbage-first heap   total 284672K, used 232065K [0x0000000080000000, 0x0000000100000000)
  region size 1024K, 59 young (60416K), 7 survivors (7168K)
 Metaspace       used 117538K, capacity 122099K, committed 122360K, reserved 622592K
  class space    used 15417K, capacity 17115K, committed 17152K, reserved 516096K
}

Deoptimization events (10 events):
Event: 55.375 Thread 0x0000027daf0ba800 Uncommon trap: reason=class_check action=maybe_recompile pc=0x0000027d9e3a8f50 method=com.google.common.collect.AbstractMapBasedMultimap$KeySet.iterator()Ljava/util/Iterator; @ 4 c2
Event: 55.375 Thread 0x0000027daf0ba800 Uncommon trap: reason=class_check action=maybe_recompile pc=0x0000027d9e055510 method=com.google.common.collect.AbstractMapBasedMultimap$KeySet$1.hasNext()Z @ 4 c2
Event: 55.657 Thread 0x0000027dba752800 Uncommon trap: reason=speculate_null_assert action=make_not_entrant pc=0x0000027d9e1e00a0 method=org.gradle.internal.logging.sink.OutputEventTransformer.onOutput(Lorg/gradle/internal/logging/events/OutputEvent;)V @ 365 c2
Event: 55.821 Thread 0x0000027dba753000 Uncommon trap: reason=class_check action=maybe_recompile pc=0x0000027d9dfb5934 method=java.lang.ThreadLocal.setInitialValue()Ljava/lang/Object; @ 31 c2
Event: 55.907 Thread 0x0000027daf0bb000 Uncommon trap: reason=unstable_if action=reinterpret pc=0x0000027d9dd182bc method=java.util.TimSort.countRunAndMakeAscending([Ljava/lang/Object;IILjava/util/Comparator;)I @ 27 c2
Event: 55.912 Thread 0x0000027dba755000 Uncommon trap: reason=unstable_if action=reinterpret pc=0x0000027d9e13a9d4 method=com.esotericsoftware.kryo.io.Output.writeString(Ljava/lang/CharSequence;)V @ 50 c2
Event: 55.912 Thread 0x0000027dba755000 Uncommon trap: reason=unstable_if action=reinterpret pc=0x0000027d9ddf17f4 method=com.esotericsoftware.kryo.io.Output.writeString(Ljava/lang/CharSequence;)V @ 50 c2
Event: 56.071 Thread 0x0000027daf0bb000 Uncommon trap: reason=unstable_if action=reinterpret pc=0x0000027d9e490814 method=com.google.common.collect.MapMakerInternalMap$Segment.getEntry(Ljava/lang/Object;I)Lcom/google/common/collect/MapMakerInternalMap$InternalEntry; @ 63 c2
Event: 56.071 Thread 0x0000027daf0bb000 Uncommon trap: reason=unstable_if action=reinterpret pc=0x0000027d9e040e9c method=com.google.common.collect.MapMakerInternalMap$Segment.put(Ljava/lang/Object;ILjava/lang/Object;Z)Ljava/lang/Object; @ 92 c2
Event: 56.284 Thread 0x0000027daf0bb000 Uncommon trap: reason=unstable_if action=reinterpret pc=0x0000027d9dd3cbf8 method=java.util.concurrent.FutureTask.awaitDone(ZJ)I @ 38 c2

Classes redefined (0 events):
No events

Internal exceptions (10 events):
Event: 55.382 Thread 0x0000027dba752800 Exception <a 'java/net/ConnectException'{0x0000000091127bf8}: Connection refused: connect> (0x0000000091127bf8) thrown at [./open/src/hotspot/share/prims/jni.cpp, line 632]
Event: 55.398 Thread 0x0000027dba752800 Exception <a 'java/net/ConnectException'{0x0000000091128928}: Connection refused: connect> (0x0000000091128928) thrown at [./open/src/hotspot/share/prims/jni.cpp, line 632]
Event: 55.591 Thread 0x0000027dba752800 Exception <a 'java/net/ConnectException'{0x0000000090795898}: Connection refused: connect> (0x0000000090795898) thrown at [./open/src/hotspot/share/prims/jni.cpp, line 632]
Event: 55.603 Thread 0x0000027dba752800 Exception <a 'java/net/ConnectException'{0x00000000907965c8}: Connection refused: connect> (0x00000000907965c8) thrown at [./open/src/hotspot/share/prims/jni.cpp, line 632]
Event: 55.619 Thread 0x0000027dba752800 Exception <a 'java/net/ConnectException'{0x00000000907972f8}: Connection refused: connect> (0x00000000907972f8) thrown at [./open/src/hotspot/share/prims/jni.cpp, line 632]
Event: 55.622 Thread 0x0000027dba752800 Exception <a 'java/net/ConnectException'{0x000000008f5cd060}: Connection refused: connect> (0x000000008f5cd060) thrown at [./open/src/hotspot/share/prims/jni.cpp, line 632]
Event: 55.635 Thread 0x0000027dba752800 Exception <a 'java/net/ConnectException'{0x000000008f5cdd90}: Connection refused: connect> (0x000000008f5cdd90) thrown at [./open/src/hotspot/share/prims/jni.cpp, line 632]
Event: 55.651 Thread 0x0000027dba752800 Exception <a 'java/net/ConnectException'{0x000000008f5ceac0}: Connection refused: connect> (0x000000008f5ceac0) thrown at [./open/src/hotspot/share/prims/jni.cpp, line 632]
Event: 55.926 Thread 0x0000027daf0bc000 StackOverflowError at 0x0000027d9e2c6640
Event: 55.926 Thread 0x0000027daf0bc000 Exception <a 'java/lang/StackOverflowError'{0x0000000090c16380}> (0x0000000090c16380) thrown at [./open/src/hotspot/share/runtime/sharedRuntime.cpp, line 605]

Events (10 events):
Event: 56.071 Thread 0x0000027daf0bb000 DEOPT UNPACKING pc=0x0000027d9602662f sp=0x00000083216fb620 mode 2
Event: 56.071 Thread 0x0000027daf0bb000 Uncommon trap: trap_request=0xffffff4d fr.pc=0x0000027d9e040e9c relative=0x0000000000001f3c
Event: 56.071 Thread 0x0000027daf0bb000 DEOPT PACKING pc=0x0000027d9e040e9c sp=0x00000083216fb650
Event: 56.071 Thread 0x0000027daf0bb000 DEOPT UNPACKING pc=0x0000027d9602662f sp=0x00000083216fb5b8 mode 2
Event: 56.073 Thread 0x0000027db28dc000 DEOPT PACKING pc=0x0000027d9893af26 sp=0x000000831eafe410
Event: 56.073 Thread 0x0000027db28dc000 DEOPT UNPACKING pc=0x0000027d96026dde sp=0x000000831eafd8b0 mode 0
Event: 56.284 Thread 0x0000027daf0bb000 Uncommon trap: trap_request=0xffffff4d fr.pc=0x0000027d9dd3cbf8 relative=0x00000000000006b8
Event: 56.284 Thread 0x0000027daf0bb000 DEOPT PACKING pc=0x0000027d9dd3cbf8 sp=0x00000083216fb810
Event: 56.284 Thread 0x0000027daf0bb000 DEOPT UNPACKING pc=0x0000027d9602662f sp=0x00000083216fb790 mode 2
Event: 56.348 Executing VM operation: G1CollectForAllocation


Dynamic libraries:
0x00007ff703090000 - 0x00007ff70309f000 	C:\Program Files\Java\jdk-11.0.16\bin\java.exe
0x00007fff611b0000 - 0x00007fff613a8000 	C:\Windows\SYSTEM32\ntdll.dll
0x00007fff60ba0000 - 0x00007fff60c5d000 	C:\Windows\System32\KERNEL32.DLL
0x00007fff5ef40000 - 0x00007fff5f20e000 	C:\Windows\System32\KERNELBASE.dll
0x00007fff5ecc0000 - 0x00007fff5edc0000 	C:\Windows\System32\ucrtbase.dll
0x00007fff47c10000 - 0x00007fff47c28000 	C:\Program Files\Java\jdk-11.0.16\bin\jli.dll
0x00007fff609a0000 - 0x00007fff60a4e000 	C:\Windows\System32\ADVAPI32.dll
0x00007fff47c80000 - 0x00007fff47c95000 	C:\Program Files\Java\jdk-11.0.16\bin\VCRUNTIME140.dll
0x00007fff5f990000 - 0x00007fff5fa2e000 	C:\Windows\System32\msvcrt.dll
0x00007fff60270000 - 0x00007fff6030c000 	C:\Windows\System32\sechost.dll
0x00007fff5f360000 - 0x00007fff5f485000 	C:\Windows\System32\RPCRT4.dll
0x00007fff5f490000 - 0x00007fff5f630000 	C:\Windows\System32\USER32.dll
0x00007fff401d0000 - 0x00007fff4046a000 	C:\Windows\WinSxS\amd64_microsoft.windows.common-controls_6595b64144ccf1df_6.0.19041.1110_none_60b5254171f9507e\COMCTL32.dll
0x00007fff5ec10000 - 0x00007fff5ec32000 	C:\Windows\System32\win32u.dll
0x00007fff5f2d0000 - 0x00007fff5f2fa000 	C:\Windows\System32\GDI32.dll
0x00007fff5edc0000 - 0x00007fff5eecb000 	C:\Windows\System32\gdi32full.dll
0x00007fff5eac0000 - 0x00007fff5eb5d000 	C:\Windows\System32\msvcp_win.dll
0x00007fff55fc0000 - 0x00007fff55fca000 	C:\Windows\SYSTEM32\VERSION.dll
0x00007fff610d0000 - 0x00007fff61100000 	C:\Windows\System32\IMM32.DLL
0x00007fff37bb0000 - 0x00007fff37c4b000 	C:\Program Files\Java\jdk-11.0.16\bin\msvcp140.dll
0x00007fff24220000 - 0x00007fff24d38000 	C:\Program Files\Java\jdk-11.0.16\bin\server\jvm.dll
0x00007fff60a50000 - 0x00007fff60a58000 	C:\Windows\System32\PSAPI.DLL
0x00007fff45ee0000 - 0x00007fff45f07000 	C:\Windows\SYSTEM32\WINMM.dll
0x00007fff57b40000 - 0x00007fff57b49000 	C:\Windows\SYSTEM32\WSOCK32.dll
0x00007fff61100000 - 0x00007fff6116b000 	C:\Windows\System32\WS2_32.dll
0x00007fff5c7a0000 - 0x00007fff5c7b2000 	C:\Windows\SYSTEM32\kernel.appcore.dll
0x00007fff48360000 - 0x00007fff48370000 	C:\Program Files\Java\jdk-11.0.16\bin\verify.dll
0x00007fff56680000 - 0x00007fff56864000 	C:\Windows\SYSTEM32\DBGHELP.DLL
0x00007fff56650000 - 0x00007fff5667c000 	C:\Windows\SYSTEM32\dbgcore.DLL
0x00007fff5ea30000 - 0x00007fff5eab2000 	C:\Windows\System32\bcryptPrimitives.dll
0x00007fff47920000 - 0x00007fff47948000 	C:\Program Files\Java\jdk-11.0.16\bin\java.dll
0x00007fff47c00000 - 0x00007fff47c0a000 	C:\Program Files\Java\jdk-11.0.16\bin\jimage.dll
0x00007fff47ba0000 - 0x00007fff47bb6000 	C:\Program Files\Java\jdk-11.0.16\bin\zip.dll
0x00007fff5fb20000 - 0x00007fff60263000 	C:\Windows\System32\SHELL32.dll
0x00007fff5c9a0000 - 0x00007fff5d135000 	C:\Windows\SYSTEM32\windows.storage.dll
0x00007fff60520000 - 0x00007fff60874000 	C:\Windows\System32\combase.dll
0x00007fff5e180000 - 0x00007fff5e1b0000 	C:\Windows\SYSTEM32\Wldp.dll
0x00007fff60af0000 - 0x00007fff60b9d000 	C:\Windows\System32\SHCORE.dll
0x00007fff5f270000 - 0x00007fff5f2c5000 	C:\Windows\System32\shlwapi.dll
0x00007fff5e810000 - 0x00007fff5e82f000 	C:\Windows\SYSTEM32\profapi.dll
0x00007fff47830000 - 0x00007fff47849000 	C:\Program Files\Java\jdk-11.0.16\bin\net.dll
0x00007fff576b0000 - 0x00007fff577ba000 	C:\Windows\SYSTEM32\WINHTTP.dll
0x00007fff5df60000 - 0x00007fff5dfca000 	C:\Windows\system32\mswsock.dll
0x00007fff47810000 - 0x00007fff47822000 	C:\Program Files\Java\jdk-11.0.16\bin\nio.dll
0x00007fff47450000 - 0x00007fff47477000 	C:\Users\admin-1\.gradle\native\e1d6ef7f7dcc3fd88c89a11ec53ec762bb8ba0a96d01ffa2cd45eb1d1d8dd5c5\windows-amd64\native-platform.dll
0x00007fff371f0000 - 0x00007fff37334000 	C:\Users\admin-1\.gradle\native\0d407fdbe67a94daf76414ababcb853783967236a71b16ec16e742cd7a986fd3\windows-amd64\native-platform-file-events.dll
0x00007fff47a70000 - 0x00007fff47a79000 	C:\Program Files\Java\jdk-11.0.16\bin\management.dll
0x00007fff47910000 - 0x00007fff4791b000 	C:\Program Files\Java\jdk-11.0.16\bin\management_ext.dll
0x00007fff5e1c0000 - 0x00007fff5e1d8000 	C:\Windows\SYSTEM32\CRYPTSP.dll
0x00007fff5d900000 - 0x00007fff5d934000 	C:\Windows\system32\rsaenh.dll
0x00007fff5ec40000 - 0x00007fff5ec67000 	C:\Windows\System32\bcrypt.dll
0x00007fff5e790000 - 0x00007fff5e7be000 	C:\Windows\SYSTEM32\USERENV.dll
0x00007fff5e0f0000 - 0x00007fff5e0fc000 	C:\Windows\SYSTEM32\CRYPTBASE.dll
0x00007fff5dc70000 - 0x00007fff5dcab000 	C:\Windows\SYSTEM32\IPHLPAPI.DLL
0x00007fff5f630000 - 0x00007fff5f638000 	C:\Windows\System32\NSI.dll
0x00007fff57910000 - 0x00007fff57927000 	C:\Windows\SYSTEM32\dhcpcsvc6.DLL
0x00007fff57690000 - 0x00007fff576ad000 	C:\Windows\SYSTEM32\dhcpcsvc.DLL
0x00007fff5dcb0000 - 0x00007fff5dd7a000 	C:\Windows\SYSTEM32\DNSAPI.dll
0x00007fff47350000 - 0x00007fff4736e000 	C:\Users\admin-1\AppData\Local\Temp\native-platform7601880385156421893dir\native-platform.dll

dbghelp: loaded successfully - version: 4.0.5 - missing functions: none
symbol engine: initialized successfully - sym options: 0x614 - pdb path: .;C:\Program Files\Java\jdk-11.0.16\bin;C:\Windows\SYSTEM32;C:\Windows\WinSxS\amd64_microsoft.windows.common-controls_6595b64144ccf1df_6.0.19041.1110_none_60b5254171f9507e;C:\Program Files\Java\jdk-11.0.16\bin\server;C:\Users\admin-1\.gradle\native\e1d6ef7f7dcc3fd88c89a11ec53ec762bb8ba0a96d01ffa2cd45eb1d1d8dd5c5\windows-amd64;C:\Users\admin-1\.gradle\native\0d407fdbe67a94daf76414ababcb853783967236a71b16ec16e742cd7a986fd3\windows-amd64;C:\Users\admin-1\AppData\Local\Temp\native-platform7601880385156421893dir

VM Arguments:
jvm_args: -XX:MaxMetaspaceSize=512m --add-opens=java.base/java.util=ALL-UNNAMED --add-opens=java.base/java.lang=ALL-UNNAMED --add-opens=java.base/java.lang.invoke=ALL-UNNAMED --add-opens=java.base/java.util=ALL-UNNAMED --add-opens=java.prefs/java.util.prefs=ALL-UNNAMED --add-opens=java.prefs/java.util.prefs=ALL-UNNAMED --add-opens=java.base/java.nio.charset=ALL-UNNAMED --add-opens=java.base/java.net=ALL-UNNAMED --add-opens=java.base/java.util.concurrent.atomic=ALL-UNNAMED -Xmx2048m -Dfile.encoding=windows-1252 -Duser.country=US -Duser.language=en -Duser.variant 
java_command: org.gradle.launcher.daemon.bootstrap.GradleDaemon 7.5.1
java_class_path (initial): C:\Users\admin-1\.gradle\wrapper\dists\gradle-7.5.1-all\1ehga6e77gqps5uk2kc5kf1vc\gradle-7.5.1\lib\gradle-launcher-7.5.1.jar
Launcher Type: SUN_STANDARD

[Global flags]
     intx CICompilerCount                          = 3                                         {product} {ergonomic}
   size_t CompressedClassSpaceSize                 = 528482304                                 {product} {ergonomic}
     uint ConcGCThreads                            = 1                                         {product} {ergonomic}
     uint G1ConcRefinementThreads                  = 4                                         {product} {ergonomic}
   size_t G1HeapRegionSize                         = 1048576                                   {product} {ergonomic}
    uintx GCDrainStackTargetSize                   = 64                                        {product} {ergonomic}
   size_t InitialHeapSize                          = 134217728                                 {product} {ergonomic}
   size_t MarkStackSize                            = 4194304                                   {product} {ergonomic}
   size_t MaxHeapSize                              = 2147483648                                {product} {command line}
   size_t MaxMetaspaceSize                         = 536870912                                 {product} {command line}
   size_t MaxNewSize                               = 1287651328                                {product} {ergonomic}
   size_t MinHeapDeltaBytes                        = 1048576                                   {product} {ergonomic}
    uintx NonNMethodCodeHeapSize                   = 5830732                                {pd product} {ergonomic}
    uintx NonProfiledCodeHeapSize                  = 122913754                              {pd product} {ergonomic}
    uintx ProfiledCodeHeapSize                     = 122913754                              {pd product} {ergonomic}
    uintx ReservedCodeCacheSize                    = 251658240                              {pd product} {ergonomic}
     bool SegmentedCodeCache                       = true                                      {product} {ergonomic}
     bool UseCompressedClassPointers               = true                                 {lp64_product} {ergonomic}
     bool UseCompressedOops                        = true                                 {lp64_product} {ergonomic}
     bool UseG1GC                                  = true                                      {product} {ergonomic}
     bool UseLargePagesIndividualAllocation        = false                                  {pd product} {ergonomic}

Logging:
Log output configuration:
 #0: stdout all=warning uptime,level,tags
 #1: stderr all=off uptime,level,tags

Environment Variables:
CLASSPATH=C:\Users\admin-1\Documents\Awesome\android\\gradle\wrapper\gradle-wrapper.jar
PATH=C:\Program Files\Common Files\Oracle\Java\javapath;C:\Windows\system32;C:\Windows;C:\Windows\System32\Wbem;C:\Windows\System32\WindowsPowerShell\v1.0\;C:\Windows\System32\OpenSSH\;C:\Program Files\nodejs\;C:\Users\admin-1\AppData\Local\Android\Sdk\platform-tools;C:\Users\admin-1\AppData\Local\Microsoft\WindowsApps;C:\Users\admin-1\AppData\Roaming\npm;C:\Users\admin-1\AppData\Local\Programs\Microsoft VS Code\bin
USERNAME=admin-1
OS=Windows_NT
PROCESSOR_IDENTIFIER=Intel64 Family 6 Model 85 Stepping 4, GenuineIntel



---------------  S Y S T E M  ---------------

OS: Windows 10 , 64 bit Build 19041 (10.0.19041.1889)
Hyper-V role detected

CPU:total 4 (initial active 4) (2 cores per cpu, 2 threads per core) family 6 model 85 stepping 4 microcode 0xffffffff, cmov, cx8, fxsr, mmx, sse, sse2, sse3, ssse3, sse4.1, sse4.2, popcnt, avx, avx2, aes, clmul, erms, rtm, 3dnowpref, lzcnt, ht, tsc, bmi1, bmi2, adx, fma

Memory: 4k page, system-wide physical 8190M (442M free)
TotalPageFile size 12286M (AvailPageFile size 42M)
current process WorkingSet (physical memory assigned to process): 608M, peak: 622M
current process commit charge ("private bytes"): 647M, peak: 703M

vm_info: Java HotSpot(TM) 64-Bit Server VM (11.0.16+11-LTS-199) for windows-amd64 JRE (11.0.16+11-LTS-199), built on Jun 28 2022 08:23:17 by "mach5one" with MS VC++ 15.9 (VS2017)

END.
